#
# A fatal error has been detected by the Java Runtime Environment:
#
#  SIGSEGV (0xb) at pc=0x00007fbc9b899b43, pid=29307, tid=140487504606976
#
# JRE version: Java(TM) SE Runtime Environment (8.0_40-b26) (build 1.8.0_40-b26)
# Java VM: Java HotSpot(TM) 64-Bit Server VM (25.40-b25 mixed mode linux-amd64 )
# Problematic frame:
# C  [libjblas.so+0x236b43]  ATL_dJIK60x60x60TN60x60x0_a1_b0+0xc53
#
# Failed to write core dump. Core dumps have been disabled. To enable core dumping, try "ulimit -c unlimited" before starting Java again
#
# If you would like to submit a bug report, please visit:
#   http://bugreport.java.com/bugreport/crash.jsp
# The crash happened outside the Java Virtual Machine in native code.
# See problematic frame for where to report the bug.
#

---------------  T H R E A D  ---------------

Current thread (0x00007fc5c4009800):  JavaThread "main" [_thread_in_native, id=29308, stack(0x00007fc5cbbeb000,0x00007fc5cbcec000)]

siginfo: si_signo: 11 (SIGSEGV), si_code: 1 (SEGV_MAPERR), si_addr: 0x0000000000000000

Registers:
RAX=0x00007fbc39b96020, RBX=0x000000000004e200, RCX=0x00007fbc39bce420, RDX=0x00007fbc39bce7e0
RSP=0x00007fc5cbce9cf8, RBP=0x0000000000027100, RSI=0x0000000000000000, RDI=0x000000000004e200
R8 =0x0000000000027100, R9 =0x00007fbc39bd50e0, R10=0x00007fbc39b9d0a0, R11=0x0000000000000000
R12=0x000000000004e3d0, R13=0x00000000000272d0, R14=0x00007fbc39b9d0a0, R15=0x0000000000075300
RIP=0x00007fbc9b899b43, EFLAGS=0x0000000000010202, CSGSFS=0x0000000000000033, ERR=0x0000000000000006
  TRAPNO=0x000000000000000e

Top of Stack: (sp=0x00007fc5cbce9cf8)
0x00007fc5cbce9cf8:   0000000000000000 0000000000000000
0x00007fc5cbce9d08:   00007fbc39bce420 0000000000004e20
0x00007fc5cbce9d18:   0000000000000000 00000000000493e0
0x00007fc5cbce9d28:   00007fbc9b81c8a6 000000000000003c
0x00007fc5cbce9d38:   0000000000000000 00007fbd00004e20
0x00007fc5cbce9d48:   00000000024ea020 0000000000000fff
0x00007fc5cbce9d58:   0000000000000000 0000000000000008
0x00007fc5cbce9d68:   00007fbc39b96020 0000000000000000
0x00007fc5cbce9d78:   00007fbc3c2caf10 00004e20cbce9e00
0x00007fc5cbce9d88:   0000000000013920 000001e001000000
0x00007fc5cbce9d98:   000000000000014d 0000000000000000
0x00007fc5cbce9da8:   00007fbc39bce420 0000000000002724
0x00007fc5cbce9db8:   00007fbc39bce420 00007fbc9b898ef0
0x00007fc5cbce9dc8:   0000000000000000 00000000009142e0
0x00007fc5cbce9dd8:   3ff0000000000000 00001388000000a7
0x00007fc5cbce9de8:   00007fbc9b820ff0 0000000000013920
0x00007fc5cbce9df8:   0000000000249f00 0000708000000014
0x00007fc5cbce9e08:   0000000000038400 000000000000014d
0x00007fc5cbce9e18:   0000000000004e20 0000000000002724
0x00007fc5cbce9e28:   00000000000000a7 00007fbc6bb72010
0x00007fc5cbce9e38:   0000000000000000 0000000000000000
0x00007fc5cbce9e48:   00007fbc9b81d41d 00007fbd00000000
0x00007fc5cbce9e58:   00007fbc39bce420 00007fbc3c081010
0x00007fc5cbce9e68:   00007fc500001388 00007fbc39b96020
0x00007fc5cbce9e78:   00007fc5000493e0 00007fbc9b820ff0
0x00007fc5cbce9e88:   0000000000000000 00007fc500004e20
0x00007fc5cbce9e98:   0000000000000000 0000000000000000
0x00007fc5cbce9ea8:   00007fbc9b898ef0 00007fc5cbce9ed0
0x00007fc5cbce9eb8:   00007fc5cbce9ef0 00007fc5cbce9ee0
0x00007fc5cbce9ec8:   00007fc5caadeae1 00007fc5cbce9ef0
0x00007fc5cbce9ed8:   0000000000000000 00007fc5cbce9f30
0x00007fc5cbce9ee8:   00007fc5cb49e7b0 00007fc5cbce9f30 

Instructions: (pc=0x00007fbc9b899b43)
0x00007fbc9b899b23:   66 0f 58 c7 66 41 0f 59 d8 66 0f 58 de 66 0f 7c
0x00007fbc9b899b33:   d5 66 0f 7c cc 66 0f 7c c3 48 81 c2 c0 03 00 00
0x00007fbc9b899b43:   0f 11 16 41 0f 11 08 0f 11 07 48 83 c6 10 49 83
0x00007fbc9b899b53:   c0 10 48 83 c7 10 4c 39 ca 0f 85 0e f4 ff ff 66 

Register to memory mapping:

RAX=0x00007fbc39b96020 is an unknown value
RBX=0x000000000004e200 is an unknown value
RCX=0x00007fbc39bce420 is an unknown value
RDX=0x00007fbc39bce7e0 is an unknown value
RSP=0x00007fc5cbce9cf8 is pointing into the stack for thread: 0x00007fc5c4009800
RBP=0x0000000000027100 is an unknown value
RSI=0x0000000000000000 is an unknown value
RDI=0x000000000004e200 is an unknown value
R8 =0x0000000000027100 is an unknown value
R9 =0x00007fbc39bd50e0 is an unknown value
R10=0x00007fbc39b9d0a0 is an unknown value
R11=0x0000000000000000 is an unknown value
R12=0x000000000004e3d0 is an unknown value
R13=0x00000000000272d0 is an unknown value
R14=0x00007fbc39b9d0a0 is an unknown value
R15=0x0000000000075300 is an unknown value


Stack: [0x00007fc5cbbeb000,0x00007fc5cbcec000],  sp=0x00007fc5cbce9cf8,  free space=1019k
Native frames: (J=compiled Java code, j=interpreted, Vv=VM code, C=native code)
C  [libjblas.so+0x236b43]  ATL_dJIK60x60x60TN60x60x0_a1_b0+0xc53

Java frames: (J=compiled Java code, j=interpreted, Vv=VM code)
j  org.jblas.NativeBlas.dgemm(CCIIID[DII[DIID[DII)V+0
j  org.jblas.SimpleBlas.gemm(DLorg/jblas/DoubleMatrix;Lorg/jblas/DoubleMatrix;DLorg/jblas/DoubleMatrix;)Lorg/jblas/DoubleMatrix;+50
j  org.jblas.DoubleMatrix.mmuli(Lorg/jblas/DoubleMatrix;Lorg/jblas/DoubleMatrix;)Lorg/jblas/DoubleMatrix;+185
j  org.jblas.DoubleMatrix.mmul(Lorg/jblas/DoubleMatrix;)Lorg/jblas/DoubleMatrix;+17
j  edu.illinois.quicksel.quicksel.ProjectionAlgorithm.solve(Lorg/jblas/DoubleMatrix;Lorg/jblas/DoubleMatrix;Lorg/jblas/DoubleMatrix;DI)[D+158
j  edu.illinois.quicksel.quicksel.QuickSel.assignOptimalWeights(ZD)V+121
j  edu.illinois.quicksel.quicksel.QuickSel.assignOptimalWeights(Z)V+5
j  edu.illinois.quicksel.experiments.JOBSpeedComparison.quickSelTest(Ljava/util/Vector;Ljava/util/Vector;Ljava/util/List;Ljava/lang/String;Ljava/lang/String;Ljava/lang/String;)V+216
j  edu.illinois.quicksel.experiments.JOBSpeedComparison.main([Ljava/lang/String;)V+313
v  ~StubRoutines::call_stub

---------------  P R O C E S S  ---------------

Java Threads: ( => current thread )
  0x00007fc5c4108800 JavaThread "Service Thread" daemon [_thread_blocked, id=29356, stack(0x00007fbcf10ca000,0x00007fbcf11cb000)]
  0x00007fc5c4103800 JavaThread "C1 CompilerThread14" daemon [_thread_blocked, id=29355, stack(0x00007fbcf11cb000,0x00007fbcf12cc000)]
  0x00007fc5c4102000 JavaThread "C1 CompilerThread13" daemon [_thread_blocked, id=29354, stack(0x00007fbcf12cc000,0x00007fbcf13cd000)]
  0x00007fc5c4100000 JavaThread "C1 CompilerThread12" daemon [_thread_blocked, id=29353, stack(0x00007fbcf13cd000,0x00007fbcf14ce000)]
  0x00007fc5c40fe000 JavaThread "C1 CompilerThread11" daemon [_thread_blocked, id=29352, stack(0x00007fbcf14ce000,0x00007fbcf15cf000)]
  0x00007fc5c40fb800 JavaThread "C1 CompilerThread10" daemon [_thread_blocked, id=29351, stack(0x00007fbcf15cf000,0x00007fbcf16d0000)]
  0x00007fc5c40f9800 JavaThread "C2 CompilerThread9" daemon [_thread_blocked, id=29350, stack(0x00007fbcf16d0000,0x00007fbcf17d1000)]
  0x00007fc5c40f7800 JavaThread "C2 CompilerThread8" daemon [_thread_blocked, id=29349, stack(0x00007fbcf17d1000,0x00007fbcf18d2000)]
  0x00007fc5c40f5800 JavaThread "C2 CompilerThread7" daemon [_thread_blocked, id=29348, stack(0x00007fbcf18d2000,0x00007fbcf19d3000)]
  0x00007fc5c40f4000 JavaThread "C2 CompilerThread6" daemon [_thread_blocked, id=29347, stack(0x00007fbcf19d3000,0x00007fbcf1ad4000)]
  0x00007fc5c40f2000 JavaThread "C2 CompilerThread5" daemon [_thread_blocked, id=29346, stack(0x00007fbcf1ad4000,0x00007fbcf1bd5000)]
  0x00007fc5c40f0000 JavaThread "C2 CompilerThread4" daemon [_thread_blocked, id=29345, stack(0x00007fbcf1bd5000,0x00007fbcf1cd6000)]
  0x00007fc5c40ee000 JavaThread "C2 CompilerThread3" daemon [_thread_blocked, id=29344, stack(0x00007fbcf1cd6000,0x00007fbcf1dd7000)]
  0x00007fc5c40ec000 JavaThread "C2 CompilerThread2" daemon [_thread_blocked, id=29343, stack(0x00007fbcf1dd7000,0x00007fbcf1ed8000)]
  0x00007fc5c40ea800 JavaThread "C2 CompilerThread1" daemon [_thread_blocked, id=29342, stack(0x00007fbcf1ed8000,0x00007fbcf1fd9000)]
  0x00007fc5c40e7800 JavaThread "C2 CompilerThread0" daemon [_thread_blocked, id=29341, stack(0x00007fbcf1fd9000,0x00007fbcf20da000)]
  0x00007fc5c40e6000 JavaThread "Signal Dispatcher" daemon [_thread_blocked, id=29340, stack(0x00007fbcf20da000,0x00007fbcf21db000)]
  0x00007fc5c40af800 JavaThread "Finalizer" daemon [_thread_blocked, id=29339, stack(0x00007fbcf26e7000,0x00007fbcf27e8000)]
  0x00007fc5c40ad800 JavaThread "Reference Handler" daemon [_thread_blocked, id=29338, stack(0x00007fbcf27e8000,0x00007fbcf28e9000)]
=>0x00007fc5c4009800 JavaThread "main" [_thread_in_native, id=29308, stack(0x00007fc5cbbeb000,0x00007fc5cbcec000)]

Other Threads:
  0x00007fc5c40a8800 VMThread [stack: 0x00007fbcf28e9000,0x00007fbcf29ea000] [id=29337]
  0x00007fc5c410b000 WatcherThread [stack: 0x00007fbcf0fc9000,0x00007fbcf10ca000] [id=29357]

VM state:not at safepoint (normal execution)

VM Mutex/Monitor currently owned by a thread: None

Heap:
 PSYoungGen      total 11161088K, used 3556970K [0x00007fc30a580000, 0x00007fc5b4d00000, 0x00007fc5b5000000)
  eden space 11142656K, 31% used [0x00007fc30a580000,0x00007fc3e371a8f8,0x00007fc5b2700000)
  from space 18432K, 0% used [0x00007fc5b3b00000,0x00007fc5b3b00000,0x00007fc5b4d00000)
  to   space 19456K, 0% used [0x00007fc5b2700000,0x00007fc5b2700000,0x00007fc5b3a00000)
 ParOldGen       total 13634560K, used 8609467K [0x00007fbdb5000000, 0x00007fc0f5300000, 0x00007fc30a580000)
  object space 13634560K, 63% used [0x00007fbdb5000000,0x00007fbfc27aeec8,0x00007fc0f5300000)
 Metaspace       used 4424K, capacity 4504K, committed 4608K, reserved 8192K

Card table byte_map: [0x00007fbdb0fff000,0x00007fbdb5000000] byte_map_base: 0x00007f7dd2257000

Marking Bits: (ParMarkBitMap*) 0x00007fc5cb0b16c0
 Begin Bits: [0x00007fbcf4000000, 0x00007fbd14000000)
 End Bits:   [0x00007fbd14000000, 0x00007fbd34000000)

Polling page: 0x00007fc5cbcfe000

CodeCache: size=245760Kb used=5208Kb max_used=5209Kb free=240551Kb
 bounds [0x00007fc5b5000000, 0x00007fc5b5520000, 0x00007fc5c4000000]
 total_blobs=947 nmethods=597 adapters=260
 compilation: enabled

Compilation events (10 events):
Event: 712.859 Thread 0x00007fc5c40fe000 nmethod 593 0x00007fc5b5513ad0 code [0x00007fc5b5513c40, 0x00007fc5b5513e88]
Event: 712.860 Thread 0x00007fc5c40fb800 nmethod 592 0x00007fc5b5511f10 code [0x00007fc5b55121a0, 0x00007fc5b5513228]
Event: 712.868 Thread 0x00007fc5c4100000  594       3       java.io.FileOutputStream::write (12 bytes)
Event: 712.868 Thread 0x00007fc5c4100000 nmethod 594 0x00007fc5b55117d0 code [0x00007fc5b5511940, 0x00007fc5b5511ac8]
Event: 712.870 Thread 0x00007fc5c4102000  596       3       java.io.FilterInputStream::read (9 bytes)
Event: 712.870 Thread 0x00007fc5c40fe000  597       3       java.io.FilterInputStream::read (11 bytes)
Event: 712.871 Thread 0x00007fc5c4102000 nmethod 596 0x00007fc5b5511390 code [0x00007fc5b5511500, 0x00007fc5b5511728]
Event: 712.871 Thread 0x00007fc5c40fe000 nmethod 597 0x00007fc5b5510f10 code [0x00007fc5b5511080, 0x00007fc5b55112a8]
Event: 714.554 Thread 0x00007fc5c40fb800  598       3       java.util.zip.ZipFile::access$400 (5 bytes)
Event: 714.554 Thread 0x00007fc5c40fb800 nmethod 598 0x00007fc5b5510bd0 code [0x00007fc5b5510d20, 0x00007fc5b5510e50]

GC Heap History (10 events):
Event: 633.205 GC heap before
{Heap before GC invocations=20 (full 2):
 PSYoungGen      total 11160576K, used 32K [0x00007fc30a580000, 0x00007fc5b4e80000, 0x00007fc5b5000000)
  eden space 11140096K, 0% used [0x00007fc30a580000,0x00007fc30a580000,0x00007fc5b2480000)
  from space 20480K, 0% used [0x00007fc5b3a80000,0x00007fc5b3a88000,0x00007fc5b4e80000)
  to   space 21504K, 0% used [0x00007fc5b2480000,0x00007fc5b2480000,0x00007fc5b3980000)
 ParOldGen       total 14357504K, used 12515277K [0x00007fbdb5000000, 0x00007fc121500000, 0x00007fc30a580000)
  object space 14357504K, 87% used [0x00007fbdb5000000,0x00007fc0b0df3688,0x00007fc121500000)
 Metaspace       used 3994K, capacity 4440K, committed 4608K, reserved 8192K
Event: 639.287 GC heap after
Heap after GC invocations=20 (full 2):
 PSYoungGen      total 11160576K, used 0K [0x00007fc30a580000, 0x00007fc5b4e80000, 0x00007fc5b5000000)
  eden space 11140096K, 0% used [0x00007fc30a580000,0x00007fc30a580000,0x00007fc5b2480000)
  from space 20480K, 0% used [0x00007fc5b3a80000,0x00007fc5b3a80000,0x00007fc5b4e80000)
  to   space 21504K, 0% used [0x00007fc5b2480000,0x00007fc5b2480000,0x00007fc5b3980000)
 ParOldGen       total 13364736K, used 9390277K [0x00007fbdb5000000, 0x00007fc0e4b80000, 0x00007fc30a580000)
  object space 13364736K, 70% used [0x00007fbdb5000000,0x00007fbff22316c0,0x00007fc0e4b80000)
 Metaspace       used 3994K, capacity 4440K, committed 4608K, reserved 8192K
}
Event: 656.619 GC heap before
{Heap before GC invocations=21 (full 2):
 PSYoungGen      total 11160576K, used 11140096K [0x00007fc30a580000, 0x00007fc5b4e80000, 0x00007fc5b5000000)
  eden space 11140096K, 100% used [0x00007fc30a580000,0x00007fc5b2480000,0x00007fc5b2480000)
  from space 20480K, 0% used [0x00007fc5b3a80000,0x00007fc5b3a80000,0x00007fc5b4e80000)
  to   space 21504K, 0% used [0x00007fc5b2480000,0x00007fc5b2480000,0x00007fc5b3980000)
 ParOldGen       total 13364736K, used 9390277K [0x00007fbdb5000000, 0x00007fc0e4b80000, 0x00007fc30a580000)
  object space 13364736K, 70% used [0x00007fbdb5000000,0x00007fbff22316c0,0x00007fc0e4b80000)
 Metaspace       used 3997K, capacity 4440K, committed 4608K, reserved 8192K
Event: 675.359 GC heap after
Heap after GC invocations=21 (full 2):
 PSYoungGen      total 11161600K, used 1641K [0x00007fc30a580000, 0x00007fc5b4f00000, 0x00007fc5b5000000)
  eden space 11140096K, 0% used [0x00007fc30a580000,0x00007fc30a580000,0x00007fc5b2480000)
  from space 21504K, 7% used [0x00007fc5b2480000,0x00007fc5b261a5e8,0x00007fc5b3980000)
  to   space 20480K, 0% used [0x00007fc5b3b00000,0x00007fc5b3b00000,0x00007fc5b4f00000)
 ParOldGen       total 13364736K, used 13296683K [0x00007fbdb5000000, 0x00007fc0e4b80000, 0x00007fc30a580000)
  object space 13364736K, 99% used [0x00007fbdb5000000,0x00007fc0e090aff0,0x00007fc0e4b80000)
 Metaspace       used 3997K, capacity 4440K, committed 4608K, reserved 8192K
}
Event: 675.359 GC heap before
{Heap before GC invocations=22 (full 3):
 PSYoungGen      total 11161600K, used 1641K [0x00007fc30a580000, 0x00007fc5b4f00000, 0x00007fc5b5000000)
  eden space 11140096K, 0% used [0x00007fc30a580000,0x00007fc30a580000,0x00007fc5b2480000)
  from space 21504K, 7% used [0x00007fc5b2480000,0x00007fc5b261a5e8,0x00007fc5b3980000)
  to   space 20480K, 0% used [0x00007fc5b3b00000,0x00007fc5b3b00000,0x00007fc5b4f00000)
 ParOldGen       total 13364736K, used 13296683K [0x00007fbdb5000000, 0x00007fc0e4b80000, 0x00007fc30a580000)
  object space 13364736K, 99% used [0x00007fbdb5000000,0x00007fc0e090aff0,0x00007fc0e4b80000)
 Metaspace       used 3997K, capacity 4440K, committed 4608K, reserved 8192K
Event: 678.118 GC heap after
Heap after GC invocations=22 (full 3):
 PSYoungGen      total 11161600K, used 0K [0x00007fc30a580000, 0x00007fc5b4f00000, 0x00007fc5b5000000)
  eden space 11140096K, 0% used [0x00007fc30a580000,0x00007fc30a580000,0x00007fc5b2480000)
  from space 21504K, 0% used [0x00007fc5b2480000,0x00007fc5b2480000,0x00007fc5b3980000)
  to   space 20480K, 0% used [0x00007fc5b3b00000,0x00007fc5b3b00000,0x00007fc5b4f00000)
 ParOldGen       total 15040000K, used 10173217K [0x00007fbdb5000000, 0x00007fc14af80000, 0x00007fc30a580000)
  object space 15040000K, 67% used [0x00007fbdb5000000,0x00007fc021ec8718,0x00007fc14af80000)
 Metaspace       used 3997K, capacity 4440K, committed 4608K, reserved 8192K
}
Event: 688.972 GC heap before
{Heap before GC invocations=23 (full 3):
 PSYoungGen      total 11161600K, used 9220215K [0x00007fc30a580000, 0x00007fc5b4f00000, 0x00007fc5b5000000)
  eden space 11140096K, 82% used [0x00007fc30a580000,0x00007fc53d19dd80,0x00007fc5b2480000)
  from space 21504K, 0% used [0x00007fc5b2480000,0x00007fc5b2480000,0x00007fc5b3980000)
  to   space 20480K, 0% used [0x00007fc5b3b00000,0x00007fc5b3b00000,0x00007fc5b4f00000)
 ParOldGen       total 15040000K, used 10173217K [0x00007fbdb5000000, 0x00007fc14af80000, 0x00007fc30a580000)
  object space 15040000K, 67% used [0x00007fbdb5000000,0x00007fc021ec8718,0x00007fc14af80000)
 Metaspace       used 4012K, capacity 4504K, committed 4608K, reserved 8192K
Event: 689.409 GC heap after
Heap after GC invocations=23 (full 3):
 PSYoungGen      total 11161088K, used 671K [0x00007fc30a580000, 0x00007fc5b4d00000, 0x00007fc5b5000000)
  eden space 11142656K, 0% used [0x00007fc30a580000,0x00007fc30a580000,0x00007fc5b2700000)
  from space 18432K, 3% used [0x00007fc5b3b00000,0x00007fc5b3ba7ed8,0x00007fc5b4d00000)
  to   space 19456K, 0% used [0x00007fc5b2700000,0x00007fc5b2700000,0x00007fc5b3a00000)
 ParOldGen       total 15040000K, used 12517124K [0x00007fbdb5000000, 0x00007fc14af80000, 0x00007fc30a580000)
  object space 15040000K, 83% used [0x00007fbdb5000000,0x00007fc0b0fc1060,0x00007fc14af80000)
 Metaspace       used 4012K, capacity 4504K, committed 4608K, reserved 8192K
}
Event: 689.409 GC heap before
{Heap before GC invocations=24 (full 4):
 PSYoungGen      total 11161088K, used 671K [0x00007fc30a580000, 0x00007fc5b4d00000, 0x00007fc5b5000000)
  eden space 11142656K, 0% used [0x00007fc30a580000,0x00007fc30a580000,0x00007fc5b2700000)
  from space 18432K, 3% used [0x00007fc5b3b00000,0x00007fc5b3ba7ed8,0x00007fc5b4d00000)
  to   space 19456K, 0% used [0x00007fc5b2700000,0x00007fc5b2700000,0x00007fc5b3a00000)
 ParOldGen       total 15040000K, used 12517124K [0x00007fbdb5000000, 0x00007fc14af80000, 0x00007fc30a580000)
  object space 15040000K, 83% used [0x00007fbdb5000000,0x00007fc0b0fc1060,0x00007fc14af80000)
 Metaspace       used 4012K, capacity 4504K, committed 4608K, reserved 8192K
Event: 690.367 GC heap after
Heap after GC invocations=24 (full 4):
 PSYoungGen      total 11161088K, used 0K [0x00007fc30a580000, 0x00007fc5b4d00000, 0x00007fc5b5000000)
  eden space 11142656K, 0% used [0x00007fc30a580000,0x00007fc30a580000,0x00007fc5b2700000)
  from space 18432K, 0% used [0x00007fc5b3b00000,0x00007fc5b3b00000,0x00007fc5b4d00000)
  to   space 19456K, 0% used [0x00007fc5b2700000,0x00007fc5b2700000,0x00007fc5b3a00000)
 ParOldGen       total 13634560K, used 8609467K [0x00007fbdb5000000, 0x00007fc0f5300000, 0x00007fc30a580000)
  object space 13634560K, 63% used [0x00007fbdb5000000,0x00007fbfc27aeec8,0x00007fc0f5300000)
 Metaspace       used 4012K, capacity 4504K, committed 4608K, reserved 8192K
}

Deoptimization events (10 events):
Event: 683.719 Thread 0x00007fc5c4009800 Uncommon trap: reason=unstable_if action=reinterpret pc=0x00007fc5b54f6080 method=org.jblas.DoubleMatrix.addi(DLorg/jblas/DoubleMatrix;)Lorg/jblas/DoubleMatrix; @ 15
Event: 698.292 Thread 0x00007fc5c4009800 Uncommon trap: reason=unstable_if action=reinterpret pc=0x00007fc5b53c7fa0 method=java.lang.Long.numberOfTrailingZeros(J)I @ 17
Event: 698.602 Thread 0x00007fc5c4009800 Uncommon trap: reason=unstable_if action=reinterpret pc=0x00007fc5b5412754 method=java.util.Arrays.copyOf([Ljava/lang/Object;ILjava/lang/Class;)[Ljava/lang/Object; @ 3
Event: 700.376 Thread 0x00007fc5c4009800 Uncommon trap: reason=speculate_class_check action=maybe_recompile pc=0x00007fc5b5452400 method=java.util.HashMap.putVal(ILjava/lang/Object;Ljava/lang/Object;ZZ)Ljava/lang/Object; @ 56
Event: 700.401 Thread 0x00007fc5c4009800 Uncommon trap: reason=speculate_class_check action=maybe_recompile pc=0x00007fc5b5452400 method=java.util.HashMap.putVal(ILjava/lang/Object;Ljava/lang/Object;ZZ)Ljava/lang/Object; @ 56
Event: 700.401 Thread 0x00007fc5c4009800 Uncommon trap: reason=speculate_class_check action=maybe_recompile pc=0x00007fc5b5452400 method=java.util.HashMap.putVal(ILjava/lang/Object;Ljava/lang/Object;ZZ)Ljava/lang/Object; @ 56
Event: 700.401 Thread 0x00007fc5c4009800 Uncommon trap: reason=speculate_class_check action=maybe_recompile pc=0x00007fc5b5452400 method=java.util.HashMap.putVal(ILjava/lang/Object;Ljava/lang/Object;ZZ)Ljava/lang/Object; @ 56
Event: 700.401 Thread 0x00007fc5c4009800 Uncommon trap: reason=class_check action=maybe_recompile pc=0x00007fc5b53d082c method=java.util.HashMap.putVal(ILjava/lang/Object;Ljava/lang/Object;ZZ)Ljava/lang/Object; @ 253
Event: 700.401 Thread 0x00007fc5c4009800 Uncommon trap: reason=unstable_if action=reinterpret pc=0x00007fc5b53d080c method=java.util.HashMap.putVal(ILjava/lang/Object;Ljava/lang/Object;ZZ)Ljava/lang/Object; @ 181
Event: 700.478 Thread 0x00007fc5c4009800 Uncommon trap: reason=unstable_if action=reinterpret pc=0x00007fc5b544a608 method=java.util.HashMap.putVal(ILjava/lang/Object;Ljava/lang/Object;ZZ)Ljava/lang/Object; @ 193

Internal exceptions (6 events):
Event: 4.407 Thread 0x00007fc5c4009800 Exception <a 'java/lang/NoSuchMethodError': Method sun.misc.Unsafe.defineClass(Ljava/lang/String;[BII)Ljava/lang/Class; name or signature does not match> (0x00007fc30a59b768) thrown at [/HUDSON/workspace/8-2-build-linux-amd64/jdk8u40/3098/hotspot/src/shar
Event: 4.407 Thread 0x00007fc5c4009800 Exception <a 'java/lang/NoSuchMethodError': Method sun.misc.Unsafe.prefetchRead(Ljava/lang/Object;J)V name or signature does not match> (0x00007fc30a59bad0) thrown at [/HUDSON/workspace/8-2-build-linux-amd64/jdk8u40/3098/hotspot/src/share/vm/prims/jni.cpp
Event: 17.973 Thread 0x00007fc5c4009800 Exception <a 'java/security/PrivilegedActionException'> (0x00007fc30a673b20) thrown at [/HUDSON/workspace/8-2-build-linux-amd64/jdk8u40/3098/hotspot/src/share/vm/prims/jvm.cpp, line 1382]
Event: 17.973 Thread 0x00007fc5c4009800 Exception <a 'java/security/PrivilegedActionException'> (0x00007fc30a673fe0) thrown at [/HUDSON/workspace/8-2-build-linux-amd64/jdk8u40/3098/hotspot/src/share/vm/prims/jvm.cpp, line 1382]
Event: 17.974 Thread 0x00007fc5c4009800 Exception <a 'java/security/PrivilegedActionException'> (0x00007fc30a676c40) thrown at [/HUDSON/workspace/8-2-build-linux-amd64/jdk8u40/3098/hotspot/src/share/vm/prims/jvm.cpp, line 1382]
Event: 17.974 Thread 0x00007fc5c4009800 Exception <a 'java/security/PrivilegedActionException'> (0x00007fc30a677100) thrown at [/HUDSON/workspace/8-2-build-linux-amd64/jdk8u40/3098/hotspot/src/share/vm/prims/jvm.cpp, line 1382]

Events (10 events):
Event: 704.378 loading class sun/net/www/protocol/jar/URLJarFile
Event: 704.417 loading class sun/net/www/protocol/jar/URLJarFile done
Event: 704.417 Executing VM operation: Deoptimize
Event: 704.418 Executing VM operation: Deoptimize done
Event: 704.418 loading class sun/net/www/protocol/jar/URLJarFile$URLJarFileEntry
Event: 704.418 loading class sun/net/www/protocol/jar/URLJarFile$URLJarFileEntry done
Event: 704.418 loading class sun/net/www/protocol/jar/JarURLConnection$JarURLInputStream
Event: 704.418 loading class sun/net/www/protocol/jar/JarURLConnection$JarURLInputStream done
Event: 705.929 loading class java/io/FileOutputStream$1
Event: 706.070 loading class java/io/FileOutputStream$1 done


Dynamic libraries:
00400000-00401000 r-xp 00000000 08:01 22544604                           /usr/lib/jvm/jdk1.8.0_40/bin/java
00600000-00601000 rw-p 00000000 08:01 22544604                           /usr/lib/jvm/jdk1.8.0_40/bin/java
02092000-020b3000 rw-p 00000000 00:00 0                                  [heap]
7fbc39b96000-7fbc9b663000 rw-p 00000000 00:00 0 
7fbc9b663000-7fbc9bd80000 r-xp 00000000 08:01 3021184                    /tmp/jblas419079848166565804/libjblas.so
7fbc9bd80000-7fbc9bf80000 ---p 0071d000 08:01 3021184                    /tmp/jblas419079848166565804/libjblas.so
7fbc9bf80000-7fbc9bf8d000 rw-p 0071d000 08:01 3021184                    /tmp/jblas419079848166565804/libjblas.so
7fbc9bf8d000-7fbc9c000000 rw-p 00000000 00:00 0 
7fbc9c000000-7fbc9c021000 rw-p 00000000 00:00 0 
7fbc9c021000-7fbca0000000 ---p 00000000 00:00 0 
7fbca0000000-7fbca0021000 rw-p 00000000 00:00 0 
7fbca0021000-7fbca4000000 ---p 00000000 00:00 0 
7fbca4000000-7fbca408a000 rw-p 00000000 00:00 0 
7fbca408a000-7fbca8000000 ---p 00000000 00:00 0 
7fbca8000000-7fbca81ea000 rw-p 00000000 00:00 0 
7fbca81ea000-7fbcac000000 ---p 00000000 00:00 0 
7fbcac000000-7fbcac08c000 rw-p 00000000 00:00 0 
7fbcac08c000-7fbcb0000000 ---p 00000000 00:00 0 
7fbcb0000000-7fbcb00c7000 rw-p 00000000 00:00 0 
7fbcb00c7000-7fbcb4000000 ---p 00000000 00:00 0 
7fbcb4000000-7fbcb41ed000 rw-p 00000000 00:00 0 
7fbcb41ed000-7fbcb8000000 ---p 00000000 00:00 0 
7fbcb8000000-7fbcb8074000 rw-p 00000000 00:00 0 
7fbcb8074000-7fbcbc000000 ---p 00000000 00:00 0 
7fbcbc000000-7fbcbc117000 rw-p 00000000 00:00 0 
7fbcbc117000-7fbcc0000000 ---p 00000000 00:00 0 
7fbcc0000000-7fbcc042c000 rw-p 00000000 00:00 0 
7fbcc042c000-7fbcc4000000 ---p 00000000 00:00 0 
7fbcc4000000-7fbcc4359000 rw-p 00000000 00:00 0 
7fbcc4359000-7fbcc8000000 ---p 00000000 00:00 0 
7fbcc8000000-7fbcc81a7000 rw-p 00000000 00:00 0 
7fbcc81a7000-7fbccc000000 ---p 00000000 00:00 0 
7fbccc000000-7fbccc17e000 rw-p 00000000 00:00 0 
7fbccc17e000-7fbcd0000000 ---p 00000000 00:00 0 
7fbcd0000000-7fbcd0170000 rw-p 00000000 00:00 0 
7fbcd0170000-7fbcd4000000 ---p 00000000 00:00 0 
7fbcd4000000-7fbcd4532000 rw-p 00000000 00:00 0 
7fbcd4532000-7fbcd8000000 ---p 00000000 00:00 0 
7fbcd8000000-7fbcd8304000 rw-p 00000000 00:00 0 
7fbcd8304000-7fbcdc000000 ---p 00000000 00:00 0 
7fbcdc000000-7fbcdc021000 rw-p 00000000 00:00 0 
7fbcdc021000-7fbce0000000 ---p 00000000 00:00 0 
7fbce0000000-7fbce018e000 rw-p 00000000 00:00 0 
7fbce018e000-7fbce4000000 ---p 00000000 00:00 0 
7fbce4000000-7fbce4021000 rw-p 00000000 00:00 0 
7fbce4021000-7fbce8000000 ---p 00000000 00:00 0 
7fbce8000000-7fbce8021000 rw-p 00000000 00:00 0 
7fbce8021000-7fbcec000000 ---p 00000000 00:00 0 
7fbcec000000-7fbcec021000 rw-p 00000000 00:00 0 
7fbcec021000-7fbcf0000000 ---p 00000000 00:00 0 
7fbcf065c000-7fbcf0672000 r-xp 00000000 08:01 20840642                   /lib/x86_64-linux-gnu/libgcc_s.so.1
7fbcf0672000-7fbcf0871000 ---p 00016000 08:01 20840642                   /lib/x86_64-linux-gnu/libgcc_s.so.1
7fbcf0871000-7fbcf0872000 rw-p 00015000 08:01 20840642                   /lib/x86_64-linux-gnu/libgcc_s.so.1
7fbcf0872000-7fbcf08ad000 r-xp 00000000 08:01 20187666                   /usr/lib/x86_64-linux-gnu/libquadmath.so.0.0.0
7fbcf08ad000-7fbcf0aac000 ---p 0003b000 08:01 20187666                   /usr/lib/x86_64-linux-gnu/libquadmath.so.0.0.0
7fbcf0aac000-7fbcf0aad000 r--p 0003a000 08:01 20187666                   /usr/lib/x86_64-linux-gnu/libquadmath.so.0.0.0
7fbcf0aad000-7fbcf0aae000 rw-p 0003b000 08:01 20187666                   /usr/lib/x86_64-linux-gnu/libquadmath.so.0.0.0
7fbcf0aae000-7fbcf0bc5000 r-xp 00000000 08:01 20186673                   /usr/lib/x86_64-linux-gnu/libgfortran.so.3.0.0
7fbcf0bc5000-7fbcf0dc5000 ---p 00117000 08:01 20186673                   /usr/lib/x86_64-linux-gnu/libgfortran.so.3.0.0
7fbcf0dc5000-7fbcf0dc6000 r--p 00117000 08:01 20186673                   /usr/lib/x86_64-linux-gnu/libgfortran.so.3.0.0
7fbcf0dc6000-7fbcf0dc8000 rw-p 00118000 08:01 20186673                   /usr/lib/x86_64-linux-gnu/libgfortran.so.3.0.0
7fbcf0dc8000-7fbcf0dc9000 r-xp 00000000 08:01 3021183                    /tmp/jblas419079848166565804/libjblas_arch_flavor.so
7fbcf0dc9000-7fbcf0fc8000 ---p 00001000 08:01 3021183                    /tmp/jblas419079848166565804/libjblas_arch_flavor.so
7fbcf0fc8000-7fbcf0fc9000 rw-p 00000000 08:01 3021183                    /tmp/jblas419079848166565804/libjblas_arch_flavor.so
7fbcf0fc9000-7fbcf0fca000 ---p 00000000 00:00 0 
7fbcf0fca000-7fbcf10ca000 rw-p 00000000 00:00 0 
7fbcf10ca000-7fbcf10cd000 ---p 00000000 00:00 0 
7fbcf10cd000-7fbcf11cb000 rw-p 00000000 00:00 0 
7fbcf11cb000-7fbcf11ce000 ---p 00000000 00:00 0 
7fbcf11ce000-7fbcf12cc000 rw-p 00000000 00:00 0 
7fbcf12cc000-7fbcf12cf000 ---p 00000000 00:00 0 
7fbcf12cf000-7fbcf13cd000 rw-p 00000000 00:00 0 
7fbcf13cd000-7fbcf13d0000 ---p 00000000 00:00 0 
7fbcf13d0000-7fbcf14ce000 rw-p 00000000 00:00 0 
7fbcf14ce000-7fbcf14d1000 ---p 00000000 00:00 0 
7fbcf14d1000-7fbcf15cf000 rw-p 00000000 00:00 0 
7fbcf15cf000-7fbcf15d2000 ---p 00000000 00:00 0 
7fbcf15d2000-7fbcf16d0000 rw-p 00000000 00:00 0 
7fbcf16d0000-7fbcf16d3000 ---p 00000000 00:00 0 
7fbcf16d3000-7fbcf17d1000 rw-p 00000000 00:00 0 
7fbcf17d1000-7fbcf17d4000 ---p 00000000 00:00 0 
7fbcf17d4000-7fbcf18d2000 rw-p 00000000 00:00 0 
7fbcf18d2000-7fbcf18d5000 ---p 00000000 00:00 0 
7fbcf18d5000-7fbcf19d3000 rw-p 00000000 00:00 0 
7fbcf19d3000-7fbcf19d6000 ---p 00000000 00:00 0 
7fbcf19d6000-7fbcf1ad4000 rw-p 00000000 00:00 0 
7fbcf1ad4000-7fbcf1ad7000 ---p 00000000 00:00 0 
7fbcf1ad7000-7fbcf1bd5000 rw-p 00000000 00:00 0 
7fbcf1bd5000-7fbcf1bd8000 ---p 00000000 00:00 0 
7fbcf1bd8000-7fbcf1cd6000 rw-p 00000000 00:00 0 
7fbcf1cd6000-7fbcf1cd9000 ---p 00000000 00:00 0 
7fbcf1cd9000-7fbcf1dd7000 rw-p 00000000 00:00 0 
7fbcf1dd7000-7fbcf1dda000 ---p 00000000 00:00 0 
7fbcf1dda000-7fbcf1ed8000 rw-p 00000000 00:00 0 
7fbcf1ed8000-7fbcf1edb000 ---p 00000000 00:00 0 
7fbcf1edb000-7fbcf1fd9000 rw-p 00000000 00:00 0 
7fbcf1fd9000-7fbcf1fdc000 ---p 00000000 00:00 0 
7fbcf1fdc000-7fbcf20da000 rw-p 00000000 00:00 0 
7fbcf20da000-7fbcf20dd000 ---p 00000000 00:00 0 
7fbcf20dd000-7fbcf21db000 rw-p 00000000 00:00 0 
7fbcf21db000-7fbcf26e7000 r--p 00000000 08:01 20189653                   /usr/lib/locale/locale-archive
7fbcf26e7000-7fbcf26ea000 ---p 00000000 00:00 0 
7fbcf26ea000-7fbcf27e8000 rw-p 00000000 00:00 0 
7fbcf27e8000-7fbcf27eb000 ---p 00000000 00:00 0 
7fbcf27eb000-7fbcf28e9000 rw-p 00000000 00:00 0 
7fbcf28e9000-7fbcf28ea000 ---p 00000000 00:00 0 
7fbcf28ea000-7fbd34000000 rw-p 00000000 00:00 0 
7fbd34000000-7fbd34021000 rw-p 00000000 00:00 0 
7fbd34021000-7fbd38000000 ---p 00000000 00:00 0 
7fbd380bd000-7fbd380ee000 r--s 00c88000 08:04 144830                     /home/sunji/CardinalityEstimationBenchmark/quicksel/target/quickSel-0.1-jar-with-dependencies.jar
7fbd380ee000-7fbd3c000000 rw-p 00000000 00:00 0 
7fbd3c000000-7fbd3c021000 rw-p 00000000 00:00 0 
7fbd3c021000-7fbd40000000 ---p 00000000 00:00 0 
7fbd40000000-7fbd44000000 rw-p 00000000 00:00 0 
7fbd44000000-7fbd44021000 rw-p 00000000 00:00 0 
7fbd44021000-7fbd48000000 ---p 00000000 00:00 0 
7fbd48000000-7fbd48021000 rw-p 00000000 00:00 0 
7fbd48021000-7fbd4c000000 ---p 00000000 00:00 0 
7fbd4c000000-7fbd4c021000 rw-p 00000000 00:00 0 
7fbd4c021000-7fbd50000000 ---p 00000000 00:00 0 
7fbd50000000-7fbd50021000 rw-p 00000000 00:00 0 
7fbd50021000-7fbd54000000 ---p 00000000 00:00 0 
7fbd54000000-7fbd54021000 rw-p 00000000 00:00 0 
7fbd54021000-7fbd58000000 ---p 00000000 00:00 0 
7fbd58000000-7fbd58021000 rw-p 00000000 00:00 0 
7fbd58021000-7fbd5c000000 ---p 00000000 00:00 0 
7fbd5c000000-7fbd5c021000 rw-p 00000000 00:00 0 
7fbd5c021000-7fbd60000000 ---p 00000000 00:00 0 
7fbd60000000-7fbd60021000 rw-p 00000000 00:00 0 
7fbd60021000-7fbd64000000 ---p 00000000 00:00 0 
7fbd64000000-7fbd64021000 rw-p 00000000 00:00 0 
7fbd64021000-7fbd68000000 ---p 00000000 00:00 0 
7fbd68000000-7fbd68021000 rw-p 00000000 00:00 0 
7fbd68021000-7fbd6c000000 ---p 00000000 00:00 0 
7fbd6c000000-7fbd6c021000 rw-p 00000000 00:00 0 
7fbd6c021000-7fbd70000000 ---p 00000000 00:00 0 
7fbd70000000-7fbd70021000 rw-p 00000000 00:00 0 
7fbd70021000-7fbd74000000 ---p 00000000 00:00 0 
7fbd74000000-7fbd74021000 rw-p 00000000 00:00 0 
7fbd74021000-7fbd78000000 ---p 00000000 00:00 0 
7fbd78000000-7fbd78021000 rw-p 00000000 00:00 0 
7fbd78021000-7fbd7c000000 ---p 00000000 00:00 0 
7fbd7c000000-7fbd7c021000 rw-p 00000000 00:00 0 
7fbd7c021000-7fbd80000000 ---p 00000000 00:00 0 
7fbd80000000-7fbd80021000 rw-p 00000000 00:00 0 
7fbd80021000-7fbd84000000 ---p 00000000 00:00 0 
7fbd84000000-7fbd84021000 rw-p 00000000 00:00 0 
7fbd84021000-7fbd88000000 ---p 00000000 00:00 0 
7fbd88000000-7fbd88021000 rw-p 00000000 00:00 0 
7fbd88021000-7fbd8c000000 ---p 00000000 00:00 0 
7fbd8c000000-7fbd8c021000 rw-p 00000000 00:00 0 
7fbd8c021000-7fbd90000000 ---p 00000000 00:00 0 
7fbd90000000-7fbd90021000 rw-p 00000000 00:00 0 
7fbd90021000-7fbd94000000 ---p 00000000 00:00 0 
7fbd94000000-7fbd94021000 rw-p 00000000 00:00 0 
7fbd94021000-7fbd98000000 ---p 00000000 00:00 0 
7fbd98000000-7fbd98021000 rw-p 00000000 00:00 0 
7fbd98021000-7fbd9c000000 ---p 00000000 00:00 0 
7fbd9c000000-7fbd9c021000 rw-p 00000000 00:00 0 
7fbd9c021000-7fbda0000000 ---p 00000000 00:00 0 
7fbda0000000-7fbda0021000 rw-p 00000000 00:00 0 
7fbda0021000-7fbda4000000 ---p 00000000 00:00 0 
7fbda4000000-7fbda4021000 rw-p 00000000 00:00 0 
7fbda4021000-7fbda8000000 ---p 00000000 00:00 0 
7fbda8000000-7fbda8021000 rw-p 00000000 00:00 0 
7fbda8021000-7fbdac000000 ---p 00000000 00:00 0 
7fbdac002000-7fbdac01e000 r--s 00393000 08:01 22422632                   /usr/lib/jvm/jdk1.8.0_40/jre/lib/ext/cldrdata.jar
7fbdac01e000-7fbdac5e9000 rw-p 00000000 00:00 0 
7fbdac5e9000-7fbdac7c1000 r--s 03d09000 08:01 22422750                   /usr/lib/jvm/jdk1.8.0_40/jre/lib/rt.jar
7fbdac7c1000-7fbdacc41000 rw-p 00000000 00:00 0 
7fbdacc41000-7fbdacfc1000 ---p 00000000 00:00 0 
7fbdacfc1000-7fbdad241000 rw-p 00000000 00:00 0 
7fbdad241000-7fbdad242000 ---p 00000000 00:00 0 
7fbdad242000-7fbdad342000 rw-p 00000000 00:00 0 
7fbdad342000-7fbdad343000 ---p 00000000 00:00 0 
7fbdad343000-7fbdad443000 rw-p 00000000 00:00 0 
7fbdad443000-7fbdad444000 ---p 00000000 00:00 0 
7fbdad444000-7fbdad544000 rw-p 00000000 00:00 0 
7fbdad544000-7fbdad545000 ---p 00000000 00:00 0 
7fbdad545000-7fbdad645000 rw-p 00000000 00:00 0 
7fbdad645000-7fbdad646000 ---p 00000000 00:00 0 
7fbdad646000-7fbdad746000 rw-p 00000000 00:00 0 
7fbdad746000-7fbdad747000 ---p 00000000 00:00 0 
7fbdad747000-7fbdad847000 rw-p 00000000 00:00 0 
7fbdad847000-7fbdad848000 ---p 00000000 00:00 0 
7fbdad848000-7fbdad948000 rw-p 00000000 00:00 0 
7fbdad948000-7fbdad949000 ---p 00000000 00:00 0 
7fbdad949000-7fbdada49000 rw-p 00000000 00:00 0 
7fbdada49000-7fbdada4a000 ---p 00000000 00:00 0 
7fbdada4a000-7fbdadb4a000 rw-p 00000000 00:00 0 
7fbdadb4a000-7fbdadb4b000 ---p 00000000 00:00 0 
7fbdadb4b000-7fbdadc4b000 rw-p 00000000 00:00 0 
7fbdadc4b000-7fbdadc4c000 ---p 00000000 00:00 0 
7fbdadc4c000-7fbdadd4c000 rw-p 00000000 00:00 0 
7fbdadd4c000-7fbdadd4d000 ---p 00000000 00:00 0 
7fbdadd4d000-7fbdade4d000 rw-p 00000000 00:00 0 
7fbdade4d000-7fbdade4e000 ---p 00000000 00:00 0 
7fbdade4e000-7fbdadf4e000 rw-p 00000000 00:00 0 
7fbdadf4e000-7fbdadf4f000 ---p 00000000 00:00 0 
7fbdadf4f000-7fbdae04f000 rw-p 00000000 00:00 0 
7fbdae04f000-7fbdae050000 ---p 00000000 00:00 0 
7fbdae050000-7fbdae150000 rw-p 00000000 00:00 0 
7fbdae150000-7fbdae151000 ---p 00000000 00:00 0 
7fbdae151000-7fbdae251000 rw-p 00000000 00:00 0 
7fbdae251000-7fbdae252000 ---p 00000000 00:00 0 
7fbdae252000-7fbdae352000 rw-p 00000000 00:00 0 
7fbdae352000-7fbdae353000 ---p 00000000 00:00 0 
7fbdae353000-7fbdae453000 rw-p 00000000 00:00 0 
7fbdae453000-7fbdae454000 ---p 00000000 00:00 0 
7fbdae454000-7fbdaff56000 rw-p 00000000 00:00 0 
7fbdaff56000-7fbdb0fff000 ---p 00000000 00:00 0 
7fbdb0fff000-7fbdb2a01000 rw-p 00000000 00:00 0 
7fbdb2a01000-7fbdb3aa9000 ---p 00000000 00:00 0 
7fbdb3aa9000-7fbdb4ffe000 rw-p 00000000 00:00 0 
7fbdb4ffe000-7fbdb4fff000 ---p 00000000 00:00 0 
7fbdb4fff000-7fc0f5300000 rw-p 00000000 00:00 0 
7fc0f5300000-7fc30a580000 ---p 00000000 00:00 0 
7fc30a580000-7fc5b4d00000 rw-p 00000000 00:00 0 
7fc5b4d00000-7fc5b5000000 ---p 00000000 00:00 0 
7fc5b5000000-7fc5b5520000 rwxp 00000000 00:00 0 
7fc5b5520000-7fc5c4000000 ---p 00000000 00:00 0 
7fc5c4000000-7fc5c4477000 rw-p 00000000 00:00 0 
7fc5c4477000-7fc5c8000000 ---p 00000000 00:00 0 
7fc5c8002000-7fc5c8015000 r--s 00344000 08:01 22422738                   /usr/lib/jvm/jdk1.8.0_40/jre/lib/resources.jar
7fc5c8015000-7fc5c80ac000 rw-p 00000000 00:00 0 
7fc5c80ac000-7fc5c80ad000 ---p 00000000 00:00 0 
7fc5c80ad000-7fc5c81ad000 rw-p 00000000 00:00 0 
7fc5c81ad000-7fc5c81ae000 ---p 00000000 00:00 0 
7fc5c81ae000-7fc5c82ae000 rw-p 00000000 00:00 0 
7fc5c82ae000-7fc5c82af000 ---p 00000000 00:00 0 
7fc5c82af000-7fc5c83af000 rw-p 00000000 00:00 0 
7fc5c83af000-7fc5c83b0000 ---p 00000000 00:00 0 
7fc5c83b0000-7fc5c84b0000 rw-p 00000000 00:00 0 
7fc5c84b0000-7fc5c84b1000 ---p 00000000 00:00 0 
7fc5c84b1000-7fc5c85b1000 rw-p 00000000 00:00 0 
7fc5c85b1000-7fc5c85b2000 ---p 00000000 00:00 0 
7fc5c85b2000-7fc5c86b2000 rw-p 00000000 00:00 0 
7fc5c86b2000-7fc5c86b3000 ---p 00000000 00:00 0 
7fc5c86b3000-7fc5c87b3000 rw-p 00000000 00:00 0 
7fc5c87b3000-7fc5c87b4000 ---p 00000000 00:00 0 
7fc5c87b4000-7fc5c88b4000 rw-p 00000000 00:00 0 
7fc5c88b4000-7fc5c88b5000 ---p 00000000 00:00 0 
7fc5c88b5000-7fc5c89ca000 rw-p 00000000 00:00 0 
7fc5c89ca000-7fc5c8d75000 ---p 00000000 00:00 0 
7fc5c8d75000-7fc5c8d8f000 r-xp 00000000 08:01 22544438                   /usr/lib/jvm/jdk1.8.0_40/jre/lib/amd64/libzip.so
7fc5c8d8f000-7fc5c8f8f000 ---p 0001a000 08:01 22544438                   /usr/lib/jvm/jdk1.8.0_40/jre/lib/amd64/libzip.so
7fc5c8f8f000-7fc5c8f90000 rw-p 0001a000 08:01 22544438                   /usr/lib/jvm/jdk1.8.0_40/jre/lib/amd64/libzip.so
7fc5c8f90000-7fc5c8f9a000 r-xp 00000000 08:01 20840708                   /lib/x86_64-linux-gnu/libnss_files-2.19.so
7fc5c8f9a000-7fc5c9199000 ---p 0000a000 08:01 20840708                   /lib/x86_64-linux-gnu/libnss_files-2.19.so
7fc5c9199000-7fc5c919a000 r--p 00009000 08:01 20840708                   /lib/x86_64-linux-gnu/libnss_files-2.19.so
7fc5c919a000-7fc5c919b000 rw-p 0000a000 08:01 20840708                   /lib/x86_64-linux-gnu/libnss_files-2.19.so
7fc5c919b000-7fc5c91a6000 r-xp 00000000 08:01 20840583                   /lib/x86_64-linux-gnu/libnss_nis-2.19.so
7fc5c91a6000-7fc5c93a5000 ---p 0000b000 08:01 20840583                   /lib/x86_64-linux-gnu/libnss_nis-2.19.so
7fc5c93a5000-7fc5c93a6000 r--p 0000a000 08:01 20840583                   /lib/x86_64-linux-gnu/libnss_nis-2.19.so
7fc5c93a6000-7fc5c93a7000 rw-p 0000b000 08:01 20840583                   /lib/x86_64-linux-gnu/libnss_nis-2.19.so
7fc5c93a7000-7fc5c93be000 r-xp 00000000 08:01 20840728                   /lib/x86_64-linux-gnu/libnsl-2.19.so
7fc5c93be000-7fc5c95bd000 ---p 00017000 08:01 20840728                   /lib/x86_64-linux-gnu/libnsl-2.19.so
7fc5c95bd000-7fc5c95be000 r--p 00016000 08:01 20840728                   /lib/x86_64-linux-gnu/libnsl-2.19.so
7fc5c95be000-7fc5c95bf000 rw-p 00017000 08:01 20840728                   /lib/x86_64-linux-gnu/libnsl-2.19.so
7fc5c95bf000-7fc5c95c1000 rw-p 00000000 00:00 0 
7fc5c95c1000-7fc5c95ca000 r-xp 00000000 08:01 20840722                   /lib/x86_64-linux-gnu/libnss_compat-2.19.so
7fc5c95ca000-7fc5c97c9000 ---p 00009000 08:01 20840722                   /lib/x86_64-linux-gnu/libnss_compat-2.19.so
7fc5c97c9000-7fc5c97ca000 r--p 00008000 08:01 20840722                   /lib/x86_64-linux-gnu/libnss_compat-2.19.so
7fc5c97ca000-7fc5c97cb000 rw-p 00009000 08:01 20840722                   /lib/x86_64-linux-gnu/libnss_compat-2.19.so
7fc5c97cb000-7fc5c97f5000 r-xp 00000000 08:01 22544483                   /usr/lib/jvm/jdk1.8.0_40/jre/lib/amd64/libjava.so
7fc5c97f5000-7fc5c99f5000 ---p 0002a000 08:01 22544483                   /usr/lib/jvm/jdk1.8.0_40/jre/lib/amd64/libjava.so
7fc5c99f5000-7fc5c99f7000 rw-p 0002a000 08:01 22544483                   /usr/lib/jvm/jdk1.8.0_40/jre/lib/amd64/libjava.so
7fc5c99f7000-7fc5c9a04000 r-xp 00000000 08:01 22544477                   /usr/lib/jvm/jdk1.8.0_40/jre/lib/amd64/libverify.so
7fc5c9a04000-7fc5c9c04000 ---p 0000d000 08:01 22544477                   /usr/lib/jvm/jdk1.8.0_40/jre/lib/amd64/libverify.so
7fc5c9c04000-7fc5c9c06000 rw-p 0000d000 08:01 22544477                   /usr/lib/jvm/jdk1.8.0_40/jre/lib/amd64/libverify.so
7fc5c9c06000-7fc5c9c0d000 r-xp 00000000 08:01 20840712                   /lib/x86_64-linux-gnu/librt-2.19.so
7fc5c9c0d000-7fc5c9e0c000 ---p 00007000 08:01 20840712                   /lib/x86_64-linux-gnu/librt-2.19.so
7fc5c9e0c000-7fc5c9e0d000 r--p 00006000 08:01 20840712                   /lib/x86_64-linux-gnu/librt-2.19.so
7fc5c9e0d000-7fc5c9e0e000 rw-p 00007000 08:01 20840712                   /lib/x86_64-linux-gnu/librt-2.19.so
7fc5c9e0e000-7fc5c9f13000 r-xp 00000000 08:01 20840581                   /lib/x86_64-linux-gnu/libm-2.19.so
7fc5c9f13000-7fc5ca112000 ---p 00105000 08:01 20840581                   /lib/x86_64-linux-gnu/libm-2.19.so
7fc5ca112000-7fc5ca113000 r--p 00104000 08:01 20840581                   /lib/x86_64-linux-gnu/libm-2.19.so
7fc5ca113000-7fc5ca114000 rw-p 00105000 08:01 20840581                   /lib/x86_64-linux-gnu/libm-2.19.so
7fc5ca114000-7fc5cadc2000 r-xp 00000000 08:01 22544455                   /usr/lib/jvm/jdk1.8.0_40/jre/lib/amd64/server/libjvm.so
7fc5cadc2000-7fc5cafc1000 ---p 00cae000 08:01 22544455                   /usr/lib/jvm/jdk1.8.0_40/jre/lib/amd64/server/libjvm.so
7fc5cafc1000-7fc5cb098000 rw-p 00cad000 08:01 22544455                   /usr/lib/jvm/jdk1.8.0_40/jre/lib/amd64/server/libjvm.so
7fc5cb098000-7fc5cb0dc000 rw-p 00000000 00:00 0 
7fc5cb0dc000-7fc5cb29a000 r-xp 00000000 08:01 20840681                   /lib/x86_64-linux-gnu/libc-2.19.so
7fc5cb29a000-7fc5cb49a000 ---p 001be000 08:01 20840681                   /lib/x86_64-linux-gnu/libc-2.19.so
7fc5cb49a000-7fc5cb49e000 r--p 001be000 08:01 20840681                   /lib/x86_64-linux-gnu/libc-2.19.so
7fc5cb49e000-7fc5cb4a0000 rw-p 001c2000 08:01 20840681                   /lib/x86_64-linux-gnu/libc-2.19.so
7fc5cb4a0000-7fc5cb4a5000 rw-p 00000000 00:00 0 
7fc5cb4a5000-7fc5cb4a8000 r-xp 00000000 08:01 20840618                   /lib/x86_64-linux-gnu/libdl-2.19.so
7fc5cb4a8000-7fc5cb6a7000 ---p 00003000 08:01 20840618                   /lib/x86_64-linux-gnu/libdl-2.19.so
7fc5cb6a7000-7fc5cb6a8000 r--p 00002000 08:01 20840618                   /lib/x86_64-linux-gnu/libdl-2.19.so
7fc5cb6a8000-7fc5cb6a9000 rw-p 00003000 08:01 20840618                   /lib/x86_64-linux-gnu/libdl-2.19.so
7fc5cb6a9000-7fc5cb6be000 r-xp 00000000 08:01 22421916                   /usr/lib/jvm/jdk1.8.0_40/lib/amd64/jli/libjli.so
7fc5cb6be000-7fc5cb8be000 ---p 00015000 08:01 22421916                   /usr/lib/jvm/jdk1.8.0_40/lib/amd64/jli/libjli.so
7fc5cb8be000-7fc5cb8bf000 rw-p 00015000 08:01 22421916                   /usr/lib/jvm/jdk1.8.0_40/lib/amd64/jli/libjli.so
7fc5cb8bf000-7fc5cb8d8000 r-xp 00000000 08:01 20840578                   /lib/x86_64-linux-gnu/libpthread-2.19.so
7fc5cb8d8000-7fc5cbad7000 ---p 00019000 08:01 20840578                   /lib/x86_64-linux-gnu/libpthread-2.19.so
7fc5cbad7000-7fc5cbad8000 r--p 00018000 08:01 20840578                   /lib/x86_64-linux-gnu/libpthread-2.19.so
7fc5cbad8000-7fc5cbad9000 rw-p 00019000 08:01 20840578                   /lib/x86_64-linux-gnu/libpthread-2.19.so
7fc5cbad9000-7fc5cbadd000 rw-p 00000000 00:00 0 
7fc5cbadd000-7fc5cbb00000 r-xp 00000000 08:01 20840671                   /lib/x86_64-linux-gnu/ld-2.19.so
7fc5cbb09000-7fc5cbb0e000 r--s 00094000 08:01 22422612                   /usr/lib/jvm/jdk1.8.0_40/jre/lib/jsse.jar
7fc5cbb0e000-7fc5cbb19000 r--s 00116000 08:01 22422634                   /usr/lib/jvm/jdk1.8.0_40/jre/lib/ext/localedata.jar
7fc5cbb19000-7fc5cbbeb000 rw-p 00000000 00:00 0 
7fc5cbbeb000-7fc5cbbee000 ---p 00000000 00:00 0 
7fc5cbbee000-7fc5cbcf1000 rw-p 00000000 00:00 0 
7fc5cbcf5000-7fc5cbcfd000 rw-s 00000000 08:01 3803967                    /tmp/hsperfdata_sunji/29307
7fc5cbcfd000-7fc5cbcfe000 rw-p 00000000 00:00 0 
7fc5cbcfe000-7fc5cbcff000 r--p 00000000 00:00 0 
7fc5cbcff000-7fc5cbd00000 r--p 00022000 08:01 20840671                   /lib/x86_64-linux-gnu/ld-2.19.so
7fc5cbd00000-7fc5cbd01000 rw-p 00023000 08:01 20840671                   /lib/x86_64-linux-gnu/ld-2.19.so
7fc5cbd01000-7fc5cbd02000 rw-p 00000000 00:00 0 
7ffea5f3c000-7ffea5f5d000 rw-p 00000000 00:00 0                          [stack]
7ffea5fe4000-7ffea5fe7000 r--p 00000000 00:00 0                          [vvar]
7ffea5fe7000-7ffea5fe9000 r-xp 00000000 00:00 0                          [vdso]
ffffffffff600000-ffffffffff601000 r-xp 00000000 00:00 0                  [vsyscall]

VM Arguments:
jvm_args: -Xmx32g -Xms1g 
java_command: edu.illinois.quicksel.experiments.JOBSpeedComparison /home/sunji/CardinalityEstimationBenchmark/quicksel/test/java/edu/illinois/quicksel/resources/JOB/corr-sql/corr4/ 5000
java_class_path (initial): target/test-classes:target/quickSel-0.1-jar-with-dependencies.jar
Launcher Type: SUN_STANDARD

Environment Variables:
JAVA_HOME=/usr/lib/jvm/jdk1.8.0_40/
PATH=/usr/lib/jvm/jdk1.8.0_40//bin:/home/sunji/anaconda3/bin:/home/sunji/anaconda3/condabin:/usr/local/sbin:/usr/local/bin:/usr/sbin:/usr/bin:/sbin:/bin:/usr/games:/usr/local/games"TH="/usr/local/sbin:/usr/local/bin:/usr/sbin:/usr/bin:/sbin:/bin:/usr/games:/usr/local/games:/home/hatim/openmpi/bin
LD_LIBRARY_PATH=/home/hatim/openmpi/lib
SHELL=/bin/bash
DISPLAY=localhost:75.0

Signal Handlers:
SIGSEGV: [libjvm.so+0xaad2e0], sa_mask[0]=11111111011111111101111111111110, sa_flags=SA_RESTART|SA_SIGINFO
SIGBUS: [libjvm.so+0xaad2e0], sa_mask[0]=11111111011111111101111111111110, sa_flags=SA_RESTART|SA_SIGINFO
SIGFPE: [libjvm.so+0x90b550], sa_mask[0]=11111111011111111101111111111110, sa_flags=SA_RESTART|SA_SIGINFO
SIGPIPE: [libjvm.so+0x90b550], sa_mask[0]=11111111011111111101111111111110, sa_flags=SA_RESTART|SA_SIGINFO
SIGXFSZ: [libjvm.so+0x90b550], sa_mask[0]=11111111011111111101111111111110, sa_flags=SA_RESTART|SA_SIGINFO
SIGILL: [libjvm.so+0x90b550], sa_mask[0]=11111111011111111101111111111110, sa_flags=SA_RESTART|SA_SIGINFO
SIGUSR1: SIG_DFL, sa_mask[0]=00000000000000000000000000000000, sa_flags=none
SIGUSR2: [libjvm.so+0x90cb90], sa_mask[0]=00000000000000000000000000000000, sa_flags=SA_RESTART|SA_SIGINFO
SIGHUP: [libjvm.so+0x90dee0], sa_mask[0]=11111111011111111101111111111110, sa_flags=SA_RESTART|SA_SIGINFO
SIGINT: [libjvm.so+0x90dee0], sa_mask[0]=11111111011111111101111111111110, sa_flags=SA_RESTART|SA_SIGINFO
SIGTERM: [libjvm.so+0x90dee0], sa_mask[0]=11111111011111111101111111111110, sa_flags=SA_RESTART|SA_SIGINFO
SIGQUIT: [libjvm.so+0x90dee0], sa_mask[0]=11111111011111111101111111111110, sa_flags=SA_RESTART|SA_SIGINFO


---------------  S Y S T E M  ---------------

OS:DISTRIB_ID=Ubuntu
DISTRIB_RELEASE=14.04
DISTRIB_CODENAME=trusty
DISTRIB_DESCRIPTION="Ubuntu 14.04.6 LTS"

uname:Linux 4.4.0-146-generic #172~14.04.1-Ubuntu SMP Fri Apr 5 16:51:29 UTC 2019 x86_64
libc:glibc 2.19 NPTL 2.19 
rlimit: STACK 8192k, CORE 0k, NPROC 514684, NOFILE 4096, AS infinity
load average:18.22 23.18 17.18

/proc/meminfo:
MemTotal:       131784732 kB
MemFree:          401588 kB
MemAvailable:     268376 kB
Buffers:           22500 kB
Cached:            91120 kB
SwapCached:       100428 kB
Active:         111057056 kB
Inactive:       12000668 kB
Active(anon):   110988632 kB
Inactive(anon): 11962108 kB
Active(file):      68424 kB
Inactive(file):    38560 kB
Unevictable:           0 kB
Mlocked:               0 kB
SwapTotal:      126953468 kB
SwapFree:        2243012 kB
Dirty:               144 kB
Writeback:          3472 kB
AnonPages:      122845000 kB
Mapped:            50904 kB
Shmem:              6432 kB
Slab:             922744 kB
SReclaimable:     326756 kB
SUnreclaim:       595988 kB
KernelStack:       82864 kB
PageTables:      1328852 kB
NFS_Unstable:          0 kB
Bounce:                0 kB
WritebackTmp:          0 kB
CommitLimit:    190224392 kB
Committed_AS:   561378188 kB
VmallocTotal:   34359738367 kB
VmallocUsed:           0 kB
VmallocChunk:          0 kB
HardwareCorrupted:     0 kB
AnonHugePages:   1089536 kB
CmaTotal:              0 kB
CmaFree:               0 kB
HugePages_Total:    2560
HugePages_Free:     2560
HugePages_Rsvd:        0
HugePages_Surp:        0
Hugepagesize:       2048 kB
DirectMap4k:      393944 kB
DirectMap2M:    74876928 kB
DirectMap1G:    60817408 kB


CPU:total 40 (10 cores per cpu, 2 threads per core) family 6 model 79 stepping 1, cmov, cx8, fxsr, mmx, sse, sse2, sse3, ssse3, sse4.1, sse4.2, popcnt, avx, avx2, aes, clmul, erms, rtm, 3dnowpref, lzcnt, ht, tsc, tscinvbit, bmi1, bmi2, adx

/proc/cpuinfo:
processor	: 0
vendor_id	: GenuineIntel
cpu family	: 6
model		: 79
model name	: Intel(R) Xeon(R) CPU E5-2630 v4 @ 2.20GHz
stepping	: 1
microcode	: 0xb00001e
cpu MHz		: 1200.375
cache size	: 25600 KB
physical id	: 0
siblings	: 20
core id		: 0
cpu cores	: 10
apicid		: 0
initial apicid	: 0
fpu		: yes
fpu_exception	: yes
cpuid level	: 20
wp		: yes
flags		: fpu vme de pse tsc msr pae mce cx8 apic sep mtrr pge mca cmov pat pse36 clflush dts acpi mmx fxsr sse sse2 ss ht tm pbe syscall nx pdpe1gb rdtscp lm constant_tsc arch_perfmon pebs bts rep_good nopl xtopology nonstop_tsc aperfmperf pni pclmulqdq dtes64 monitor ds_cpl vmx smx est tm2 ssse3 sdbg fma cx16 xtpr pdcm pcid dca sse4_1 sse4_2 x2apic movbe popcnt tsc_deadline_timer aes xsave avx f16c rdrand lahf_lm abm 3dnowprefetch epb invpcid_single intel_pt kaiser tpr_shadow vnmi flexpriority ept vpid fsgsbase tsc_adjust bmi1 hle avx2 smep bmi2 erms invpcid rtm cqm rdseed adx smap xsaveopt cqm_llc cqm_occup_llc cqm_mbm_total cqm_mbm_local dtherm ida arat pln pts
bugs		: cpu_meltdown spectre_v1 spectre_v2 spec_store_bypass l1tf
bogomips	: 4399.90
clflush size	: 64
cache_alignment	: 64
address sizes	: 46 bits physical, 48 bits virtual
power management:

processor	: 1
vendor_id	: GenuineIntel
cpu family	: 6
model		: 79
model name	: Intel(R) Xeon(R) CPU E5-2630 v4 @ 2.20GHz
stepping	: 1
microcode	: 0xb00001e
cpu MHz		: 1220.312
cache size	: 25600 KB
physical id	: 1
siblings	: 20
core id		: 0
cpu cores	: 10
apicid		: 32
initial apicid	: 32
fpu		: yes
fpu_exception	: yes
cpuid level	: 20
wp		: yes
flags		: fpu vme de pse tsc msr pae mce cx8 apic sep mtrr pge mca cmov pat pse36 clflush dts acpi mmx fxsr sse sse2 ss ht tm pbe syscall nx pdpe1gb rdtscp lm constant_tsc arch_perfmon pebs bts rep_good nopl xtopology nonstop_tsc aperfmperf pni pclmulqdq dtes64 monitor ds_cpl vmx smx est tm2 ssse3 sdbg fma cx16 xtpr pdcm pcid dca sse4_1 sse4_2 x2apic movbe popcnt tsc_deadline_timer aes xsave avx f16c rdrand lahf_lm abm 3dnowprefetch epb invpcid_single intel_pt kaiser tpr_shadow vnmi flexpriority ept vpid fsgsbase tsc_adjust bmi1 hle avx2 smep bmi2 erms invpcid rtm cqm rdseed adx smap xsaveopt cqm_llc cqm_occup_llc cqm_mbm_total cqm_mbm_local dtherm ida arat pln pts
bugs		: cpu_meltdown spectre_v1 spectre_v2 spec_store_bypass l1tf
bogomips	: 4401.39
clflush size	: 64
cache_alignment	: 64
address sizes	: 46 bits physical, 48 bits virtual
power management:

processor	: 2
vendor_id	: GenuineIntel
cpu family	: 6
model		: 79
model name	: Intel(R) Xeon(R) CPU E5-2630 v4 @ 2.20GHz
stepping	: 1
microcode	: 0xb00001e
cpu MHz		: 1201.750
cache size	: 25600 KB
physical id	: 0
siblings	: 20
core id		: 1
cpu cores	: 10
apicid		: 2
initial apicid	: 2
fpu		: yes
fpu_exception	: yes
cpuid level	: 20
wp		: yes
flags		: fpu vme de pse tsc msr pae mce cx8 apic sep mtrr pge mca cmov pat pse36 clflush dts acpi mmx fxsr sse sse2 ss ht tm pbe syscall nx pdpe1gb rdtscp lm constant_tsc arch_perfmon pebs bts rep_good nopl xtopology nonstop_tsc aperfmperf pni pclmulqdq dtes64 monitor ds_cpl vmx smx est tm2 ssse3 sdbg fma cx16 xtpr pdcm pcid dca sse4_1 sse4_2 x2apic movbe popcnt tsc_deadline_timer aes xsave avx f16c rdrand lahf_lm abm 3dnowprefetch epb invpcid_single intel_pt kaiser tpr_shadow vnmi flexpriority ept vpid fsgsbase tsc_adjust bmi1 hle avx2 smep bmi2 erms invpcid rtm cqm rdseed adx smap xsaveopt cqm_llc cqm_occup_llc cqm_mbm_total cqm_mbm_local dtherm ida arat pln pts
bugs		: cpu_meltdown spectre_v1 spectre_v2 spec_store_bypass l1tf
bogomips	: 4399.90
clflush size	: 64
cache_alignment	: 64
address sizes	: 46 bits physical, 48 bits virtual
power management:

processor	: 3
vendor_id	: GenuineIntel
cpu family	: 6
model		: 79
model name	: Intel(R) Xeon(R) CPU E5-2630 v4 @ 2.20GHz
stepping	: 1
microcode	: 0xb00001e
cpu MHz		: 1200.890
cache size	: 25600 KB
physical id	: 1
siblings	: 20
core id		: 1
cpu cores	: 10
apicid		: 34
initial apicid	: 34
fpu		: yes
fpu_exception	: yes
cpuid level	: 20
wp		: yes
flags		: fpu vme de pse tsc msr pae mce cx8 apic sep mtrr pge mca cmov pat pse36 clflush dts acpi mmx fxsr sse sse2 ss ht tm pbe syscall nx pdpe1gb rdtscp lm constant_tsc arch_perfmon pebs bts rep_good nopl xtopology nonstop_tsc aperfmperf pni pclmulqdq dtes64 monitor ds_cpl vmx smx est tm2 ssse3 sdbg fma cx16 xtpr pdcm pcid dca sse4_1 sse4_2 x2apic movbe popcnt tsc_deadline_timer aes xsave avx f16c rdrand lahf_lm abm 3dnowprefetch epb invpcid_single intel_pt kaiser tpr_shadow vnmi flexpriority ept vpid fsgsbase tsc_adjust bmi1 hle avx2 smep bmi2 erms invpcid rtm cqm rdseed adx smap xsaveopt cqm_llc cqm_occup_llc cqm_mbm_total cqm_mbm_local dtherm ida arat pln pts
bugs		: cpu_meltdown spectre_v1 spectre_v2 spec_store_bypass l1tf
bogomips	: 4401.39
clflush size	: 64
cache_alignment	: 64
address sizes	: 46 bits physical, 48 bits virtual
power management:

processor	: 4
vendor_id	: GenuineIntel
cpu family	: 6
model		: 79
model name	: Intel(R) Xeon(R) CPU E5-2630 v4 @ 2.20GHz
stepping	: 1
microcode	: 0xb00001e
cpu MHz		: 1200.289
cache size	: 25600 KB
physical id	: 0
siblings	: 20
core id		: 2
cpu cores	: 10
apicid		: 4
initial apicid	: 4
fpu		: yes
fpu_exception	: yes
cpuid level	: 20
wp		: yes
flags		: fpu vme de pse tsc msr pae mce cx8 apic sep mtrr pge mca cmov pat pse36 clflush dts acpi mmx fxsr sse sse2 ss ht tm pbe syscall nx pdpe1gb rdtscp lm constant_tsc arch_perfmon pebs bts rep_good nopl xtopology nonstop_tsc aperfmperf pni pclmulqdq dtes64 monitor ds_cpl vmx smx est tm2 ssse3 sdbg fma cx16 xtpr pdcm pcid dca sse4_1 sse4_2 x2apic movbe popcnt tsc_deadline_timer aes xsave avx f16c rdrand lahf_lm abm 3dnowprefetch epb invpcid_single intel_pt kaiser tpr_shadow vnmi flexpriority ept vpid fsgsbase tsc_adjust bmi1 hle avx2 smep bmi2 erms invpcid rtm cqm rdseed adx smap xsaveopt cqm_llc cqm_occup_llc cqm_mbm_total cqm_mbm_local dtherm ida arat pln pts
bugs		: cpu_meltdown spectre_v1 spectre_v2 spec_store_bypass l1tf
bogomips	: 4399.90
clflush size	: 64
cache_alignment	: 64
address sizes	: 46 bits physical, 48 bits virtual
power management:

processor	: 5
vendor_id	: GenuineIntel
cpu family	: 6
model		: 79
model name	: Intel(R) Xeon(R) CPU E5-2630 v4 @ 2.20GHz
stepping	: 1
microcode	: 0xb00001e
cpu MHz		: 1200.460
cache size	: 25600 KB
physical id	: 1
siblings	: 20
core id		: 2
cpu cores	: 10
apicid		: 36
initial apicid	: 36
fpu		: yes
fpu_exception	: yes
cpuid level	: 20
wp		: yes
flags		: fpu vme de pse tsc msr pae mce cx8 apic sep mtrr pge mca cmov pat pse36 clflush dts acpi mmx fxsr sse sse2 ss ht tm pbe syscall nx pdpe1gb rdtscp lm constant_tsc arch_perfmon pebs bts rep_good nopl xtopology nonstop_tsc aperfmperf pni pclmulqdq dtes64 monitor ds_cpl vmx smx est tm2 ssse3 sdbg fma cx16 xtpr pdcm pcid dca sse4_1 sse4_2 x2apic movbe popcnt tsc_deadline_timer aes xsave avx f16c rdrand lahf_lm abm 3dnowprefetch epb invpcid_single intel_pt kaiser tpr_shadow vnmi flexpriority ept vpid fsgsbase tsc_adjust bmi1 hle avx2 smep bmi2 erms invpcid rtm cqm rdseed adx smap xsaveopt cqm_llc cqm_occup_llc cqm_mbm_total cqm_mbm_local dtherm ida arat pln pts
bugs		: cpu_meltdown spectre_v1 spectre_v2 spec_store_bypass l1tf
bogomips	: 4401.39
clflush size	: 64
cache_alignment	: 64
address sizes	: 46 bits physical, 48 bits virtual
power management:

processor	: 6
vendor_id	: GenuineIntel
cpu family	: 6
model		: 79
model name	: Intel(R) Xeon(R) CPU E5-2630 v4 @ 2.20GHz
stepping	: 1
microcode	: 0xb00001e
cpu MHz		: 1430.257
cache size	: 25600 KB
physical id	: 0
siblings	: 20
core id		: 3
cpu cores	: 10
apicid		: 6
initial apicid	: 6
fpu		: yes
fpu_exception	: yes
cpuid level	: 20
wp		: yes
flags		: fpu vme de pse tsc msr pae mce cx8 apic sep mtrr pge mca cmov pat pse36 clflush dts acpi mmx fxsr sse sse2 ss ht tm pbe syscall nx pdpe1gb rdtscp lm constant_tsc arch_perfmon pebs bts rep_good nopl xtopology nonstop_tsc aperfmperf pni pclmulqdq dtes64 monitor ds_cpl vmx smx est tm2 ssse3 sdbg fma cx16 xtpr pdcm pcid dca sse4_1 sse4_2 x2apic movbe popcnt tsc_deadline_timer aes xsave avx f16c rdrand lahf_lm abm 3dnowprefetch epb invpcid_single intel_pt kaiser tpr_shadow vnmi flexpriority ept vpid fsgsbase tsc_adjust bmi1 hle avx2 smep bmi2 erms invpcid rtm cqm rdseed adx smap xsaveopt cqm_llc cqm_occup_llc cqm_mbm_total cqm_mbm_local dtherm ida arat pln pts
bugs		: cpu_meltdown spectre_v1 spectre_v2 spec_store_bypass l1tf
bogomips	: 4399.90
clflush size	: 64
cache_alignment	: 64
address sizes	: 46 bits physical, 48 bits virtual
power management:

processor	: 7
vendor_id	: GenuineIntel
cpu family	: 6
model		: 79
model name	: Intel(R) Xeon(R) CPU E5-2630 v4 @ 2.20GHz
stepping	: 1
microcode	: 0xb00001e
cpu MHz		: 1200.718
cache size	: 25600 KB
physical id	: 1
siblings	: 20
core id		: 3
cpu cores	: 10
apicid		: 38
initial apicid	: 38
fpu		: yes
fpu_exception	: yes
cpuid level	: 20
wp		: yes
flags		: fpu vme de pse tsc msr pae mce cx8 apic sep mtrr pge mca cmov pat pse36 clflush dts acpi mmx fxsr sse sse2 ss ht tm pbe syscall nx pdpe1gb rdtscp lm constant_tsc arch_perfmon pebs bts rep_good nopl xtopology nonstop_tsc aperfmperf pni pclmulqdq dtes64 monitor ds_cpl vmx smx est tm2 ssse3 sdbg fma cx16 xtpr pdcm pcid dca sse4_1 sse4_2 x2apic movbe popcnt tsc_deadline_timer aes xsave avx f16c rdrand lahf_lm abm 3dnowprefetch epb invpcid_single intel_pt kaiser tpr_shadow vnmi flexpriority ept vpid fsgsbase tsc_adjust bmi1 hle avx2 smep bmi2 erms invpcid rtm cqm rdseed adx smap xsaveopt cqm_llc cqm_occup_llc cqm_mbm_total cqm_mbm_local dtherm ida arat pln pts
bugs		: cpu_meltdown spectre_v1 spectre_v2 spec_store_bypass l1tf
bogomips	: 4401.39
clflush size	: 64
cache_alignment	: 64
address sizes	: 46 bits physical, 48 bits virtual
power management:

processor	: 8
vendor_id	: GenuineIntel
cpu family	: 6
model		: 79
model name	: Intel(R) Xeon(R) CPU E5-2630 v4 @ 2.20GHz
stepping	: 1
microcode	: 0xb00001e
cpu MHz		: 1275.140
cache size	: 25600 KB
physical id	: 0
siblings	: 20
core id		: 4
cpu cores	: 10
apicid		: 8
initial apicid	: 8
fpu		: yes
fpu_exception	: yes
cpuid level	: 20
wp		: yes
flags		: fpu vme de pse tsc msr pae mce cx8 apic sep mtrr pge mca cmov pat pse36 clflush dts acpi mmx fxsr sse sse2 ss ht tm pbe syscall nx pdpe1gb rdtscp lm constant_tsc arch_perfmon pebs bts rep_good nopl xtopology nonstop_tsc aperfmperf pni pclmulqdq dtes64 monitor ds_cpl vmx smx est tm2 ssse3 sdbg fma cx16 xtpr pdcm pcid dca sse4_1 sse4_2 x2apic movbe popcnt tsc_deadline_timer aes xsave avx f16c rdrand lahf_lm abm 3dnowprefetch epb invpcid_single intel_pt kaiser tpr_shadow vnmi flexpriority ept vpid fsgsbase tsc_adjust bmi1 hle avx2 smep bmi2 erms invpcid rtm cqm rdseed adx smap xsaveopt cqm_llc cqm_occup_llc cqm_mbm_total cqm_mbm_local dtherm ida arat pln pts
bugs		: cpu_meltdown spectre_v1 spectre_v2 spec_store_bypass l1tf
bogomips	: 4399.90
clflush size	: 64
cache_alignment	: 64
address sizes	: 46 bits physical, 48 bits virtual
power management:

processor	: 9
vendor_id	: GenuineIntel
cpu family	: 6
model		: 79
model name	: Intel(R) Xeon(R) CPU E5-2630 v4 @ 2.20GHz
stepping	: 1
microcode	: 0xb00001e
cpu MHz		: 1252.625
cache size	: 25600 KB
physical id	: 1
siblings	: 20
core id		: 4
cpu cores	: 10
apicid		: 40
initial apicid	: 40
fpu		: yes
fpu_exception	: yes
cpuid level	: 20
wp		: yes
flags		: fpu vme de pse tsc msr pae mce cx8 apic sep mtrr pge mca cmov pat pse36 clflush dts acpi mmx fxsr sse sse2 ss ht tm pbe syscall nx pdpe1gb rdtscp lm constant_tsc arch_perfmon pebs bts rep_good nopl xtopology nonstop_tsc aperfmperf pni pclmulqdq dtes64 monitor ds_cpl vmx smx est tm2 ssse3 sdbg fma cx16 xtpr pdcm pcid dca sse4_1 sse4_2 x2apic movbe popcnt tsc_deadline_timer aes xsave avx f16c rdrand lahf_lm abm 3dnowprefetch epb invpcid_single intel_pt kaiser tpr_shadow vnmi flexpriority ept vpid fsgsbase tsc_adjust bmi1 hle avx2 smep bmi2 erms invpcid rtm cqm rdseed adx smap xsaveopt cqm_llc cqm_occup_llc cqm_mbm_total cqm_mbm_local dtherm ida arat pln pts
bugs		: cpu_meltdown spectre_v1 spectre_v2 spec_store_bypass l1tf
bogomips	: 4401.39
clflush size	: 64
cache_alignment	: 64
address sizes	: 46 bits physical, 48 bits virtual
power management:

processor	: 10
vendor_id	: GenuineIntel
cpu family	: 6
model		: 79
model name	: Intel(R) Xeon(R) CPU E5-2630 v4 @ 2.20GHz
stepping	: 1
microcode	: 0xb00001e
cpu MHz		: 3089.882
cache size	: 25600 KB
physical id	: 0
siblings	: 20
core id		: 8
cpu cores	: 10
apicid		: 16
initial apicid	: 16
fpu		: yes
fpu_exception	: yes
cpuid level	: 20
wp		: yes
flags		: fpu vme de pse tsc msr pae mce cx8 apic sep mtrr pge mca cmov pat pse36 clflush dts acpi mmx fxsr sse sse2 ss ht tm pbe syscall nx pdpe1gb rdtscp lm constant_tsc arch_perfmon pebs bts rep_good nopl xtopology nonstop_tsc aperfmperf pni pclmulqdq dtes64 monitor ds_cpl vmx smx est tm2 ssse3 sdbg fma cx16 xtpr pdcm pcid dca sse4_1 sse4_2 x2apic movbe popcnt tsc_deadline_timer aes xsave avx f16c rdrand lahf_lm abm 3dnowprefetch epb invpcid_single intel_pt kaiser tpr_shadow vnmi flexpriority ept vpid fsgsbase tsc_adjust bmi1 hle avx2 smep bmi2 erms invpcid rtm cqm rdseed adx smap xsaveopt cqm_llc cqm_occup_llc cqm_mbm_total cqm_mbm_local dtherm ida arat pln pts
bugs		: cpu_meltdown spectre_v1 spectre_v2 spec_store_bypass l1tf
bogomips	: 4399.90
clflush size	: 64
cache_alignment	: 64
address sizes	: 46 bits physical, 48 bits virtual
power management:

processor	: 11
vendor_id	: GenuineIntel
cpu family	: 6
model		: 79
model name	: Intel(R) Xeon(R) CPU E5-2630 v4 @ 2.20GHz
stepping	: 1
microcode	: 0xb00001e
cpu MHz		: 1200.203
cache size	: 25600 KB
physical id	: 1
siblings	: 20
core id		: 8
cpu cores	: 10
apicid		: 48
initial apicid	: 48
fpu		: yes
fpu_exception	: yes
cpuid level	: 20
wp		: yes
flags		: fpu vme de pse tsc msr pae mce cx8 apic sep mtrr pge mca cmov pat pse36 clflush dts acpi mmx fxsr sse sse2 ss ht tm pbe syscall nx pdpe1gb rdtscp lm constant_tsc arch_perfmon pebs bts rep_good nopl xtopology nonstop_tsc aperfmperf pni pclmulqdq dtes64 monitor ds_cpl vmx smx est tm2 ssse3 sdbg fma cx16 xtpr pdcm pcid dca sse4_1 sse4_2 x2apic movbe popcnt tsc_deadline_timer aes xsave avx f16c rdrand lahf_lm abm 3dnowprefetch epb invpcid_single intel_pt kaiser tpr_shadow vnmi flexpriority ept vpid fsgsbase tsc_adjust bmi1 hle avx2 smep bmi2 erms invpcid rtm cqm rdseed adx smap xsaveopt cqm_llc cqm_occup_llc cqm_mbm_total cqm_mbm_local dtherm ida arat pln pts
bugs		: cpu_meltdown spectre_v1 spectre_v2 spec_store_bypass l1tf
bogomips	: 4401.39
clflush size	: 64
cache_alignment	: 64
address sizes	: 46 bits physical, 48 bits virtual
power management:

processor	: 12
vendor_id	: GenuineIntel
cpu family	: 6
model		: 79
model name	: Intel(R) Xeon(R) CPU E5-2630 v4 @ 2.20GHz
stepping	: 1
microcode	: 0xb00001e
cpu MHz		: 1215.929
cache size	: 25600 KB
physical id	: 0
siblings	: 20
core id		: 9
cpu cores	: 10
apicid		: 18
initial apicid	: 18
fpu		: yes
fpu_exception	: yes
cpuid level	: 20
wp		: yes
flags		: fpu vme de pse tsc msr pae mce cx8 apic sep mtrr pge mca cmov pat pse36 clflush dts acpi mmx fxsr sse sse2 ss ht tm pbe syscall nx pdpe1gb rdtscp lm constant_tsc arch_perfmon pebs bts rep_good nopl xtopology nonstop_tsc aperfmperf pni pclmulqdq dtes64 monitor ds_cpl vmx smx est tm2 ssse3 sdbg fma cx16 xtpr pdcm pcid dca sse4_1 sse4_2 x2apic movbe popcnt tsc_deadline_timer aes xsave avx f16c rdrand lahf_lm abm 3dnowprefetch epb invpcid_single intel_pt kaiser tpr_shadow vnmi flexpriority ept vpid fsgsbase tsc_adjust bmi1 hle avx2 smep bmi2 erms invpcid rtm cqm rdseed adx smap xsaveopt cqm_llc cqm_occup_llc cqm_mbm_total cqm_mbm_local dtherm ida arat pln pts
bugs		: cpu_meltdown spectre_v1 spectre_v2 spec_store_bypass l1tf
bogomips	: 4399.90
clflush size	: 64
cache_alignment	: 64
address sizes	: 46 bits physical, 48 bits virtual
power management:

processor	: 13
vendor_id	: GenuineIntel
cpu family	: 6
model		: 79
model name	: Intel(R) Xeon(R) CPU E5-2630 v4 @ 2.20GHz
stepping	: 1
microcode	: 0xb00001e
cpu MHz		: 1334.781
cache size	: 25600 KB
physical id	: 1
siblings	: 20
core id		: 9
cpu cores	: 10
apicid		: 50
initial apicid	: 50
fpu		: yes
fpu_exception	: yes
cpuid level	: 20
wp		: yes
flags		: fpu vme de pse tsc msr pae mce cx8 apic sep mtrr pge mca cmov pat pse36 clflush dts acpi mmx fxsr sse sse2 ss ht tm pbe syscall nx pdpe1gb rdtscp lm constant_tsc arch_perfmon pebs bts rep_good nopl xtopology nonstop_tsc aperfmperf pni pclmulqdq dtes64 monitor ds_cpl vmx smx est tm2 ssse3 sdbg fma cx16 xtpr pdcm pcid dca sse4_1 sse4_2 x2apic movbe popcnt tsc_deadline_timer aes xsave avx f16c rdrand lahf_lm abm 3dnowprefetch epb invpcid_single intel_pt kaiser tpr_shadow vnmi flexpriority ept vpid fsgsbase tsc_adjust bmi1 hle avx2 smep bmi2 erms invpcid rtm cqm rdseed adx smap xsaveopt cqm_llc cqm_occup_llc cqm_mbm_total cqm_mbm_local dtherm ida arat pln pts
bugs		: cpu_meltdown spectre_v1 spectre_v2 spec_store_bypass l1tf
bogomips	: 4401.39
clflush size	: 64
cache_alignment	: 64
address sizes	: 46 bits physical, 48 bits virtual
power management:

processor	: 14
vendor_id	: GenuineIntel
cpu family	: 6
model		: 79
model name	: Intel(R) Xeon(R) CPU E5-2630 v4 @ 2.20GHz
stepping	: 1
microcode	: 0xb00001e
cpu MHz		: 1366.921
cache size	: 25600 KB
physical id	: 0
siblings	: 20
core id		: 10
cpu cores	: 10
apicid		: 20
initial apicid	: 20
fpu		: yes
fpu_exception	: yes
cpuid level	: 20
wp		: yes
flags		: fpu vme de pse tsc msr pae mce cx8 apic sep mtrr pge mca cmov pat pse36 clflush dts acpi mmx fxsr sse sse2 ss ht tm pbe syscall nx pdpe1gb rdtscp lm constant_tsc arch_perfmon pebs bts rep_good nopl xtopology nonstop_tsc aperfmperf pni pclmulqdq dtes64 monitor ds_cpl vmx smx est tm2 ssse3 sdbg fma cx16 xtpr pdcm pcid dca sse4_1 sse4_2 x2apic movbe popcnt tsc_deadline_timer aes xsave avx f16c rdrand lahf_lm abm 3dnowprefetch epb invpcid_single intel_pt kaiser tpr_shadow vnmi flexpriority ept vpid fsgsbase tsc_adjust bmi1 hle avx2 smep bmi2 erms invpcid rtm cqm rdseed adx smap xsaveopt cqm_llc cqm_occup_llc cqm_mbm_total cqm_mbm_local dtherm ida arat pln pts
bugs		: cpu_meltdown spectre_v1 spectre_v2 spec_store_bypass l1tf
bogomips	: 4399.90
clflush size	: 64
cache_alignment	: 64
address sizes	: 46 bits physical, 48 bits virtual
power management:

processor	: 15
vendor_id	: GenuineIntel
cpu family	: 6
model		: 79
model name	: Intel(R) Xeon(R) CPU E5-2630 v4 @ 2.20GHz
stepping	: 1
microcode	: 0xb00001e
cpu MHz		: 1220.140
cache size	: 25600 KB
physical id	: 1
siblings	: 20
core id		: 10
cpu cores	: 10
apicid		: 52
initial apicid	: 52
fpu		: yes
fpu_exception	: yes
cpuid level	: 20
wp		: yes
flags		: fpu vme de pse tsc msr pae mce cx8 apic sep mtrr pge mca cmov pat pse36 clflush dts acpi mmx fxsr sse sse2 ss ht tm pbe syscall nx pdpe1gb rdtscp lm constant_tsc arch_perfmon pebs bts rep_good nopl xtopology nonstop_tsc aperfmperf pni pclmulqdq dtes64 monitor ds_cpl vmx smx est tm2 ssse3 sdbg fma cx16 xtpr pdcm pcid dca sse4_1 sse4_2 x2apic movbe popcnt tsc_deadline_timer aes xsave avx f16c rdrand lahf_lm abm 3dnowprefetch epb invpcid_single intel_pt kaiser tpr_shadow vnmi flexpriority ept vpid fsgsbase tsc_adjust bmi1 hle avx2 smep bmi2 erms invpcid rtm cqm rdseed adx smap xsaveopt cqm_llc cqm_occup_llc cqm_mbm_total cqm_mbm_local dtherm ida arat pln pts
bugs		: cpu_meltdown spectre_v1 spectre_v2 spec_store_bypass l1tf
bogomips	: 4401.39
clflush size	: 64
cache_alignment	: 64
address sizes	: 46 bits physical, 48 bits virtual
power management:

processor	: 16
vendor_id	: GenuineIntel
cpu family	: 6
model		: 79
model name	: Intel(R) Xeon(R) CPU E5-2630 v4 @ 2.20GHz
stepping	: 1
microcode	: 0xb00001e
cpu MHz		: 1364.945
cache size	: 25600 KB
physical id	: 0
siblings	: 20
core id		: 11
cpu cores	: 10
apicid		: 22
initial apicid	: 22
fpu		: yes
fpu_exception	: yes
cpuid level	: 20
wp		: yes
flags		: fpu vme de pse tsc msr pae mce cx8 apic sep mtrr pge mca cmov pat pse36 clflush dts acpi mmx fxsr sse sse2 ss ht tm pbe syscall nx pdpe1gb rdtscp lm constant_tsc arch_perfmon pebs bts rep_good nopl xtopology nonstop_tsc aperfmperf pni pclmulqdq dtes64 monitor ds_cpl vmx smx est tm2 ssse3 sdbg fma cx16 xtpr pdcm pcid dca sse4_1 sse4_2 x2apic movbe popcnt tsc_deadline_timer aes xsave avx f16c rdrand lahf_lm abm 3dnowprefetch epb invpcid_single intel_pt kaiser tpr_shadow vnmi flexpriority ept vpid fsgsbase tsc_adjust bmi1 hle avx2 smep bmi2 erms invpcid rtm cqm rdseed adx smap xsaveopt cqm_llc cqm_occup_llc cqm_mbm_total cqm_mbm_local dtherm ida arat pln pts
bugs		: cpu_meltdown spectre_v1 spectre_v2 spec_store_bypass l1tf
bogomips	: 4399.90
clflush size	: 64
cache_alignment	: 64
address sizes	: 46 bits physical, 48 bits virtual
power management:

processor	: 17
vendor_id	: GenuineIntel
cpu family	: 6
model		: 79
model name	: Intel(R) Xeon(R) CPU E5-2630 v4 @ 2.20GHz
stepping	: 1
microcode	: 0xb00001e
cpu MHz		: 1280.296
cache size	: 25600 KB
physical id	: 1
siblings	: 20
core id		: 11
cpu cores	: 10
apicid		: 54
initial apicid	: 54
fpu		: yes
fpu_exception	: yes
cpuid level	: 20
wp		: yes
flags		: fpu vme de pse tsc msr pae mce cx8 apic sep mtrr pge mca cmov pat pse36 clflush dts acpi mmx fxsr sse sse2 ss ht tm pbe syscall nx pdpe1gb rdtscp lm constant_tsc arch_perfmon pebs bts rep_good nopl xtopology nonstop_tsc aperfmperf pni pclmulqdq dtes64 monitor ds_cpl vmx smx est tm2 ssse3 sdbg fma cx16 xtpr pdcm pcid dca sse4_1 sse4_2 x2apic movbe popcnt tsc_deadline_timer aes xsave avx f16c rdrand lahf_lm abm 3dnowprefetch epb invpcid_single intel_pt kaiser tpr_shadow vnmi flexpriority ept vpid fsgsbase tsc_adjust bmi1 hle avx2 smep bmi2 erms invpcid rtm cqm rdseed adx smap xsaveopt cqm_llc cqm_occup_llc cqm_mbm_total cqm_mbm_local dtherm ida arat pln pts
bugs		: cpu_meltdown spectre_v1 spectre_v2 spec_store_bypass l1tf
bogomips	: 4401.39
clflush size	: 64
cache_alignment	: 64
address sizes	: 46 bits physical, 48 bits virtual
power management:

processor	: 18
vendor_id	: GenuineIntel
cpu family	: 6
model		: 79
model name	: Intel(R) Xeon(R) CPU E5-2630 v4 @ 2.20GHz
stepping	: 1
microcode	: 0xb00001e
cpu MHz		: 1334.523
cache size	: 25600 KB
physical id	: 0
siblings	: 20
core id		: 12
cpu cores	: 10
apicid		: 24
initial apicid	: 24
fpu		: yes
fpu_exception	: yes
cpuid level	: 20
wp		: yes
flags		: fpu vme de pse tsc msr pae mce cx8 apic sep mtrr pge mca cmov pat pse36 clflush dts acpi mmx fxsr sse sse2 ss ht tm pbe syscall nx pdpe1gb rdtscp lm constant_tsc arch_perfmon pebs bts rep_good nopl xtopology nonstop_tsc aperfmperf pni pclmulqdq dtes64 monitor ds_cpl vmx smx est tm2 ssse3 sdbg fma cx16 xtpr pdcm pcid dca sse4_1 sse4_2 x2apic movbe popcnt tsc_deadline_timer aes xsave avx f16c rdrand lahf_lm abm 3dnowprefetch epb invpcid_single intel_pt kaiser tpr_shadow vnmi flexpriority ept vpid fsgsbase tsc_adjust bmi1 hle avx2 smep bmi2 erms invpcid rtm cqm rdseed adx smap xsaveopt cqm_llc cqm_occup_llc cqm_mbm_total cqm_mbm_local dtherm ida arat pln pts
bugs		: cpu_meltdown spectre_v1 spectre_v2 spec_store_bypass l1tf
bogomips	: 4399.90
clflush size	: 64
cache_alignment	: 64
address sizes	: 46 bits physical, 48 bits virtual
power management:

processor	: 19
vendor_id	: GenuineIntel
cpu family	: 6
model		: 79
model name	: Intel(R) Xeon(R) CPU E5-2630 v4 @ 2.20GHz
stepping	: 1
microcode	: 0xb00001e
cpu MHz		: 1213.351
cache size	: 25600 KB
physical id	: 1
siblings	: 20
core id		: 12
cpu cores	: 10
apicid		: 56
initial apicid	: 56
fpu		: yes
fpu_exception	: yes
cpuid level	: 20
wp		: yes
flags		: fpu vme de pse tsc msr pae mce cx8 apic sep mtrr pge mca cmov pat pse36 clflush dts acpi mmx fxsr sse sse2 ss ht tm pbe syscall nx pdpe1gb rdtscp lm constant_tsc arch_perfmon pebs bts rep_good nopl xtopology nonstop_tsc aperfmperf pni pclmulqdq dtes64 monitor ds_cpl vmx smx est tm2 ssse3 sdbg fma cx16 xtpr pdcm pcid dca sse4_1 sse4_2 x2apic movbe popcnt tsc_deadline_timer aes xsave avx f16c rdrand lahf_lm abm 3dnowprefetch epb invpcid_single intel_pt kaiser tpr_shadow vnmi flexpriority ept vpid fsgsbase tsc_adjust bmi1 hle avx2 smep bmi2 erms invpcid rtm cqm rdseed adx smap xsaveopt cqm_llc cqm_occup_llc cqm_mbm_total cqm_mbm_local dtherm ida arat pln pts
bugs		: cpu_meltdown spectre_v1 spectre_v2 spec_store_bypass l1tf
bogomips	: 4401.39
clflush size	: 64
cache_alignment	: 64
address sizes	: 46 bits physical, 48 bits virtual
power management:

processor	: 20
vendor_id	: GenuineIntel
cpu family	: 6
model		: 79
model name	: Intel(R) Xeon(R) CPU E5-2630 v4 @ 2.20GHz
stepping	: 1
microcode	: 0xb00001e
cpu MHz		: 1200.289
cache size	: 25600 KB
physical id	: 0
siblings	: 20
core id		: 0
cpu cores	: 10
apicid		: 1
initial apicid	: 1
fpu		: yes
fpu_exception	: yes
cpuid level	: 20
wp		: yes
flags		: fpu vme de pse tsc msr pae mce cx8 apic sep mtrr pge mca cmov pat pse36 clflush dts acpi mmx fxsr sse sse2 ss ht tm pbe syscall nx pdpe1gb rdtscp lm constant_tsc arch_perfmon pebs bts rep_good nopl xtopology nonstop_tsc aperfmperf pni pclmulqdq dtes64 monitor ds_cpl vmx smx est tm2 ssse3 sdbg fma cx16 xtpr pdcm pcid dca sse4_1 sse4_2 x2apic movbe popcnt tsc_deadline_timer aes xsave avx f16c rdrand lahf_lm abm 3dnowprefetch epb invpcid_single intel_pt kaiser tpr_shadow vnmi flexpriority ept vpid fsgsbase tsc_adjust bmi1 hle avx2 smep bmi2 erms invpcid rtm cqm rdseed adx smap xsaveopt cqm_llc cqm_occup_llc cqm_mbm_total cqm_mbm_local dtherm ida arat pln pts
bugs		: cpu_meltdown spectre_v1 spectre_v2 spec_store_bypass l1tf
bogomips	: 4399.90
clflush size	: 64
cache_alignment	: 64
address sizes	: 46 bits physical, 48 bits virtual
power management:

processor	: 21
vendor_id	: GenuineIntel
cpu family	: 6
model		: 79
model name	: Intel(R) Xeon(R) CPU E5-2630 v4 @ 2.20GHz
stepping	: 1
microcode	: 0xb00001e
cpu MHz		: 1252.195
cache size	: 25600 KB
physical id	: 1
siblings	: 20
core id		: 0
cpu cores	: 10
apicid		: 33
initial apicid	: 33
fpu		: yes
fpu_exception	: yes
cpuid level	: 20
wp		: yes
flags		: fpu vme de pse tsc msr pae mce cx8 apic sep mtrr pge mca cmov pat pse36 clflush dts acpi mmx fxsr sse sse2 ss ht tm pbe syscall nx pdpe1gb rdtscp lm constant_tsc arch_perfmon pebs bts rep_good nopl xtopology nonstop_tsc aperfmperf pni pclmulqdq dtes64 monitor ds_cpl vmx smx est tm2 ssse3 sdbg fma cx16 xtpr pdcm pcid dca sse4_1 sse4_2 x2apic movbe popcnt tsc_deadline_timer aes xsave avx f16c rdrand lahf_lm abm 3dnowprefetch epb invpcid_single intel_pt kaiser tpr_shadow vnmi flexpriority ept vpid fsgsbase tsc_adjust bmi1 hle avx2 smep bmi2 erms invpcid rtm cqm rdseed adx smap xsaveopt cqm_llc cqm_occup_llc cqm_mbm_total cqm_mbm_local dtherm ida arat pln pts
bugs		: cpu_meltdown spectre_v1 spectre_v2 spec_store_bypass l1tf
bogomips	: 4401.39
clflush size	: 64
cache_alignment	: 64
address sizes	: 46 bits physical, 48 bits virtual
power management:

processor	: 22
vendor_id	: GenuineIntel
cpu family	: 6
model		: 79
model name	: Intel(R) Xeon(R) CPU E5-2630 v4 @ 2.20GHz
stepping	: 1
microcode	: 0xb00001e
cpu MHz		: 1208.796
cache size	: 25600 KB
physical id	: 0
siblings	: 20
core id		: 1
cpu cores	: 10
apicid		: 3
initial apicid	: 3
fpu		: yes
fpu_exception	: yes
cpuid level	: 20
wp		: yes
flags		: fpu vme de pse tsc msr pae mce cx8 apic sep mtrr pge mca cmov pat pse36 clflush dts acpi mmx fxsr sse sse2 ss ht tm pbe syscall nx pdpe1gb rdtscp lm constant_tsc arch_perfmon pebs bts rep_good nopl xtopology nonstop_tsc aperfmperf pni pclmulqdq dtes64 monitor ds_cpl vmx smx est tm2 ssse3 sdbg fma cx16 xtpr pdcm pcid dca sse4_1 sse4_2 x2apic movbe popcnt tsc_deadline_timer aes xsave avx f16c rdrand lahf_lm abm 3dnowprefetch epb invpcid_single intel_pt kaiser tpr_shadow vnmi flexpriority ept vpid fsgsbase tsc_adjust bmi1 hle avx2 smep bmi2 erms invpcid rtm cqm rdseed adx smap xsaveopt cqm_llc cqm_occup_llc cqm_mbm_total cqm_mbm_local dtherm ida arat pln pts
bugs		: cpu_meltdown spectre_v1 spectre_v2 spec_store_bypass l1tf
bogomips	: 4399.90
clflush size	: 64
cache_alignment	: 64
address sizes	: 46 bits physical, 48 bits virtual
power management:

processor	: 23
vendor_id	: GenuineIntel
cpu family	: 6
model		: 79
model name	: Intel(R) Xeon(R) CPU E5-2630 v4 @ 2.20GHz
stepping	: 1
microcode	: 0xb00001e
cpu MHz		: 1239.820
cache size	: 25600 KB
physical id	: 1
siblings	: 20
core id		: 1
cpu cores	: 10
apicid		: 35
initial apicid	: 35
fpu		: yes
fpu_exception	: yes
cpuid level	: 20
wp		: yes
flags		: fpu vme de pse tsc msr pae mce cx8 apic sep mtrr pge mca cmov pat pse36 clflush dts acpi mmx fxsr sse sse2 ss ht tm pbe syscall nx pdpe1gb rdtscp lm constant_tsc arch_perfmon pebs bts rep_good nopl xtopology nonstop_tsc aperfmperf pni pclmulqdq dtes64 monitor ds_cpl vmx smx est tm2 ssse3 sdbg fma cx16 xtpr pdcm pcid dca sse4_1 sse4_2 x2apic movbe popcnt tsc_deadline_timer aes xsave avx f16c rdrand lahf_lm abm 3dnowprefetch epb invpcid_single intel_pt kaiser tpr_shadow vnmi flexpriority ept vpid fsgsbase tsc_adjust bmi1 hle avx2 smep bmi2 erms invpcid rtm cqm rdseed adx smap xsaveopt cqm_llc cqm_occup_llc cqm_mbm_total cqm_mbm_local dtherm ida arat pln pts
bugs		: cpu_meltdown spectre_v1 spectre_v2 spec_store_bypass l1tf
bogomips	: 4401.39
clflush size	: 64
cache_alignment	: 64
address sizes	: 46 bits physical, 48 bits virtual
power management:

processor	: 24
vendor_id	: GenuineIntel
cpu family	: 6
model		: 79
model name	: Intel(R) Xeon(R) CPU E5-2630 v4 @ 2.20GHz
stepping	: 1
microcode	: 0xb00001e
cpu MHz		: 1280.554
cache size	: 25600 KB
physical id	: 0
siblings	: 20
core id		: 2
cpu cores	: 10
apicid		: 5
initial apicid	: 5
fpu		: yes
fpu_exception	: yes
cpuid level	: 20
wp		: yes
flags		: fpu vme de pse tsc msr pae mce cx8 apic sep mtrr pge mca cmov pat pse36 clflush dts acpi mmx fxsr sse sse2 ss ht tm pbe syscall nx pdpe1gb rdtscp lm constant_tsc arch_perfmon pebs bts rep_good nopl xtopology nonstop_tsc aperfmperf pni pclmulqdq dtes64 monitor ds_cpl vmx smx est tm2 ssse3 sdbg fma cx16 xtpr pdcm pcid dca sse4_1 sse4_2 x2apic movbe popcnt tsc_deadline_timer aes xsave avx f16c rdrand lahf_lm abm 3dnowprefetch epb invpcid_single intel_pt kaiser tpr_shadow vnmi flexpriority ept vpid fsgsbase tsc_adjust bmi1 hle avx2 smep bmi2 erms invpcid rtm cqm rdseed adx smap xsaveopt cqm_llc cqm_occup_llc cqm_mbm_total cqm_mbm_local dtherm ida arat pln pts
bugs		: cpu_meltdown spectre_v1 spectre_v2 spec_store_bypass l1tf
bogomips	: 4399.90
clflush size	: 64
cache_alignment	: 64
address sizes	: 46 bits physical, 48 bits virtual
power management:

processor	: 25
vendor_id	: GenuineIntel
cpu family	: 6
model		: 79
model name	: Intel(R) Xeon(R) CPU E5-2630 v4 @ 2.20GHz
stepping	: 1
microcode	: 0xb00001e
cpu MHz		: 1274.453
cache size	: 25600 KB
physical id	: 1
siblings	: 20
core id		: 2
cpu cores	: 10
apicid		: 37
initial apicid	: 37
fpu		: yes
fpu_exception	: yes
cpuid level	: 20
wp		: yes
flags		: fpu vme de pse tsc msr pae mce cx8 apic sep mtrr pge mca cmov pat pse36 clflush dts acpi mmx fxsr sse sse2 ss ht tm pbe syscall nx pdpe1gb rdtscp lm constant_tsc arch_perfmon pebs bts rep_good nopl xtopology nonstop_tsc aperfmperf pni pclmulqdq dtes64 monitor ds_cpl vmx smx est tm2 ssse3 sdbg fma cx16 xtpr pdcm pcid dca sse4_1 sse4_2 x2apic movbe popcnt tsc_deadline_timer aes xsave avx f16c rdrand lahf_lm abm 3dnowprefetch epb invpcid_single intel_pt kaiser tpr_shadow vnmi flexpriority ept vpid fsgsbase tsc_adjust bmi1 hle avx2 smep bmi2 erms invpcid rtm cqm rdseed adx smap xsaveopt cqm_llc cqm_occup_llc cqm_mbm_total cqm_mbm_local dtherm ida arat pln pts
bugs		: cpu_meltdown spectre_v1 spectre_v2 spec_store_bypass l1tf
bogomips	: 4401.39
clflush size	: 64
cache_alignment	: 64
address sizes	: 46 bits physical, 48 bits virtual
power management:

processor	: 26
vendor_id	: GenuineIntel
cpu family	: 6
model		: 79
model name	: Intel(R) Xeon(R) CPU E5-2630 v4 @ 2.20GHz
stepping	: 1
microcode	: 0xb00001e
cpu MHz		: 1428.625
cache size	: 25600 KB
physical id	: 0
siblings	: 20
core id		: 3
cpu cores	: 10
apicid		: 7
initial apicid	: 7
fpu		: yes
fpu_exception	: yes
cpuid level	: 20
wp		: yes
flags		: fpu vme de pse tsc msr pae mce cx8 apic sep mtrr pge mca cmov pat pse36 clflush dts acpi mmx fxsr sse sse2 ss ht tm pbe syscall nx pdpe1gb rdtscp lm constant_tsc arch_perfmon pebs bts rep_good nopl xtopology nonstop_tsc aperfmperf pni pclmulqdq dtes64 monitor ds_cpl vmx smx est tm2 ssse3 sdbg fma cx16 xtpr pdcm pcid dca sse4_1 sse4_2 x2apic movbe popcnt tsc_deadline_timer aes xsave avx f16c rdrand lahf_lm abm 3dnowprefetch epb invpcid_single intel_pt kaiser tpr_shadow vnmi flexpriority ept vpid fsgsbase tsc_adjust bmi1 hle avx2 smep bmi2 erms invpcid rtm cqm rdseed adx smap xsaveopt cqm_llc cqm_occup_llc cqm_mbm_total cqm_mbm_local dtherm ida arat pln pts
bugs		: cpu_meltdown spectre_v1 spectre_v2 spec_store_bypass l1tf
bogomips	: 4399.90
clflush size	: 64
cache_alignment	: 64
address sizes	: 46 bits physical, 48 bits virtual
power management:

processor	: 27
vendor_id	: GenuineIntel
cpu family	: 6
model		: 79
model name	: Intel(R) Xeon(R) CPU E5-2630 v4 @ 2.20GHz
stepping	: 1
microcode	: 0xb00001e
cpu MHz		: 1206.046
cache size	: 25600 KB
physical id	: 1
siblings	: 20
core id		: 3
cpu cores	: 10
apicid		: 39
initial apicid	: 39
fpu		: yes
fpu_exception	: yes
cpuid level	: 20
wp		: yes
flags		: fpu vme de pse tsc msr pae mce cx8 apic sep mtrr pge mca cmov pat pse36 clflush dts acpi mmx fxsr sse sse2 ss ht tm pbe syscall nx pdpe1gb rdtscp lm constant_tsc arch_perfmon pebs bts rep_good nopl xtopology nonstop_tsc aperfmperf pni pclmulqdq dtes64 monitor ds_cpl vmx smx est tm2 ssse3 sdbg fma cx16 xtpr pdcm pcid dca sse4_1 sse4_2 x2apic movbe popcnt tsc_deadline_timer aes xsave avx f16c rdrand lahf_lm abm 3dnowprefetch epb invpcid_single intel_pt kaiser tpr_shadow vnmi flexpriority ept vpid fsgsbase tsc_adjust bmi1 hle avx2 smep bmi2 erms invpcid rtm cqm rdseed adx smap xsaveopt cqm_llc cqm_occup_llc cqm_mbm_total cqm_mbm_local dtherm ida arat pln pts
bugs		: cpu_meltdown spectre_v1 spectre_v2 spec_store_bypass l1tf
bogomips	: 4401.39
clflush size	: 64
cache_alignment	: 64
address sizes	: 46 bits physical, 48 bits virtual
power management:

processor	: 28
vendor_id	: GenuineIntel
cpu family	: 6
model		: 79
model name	: Intel(R) Xeon(R) CPU E5-2630 v4 @ 2.20GHz
stepping	: 1
microcode	: 0xb00001e
cpu MHz		: 1288.031
cache size	: 25600 KB
physical id	: 0
siblings	: 20
core id		: 4
cpu cores	: 10
apicid		: 9
initial apicid	: 9
fpu		: yes
fpu_exception	: yes
cpuid level	: 20
wp		: yes
flags		: fpu vme de pse tsc msr pae mce cx8 apic sep mtrr pge mca cmov pat pse36 clflush dts acpi mmx fxsr sse sse2 ss ht tm pbe syscall nx pdpe1gb rdtscp lm constant_tsc arch_perfmon pebs bts rep_good nopl xtopology nonstop_tsc aperfmperf pni pclmulqdq dtes64 monitor ds_cpl vmx smx est tm2 ssse3 sdbg fma cx16 xtpr pdcm pcid dca sse4_1 sse4_2 x2apic movbe popcnt tsc_deadline_timer aes xsave avx f16c rdrand lahf_lm abm 3dnowprefetch epb invpcid_single intel_pt kaiser tpr_shadow vnmi flexpriority ept vpid fsgsbase tsc_adjust bmi1 hle avx2 smep bmi2 erms invpcid rtm cqm rdseed adx smap xsaveopt cqm_llc cqm_occup_llc cqm_mbm_total cqm_mbm_local dtherm ida arat pln pts
bugs		: cpu_meltdown spectre_v1 spectre_v2 spec_store_bypass l1tf
bogomips	: 4399.90
clflush size	: 64
cache_alignment	: 64
address sizes	: 46 bits physical, 48 bits virtual
power management:

processor	: 29
vendor_id	: GenuineIntel
cpu family	: 6
model		: 79
model name	: Intel(R) Xeon(R) CPU E5-2630 v4 @ 2.20GHz
stepping	: 1
microcode	: 0xb00001e
cpu MHz		: 1231.570
cache size	: 25600 KB
physical id	: 1
siblings	: 20
core id		: 4
cpu cores	: 10
apicid		: 41
initial apicid	: 41
fpu		: yes
fpu_exception	: yes
cpuid level	: 20
wp		: yes
flags		: fpu vme de pse tsc msr pae mce cx8 apic sep mtrr pge mca cmov pat pse36 clflush dts acpi mmx fxsr sse sse2 ss ht tm pbe syscall nx pdpe1gb rdtscp lm constant_tsc arch_perfmon pebs bts rep_good nopl xtopology nonstop_tsc aperfmperf pni pclmulqdq dtes64 monitor ds_cpl vmx smx est tm2 ssse3 sdbg fma cx16 xtpr pdcm pcid dca sse4_1 sse4_2 x2apic movbe popcnt tsc_deadline_timer aes xsave avx f16c rdrand lahf_lm abm 3dnowprefetch epb invpcid_single intel_pt kaiser tpr_shadow vnmi flexpriority ept vpid fsgsbase tsc_adjust bmi1 hle avx2 smep bmi2 erms invpcid rtm cqm rdseed adx smap xsaveopt cqm_llc cqm_occup_llc cqm_mbm_total cqm_mbm_local dtherm ida arat pln pts
bugs		: cpu_meltdown spectre_v1 spectre_v2 spec_store_bypass l1tf
bogomips	: 4401.39
clflush size	: 64
cache_alignment	: 64
address sizes	: 46 bits physical, 48 bits virtual
power management:

processor	: 30
vendor_id	: GenuineIntel
cpu family	: 6
model		: 79
model name	: Intel(R) Xeon(R) CPU E5-2630 v4 @ 2.20GHz
stepping	: 1
microcode	: 0xb00001e
cpu MHz		: 1721.156
cache size	: 25600 KB
physical id	: 0
siblings	: 20
core id		: 8
cpu cores	: 10
apicid		: 17
initial apicid	: 17
fpu		: yes
fpu_exception	: yes
cpuid level	: 20
wp		: yes
flags		: fpu vme de pse tsc msr pae mce cx8 apic sep mtrr pge mca cmov pat pse36 clflush dts acpi mmx fxsr sse sse2 ss ht tm pbe syscall nx pdpe1gb rdtscp lm constant_tsc arch_perfmon pebs bts rep_good nopl xtopology nonstop_tsc aperfmperf pni pclmulqdq dtes64 monitor ds_cpl vmx smx est tm2 ssse3 sdbg fma cx16 xtpr pdcm pcid dca sse4_1 sse4_2 x2apic movbe popcnt tsc_deadline_timer aes xsave avx f16c rdrand lahf_lm abm 3dnowprefetch epb invpcid_single intel_pt kaiser tpr_shadow vnmi flexpriority ept vpid fsgsbase tsc_adjust bmi1 hle avx2 smep bmi2 erms invpcid rtm cqm rdseed adx smap xsaveopt cqm_llc cqm_occup_llc cqm_mbm_total cqm_mbm_local dtherm ida arat pln pts
bugs		: cpu_meltdown spectre_v1 spectre_v2 spec_store_bypass l1tf
bogomips	: 4399.90
clflush size	: 64
cache_alignment	: 64
address sizes	: 46 bits physical, 48 bits virtual
power management:

processor	: 31
vendor_id	: GenuineIntel
cpu family	: 6
model		: 79
model name	: Intel(R) Xeon(R) CPU E5-2630 v4 @ 2.20GHz
stepping	: 1
microcode	: 0xb00001e
cpu MHz		: 1205.015
cache size	: 25600 KB
physical id	: 1
siblings	: 20
core id		: 8
cpu cores	: 10
apicid		: 49
initial apicid	: 49
fpu		: yes
fpu_exception	: yes
cpuid level	: 20
wp		: yes
flags		: fpu vme de pse tsc msr pae mce cx8 apic sep mtrr pge mca cmov pat pse36 clflush dts acpi mmx fxsr sse sse2 ss ht tm pbe syscall nx pdpe1gb rdtscp lm constant_tsc arch_perfmon pebs bts rep_good nopl xtopology nonstop_tsc aperfmperf pni pclmulqdq dtes64 monitor ds_cpl vmx smx est tm2 ssse3 sdbg fma cx16 xtpr pdcm pcid dca sse4_1 sse4_2 x2apic movbe popcnt tsc_deadline_timer aes xsave avx f16c rdrand lahf_lm abm 3dnowprefetch epb invpcid_single intel_pt kaiser tpr_shadow vnmi flexpriority ept vpid fsgsbase tsc_adjust bmi1 hle avx2 smep bmi2 erms invpcid rtm cqm rdseed adx smap xsaveopt cqm_llc cqm_occup_llc cqm_mbm_total cqm_mbm_local dtherm ida arat pln pts
bugs		: cpu_meltdown spectre_v1 spectre_v2 spec_store_bypass l1tf
bogomips	: 4401.39
clflush size	: 64
cache_alignment	: 64
address sizes	: 46 bits physical, 48 bits virtual
power management:

processor	: 32
vendor_id	: GenuineIntel
cpu family	: 6
model		: 79
model name	: Intel(R) Xeon(R) CPU E5-2630 v4 @ 2.20GHz
stepping	: 1
microcode	: 0xb00001e
cpu MHz		: 1291.726
cache size	: 25600 KB
physical id	: 0
siblings	: 20
core id		: 9
cpu cores	: 10
apicid		: 19
initial apicid	: 19
fpu		: yes
fpu_exception	: yes
cpuid level	: 20
wp		: yes
flags		: fpu vme de pse tsc msr pae mce cx8 apic sep mtrr pge mca cmov pat pse36 clflush dts acpi mmx fxsr sse sse2 ss ht tm pbe syscall nx pdpe1gb rdtscp lm constant_tsc arch_perfmon pebs bts rep_good nopl xtopology nonstop_tsc aperfmperf pni pclmulqdq dtes64 monitor ds_cpl vmx smx est tm2 ssse3 sdbg fma cx16 xtpr pdcm pcid dca sse4_1 sse4_2 x2apic movbe popcnt tsc_deadline_timer aes xsave avx f16c rdrand lahf_lm abm 3dnowprefetch epb invpcid_single intel_pt kaiser tpr_shadow vnmi flexpriority ept vpid fsgsbase tsc_adjust bmi1 hle avx2 smep bmi2 erms invpcid rtm cqm rdseed adx smap xsaveopt cqm_llc cqm_occup_llc cqm_mbm_total cqm_mbm_local dtherm ida arat pln pts
bugs		: cpu_meltdown spectre_v1 spectre_v2 spec_store_bypass l1tf
bogomips	: 4399.90
clflush size	: 64
cache_alignment	: 64
address sizes	: 46 bits physical, 48 bits virtual
power management:

processor	: 33
vendor_id	: GenuineIntel
cpu family	: 6
model		: 79
model name	: Intel(R) Xeon(R) CPU E5-2630 v4 @ 2.20GHz
stepping	: 1
microcode	: 0xb00001e
cpu MHz		: 1201.492
cache size	: 25600 KB
physical id	: 1
siblings	: 20
core id		: 9
cpu cores	: 10
apicid		: 51
initial apicid	: 51
fpu		: yes
fpu_exception	: yes
cpuid level	: 20
wp		: yes
flags		: fpu vme de pse tsc msr pae mce cx8 apic sep mtrr pge mca cmov pat pse36 clflush dts acpi mmx fxsr sse sse2 ss ht tm pbe syscall nx pdpe1gb rdtscp lm constant_tsc arch_perfmon pebs bts rep_good nopl xtopology nonstop_tsc aperfmperf pni pclmulqdq dtes64 monitor ds_cpl vmx smx est tm2 ssse3 sdbg fma cx16 xtpr pdcm pcid dca sse4_1 sse4_2 x2apic movbe popcnt tsc_deadline_timer aes xsave avx f16c rdrand lahf_lm abm 3dnowprefetch epb invpcid_single intel_pt kaiser tpr_shadow vnmi flexpriority ept vpid fsgsbase tsc_adjust bmi1 hle avx2 smep bmi2 erms invpcid rtm cqm rdseed adx smap xsaveopt cqm_llc cqm_occup_llc cqm_mbm_total cqm_mbm_local dtherm ida arat pln pts
bugs		: cpu_meltdown spectre_v1 spectre_v2 spec_store_bypass l1tf
bogomips	: 4401.39
clflush size	: 64
cache_alignment	: 64
address sizes	: 46 bits physical, 48 bits virtual
power management:

processor	: 34
vendor_id	: GenuineIntel
cpu family	: 6
model		: 79
model name	: Intel(R) Xeon(R) CPU E5-2630 v4 @ 2.20GHz
stepping	: 1
microcode	: 0xb00001e
cpu MHz		: 1387.203
cache size	: 25600 KB
physical id	: 0
siblings	: 20
core id		: 10
cpu cores	: 10
apicid		: 21
initial apicid	: 21
fpu		: yes
fpu_exception	: yes
cpuid level	: 20
wp		: yes
flags		: fpu vme de pse tsc msr pae mce cx8 apic sep mtrr pge mca cmov pat pse36 clflush dts acpi mmx fxsr sse sse2 ss ht tm pbe syscall nx pdpe1gb rdtscp lm constant_tsc arch_perfmon pebs bts rep_good nopl xtopology nonstop_tsc aperfmperf pni pclmulqdq dtes64 monitor ds_cpl vmx smx est tm2 ssse3 sdbg fma cx16 xtpr pdcm pcid dca sse4_1 sse4_2 x2apic movbe popcnt tsc_deadline_timer aes xsave avx f16c rdrand lahf_lm abm 3dnowprefetch epb invpcid_single intel_pt kaiser tpr_shadow vnmi flexpriority ept vpid fsgsbase tsc_adjust bmi1 hle avx2 smep bmi2 erms invpcid rtm cqm rdseed adx smap xsaveopt cqm_llc cqm_occup_llc cqm_mbm_total cqm_mbm_local dtherm ida arat pln pts
bugs		: cpu_meltdown spectre_v1 spectre_v2 spec_store_bypass l1tf
bogomips	: 4399.90
clflush size	: 64
cache_alignment	: 64
address sizes	: 46 bits physical, 48 bits virtual
power management:

processor	: 35
vendor_id	: GenuineIntel
cpu family	: 6
model		: 79
model name	: Intel(R) Xeon(R) CPU E5-2630 v4 @ 2.20GHz
stepping	: 1
microcode	: 0xb00001e
cpu MHz		: 1260.789
cache size	: 25600 KB
physical id	: 1
siblings	: 20
core id		: 10
cpu cores	: 10
apicid		: 53
initial apicid	: 53
fpu		: yes
fpu_exception	: yes
cpuid level	: 20
wp		: yes
flags		: fpu vme de pse tsc msr pae mce cx8 apic sep mtrr pge mca cmov pat pse36 clflush dts acpi mmx fxsr sse sse2 ss ht tm pbe syscall nx pdpe1gb rdtscp lm constant_tsc arch_perfmon pebs bts rep_good nopl xtopology nonstop_tsc aperfmperf pni pclmulqdq dtes64 monitor ds_cpl vmx smx est tm2 ssse3 sdbg fma cx16 xtpr pdcm pcid dca sse4_1 sse4_2 x2apic movbe popcnt tsc_deadline_timer aes xsave avx f16c rdrand lahf_lm abm 3dnowprefetch epb invpcid_single intel_pt kaiser tpr_shadow vnmi flexpriority ept vpid fsgsbase tsc_adjust bmi1 hle avx2 smep bmi2 erms invpcid rtm cqm rdseed adx smap xsaveopt cqm_llc cqm_occup_llc cqm_mbm_total cqm_mbm_local dtherm ida arat pln pts
bugs		: cpu_meltdown spectre_v1 spectre_v2 spec_store_bypass l1tf
bogomips	: 4401.39
clflush size	: 64
cache_alignment	: 64
address sizes	: 46 bits physical, 48 bits virtual
power management:

processor	: 36
vendor_id	: GenuineIntel
cpu family	: 6
model		: 79
model name	: Intel(R) Xeon(R) CPU E5-2630 v4 @ 2.20GHz
stepping	: 1
microcode	: 0xb00001e
cpu MHz		: 1258.039
cache size	: 25600 KB
physical id	: 0
siblings	: 20
core id		: 11
cpu cores	: 10
apicid		: 23
initial apicid	: 23
fpu		: yes
fpu_exception	: yes
cpuid level	: 20
wp		: yes
flags		: fpu vme de pse tsc msr pae mce cx8 apic sep mtrr pge mca cmov pat pse36 clflush dts acpi mmx fxsr sse sse2 ss ht tm pbe syscall nx pdpe1gb rdtscp lm constant_tsc arch_perfmon pebs bts rep_good nopl xtopology nonstop_tsc aperfmperf pni pclmulqdq dtes64 monitor ds_cpl vmx smx est tm2 ssse3 sdbg fma cx16 xtpr pdcm pcid dca sse4_1 sse4_2 x2apic movbe popcnt tsc_deadline_timer aes xsave avx f16c rdrand lahf_lm abm 3dnowprefetch epb invpcid_single intel_pt kaiser tpr_shadow vnmi flexpriority ept vpid fsgsbase tsc_adjust bmi1 hle avx2 smep bmi2 erms invpcid rtm cqm rdseed adx smap xsaveopt cqm_llc cqm_occup_llc cqm_mbm_total cqm_mbm_local dtherm ida arat pln pts
bugs		: cpu_meltdown spectre_v1 spectre_v2 spec_store_bypass l1tf
bogomips	: 4399.90
clflush size	: 64
cache_alignment	: 64
address sizes	: 46 bits physical, 48 bits virtual
power management:

processor	: 37
vendor_id	: GenuineIntel
cpu family	: 6
model		: 79
model name	: Intel(R) Xeon(R) CPU E5-2630 v4 @ 2.20GHz
stepping	: 1
microcode	: 0xb00001e
cpu MHz		: 1253.914
cache size	: 25600 KB
physical id	: 1
siblings	: 20
core id		: 11
cpu cores	: 10
apicid		: 55
initial apicid	: 55
fpu		: yes
fpu_exception	: yes
cpuid level	: 20
wp		: yes
flags		: fpu vme de pse tsc msr pae mce cx8 apic sep mtrr pge mca cmov pat pse36 clflush dts acpi mmx fxsr sse sse2 ss ht tm pbe syscall nx pdpe1gb rdtscp lm constant_tsc arch_perfmon pebs bts rep_good nopl xtopology nonstop_tsc aperfmperf pni pclmulqdq dtes64 monitor ds_cpl vmx smx est tm2 ssse3 sdbg fma cx16 xtpr pdcm pcid dca sse4_1 sse4_2 x2apic movbe popcnt tsc_deadline_timer aes xsave avx f16c rdrand lahf_lm abm 3dnowprefetch epb invpcid_single intel_pt kaiser tpr_shadow vnmi flexpriority ept vpid fsgsbase tsc_adjust bmi1 hle avx2 smep bmi2 erms invpcid rtm cqm rdseed adx smap xsaveopt cqm_llc cqm_occup_llc cqm_mbm_total cqm_mbm_local dtherm ida arat pln pts
bugs		: cpu_meltdown spectre_v1 spectre_v2 spec_store_bypass l1tf
bogomips	: 4401.39
clflush size	: 64
cache_alignment	: 64
address sizes	: 46 bits physical, 48 bits virtual
power management:

processor	: 38
vendor_id	: GenuineIntel
cpu family	: 6
model		: 79
model name	: Intel(R) Xeon(R) CPU E5-2630 v4 @ 2.20GHz
stepping	: 1
microcode	: 0xb00001e
cpu MHz		: 1334.265
cache size	: 25600 KB
physical id	: 0
siblings	: 20
core id		: 12
cpu cores	: 10
apicid		: 25
initial apicid	: 25
fpu		: yes
fpu_exception	: yes
cpuid level	: 20
wp		: yes
flags		: fpu vme de pse tsc msr pae mce cx8 apic sep mtrr pge mca cmov pat pse36 clflush dts acpi mmx fxsr sse sse2 ss ht tm pbe syscall nx pdpe1gb rdtscp lm constant_tsc arch_perfmon pebs bts rep_good nopl xtopology nonstop_tsc aperfmperf pni pclmulqdq dtes64 monitor ds_cpl vmx smx est tm2 ssse3 sdbg fma cx16 xtpr pdcm pcid dca sse4_1 sse4_2 x2apic movbe popcnt tsc_deadline_timer aes xsave avx f16c rdrand lahf_lm abm 3dnowprefetch epb invpcid_single intel_pt kaiser tpr_shadow vnmi flexpriority ept vpid fsgsbase tsc_adjust bmi1 hle avx2 smep bmi2 erms invpcid rtm cqm rdseed adx smap xsaveopt cqm_llc cqm_occup_llc cqm_mbm_total cqm_mbm_local dtherm ida arat pln pts
bugs		: cpu_meltdown spectre_v1 spectre_v2 spec_store_bypass l1tf
bogomips	: 4399.90
clflush size	: 64
cache_alignment	: 64
address sizes	: 46 bits physical, 48 bits virtual
power management:

processor	: 39
vendor_id	: GenuineIntel
cpu family	: 6
model		: 79
model name	: Intel(R) Xeon(R) CPU E5-2630 v4 @ 2.20GHz
stepping	: 1
microcode	: 0xb00001e
cpu MHz		: 1200.203
cache size	: 25600 KB
physical id	: 1
siblings	: 20
core id		: 12
cpu cores	: 10
apicid		: 57
initial apicid	: 57
fpu		: yes
fpu_exception	: yes
cpuid level	: 20
wp		: yes
flags		: fpu vme de pse tsc msr pae mce cx8 apic sep mtrr pge mca cmov pat pse36 clflush dts acpi mmx fxsr sse sse2 ss ht tm pbe syscall nx pdpe1gb rdtscp lm constant_tsc arch_perfmon pebs bts rep_good nopl xtopology nonstop_tsc aperfmperf pni pclmulqdq dtes64 monitor ds_cpl vmx smx est tm2 ssse3 sdbg fma cx16 xtpr pdcm pcid dca sse4_1 sse4_2 x2apic movbe popcnt tsc_deadline_timer aes xsave avx f16c rdrand lahf_lm abm 3dnowprefetch epb invpcid_single intel_pt kaiser tpr_shadow vnmi flexpriority ept vpid fsgsbase tsc_adjust bmi1 hle avx2 smep bmi2 erms invpcid rtm cqm rdseed adx smap xsaveopt cqm_llc cqm_occup_llc cqm_mbm_total cqm_mbm_local dtherm ida arat pln pts
bugs		: cpu_meltdown spectre_v1 spectre_v2 spec_store_bypass l1tf
bogomips	: 4401.39
clflush size	: 64
cache_alignment	: 64
address sizes	: 46 bits physical, 48 bits virtual
power management:



Memory: 4k page, physical 131784732k(401588k free), swap 126953468k(2243016k free)

vm_info: Java HotSpot(TM) 64-Bit Server VM (25.40-b25) for linux-amd64 JRE (1.8.0_40-b26), built on Mar  7 2015 15:08:31 by "java_re" with gcc 4.3.0 20080428 (Red Hat 4.3.0-8)

time: Sun Feb 21 01:46:45 2021
elapsed time: 750 seconds (0d 0h 12m 30s)

