2020-12-10 01:27:36,699 [INFO ]  Creating naive ensemble.
2020-12-10 01:27:36,699 [INFO ]  Learning SPN for title.
2020-12-10 01:27:36,699 [DEBUG]  generate_join_sample(single_table=title, relationship_list=None, split_condition=None)
2020-12-10 01:27:36,844 [INFO ]  Note: NumExpr detected 40 cores but "NUMEXPR_MAX_THREADS" not set, so enforcing safe limit of 8.
2020-12-10 01:27:36,844 [INFO ]  NumExpr defaulting to 8 threads.
2020-12-10 01:27:38,032 [DEBUG]  Using min_instance_slice parameter 25283.12.
2020-12-10 01:27:38,032 [INFO ]  SPN training phase with 2528312 samples
2020-12-10 01:27:38,838 [DEBUG]  Built domains in 0.7509978972375393 sec
2020-12-10 01:27:40,867 [DEBUG]  OP: Operation.SPLIT_ROWS on slice (2528312, 7) (remaining tasks 0)
2020-12-10 01:27:42,626 [DEBUG]  		found 2 row clusters (in 1.75841 secs)
2020-12-10 01:27:42,797 [DEBUG]  OP: Operation.SPLIT_COLUMNS on slice (2073787, 7) (remaining tasks 1)
2020-12-10 01:27:44,002 [DEBUG]  		found 2 col clusters (in 1.20511 secs)
2020-12-10 01:27:44,059 [DEBUG]  OP: Operation.SPLIT_COLUMNS on slice (454525, 7) (remaining tasks 2)
2020-12-10 01:27:44,993 [DEBUG]  		found 1 col clusters (in 0.93302 secs)
2020-12-10 01:27:44,998 [DEBUG]  OP: Operation.CREATE_LEAF on slice (2073787, 1) (remaining tasks 2)
2020-12-10 01:27:45,143 [DEBUG]  		 created leaf IdentityNumericLeaf for scope=[0] (in 0.14348 secs)
2020-12-10 01:27:45,219 [DEBUG]  OP: Operation.SPLIT_COLUMNS on slice (2073787, 6) (remaining tasks 1)
2020-12-10 01:27:45,994 [DEBUG]  		found 1 col clusters (in 0.77486 secs)
2020-12-10 01:27:46,074 [DEBUG]  OP: Operation.SPLIT_ROWS on slice (454525, 7) (remaining tasks 1)
2020-12-10 01:27:47,329 [DEBUG]  		found 2 row clusters (in 1.25297 secs)
2020-12-10 01:27:47,428 [DEBUG]  OP: Operation.SPLIT_ROWS on slice (2073787, 6) (remaining tasks 2)
2020-12-10 01:27:49,128 [DEBUG]  		found 2 row clusters (in 1.69998 secs)
2020-12-10 01:27:49,138 [DEBUG]  OP: Operation.SPLIT_COLUMNS on slice (139584, 7) (remaining tasks 3)
2020-12-10 01:27:50,105 [DEBUG]  		found 2 col clusters (in 0.96668 secs)
2020-12-10 01:27:50,209 [DEBUG]  OP: Operation.SPLIT_COLUMNS on slice (314941, 7) (remaining tasks 4)
2020-12-10 01:27:51,239 [DEBUG]  		found 1 col clusters (in 1.02524 secs)
2020-12-10 01:27:51,418 [DEBUG]  OP: Operation.SPLIT_COLUMNS on slice (1778036, 6) (remaining tasks 4)
2020-12-10 01:27:52,113 [DEBUG]  		found 1 col clusters (in 0.69277 secs)
2020-12-10 01:27:52,150 [DEBUG]  OP: Operation.SPLIT_COLUMNS on slice (295751, 6) (remaining tasks 4)
2020-12-10 01:27:52,880 [DEBUG]  		found 2 col clusters (in 0.72952 secs)
2020-12-10 01:27:52,881 [DEBUG]  OP: Operation.CREATE_LEAF on slice (139584, 1) (remaining tasks 5)
2020-12-10 01:27:52,887 [DEBUG]  		 created leaf IdentityNumericLeaf for scope=[0] (in 0.00493 secs)
2020-12-10 01:27:52,894 [DEBUG]  OP: Operation.SPLIT_COLUMNS on slice (139584, 6) (remaining tasks 4)
2020-12-10 01:27:53,663 [DEBUG]  		found 1 col clusters (in 0.76580 secs)
2020-12-10 01:27:53,697 [DEBUG]  OP: Operation.SPLIT_ROWS on slice (314941, 7) (remaining tasks 4)
2020-12-10 01:27:55,381 [DEBUG]  		found 2 row clusters (in 1.68068 secs)
2020-12-10 01:27:55,525 [DEBUG]  OP: Operation.SPLIT_ROWS on slice (1778036, 6) (remaining tasks 5)
2020-12-10 01:27:57,349 [DEBUG]  		found 2 row clusters (in 1.82377 secs)
2020-12-10 01:27:57,350 [DEBUG]  OP: Operation.CREATE_LEAF on slice (295751, 1) (remaining tasks 6)
2020-12-10 01:27:57,369 [DEBUG]  		 created leaf IdentityNumericLeaf for scope=[1] (in 0.01906 secs)
2020-12-10 01:27:57,376 [DEBUG]  OP: Operation.SPLIT_COLUMNS on slice (295751, 5) (remaining tasks 5)
2020-12-10 01:27:57,771 [DEBUG]  		found 1 col clusters (in 0.39496 secs)
2020-12-10 01:27:57,782 [DEBUG]  OP: Operation.SPLIT_ROWS on slice (139584, 6) (remaining tasks 5)
2020-12-10 01:27:58,679 [DEBUG]  		found 2 row clusters (in 0.89444 secs)
2020-12-10 01:27:58,753 [DEBUG]  OP: Operation.SPLIT_COLUMNS on slice (313510, 7) (remaining tasks 6)
2020-12-10 01:27:59,786 [DEBUG]  		found 2 col clusters (in 1.03253 secs)
2020-12-10 01:27:59,790 [DEBUG]  OP: Operation.NAIVE_FACTORIZATION on slice (1431, 7) (remaining tasks 7)
2020-12-10 01:27:59,812 [DEBUG]  		naive factorization 7 columns (in 0.01990 secs)
2020-12-10 01:27:59,922 [DEBUG]  OP: Operation.SPLIT_COLUMNS on slice (1269729, 6) (remaining tasks 6)
2020-12-10 01:28:00,709 [DEBUG]  		found 3 col clusters (in 0.78723 secs)
2020-12-10 01:28:00,772 [DEBUG]  OP: Operation.SPLIT_COLUMNS on slice (508307, 6) (remaining tasks 8)
2020-12-10 01:28:01,458 [DEBUG]  		found 1 col clusters (in 0.68454 secs)
2020-12-10 01:28:01,469 [DEBUG]  OP: Operation.SPLIT_ROWS on slice (295751, 5) (remaining tasks 8)
2020-12-10 01:28:03,172 [DEBUG]  		found 2 row clusters (in 1.69579 secs)
2020-12-10 01:28:03,199 [DEBUG]  OP: Operation.SPLIT_COLUMNS on slice (139582, 6) (remaining tasks 9)
2020-12-10 01:28:03,996 [DEBUG]  		found 1 col clusters (in 0.79287 secs)
2020-12-10 01:28:03,997 [DEBUG]  OP: Operation.REMOVE_UNINFORMATIVE_FEATURES on slice (2, 6) (remaining tasks 9)
2020-12-10 01:28:03,998 [DEBUG]  OP: Operation.CREATE_LEAF on slice (313510, 1) (remaining tasks 10)
2020-12-10 01:28:04,057 [DEBUG]  		 created leaf IdentityNumericLeaf for scope=[0] (in 0.05877 secs)
2020-12-10 01:28:04,090 [DEBUG]  OP: Operation.SPLIT_COLUMNS on slice (313510, 6) (remaining tasks 9)
2020-12-10 01:28:04,754 [DEBUG]  		found 1 col clusters (in 0.66074 secs)
2020-12-10 01:28:04,754 [DEBUG]  OP: Operation.CREATE_LEAF on slice (1269729, 1) (remaining tasks 9)
2020-12-10 01:28:04,879 [DEBUG]  		 created leaf IdentityNumericLeaf for scope=[1] (in 0.12495 secs)
2020-12-10 01:28:04,913 [DEBUG]  OP: Operation.SPLIT_COLUMNS on slice (1269729, 4) (remaining tasks 8)
2020-12-10 01:28:05,102 [DEBUG]  		found 1 col clusters (in 0.18961 secs)
2020-12-10 01:28:05,103 [DEBUG]  OP: Operation.CREATE_LEAF on slice (1269729, 1) (remaining tasks 8)
2020-12-10 01:28:05,212 [DEBUG]  		 created leaf IdentityNumericLeaf for scope=[5] (in 0.10860 secs)
2020-12-10 01:28:05,260 [DEBUG]  OP: Operation.SPLIT_ROWS on slice (508307, 6) (remaining tasks 7)
2020-12-10 01:28:06,793 [DEBUG]  		found 2 row clusters (in 1.53321 secs)
2020-12-10 01:28:06,823 [DEBUG]  OP: Operation.SPLIT_COLUMNS on slice (288207, 5) (remaining tasks 8)
2020-12-10 01:28:07,294 [DEBUG]  		found 1 col clusters (in 0.47047 secs)
2020-12-10 01:28:07,297 [DEBUG]  OP: Operation.NAIVE_FACTORIZATION on slice (7544, 5) (remaining tasks 8)
2020-12-10 01:28:07,325 [DEBUG]  		naive factorization 5 columns (in 0.02773 secs)
2020-12-10 01:28:07,351 [DEBUG]  OP: Operation.SPLIT_ROWS on slice (139582, 6) (remaining tasks 7)
2020-12-10 01:28:08,845 [DEBUG]  		found 2 row clusters (in 1.47794 secs)
2020-12-10 01:28:08,846 [DEBUG]  OP: Operation.CREATE_LEAF on slice (2, 1) (remaining tasks 8)
2020-12-10 01:28:08,847 [DEBUG]  		 created leaf IdentityNumericLeaf for scope=[2] (in 0.00033 secs)
2020-12-10 01:28:08,847 [DEBUG]  OP: Operation.NAIVE_FACTORIZATION on slice (2, 5) (remaining tasks 7)
2020-12-10 01:28:08,853 [DEBUG]  		naive factorization 5 columns (in 0.00517 secs)
2020-12-10 01:28:08,863 [DEBUG]  OP: Operation.SPLIT_ROWS on slice (313510, 6) (remaining tasks 6)
2020-12-10 01:28:10,658 [DEBUG]  		found 2 row clusters (in 1.79114 secs)
2020-12-10 01:28:10,691 [DEBUG]  OP: Operation.SPLIT_ROWS on slice (1269729, 4) (remaining tasks 7)
2020-12-10 01:28:11,991 [DEBUG]  		found 2 row clusters (in 1.29657 secs)
2020-12-10 01:28:12,015 [DEBUG]  OP: Operation.SPLIT_COLUMNS on slice (345856, 6) (remaining tasks 8)
2020-12-10 01:28:12,734 [DEBUG]  		found 3 col clusters (in 0.70558 secs)
2020-12-10 01:28:12,749 [DEBUG]  OP: Operation.SPLIT_COLUMNS on slice (162451, 6) (remaining tasks 10)
2020-12-10 01:28:13,212 [DEBUG]  		found 3 col clusters (in 0.45925 secs)
2020-12-10 01:28:13,252 [DEBUG]  OP: Operation.SPLIT_ROWS on slice (288207, 5) (remaining tasks 12)
2020-12-10 01:28:14,684 [DEBUG]  		found 2 row clusters (in 1.41692 secs)
2020-12-10 01:28:14,694 [DEBUG]  OP: Operation.SPLIT_COLUMNS on slice (89701, 6) (remaining tasks 13)
2020-12-10 01:28:15,300 [DEBUG]  		found 2 col clusters (in 0.60163 secs)
2020-12-10 01:28:15,307 [DEBUG]  OP: Operation.SPLIT_COLUMNS on slice (49881, 6) (remaining tasks 14)
2020-12-10 01:28:15,996 [DEBUG]  		found 1 col clusters (in 0.68021 secs)
2020-12-10 01:28:16,000 [DEBUG]  OP: Operation.NAIVE_FACTORIZATION on slice (17406, 6) (remaining tasks 14)
2020-12-10 01:28:16,037 [DEBUG]  		naive factorization 6 columns (in 0.03685 secs)
2020-12-10 01:28:16,109 [DEBUG]  OP: Operation.SPLIT_COLUMNS on slice (296104, 6) (remaining tasks 13)
2020-12-10 01:28:16,830 [DEBUG]  		found 2 col clusters (in 0.72086 secs)
2020-12-10 01:28:16,945 [DEBUG]  OP: Operation.SPLIT_COLUMNS on slice (390689, 4) (remaining tasks 14)
2020-12-10 01:28:17,173 [DEBUG]  		found 1 col clusters (in 0.22524 secs)
2020-12-10 01:28:17,334 [DEBUG]  OP: Operation.SPLIT_COLUMNS on slice (879040, 4) (remaining tasks 14)
2020-12-10 01:28:17,513 [DEBUG]  		found 1 col clusters (in 0.17881 secs)
2020-12-10 01:28:17,520 [DEBUG]  OP: Operation.SPLIT_COLUMNS on slice (345856, 4) (remaining tasks 14)
2020-12-10 01:28:17,858 [DEBUG]  		found 2 col clusters (in 0.32653 secs)
2020-12-10 01:28:17,858 [DEBUG]  OP: Operation.CREATE_LEAF on slice (345856, 1) (remaining tasks 15)
2020-12-10 01:28:17,911 [DEBUG]  		 created leaf IdentityNumericLeaf for scope=[4] (in 0.05332 secs)
2020-12-10 01:28:17,920 [DEBUG]  OP: Operation.CREATE_LEAF on slice (345856, 1) (remaining tasks 14)
2020-12-10 01:28:17,963 [DEBUG]  		 created leaf IdentityNumericLeaf for scope=[6] (in 0.04276 secs)
2020-12-10 01:28:17,974 [DEBUG]  OP: Operation.CREATE_LEAF on slice (162451, 1) (remaining tasks 13)
2020-12-10 01:28:17,999 [DEBUG]  		 created leaf IdentityNumericLeaf for scope=[1] (in 0.02258 secs)
2020-12-10 01:28:18,007 [DEBUG]  OP: Operation.SPLIT_COLUMNS on slice (162451, 4) (remaining tasks 12)
2020-12-10 01:28:18,220 [DEBUG]  		found 1 col clusters (in 0.21295 secs)
2020-12-10 01:28:18,221 [DEBUG]  OP: Operation.CREATE_LEAF on slice (162451, 1) (remaining tasks 12)
2020-12-10 01:28:18,232 [DEBUG]  		 created leaf IdentityNumericLeaf for scope=[4] (in 0.01007 secs)
2020-12-10 01:28:18,266 [DEBUG]  OP: Operation.SPLIT_COLUMNS on slice (232419, 5) (remaining tasks 11)
2020-12-10 01:28:18,517 [DEBUG]  		found 1 col clusters (in 0.23601 secs)
2020-12-10 01:28:18,531 [DEBUG]  OP: Operation.SPLIT_COLUMNS on slice (55788, 5) (remaining tasks 11)
2020-12-10 01:28:18,791 [DEBUG]  		found 1 col clusters (in 0.25803 secs)
2020-12-10 01:28:18,794 [DEBUG]  OP: Operation.SPLIT_COLUMNS on slice (89701, 5) (remaining tasks 11)
2020-12-10 01:28:19,061 [DEBUG]  		found 2 col clusters (in 0.26685 secs)
2020-12-10 01:28:19,066 [DEBUG]  OP: Operation.CREATE_LEAF on slice (89701, 1) (remaining tasks 12)
2020-12-10 01:28:19,072 [DEBUG]  		 created leaf IdentityNumericLeaf for scope=[2] (in 0.00333 secs)
2020-12-10 01:28:19,079 [DEBUG]  OP: Operation.SPLIT_ROWS on slice (49881, 6) (remaining tasks 11)
2020-12-10 01:28:19,707 [DEBUG]  		found 2 row clusters (in 0.62716 secs)
2020-12-10 01:28:19,708 [DEBUG]  OP: Operation.CREATE_LEAF on slice (296104, 1) (remaining tasks 12)
2020-12-10 01:28:19,728 [DEBUG]  		 created leaf IdentityNumericLeaf for scope=[1] (in 0.01941 secs)
2020-12-10 01:28:19,735 [DEBUG]  OP: Operation.SPLIT_COLUMNS on slice (296104, 5) (remaining tasks 11)
2020-12-10 01:28:20,125 [DEBUG]  		found 1 col clusters (in 0.38876 secs)
2020-12-10 01:28:20,156 [DEBUG]  OP: Operation.SPLIT_ROWS on slice (390689, 4) (remaining tasks 11)
2020-12-10 01:28:21,448 [DEBUG]  		found 2 row clusters (in 1.28775 secs)
2020-12-10 01:28:21,519 [DEBUG]  OP: Operation.SPLIT_ROWS on slice (879040, 4) (remaining tasks 12)
2020-12-10 01:28:22,559 [DEBUG]  		found 2 row clusters (in 1.03895 secs)
2020-12-10 01:28:22,559 [DEBUG]  OP: Operation.CREATE_LEAF on slice (345856, 1) (remaining tasks 13)
2020-12-10 01:28:22,581 [DEBUG]  		 created leaf IdentityNumericLeaf for scope=[1] (in 0.02173 secs)
2020-12-10 01:28:22,585 [DEBUG]  OP: Operation.SPLIT_COLUMNS on slice (345856, 3) (remaining tasks 12)
2020-12-10 01:28:22,734 [DEBUG]  		found 1 col clusters (in 0.14582 secs)
2020-12-10 01:28:22,738 [DEBUG]  OP: Operation.SPLIT_ROWS on slice (162451, 4) (remaining tasks 12)
2020-12-10 01:28:24,849 [DEBUG]  		found 2 row clusters (in 2.10654 secs)
2020-12-10 01:28:24,871 [DEBUG]  OP: Operation.SPLIT_ROWS on slice (232419, 5) (remaining tasks 13)
2020-12-10 01:28:26,458 [DEBUG]  		found 2 row clusters (in 1.58677 secs)
2020-12-10 01:28:26,482 [DEBUG]  OP: Operation.SPLIT_ROWS on slice (55788, 5) (remaining tasks 14)
2020-12-10 01:28:27,433 [DEBUG]  		found 2 row clusters (in 0.94747 secs)
2020-12-10 01:28:27,438 [DEBUG]  OP: Operation.SPLIT_COLUMNS on slice (89701, 3) (remaining tasks 15)
2020-12-10 01:28:27,584 [DEBUG]  		found 3 col clusters (in 0.13075 secs)
2020-12-10 01:28:27,586 [DEBUG]  OP: Operation.SPLIT_COLUMNS on slice (89701, 2) (remaining tasks 17)
2020-12-10 01:28:27,646 [DEBUG]  		found 1 col clusters (in 0.06000 secs)
2020-12-10 01:28:27,655 [DEBUG]  OP: Operation.SPLIT_COLUMNS on slice (46203, 6) (remaining tasks 17)
2020-12-10 01:28:28,304 [DEBUG]  		found 1 col clusters (in 0.64500 secs)
2020-12-10 01:28:28,304 [DEBUG]  OP: Operation.NAIVE_FACTORIZATION on slice (3678, 6) (remaining tasks 17)
2020-12-10 01:28:28,326 [DEBUG]  		naive factorization 6 columns (in 0.02182 secs)
2020-12-10 01:28:28,337 [DEBUG]  OP: Operation.SPLIT_ROWS on slice (296104, 5) (remaining tasks 16)
2020-12-10 01:28:29,946 [DEBUG]  		found 2 row clusters (in 1.60644 secs)
2020-12-10 01:28:29,983 [DEBUG]  OP: Operation.SPLIT_COLUMNS on slice (226637, 4) (remaining tasks 17)
2020-12-10 01:28:30,210 [DEBUG]  		found 2 col clusters (in 0.22691 secs)
2020-12-10 01:28:30,223 [DEBUG]  OP: Operation.SPLIT_COLUMNS on slice (164052, 4) (remaining tasks 18)
2020-12-10 01:28:30,420 [DEBUG]  		found 1 col clusters (in 0.18666 secs)
2020-12-10 01:28:30,467 [DEBUG]  OP: Operation.SPLIT_COLUMNS on slice (528082, 4) (remaining tasks 18)
2020-12-10 01:28:30,707 [DEBUG]  		found 4 col clusters (in 0.23684 secs)
2020-12-10 01:28:30,772 [DEBUG]  OP: Operation.SPLIT_COLUMNS on slice (350958, 4) (remaining tasks 21)
2020-12-10 01:28:31,073 [DEBUG]  		found 2 col clusters (in 0.29031 secs)
2020-12-10 01:28:31,078 [DEBUG]  OP: Operation.SPLIT_ROWS on slice (345856, 3) (remaining tasks 22)
2020-12-10 01:28:32,261 [DEBUG]  		found 2 row clusters (in 1.17910 secs)
2020-12-10 01:28:32,275 [DEBUG]  OP: Operation.SPLIT_COLUMNS on slice (157599, 4) (remaining tasks 23)
2020-12-10 01:28:32,499 [DEBUG]  		found 1 col clusters (in 0.21883 secs)
2020-12-10 01:28:32,500 [DEBUG]  OP: Operation.NAIVE_FACTORIZATION on slice (4852, 4) (remaining tasks 23)
2020-12-10 01:28:32,542 [DEBUG]  		naive factorization 4 columns (in 0.01325 secs)
2020-12-10 01:28:32,566 [DEBUG]  OP: Operation.SPLIT_COLUMNS on slice (215416, 5) (remaining tasks 22)
2020-12-10 01:28:32,850 [DEBUG]  		found 2 col clusters (in 0.27508 secs)
2020-12-10 01:28:32,853 [DEBUG]  OP: Operation.NAIVE_FACTORIZATION on slice (17003, 5) (remaining tasks 23)
2020-12-10 01:28:32,884 [DEBUG]  		naive factorization 5 columns (in 0.03063 secs)
2020-12-10 01:28:32,890 [DEBUG]  OP: Operation.SPLIT_COLUMNS on slice (47918, 5) (remaining tasks 22)
2020-12-10 01:28:33,227 [DEBUG]  		found 1 col clusters (in 0.33693 secs)
2020-12-10 01:28:33,229 [DEBUG]  OP: Operation.NAIVE_FACTORIZATION on slice (7870, 5) (remaining tasks 22)
2020-12-10 01:28:33,246 [DEBUG]  		naive factorization 5 columns (in 0.01735 secs)
2020-12-10 01:28:33,250 [DEBUG]  OP: Operation.CREATE_LEAF on slice (89701, 1) (remaining tasks 21)
2020-12-10 01:28:33,259 [DEBUG]  		 created leaf IdentityNumericLeaf for scope=[1] (in 0.00595 secs)
2020-12-10 01:28:33,262 [DEBUG]  OP: Operation.CREATE_LEAF on slice (89701, 1) (remaining tasks 20)
2020-12-10 01:28:33,267 [DEBUG]  		 created leaf IdentityNumericLeaf for scope=[4] (in 0.00513 secs)
2020-12-10 01:28:33,268 [DEBUG]  OP: Operation.CREATE_LEAF on slice (89701, 1) (remaining tasks 19)
2020-12-10 01:28:33,272 [DEBUG]  		 created leaf IdentityNumericLeaf for scope=[5] (in 0.00410 secs)
2020-12-10 01:28:33,277 [DEBUG]  OP: Operation.SPLIT_ROWS on slice (89701, 2) (remaining tasks 18)
2020-12-10 01:28:33,906 [DEBUG]  		found 2 row clusters (in 0.62820 secs)
2020-12-10 01:28:33,910 [DEBUG]  OP: Operation.SPLIT_ROWS on slice (46203, 6) (remaining tasks 19)
2020-12-10 01:28:34,603 [DEBUG]  		found 2 row clusters (in 0.68807 secs)
2020-12-10 01:28:34,627 [DEBUG]  OP: Operation.SPLIT_COLUMNS on slice (207982, 5) (remaining tasks 20)
2020-12-10 01:28:35,031 [DEBUG]  		found 3 col clusters (in 0.40394 secs)
2020-12-10 01:28:35,046 [DEBUG]  OP: Operation.SPLIT_COLUMNS on slice (88122, 5) (remaining tasks 22)
2020-12-10 01:28:35,451 [DEBUG]  		found 2 col clusters (in 0.40309 secs)
2020-12-10 01:28:35,458 [DEBUG]  OP: Operation.SPLIT_COLUMNS on slice (226637, 3) (remaining tasks 23)
2020-12-10 01:28:35,659 [DEBUG]  		found 1 col clusters (in 0.20025 secs)
2020-12-10 01:28:35,659 [DEBUG]  OP: Operation.CREATE_LEAF on slice (226637, 1) (remaining tasks 23)
2020-12-10 01:28:35,675 [DEBUG]  		 created leaf IdentityNumericLeaf for scope=[4] (in 0.01520 secs)
2020-12-10 01:28:35,692 [DEBUG]  OP: Operation.SPLIT_ROWS on slice (164052, 4) (remaining tasks 22)
2020-12-10 01:28:37,033 [DEBUG]  		found 2 row clusters (in 1.32805 secs)
2020-12-10 01:28:37,034 [DEBUG]  OP: Operation.CREATE_LEAF on slice (528082, 1) (remaining tasks 23)
2020-12-10 01:28:37,054 [DEBUG]  		 created leaf IdentityNumericLeaf for scope=[2] (in 0.01990 secs)
2020-12-10 01:28:37,058 [DEBUG]  OP: Operation.CREATE_LEAF on slice (528082, 1) (remaining tasks 22)
2020-12-10 01:28:37,084 [DEBUG]  		 created leaf IdentityNumericLeaf for scope=[3] (in 0.02268 secs)
2020-12-10 01:28:37,087 [DEBUG]  OP: Operation.CREATE_LEAF on slice (528082, 1) (remaining tasks 21)
2020-12-10 01:28:37,116 [DEBUG]  		 created leaf IdentityNumericLeaf for scope=[4] (in 0.02822 secs)
2020-12-10 01:28:37,116 [DEBUG]  OP: Operation.CREATE_LEAF on slice (528082, 1) (remaining tasks 20)
2020-12-10 01:28:37,137 [DEBUG]  		 created leaf IdentityNumericLeaf for scope=[6] (in 0.02039 secs)
2020-12-10 01:28:37,137 [DEBUG]  OP: Operation.CREATE_LEAF on slice (350958, 1) (remaining tasks 19)
2020-12-10 01:28:37,146 [DEBUG]  		 created leaf IdentityNumericLeaf for scope=[2] (in 0.00882 secs)
2020-12-10 01:28:37,150 [DEBUG]  OP: Operation.SPLIT_COLUMNS on slice (350958, 3) (remaining tasks 18)
2020-12-10 01:28:37,267 [DEBUG]  		found 1 col clusters (in 0.11626 secs)
2020-12-10 01:28:37,280 [DEBUG]  OP: Operation.SPLIT_COLUMNS on slice (94181, 3) (remaining tasks 18)
2020-12-10 01:28:37,451 [DEBUG]  		found 3 col clusters (in 0.16503 secs)
2020-12-10 01:28:37,503 [DEBUG]  OP: Operation.SPLIT_COLUMNS on slice (251675, 3) (remaining tasks 20)
2020-12-10 01:28:37,755 [DEBUG]  		found 3 col clusters (in 0.22800 secs)
2020-12-10 01:28:37,769 [DEBUG]  OP: Operation.SPLIT_ROWS on slice (157599, 4) (remaining tasks 22)
2020-12-10 01:28:38,650 [DEBUG]  		found 2 row clusters (in 0.87794 secs)
2020-12-10 01:28:38,654 [DEBUG]  OP: Operation.SPLIT_COLUMNS on slice (215416, 4) (remaining tasks 23)
2020-12-10 01:28:38,819 [DEBUG]  		found 1 col clusters (in 0.16401 secs)
2020-12-10 01:28:38,819 [DEBUG]  OP: Operation.CREATE_LEAF on slice (215416, 1) (remaining tasks 23)
2020-12-10 01:28:38,834 [DEBUG]  		 created leaf IdentityNumericLeaf for scope=[4] (in 0.01404 secs)
2020-12-10 01:28:38,843 [DEBUG]  OP: Operation.SPLIT_ROWS on slice (47918, 5) (remaining tasks 22)
2020-12-10 01:28:39,531 [DEBUG]  		found 2 row clusters (in 0.68027 secs)
2020-12-10 01:28:39,536 [DEBUG]  OP: Operation.SPLIT_COLUMNS on slice (66304, 2) (remaining tasks 23)
2020-12-10 01:28:39,656 [DEBUG]  		found 2 col clusters (in 0.11621 secs)
2020-12-10 01:28:39,661 [DEBUG]  OP: Operation.NAIVE_FACTORIZATION on slice (23397, 2) (remaining tasks 24)
2020-12-10 01:28:39,677 [DEBUG]  		naive factorization 2 columns (in 0.01433 secs)
2020-12-10 01:28:39,683 [DEBUG]  OP: Operation.SPLIT_COLUMNS on slice (26974, 6) (remaining tasks 23)
2020-12-10 01:28:40,362 [DEBUG]  		found 1 col clusters (in 0.67534 secs)
2020-12-10 01:28:40,369 [DEBUG]  OP: Operation.NAIVE_FACTORIZATION on slice (19229, 6) (remaining tasks 23)
2020-12-10 01:28:40,395 [DEBUG]  		naive factorization 6 columns (in 0.02171 secs)
2020-12-10 01:28:40,397 [DEBUG]  OP: Operation.SPLIT_COLUMNS on slice (207982, 3) (remaining tasks 22)
2020-12-10 01:28:40,522 [DEBUG]  		found 1 col clusters (in 0.12416 secs)
2020-12-10 01:28:40,522 [DEBUG]  OP: Operation.CREATE_LEAF on slice (207982, 1) (remaining tasks 22)
2020-12-10 01:28:40,535 [DEBUG]  		 created leaf IdentityNumericLeaf for scope=[4] (in 0.01200 secs)
2020-12-10 01:28:40,539 [DEBUG]  OP: Operation.CREATE_LEAF on slice (207982, 1) (remaining tasks 21)
2020-12-10 01:28:40,555 [DEBUG]  		 created leaf IdentityNumericLeaf for scope=[6] (in 0.01307 secs)
2020-12-10 01:28:40,566 [DEBUG]  OP: Operation.SPLIT_COLUMNS on slice (88122, 4) (remaining tasks 20)
2020-12-10 01:28:40,884 [DEBUG]  		found 1 col clusters (in 0.31673 secs)
2020-12-10 01:28:40,884 [DEBUG]  OP: Operation.CREATE_LEAF on slice (88122, 1) (remaining tasks 20)
2020-12-10 01:28:40,890 [DEBUG]  		 created leaf IdentityNumericLeaf for scope=[4] (in 0.00576 secs)
2020-12-10 01:28:40,897 [DEBUG]  OP: Operation.SPLIT_ROWS on slice (226637, 3) (remaining tasks 19)
2020-12-10 01:28:41,847 [DEBUG]  		found 2 row clusters (in 0.94650 secs)
2020-12-10 01:28:41,854 [DEBUG]  OP: Operation.SPLIT_COLUMNS on slice (83354, 4) (remaining tasks 20)
2020-12-10 01:28:42,013 [DEBUG]  		found 1 col clusters (in 0.15764 secs)
2020-12-10 01:28:42,020 [DEBUG]  OP: Operation.SPLIT_COLUMNS on slice (80698, 4) (remaining tasks 20)
2020-12-10 01:28:42,152 [DEBUG]  		found 4 col clusters (in 0.12849 secs)
2020-12-10 01:28:42,161 [DEBUG]  OP: Operation.SPLIT_ROWS on slice (350958, 3) (remaining tasks 23)
2020-12-10 01:28:43,246 [DEBUG]  		found 2 row clusters (in 1.08014 secs)
2020-12-10 01:28:43,246 [DEBUG]  OP: Operation.CREATE_LEAF on slice (94181, 1) (remaining tasks 24)
2020-12-10 01:28:43,250 [DEBUG]  		 created leaf IdentityNumericLeaf for scope=[2] (in 0.00379 secs)
2020-12-10 01:28:43,250 [DEBUG]  OP: Operation.CREATE_LEAF on slice (94181, 1) (remaining tasks 23)
2020-12-10 01:28:43,255 [DEBUG]  		 created leaf IdentityNumericLeaf for scope=[3] (in 0.00495 secs)
2020-12-10 01:28:43,255 [DEBUG]  OP: Operation.CREATE_LEAF on slice (94181, 1) (remaining tasks 22)
2020-12-10 01:28:43,261 [DEBUG]  		 created leaf IdentityNumericLeaf for scope=[5] (in 0.00486 secs)
2020-12-10 01:28:43,261 [DEBUG]  OP: Operation.CREATE_LEAF on slice (251675, 1) (remaining tasks 21)
2020-12-10 01:28:43,270 [DEBUG]  		 created leaf IdentityNumericLeaf for scope=[2] (in 0.00951 secs)
2020-12-10 01:28:43,276 [DEBUG]  OP: Operation.CREATE_LEAF on slice (251675, 1) (remaining tasks 20)
2020-12-10 01:28:43,315 [DEBUG]  		 created leaf IdentityNumericLeaf for scope=[3] (in 0.03852 secs)
2020-12-10 01:28:43,315 [DEBUG]  OP: Operation.CREATE_LEAF on slice (251675, 1) (remaining tasks 19)
2020-12-10 01:28:43,335 [DEBUG]  		 created leaf IdentityNumericLeaf for scope=[5] (in 0.01929 secs)
2020-12-10 01:28:43,353 [DEBUG]  OP: Operation.SPLIT_COLUMNS on slice (57186, 4) (remaining tasks 18)
2020-12-10 01:28:43,560 [DEBUG]  		found 3 col clusters (in 0.20604 secs)
2020-12-10 01:28:43,567 [DEBUG]  OP: Operation.SPLIT_COLUMNS on slice (100413, 4) (remaining tasks 20)
2020-12-10 01:28:43,891 [DEBUG]  		found 4 col clusters (in 0.32022 secs)
2020-12-10 01:28:43,895 [DEBUG]  OP: Operation.SPLIT_ROWS on slice (215416, 4) (remaining tasks 23)
2020-12-10 01:28:45,086 [DEBUG]  		found 2 row clusters (in 1.18987 secs)
2020-12-10 01:28:45,090 [DEBUG]  OP: Operation.SPLIT_COLUMNS on slice (39339, 5) (remaining tasks 24)
2020-12-10 01:28:45,402 [DEBUG]  		found 1 col clusters (in 0.30844 secs)
2020-12-10 01:28:45,408 [DEBUG]  OP: Operation.NAIVE_FACTORIZATION on slice (8579, 5) (remaining tasks 24)
2020-12-10 01:28:45,426 [DEBUG]  		naive factorization 5 columns (in 0.01650 secs)
2020-12-10 01:28:45,429 [DEBUG]  OP: Operation.CREATE_LEAF on slice (66304, 1) (remaining tasks 23)
2020-12-10 01:28:45,433 [DEBUG]  		 created leaf IdentityNumericLeaf for scope=[3] (in 0.00342 secs)
2020-12-10 01:28:45,433 [DEBUG]  OP: Operation.CREATE_LEAF on slice (66304, 1) (remaining tasks 22)
2020-12-10 01:28:45,436 [DEBUG]  		 created leaf IdentityNumericLeaf for scope=[6] (in 0.00280 secs)
2020-12-10 01:28:45,439 [DEBUG]  OP: Operation.SPLIT_ROWS on slice (26974, 6) (remaining tasks 21)
2020-12-10 01:28:45,993 [DEBUG]  		found 2 row clusters (in 0.54982 secs)
2020-12-10 01:28:46,002 [DEBUG]  OP: Operation.SPLIT_ROWS on slice (207982, 3) (remaining tasks 22)
2020-12-10 01:28:46,758 [DEBUG]  		found 2 row clusters (in 0.74972 secs)
2020-12-10 01:28:46,760 [DEBUG]  OP: Operation.SPLIT_ROWS on slice (88122, 4) (remaining tasks 23)
2020-12-10 01:28:48,258 [DEBUG]  		found 2 row clusters (in 1.49767 secs)
2020-12-10 01:28:48,267 [DEBUG]  OP: Operation.SPLIT_COLUMNS on slice (156574, 3) (remaining tasks 24)
2020-12-10 01:28:48,443 [DEBUG]  		found 3 col clusters (in 0.15468 secs)
2020-12-10 01:28:48,450 [DEBUG]  OP: Operation.SPLIT_COLUMNS on slice (70063, 3) (remaining tasks 26)
2020-12-10 01:28:48,612 [DEBUG]  		found 3 col clusters (in 0.15922 secs)
2020-12-10 01:28:48,625 [DEBUG]  OP: Operation.SPLIT_ROWS on slice (83354, 4) (remaining tasks 28)
2020-12-10 01:28:49,223 [DEBUG]  		found 2 row clusters (in 0.59729 secs)
2020-12-10 01:28:49,227 [DEBUG]  OP: Operation.CREATE_LEAF on slice (80698, 1) (remaining tasks 29)
2020-12-10 01:28:49,231 [DEBUG]  		 created leaf IdentityNumericLeaf for scope=[2] (in 0.00365 secs)
2020-12-10 01:28:49,239 [DEBUG]  OP: Operation.CREATE_LEAF on slice (80698, 1) (remaining tasks 28)
2020-12-10 01:28:49,249 [DEBUG]  		 created leaf IdentityNumericLeaf for scope=[3] (in 0.00896 secs)
2020-12-10 01:28:49,249 [DEBUG]  OP: Operation.CREATE_LEAF on slice (80698, 1) (remaining tasks 27)
2020-12-10 01:28:49,255 [DEBUG]  		 created leaf IdentityNumericLeaf for scope=[4] (in 0.00497 secs)
2020-12-10 01:28:49,255 [DEBUG]  OP: Operation.CREATE_LEAF on slice (80698, 1) (remaining tasks 26)
2020-12-10 01:28:49,260 [DEBUG]  		 created leaf IdentityNumericLeaf for scope=[6] (in 0.00419 secs)
2020-12-10 01:28:49,275 [DEBUG]  OP: Operation.SPLIT_COLUMNS on slice (199860, 3) (remaining tasks 25)
2020-12-10 01:28:49,427 [DEBUG]  		found 2 col clusters (in 0.15211 secs)
2020-12-10 01:28:49,443 [DEBUG]  OP: Operation.SPLIT_COLUMNS on slice (151098, 3) (remaining tasks 26)
2020-12-10 01:28:49,541 [DEBUG]  		found 3 col clusters (in 0.09431 secs)
2020-12-10 01:28:49,543 [DEBUG]  OP: Operation.SPLIT_COLUMNS on slice (57186, 2) (remaining tasks 28)
2020-12-10 01:28:49,587 [DEBUG]  		found 1 col clusters (in 0.04401 secs)
2020-12-10 01:28:49,587 [DEBUG]  OP: Operation.CREATE_LEAF on slice (57186, 1) (remaining tasks 28)
2020-12-10 01:28:49,590 [DEBUG]  		 created leaf IdentityNumericLeaf for scope=[5] (in 0.00272 secs)
2020-12-10 01:28:49,590 [DEBUG]  OP: Operation.CREATE_LEAF on slice (57186, 1) (remaining tasks 27)
2020-12-10 01:28:49,593 [DEBUG]  		 created leaf IdentityNumericLeaf for scope=[6] (in 0.00299 secs)
2020-12-10 01:28:49,593 [DEBUG]  OP: Operation.CREATE_LEAF on slice (100413, 1) (remaining tasks 26)
2020-12-10 01:28:49,597 [DEBUG]  		 created leaf IdentityNumericLeaf for scope=[2] (in 0.00386 secs)
2020-12-10 01:28:49,597 [DEBUG]  OP: Operation.CREATE_LEAF on slice (100413, 1) (remaining tasks 25)
2020-12-10 01:28:49,605 [DEBUG]  		 created leaf IdentityNumericLeaf for scope=[3] (in 0.00690 secs)
2020-12-10 01:28:49,605 [DEBUG]  OP: Operation.CREATE_LEAF on slice (100413, 1) (remaining tasks 24)
2020-12-10 01:28:49,609 [DEBUG]  		 created leaf IdentityNumericLeaf for scope=[5] (in 0.00397 secs)
2020-12-10 01:28:49,609 [DEBUG]  OP: Operation.CREATE_LEAF on slice (100413, 1) (remaining tasks 23)
2020-12-10 01:28:49,614 [DEBUG]  		 created leaf IdentityNumericLeaf for scope=[6] (in 0.00441 secs)
2020-12-10 01:28:49,619 [DEBUG]  OP: Operation.SPLIT_COLUMNS on slice (63785, 4) (remaining tasks 22)
2020-12-10 01:28:49,868 [DEBUG]  		found 3 col clusters (in 0.24908 secs)
2020-12-10 01:28:49,884 [DEBUG]  OP: Operation.SPLIT_COLUMNS on slice (151631, 4) (remaining tasks 24)
2020-12-10 01:28:50,168 [DEBUG]  		found 3 col clusters (in 0.27917 secs)
2020-12-10 01:28:50,176 [DEBUG]  OP: Operation.SPLIT_ROWS on slice (39339, 5) (remaining tasks 26)
2020-12-10 01:28:50,806 [DEBUG]  		found 2 row clusters (in 0.62592 secs)
2020-12-10 01:28:50,808 [DEBUG]  OP: Operation.NAIVE_FACTORIZATION on slice (14941, 6) (remaining tasks 27)
2020-12-10 01:28:50,813 [DEBUG]  		naive factorization 6 columns (in 0.00573 secs)
2020-12-10 01:28:50,814 [DEBUG]  OP: Operation.NAIVE_FACTORIZATION on slice (12033, 6) (remaining tasks 26)
2020-12-10 01:28:50,818 [DEBUG]  		naive factorization 6 columns (in 0.00381 secs)
2020-12-10 01:28:50,825 [DEBUG]  OP: Operation.SPLIT_COLUMNS on slice (119687, 3) (remaining tasks 25)
2020-12-10 01:28:50,923 [DEBUG]  		found 3 col clusters (in 0.09824 secs)
2020-12-10 01:28:50,934 [DEBUG]  OP: Operation.SPLIT_COLUMNS on slice (88295, 3) (remaining tasks 27)
2020-12-10 01:28:51,101 [DEBUG]  		found 1 col clusters (in 0.16300 secs)
2020-12-10 01:28:51,106 [DEBUG]  OP: Operation.SPLIT_COLUMNS on slice (66306, 4) (remaining tasks 27)
2020-12-10 01:28:51,312 [DEBUG]  		found 2 col clusters (in 0.20177 secs)
2020-12-10 01:28:51,314 [DEBUG]  OP: Operation.NAIVE_FACTORIZATION on slice (21816, 4) (remaining tasks 28)
2020-12-10 01:28:51,337 [DEBUG]  		naive factorization 4 columns (in 0.02246 secs)
2020-12-10 01:28:51,340 [DEBUG]  OP: Operation.CREATE_LEAF on slice (156574, 1) (remaining tasks 27)
2020-12-10 01:28:51,346 [DEBUG]  		 created leaf IdentityNumericLeaf for scope=[2] (in 0.00614 secs)
2020-12-10 01:28:51,346 [DEBUG]  OP: Operation.CREATE_LEAF on slice (156574, 1) (remaining tasks 26)
2020-12-10 01:28:51,355 [DEBUG]  		 created leaf IdentityNumericLeaf for scope=[3] (in 0.00843 secs)
2020-12-10 01:28:51,355 [DEBUG]  OP: Operation.CREATE_LEAF on slice (156574, 1) (remaining tasks 25)
2020-12-10 01:28:51,360 [DEBUG]  		 created leaf IdentityNumericLeaf for scope=[6] (in 0.00477 secs)
2020-12-10 01:28:51,360 [DEBUG]  OP: Operation.CREATE_LEAF on slice (70063, 1) (remaining tasks 24)
2020-12-10 01:28:51,364 [DEBUG]  		 created leaf IdentityNumericLeaf for scope=[2] (in 0.00332 secs)
2020-12-10 01:28:51,364 [DEBUG]  OP: Operation.CREATE_LEAF on slice (70063, 1) (remaining tasks 23)
2020-12-10 01:28:51,369 [DEBUG]  		 created leaf IdentityNumericLeaf for scope=[3] (in 0.00403 secs)
2020-12-10 01:28:51,369 [DEBUG]  OP: Operation.CREATE_LEAF on slice (70063, 1) (remaining tasks 22)
2020-12-10 01:28:51,373 [DEBUG]  		 created leaf IdentityNumericLeaf for scope=[6] (in 0.00366 secs)
2020-12-10 01:28:51,375 [DEBUG]  OP: Operation.SPLIT_COLUMNS on slice (27552, 4) (remaining tasks 21)
2020-12-10 01:28:51,579 [DEBUG]  		found 3 col clusters (in 0.20362 secs)
2020-12-10 01:28:51,584 [DEBUG]  OP: Operation.SPLIT_COLUMNS on slice (55802, 4) (remaining tasks 23)
2020-12-10 01:28:51,816 [DEBUG]  		found 4 col clusters (in 0.22821 secs)
2020-12-10 01:28:51,818 [DEBUG]  OP: Operation.SPLIT_COLUMNS on slice (199860, 2) (remaining tasks 26)
2020-12-10 01:28:51,965 [DEBUG]  		found 1 col clusters (in 0.14686 secs)
2020-12-10 01:28:51,965 [DEBUG]  OP: Operation.CREATE_LEAF on slice (199860, 1) (remaining tasks 26)
2020-12-10 01:28:51,975 [DEBUG]  		 created leaf IdentityNumericLeaf for scope=[6] (in 0.00947 secs)
2020-12-10 01:28:51,976 [DEBUG]  OP: Operation.CREATE_LEAF on slice (151098, 1) (remaining tasks 25)
2020-12-10 01:28:51,983 [DEBUG]  		 created leaf IdentityNumericLeaf for scope=[3] (in 0.00660 secs)
2020-12-10 01:28:51,983 [DEBUG]  OP: Operation.CREATE_LEAF on slice (151098, 1) (remaining tasks 24)
2020-12-10 01:28:51,993 [DEBUG]  		 created leaf IdentityNumericLeaf for scope=[4] (in 0.00763 secs)
2020-12-10 01:28:51,994 [DEBUG]  OP: Operation.CREATE_LEAF on slice (151098, 1) (remaining tasks 23)
2020-12-10 01:28:52,000 [DEBUG]  		 created leaf IdentityNumericLeaf for scope=[6] (in 0.00617 secs)
2020-12-10 01:28:52,001 [DEBUG]  OP: Operation.SPLIT_ROWS on slice (57186, 2) (remaining tasks 22)
2020-12-10 01:28:52,276 [DEBUG]  		found 2 row clusters (in 0.27440 secs)
2020-12-10 01:28:52,276 [DEBUG]  OP: Operation.CREATE_LEAF on slice (63785, 1) (remaining tasks 23)
2020-12-10 01:28:52,279 [DEBUG]  		 created leaf IdentityNumericLeaf for scope=[2] (in 0.00245 secs)
2020-12-10 01:28:52,280 [DEBUG]  OP: Operation.SPLIT_COLUMNS on slice (63785, 2) (remaining tasks 22)
2020-12-10 01:28:52,370 [DEBUG]  		found 1 col clusters (in 0.08967 secs)
2020-12-10 01:28:52,370 [DEBUG]  OP: Operation.CREATE_LEAF on slice (63785, 1) (remaining tasks 22)
2020-12-10 01:28:52,374 [DEBUG]  		 created leaf IdentityNumericLeaf for scope=[6] (in 0.00345 secs)
2020-12-10 01:28:52,380 [DEBUG]  OP: Operation.SPLIT_COLUMNS on slice (151631, 2) (remaining tasks 21)
2020-12-10 01:28:52,516 [DEBUG]  		found 1 col clusters (in 0.13334 secs)
2020-12-10 01:28:52,517 [DEBUG]  OP: Operation.CREATE_LEAF on slice (151631, 1) (remaining tasks 21)
2020-12-10 01:28:52,523 [DEBUG]  		 created leaf IdentityNumericLeaf for scope=[5] (in 0.00627 secs)
2020-12-10 01:28:52,524 [DEBUG]  OP: Operation.CREATE_LEAF on slice (151631, 1) (remaining tasks 20)
2020-12-10 01:28:52,533 [DEBUG]  		 created leaf IdentityNumericLeaf for scope=[6] (in 0.00924 secs)
2020-12-10 01:28:52,542 [DEBUG]  OP: Operation.NAIVE_FACTORIZATION on slice (24505, 5) (remaining tasks 19)
2020-12-10 01:28:52,572 [DEBUG]  		naive factorization 5 columns (in 0.02366 secs)
2020-12-10 01:28:52,574 [DEBUG]  OP: Operation.NAIVE_FACTORIZATION on slice (14834, 5) (remaining tasks 18)
2020-12-10 01:28:52,588 [DEBUG]  		naive factorization 5 columns (in 0.01399 secs)
2020-12-10 01:28:52,588 [DEBUG]  OP: Operation.CREATE_LEAF on slice (119687, 1) (remaining tasks 17)
2020-12-10 01:28:52,593 [DEBUG]  		 created leaf IdentityNumericLeaf for scope=[2] (in 0.00427 secs)
2020-12-10 01:28:52,593 [DEBUG]  OP: Operation.CREATE_LEAF on slice (119687, 1) (remaining tasks 16)
2020-12-10 01:28:52,598 [DEBUG]  		 created leaf IdentityNumericLeaf for scope=[3] (in 0.00510 secs)
2020-12-10 01:28:52,598 [DEBUG]  OP: Operation.CREATE_LEAF on slice (119687, 1) (remaining tasks 15)
2020-12-10 01:28:52,604 [DEBUG]  		 created leaf IdentityNumericLeaf for scope=[5] (in 0.00545 secs)
2020-12-10 01:28:52,611 [DEBUG]  OP: Operation.SPLIT_ROWS on slice (88295, 3) (remaining tasks 14)
2020-12-10 01:28:54,057 [DEBUG]  		found 2 row clusters (in 1.44509 secs)
2020-12-10 01:28:54,058 [DEBUG]  OP: Operation.SPLIT_COLUMNS on slice (66306, 3) (remaining tasks 15)
2020-12-10 01:28:54,206 [DEBUG]  		found 1 col clusters (in 0.13483 secs)
2020-12-10 01:28:54,209 [DEBUG]  OP: Operation.CREATE_LEAF on slice (66306, 1) (remaining tasks 15)
2020-12-10 01:28:54,213 [DEBUG]  		 created leaf IdentityNumericLeaf for scope=[5] (in 0.00316 secs)
2020-12-10 01:28:54,217 [DEBUG]  OP: Operation.CREATE_LEAF on slice (27552, 1) (remaining tasks 14)
2020-12-10 01:28:54,219 [DEBUG]  		 created leaf IdentityNumericLeaf for scope=[2] (in 0.00126 secs)
2020-12-10 01:28:54,219 [DEBUG]  OP: Operation.SPLIT_COLUMNS on slice (27552, 2) (remaining tasks 13)
2020-12-10 01:28:54,323 [DEBUG]  		found 1 col clusters (in 0.10251 secs)
2020-12-10 01:28:54,327 [DEBUG]  OP: Operation.CREATE_LEAF on slice (27552, 1) (remaining tasks 13)
2020-12-10 01:28:54,329 [DEBUG]  		 created leaf IdentityNumericLeaf for scope=[6] (in 0.00180 secs)
2020-12-10 01:28:54,329 [DEBUG]  OP: Operation.CREATE_LEAF on slice (55802, 1) (remaining tasks 12)
2020-12-10 01:28:54,332 [DEBUG]  		 created leaf IdentityNumericLeaf for scope=[2] (in 0.00221 secs)
2020-12-10 01:28:54,332 [DEBUG]  OP: Operation.CREATE_LEAF on slice (55802, 1) (remaining tasks 11)
2020-12-10 01:28:54,335 [DEBUG]  		 created leaf IdentityNumericLeaf for scope=[3] (in 0.00274 secs)
2020-12-10 01:28:54,339 [DEBUG]  OP: Operation.CREATE_LEAF on slice (55802, 1) (remaining tasks 10)
2020-12-10 01:28:54,343 [DEBUG]  		 created leaf IdentityNumericLeaf for scope=[4] (in 0.00304 secs)
2020-12-10 01:28:54,348 [DEBUG]  OP: Operation.CREATE_LEAF on slice (55802, 1) (remaining tasks 9)
2020-12-10 01:28:54,352 [DEBUG]  		 created leaf IdentityNumericLeaf for scope=[6] (in 0.00234 secs)
2020-12-10 01:28:54,361 [DEBUG]  OP: Operation.SPLIT_ROWS on slice (199860, 2) (remaining tasks 8)
2020-12-10 01:28:55,679 [DEBUG]  		found 2 row clusters (in 1.31459 secs)
2020-12-10 01:28:55,694 [DEBUG]  OP: Operation.SPLIT_COLUMNS on slice (45469, 2) (remaining tasks 9)
2020-12-10 01:28:55,828 [DEBUG]  		found 2 col clusters (in 0.12640 secs)
2020-12-10 01:28:55,829 [DEBUG]  OP: Operation.NAIVE_FACTORIZATION on slice (11717, 2) (remaining tasks 10)
2020-12-10 01:28:55,837 [DEBUG]  		naive factorization 2 columns (in 0.00734 secs)
2020-12-10 01:28:55,840 [DEBUG]  OP: Operation.SPLIT_ROWS on slice (63785, 2) (remaining tasks 9)
2020-12-10 01:28:56,615 [DEBUG]  		found 2 row clusters (in 0.77466 secs)
2020-12-10 01:28:56,617 [DEBUG]  OP: Operation.SPLIT_ROWS on slice (151631, 2) (remaining tasks 10)
2020-12-10 01:28:57,261 [DEBUG]  		found 2 row clusters (in 0.64427 secs)
2020-12-10 01:28:57,269 [DEBUG]  OP: Operation.SPLIT_COLUMNS on slice (85034, 3) (remaining tasks 11)
2020-12-10 01:28:57,426 [DEBUG]  		found 1 col clusters (in 0.15312 secs)
2020-12-10 01:28:57,426 [DEBUG]  OP: Operation.NAIVE_FACTORIZATION on slice (3261, 3) (remaining tasks 11)
2020-12-10 01:28:57,437 [DEBUG]  		naive factorization 3 columns (in 0.01018 secs)
2020-12-10 01:28:57,441 [DEBUG]  OP: Operation.SPLIT_ROWS on slice (66306, 3) (remaining tasks 10)
2020-12-10 01:28:58,008 [DEBUG]  		found 2 row clusters (in 0.56338 secs)
2020-12-10 01:28:58,009 [DEBUG]  OP: Operation.SPLIT_ROWS on slice (27552, 2) (remaining tasks 11)
2020-12-10 01:28:58,266 [DEBUG]  		found 2 row clusters (in 0.25772 secs)
2020-12-10 01:28:58,273 [DEBUG]  OP: Operation.SPLIT_COLUMNS on slice (83368, 2) (remaining tasks 12)
2020-12-10 01:28:58,332 [DEBUG]  		found 1 col clusters (in 0.05747 secs)
2020-12-10 01:28:58,341 [DEBUG]  OP: Operation.SPLIT_COLUMNS on slice (116492, 2) (remaining tasks 12)
2020-12-10 01:28:58,515 [DEBUG]  		found 1 col clusters (in 0.17342 secs)
2020-12-10 01:28:58,516 [DEBUG]  OP: Operation.CREATE_LEAF on slice (45469, 1) (remaining tasks 12)
2020-12-10 01:28:58,518 [DEBUG]  		 created leaf IdentityNumericLeaf for scope=[2] (in 0.00201 secs)
2020-12-10 01:28:58,518 [DEBUG]  OP: Operation.CREATE_LEAF on slice (45469, 1) (remaining tasks 11)
2020-12-10 01:28:58,521 [DEBUG]  		 created leaf IdentityNumericLeaf for scope=[3] (in 0.00228 secs)
2020-12-10 01:28:58,522 [DEBUG]  OP: Operation.NAIVE_FACTORIZATION on slice (16127, 2) (remaining tasks 10)
2020-12-10 01:28:58,530 [DEBUG]  		naive factorization 2 columns (in 0.00694 secs)
2020-12-10 01:28:58,534 [DEBUG]  OP: Operation.SPLIT_COLUMNS on slice (47658, 2) (remaining tasks 9)
2020-12-10 01:28:58,650 [DEBUG]  		found 2 col clusters (in 0.11599 secs)
2020-12-10 01:28:58,656 [DEBUG]  OP: Operation.SPLIT_COLUMNS on slice (67291, 2) (remaining tasks 10)
2020-12-10 01:28:58,756 [DEBUG]  		found 1 col clusters (in 0.09523 secs)
2020-12-10 01:28:58,766 [DEBUG]  OP: Operation.SPLIT_COLUMNS on slice (84340, 2) (remaining tasks 10)
2020-12-10 01:28:58,925 [DEBUG]  		found 2 col clusters (in 0.15866 secs)
2020-12-10 01:28:58,933 [DEBUG]  OP: Operation.SPLIT_ROWS on slice (85034, 3) (remaining tasks 11)
2020-12-10 01:28:59,566 [DEBUG]  		found 2 row clusters (in 0.62965 secs)
2020-12-10 01:28:59,577 [DEBUG]  OP: Operation.SPLIT_COLUMNS on slice (45096, 3) (remaining tasks 12)
2020-12-10 01:28:59,693 [DEBUG]  		found 3 col clusters (in 0.11269 secs)
2020-12-10 01:28:59,698 [DEBUG]  OP: Operation.NAIVE_FACTORIZATION on slice (21210, 3) (remaining tasks 14)
2020-12-10 01:28:59,716 [DEBUG]  		naive factorization 3 columns (in 0.01662 secs)
2020-12-10 01:28:59,720 [DEBUG]  OP: Operation.NAIVE_FACTORIZATION on slice (7693, 2) (remaining tasks 13)
2020-12-10 01:28:59,725 [DEBUG]  		naive factorization 2 columns (in 0.00258 secs)
2020-12-10 01:28:59,730 [DEBUG]  OP: Operation.NAIVE_FACTORIZATION on slice (19859, 2) (remaining tasks 12)
2020-12-10 01:28:59,737 [DEBUG]  		naive factorization 2 columns (in 0.00461 secs)
2020-12-10 01:28:59,746 [DEBUG]  OP: Operation.SPLIT_ROWS on slice (83368, 2) (remaining tasks 11)
2020-12-10 01:29:00,205 [DEBUG]  		found 2 row clusters (in 0.45628 secs)
2020-12-10 01:29:00,213 [DEBUG]  OP: Operation.SPLIT_ROWS on slice (116492, 2) (remaining tasks 12)
2020-12-10 01:29:01,090 [DEBUG]  		found 2 row clusters (in 0.87399 secs)
2020-12-10 01:29:01,091 [DEBUG]  OP: Operation.CREATE_LEAF on slice (47658, 1) (remaining tasks 13)
2020-12-10 01:29:01,094 [DEBUG]  		 created leaf IdentityNumericLeaf for scope=[3] (in 0.00277 secs)
2020-12-10 01:29:01,100 [DEBUG]  OP: Operation.CREATE_LEAF on slice (47658, 1) (remaining tasks 12)
2020-12-10 01:29:01,109 [DEBUG]  		 created leaf IdentityNumericLeaf for scope=[5] (in 0.00248 secs)
2020-12-10 01:29:01,124 [DEBUG]  OP: Operation.SPLIT_ROWS on slice (67291, 2) (remaining tasks 11)
2020-12-10 01:29:01,685 [DEBUG]  		found 2 row clusters (in 0.54246 secs)
2020-12-10 01:29:01,685 [DEBUG]  OP: Operation.CREATE_LEAF on slice (84340, 1) (remaining tasks 12)
2020-12-10 01:29:01,692 [DEBUG]  		 created leaf IdentityNumericLeaf for scope=[2] (in 0.00741 secs)
2020-12-10 01:29:01,693 [DEBUG]  OP: Operation.CREATE_LEAF on slice (84340, 1) (remaining tasks 11)
2020-12-10 01:29:01,695 [DEBUG]  		 created leaf IdentityNumericLeaf for scope=[3] (in 0.00220 secs)
2020-12-10 01:29:01,699 [DEBUG]  OP: Operation.SPLIT_COLUMNS on slice (73580, 3) (remaining tasks 10)
2020-12-10 01:29:01,816 [DEBUG]  		found 2 col clusters (in 0.11674 secs)
2020-12-10 01:29:01,817 [DEBUG]  OP: Operation.NAIVE_FACTORIZATION on slice (11454, 3) (remaining tasks 11)
2020-12-10 01:29:01,830 [DEBUG]  		naive factorization 3 columns (in 0.01280 secs)
2020-12-10 01:29:01,833 [DEBUG]  OP: Operation.CREATE_LEAF on slice (45096, 1) (remaining tasks 10)
2020-12-10 01:29:01,836 [DEBUG]  		 created leaf IdentityNumericLeaf for scope=[2] (in 0.00189 secs)
2020-12-10 01:29:01,836 [DEBUG]  OP: Operation.CREATE_LEAF on slice (45096, 1) (remaining tasks 9)
2020-12-10 01:29:01,838 [DEBUG]  		 created leaf IdentityNumericLeaf for scope=[3] (in 0.00228 secs)
2020-12-10 01:29:01,838 [DEBUG]  OP: Operation.CREATE_LEAF on slice (45096, 1) (remaining tasks 8)
2020-12-10 01:29:01,842 [DEBUG]  		 created leaf IdentityNumericLeaf for scope=[6] (in 0.00317 secs)
2020-12-10 01:29:01,847 [DEBUG]  OP: Operation.SPLIT_COLUMNS on slice (65753, 2) (remaining tasks 7)
2020-12-10 01:29:01,966 [DEBUG]  		found 1 col clusters (in 0.10856 secs)
2020-12-10 01:29:01,973 [DEBUG]  OP: Operation.NAIVE_FACTORIZATION on slice (17615, 2) (remaining tasks 7)
2020-12-10 01:29:01,992 [DEBUG]  		naive factorization 2 columns (in 0.01442 secs)
2020-12-10 01:29:01,999 [DEBUG]  OP: Operation.SPLIT_COLUMNS on slice (55410, 2) (remaining tasks 6)
2020-12-10 01:29:02,069 [DEBUG]  		found 1 col clusters (in 0.06966 secs)
2020-12-10 01:29:02,079 [DEBUG]  OP: Operation.SPLIT_COLUMNS on slice (61082, 2) (remaining tasks 6)
2020-12-10 01:29:02,199 [DEBUG]  		found 1 col clusters (in 0.11691 secs)
2020-12-10 01:29:02,202 [DEBUG]  OP: Operation.REMOVE_UNINFORMATIVE_FEATURES on slice (38586, 2) (remaining tasks 6)
2020-12-10 01:29:02,204 [DEBUG]  OP: Operation.REMOVE_UNINFORMATIVE_FEATURES on slice (28705, 2) (remaining tasks 7)
2020-12-10 01:29:02,205 [DEBUG]  OP: Operation.CREATE_LEAF on slice (73580, 1) (remaining tasks 8)
2020-12-10 01:29:02,208 [DEBUG]  		 created leaf IdentityNumericLeaf for scope=[2] (in 0.00280 secs)
2020-12-10 01:29:02,209 [DEBUG]  OP: Operation.SPLIT_COLUMNS on slice (73580, 2) (remaining tasks 7)
2020-12-10 01:29:02,311 [DEBUG]  		found 1 col clusters (in 0.10136 secs)
2020-12-10 01:29:02,319 [DEBUG]  OP: Operation.SPLIT_ROWS on slice (65753, 2) (remaining tasks 7)
2020-12-10 01:29:02,768 [DEBUG]  		found 2 row clusters (in 0.44648 secs)
2020-12-10 01:29:02,778 [DEBUG]  OP: Operation.SPLIT_ROWS on slice (55410, 2) (remaining tasks 8)
2020-12-10 01:29:03,050 [DEBUG]  		found 2 row clusters (in 0.27089 secs)
2020-12-10 01:29:03,055 [DEBUG]  OP: Operation.SPLIT_ROWS on slice (61082, 2) (remaining tasks 9)
2020-12-10 01:29:03,311 [DEBUG]  		found 2 row clusters (in 0.25224 secs)
2020-12-10 01:29:03,314 [DEBUG]  OP: Operation.CREATE_LEAF on slice (38586, 1) (remaining tasks 10)
2020-12-10 01:29:03,319 [DEBUG]  		 created leaf IdentityNumericLeaf for scope=[2] (in 0.00142 secs)
2020-12-10 01:29:03,323 [DEBUG]  OP: Operation.CREATE_LEAF on slice (38586, 1) (remaining tasks 9)
2020-12-10 01:29:03,327 [DEBUG]  		 created leaf IdentityNumericLeaf for scope=[3] (in 0.00189 secs)
2020-12-10 01:29:03,328 [DEBUG]  OP: Operation.CREATE_LEAF on slice (28705, 1) (remaining tasks 8)
2020-12-10 01:29:03,329 [DEBUG]  		 created leaf IdentityNumericLeaf for scope=[2] (in 0.00105 secs)
2020-12-10 01:29:03,329 [DEBUG]  OP: Operation.CREATE_LEAF on slice (28705, 1) (remaining tasks 7)
2020-12-10 01:29:03,331 [DEBUG]  		 created leaf IdentityNumericLeaf for scope=[3] (in 0.00148 secs)
2020-12-10 01:29:03,332 [DEBUG]  OP: Operation.SPLIT_ROWS on slice (73580, 2) (remaining tasks 6)
2020-12-10 01:29:03,650 [DEBUG]  		found 2 row clusters (in 0.31751 secs)
2020-12-10 01:29:03,658 [DEBUG]  OP: Operation.SPLIT_COLUMNS on slice (39019, 2) (remaining tasks 7)
2020-12-10 01:29:03,801 [DEBUG]  		found 1 col clusters (in 0.13670 secs)
2020-12-10 01:29:03,807 [DEBUG]  OP: Operation.SPLIT_COLUMNS on slice (26734, 2) (remaining tasks 7)
2020-12-10 01:29:03,862 [DEBUG]  		found 1 col clusters (in 0.05193 secs)
2020-12-10 01:29:03,870 [DEBUG]  OP: Operation.SPLIT_COLUMNS on slice (41186, 2) (remaining tasks 7)
2020-12-10 01:29:03,969 [DEBUG]  		found 1 col clusters (in 0.09544 secs)
2020-12-10 01:29:03,974 [DEBUG]  OP: Operation.NAIVE_FACTORIZATION on slice (14224, 2) (remaining tasks 7)
2020-12-10 01:29:03,990 [DEBUG]  		naive factorization 2 columns (in 0.01277 secs)
2020-12-10 01:29:03,997 [DEBUG]  OP: Operation.SPLIT_COLUMNS on slice (27287, 2) (remaining tasks 6)
2020-12-10 01:29:04,108 [DEBUG]  		found 1 col clusters (in 0.10760 secs)
2020-12-10 01:29:04,112 [DEBUG]  OP: Operation.SPLIT_COLUMNS on slice (33795, 2) (remaining tasks 6)
2020-12-10 01:29:04,192 [DEBUG]  		found 1 col clusters (in 0.07747 secs)
2020-12-10 01:29:04,196 [DEBUG]  OP: Operation.SPLIT_COLUMNS on slice (37277, 2) (remaining tasks 6)
2020-12-10 01:29:04,301 [DEBUG]  		found 2 col clusters (in 0.10262 secs)
2020-12-10 01:29:04,308 [DEBUG]  OP: Operation.SPLIT_COLUMNS on slice (36303, 2) (remaining tasks 7)
2020-12-10 01:29:04,402 [DEBUG]  		found 2 col clusters (in 0.09085 secs)
2020-12-10 01:29:04,406 [DEBUG]  OP: Operation.SPLIT_ROWS on slice (39019, 2) (remaining tasks 8)
2020-12-10 01:29:04,651 [DEBUG]  		found 2 row clusters (in 0.24416 secs)
2020-12-10 01:29:04,653 [DEBUG]  OP: Operation.SPLIT_ROWS on slice (26734, 2) (remaining tasks 9)
2020-12-10 01:29:04,907 [DEBUG]  		found 2 row clusters (in 0.23396 secs)
2020-12-10 01:29:04,921 [DEBUG]  OP: Operation.SPLIT_ROWS on slice (41186, 2) (remaining tasks 10)
2020-12-10 01:29:05,157 [DEBUG]  		found 2 row clusters (in 0.23020 secs)
2020-12-10 01:29:05,162 [DEBUG]  OP: Operation.SPLIT_ROWS on slice (27287, 2) (remaining tasks 11)
2020-12-10 01:29:05,290 [DEBUG]  		found 2 row clusters (in 0.12472 secs)
2020-12-10 01:29:05,295 [DEBUG]  OP: Operation.SPLIT_ROWS on slice (33795, 2) (remaining tasks 12)
2020-12-10 01:29:05,419 [DEBUG]  		found 2 row clusters (in 0.12116 secs)
2020-12-10 01:29:05,420 [DEBUG]  OP: Operation.CREATE_LEAF on slice (37277, 1) (remaining tasks 13)
2020-12-10 01:29:05,422 [DEBUG]  		 created leaf IdentityNumericLeaf for scope=[3] (in 0.00178 secs)
2020-12-10 01:29:05,422 [DEBUG]  OP: Operation.CREATE_LEAF on slice (37277, 1) (remaining tasks 12)
2020-12-10 01:29:05,424 [DEBUG]  		 created leaf IdentityNumericLeaf for scope=[5] (in 0.00141 secs)
2020-12-10 01:29:05,424 [DEBUG]  OP: Operation.CREATE_LEAF on slice (36303, 1) (remaining tasks 11)
2020-12-10 01:29:05,426 [DEBUG]  		 created leaf IdentityNumericLeaf for scope=[3] (in 0.00151 secs)
2020-12-10 01:29:05,426 [DEBUG]  OP: Operation.CREATE_LEAF on slice (36303, 1) (remaining tasks 10)
2020-12-10 01:29:05,428 [DEBUG]  		 created leaf IdentityNumericLeaf for scope=[5] (in 0.00154 secs)
2020-12-10 01:29:05,430 [DEBUG]  OP: Operation.NAIVE_FACTORIZATION on slice (23247, 2) (remaining tasks 9)
2020-12-10 01:29:05,443 [DEBUG]  		naive factorization 2 columns (in 0.01235 secs)
2020-12-10 01:29:05,444 [DEBUG]  OP: Operation.NAIVE_FACTORIZATION on slice (15772, 2) (remaining tasks 8)
2020-12-10 01:29:05,448 [DEBUG]  		naive factorization 2 columns (in 0.00399 secs)
2020-12-10 01:29:05,450 [DEBUG]  OP: Operation.NAIVE_FACTORIZATION on slice (16646, 2) (remaining tasks 7)
2020-12-10 01:29:05,454 [DEBUG]  		naive factorization 2 columns (in 0.00363 secs)
2020-12-10 01:29:05,455 [DEBUG]  OP: Operation.NAIVE_FACTORIZATION on slice (10088, 2) (remaining tasks 6)
2020-12-10 01:29:05,458 [DEBUG]  		naive factorization 2 columns (in 0.00297 secs)
2020-12-10 01:29:05,459 [DEBUG]  OP: Operation.NAIVE_FACTORIZATION on slice (14420, 2) (remaining tasks 5)
2020-12-10 01:29:05,463 [DEBUG]  		naive factorization 2 columns (in 0.00357 secs)
2020-12-10 01:29:05,465 [DEBUG]  OP: Operation.SPLIT_COLUMNS on slice (26766, 2) (remaining tasks 4)
2020-12-10 01:29:05,521 [DEBUG]  		found 1 col clusters (in 0.05530 secs)
2020-12-10 01:29:05,522 [DEBUG]  OP: Operation.NAIVE_FACTORIZATION on slice (15826, 2) (remaining tasks 4)
2020-12-10 01:29:05,527 [DEBUG]  		naive factorization 2 columns (in 0.00435 secs)
2020-12-10 01:29:05,528 [DEBUG]  OP: Operation.NAIVE_FACTORIZATION on slice (11461, 2) (remaining tasks 3)
2020-12-10 01:29:05,532 [DEBUG]  		naive factorization 2 columns (in 0.00399 secs)
2020-12-10 01:29:05,534 [DEBUG]  OP: Operation.NAIVE_FACTORIZATION on slice (19345, 2) (remaining tasks 2)
2020-12-10 01:29:05,539 [DEBUG]  		naive factorization 2 columns (in 0.00476 secs)
2020-12-10 01:29:05,540 [DEBUG]  OP: Operation.NAIVE_FACTORIZATION on slice (14450, 2) (remaining tasks 1)
2020-12-10 01:29:05,546 [DEBUG]  		naive factorization 2 columns (in 0.00562 secs)
2020-12-10 01:29:05,548 [DEBUG]  OP: Operation.SPLIT_ROWS on slice (26766, 2) (remaining tasks 0)
2020-12-10 01:29:05,762 [DEBUG]  		found 2 row clusters (in 0.21402 secs)
2020-12-10 01:29:05,764 [DEBUG]  OP: Operation.NAIVE_FACTORIZATION on slice (17362, 2) (remaining tasks 1)
2020-12-10 01:29:05,776 [DEBUG]  		naive factorization 2 columns (in 0.01046 secs)
2020-12-10 01:29:05,778 [DEBUG]  OP: Operation.NAIVE_FACTORIZATION on slice (9404, 2) (remaining tasks 0)
2020-12-10 01:29:05,783 [DEBUG]  		naive factorization 2 columns (in 0.00459 secs)
2020-12-10 01:29:06,072 [DEBUG]  Built SPN in 87.23422025516629 sec
2020-12-10 01:29:06,073 [INFO ]  Learning SPN for movie_info_idx.
2020-12-10 01:29:06,074 [DEBUG]  generate_join_sample(single_table=movie_info_idx, relationship_list=None, split_condition=None)
2020-12-10 01:29:06,165 [DEBUG]  Using min_instance_slice parameter 13800.35.
2020-12-10 01:29:06,165 [INFO ]  SPN training phase with 1380035 samples
2020-12-10 01:29:06,191 [DEBUG]  Built domains in 0.02504447102546692 sec
2020-12-10 01:29:06,191 [DEBUG]  OP: Operation.CREATE_LEAF on slice (1380035, 1) (remaining tasks 0)
2020-12-10 01:29:06,213 [DEBUG]  		 created leaf IdentityNumericLeaf for scope=[0] (in 0.02176 secs)
2020-12-10 01:29:06,214 [DEBUG]  Built SPN in 0.023085564374923706 sec
2020-12-10 01:29:06,214 [INFO ]  Learning SPN for movie_info.
2020-12-10 01:29:06,214 [DEBUG]  generate_join_sample(single_table=movie_info, relationship_list=None, split_condition=None)
2020-12-10 01:29:07,774 [DEBUG]  Using min_instance_slice parameter 100000.0.
2020-12-10 01:29:07,774 [INFO ]  SPN training phase with 10000000 samples
2020-12-10 01:29:08,105 [DEBUG]  Built domains in 0.33129606023430824 sec
2020-12-10 01:29:08,106 [DEBUG]  OP: Operation.CREATE_LEAF on slice (10000000, 1) (remaining tasks 0)
2020-12-10 01:29:08,410 [DEBUG]  		 created leaf IdentityNumericLeaf for scope=[0] (in 0.30429 secs)
2020-12-10 01:29:08,412 [DEBUG]  Built SPN in 0.30670901015400887 sec
2020-12-10 01:29:08,412 [INFO ]  Learning SPN for cast_info.
2020-12-10 01:29:08,412 [DEBUG]  generate_join_sample(single_table=cast_info, relationship_list=None, split_condition=None)
2020-12-10 01:29:11,766 [DEBUG]  Using min_instance_slice parameter 100000.0.
2020-12-10 01:29:11,767 [INFO ]  SPN training phase with 10000000 samples
2020-12-10 01:29:12,078 [DEBUG]  Built domains in 0.31095537170767784 sec
2020-12-10 01:29:12,079 [DEBUG]  OP: Operation.CREATE_LEAF on slice (10000000, 1) (remaining tasks 0)
2020-12-10 01:29:12,343 [DEBUG]  		 created leaf IdentityNumericLeaf for scope=[0] (in 0.26460 secs)
2020-12-10 01:29:12,344 [DEBUG]  Built SPN in 0.2658458650112152 sec
2020-12-10 01:29:12,344 [INFO ]  Learning SPN for movie_keyword.
2020-12-10 01:29:12,344 [DEBUG]  generate_join_sample(single_table=movie_keyword, relationship_list=None, split_condition=None)
2020-12-10 01:29:12,523 [DEBUG]  Using min_instance_slice parameter 45239.3.
2020-12-10 01:29:12,523 [INFO ]  SPN training phase with 4523930 samples
2020-12-10 01:29:12,812 [DEBUG]  Built domains in 0.28803611174225807 sec
2020-12-10 01:29:12,812 [DEBUG]  OP: Operation.CREATE_LEAF on slice (4523930, 1) (remaining tasks 0)
2020-12-10 01:29:13,144 [DEBUG]  		 created leaf IdentityNumericLeaf for scope=[0] (in 0.33180 secs)
2020-12-10 01:29:15,368 [DEBUG]  Built SPN in 2.5564226172864437 sec
2020-12-10 01:29:15,369 [INFO ]  Learning SPN for movie_companies.
2020-12-10 01:29:15,369 [DEBUG]  generate_join_sample(single_table=movie_companies, relationship_list=None, split_condition=None)
2020-12-10 01:29:15,525 [DEBUG]  Using min_instance_slice parameter 26091.29.
2020-12-10 01:29:15,526 [INFO ]  SPN training phase with 2609129 samples
2020-12-10 01:29:15,720 [DEBUG]  Built domains in 0.1944969892501831 sec
2020-12-10 01:29:15,756 [DEBUG]  OP: Operation.SPLIT_ROWS on slice (2609129, 2) (remaining tasks 0)
2020-12-10 01:29:16,690 [DEBUG]  		found 2 row clusters (in 0.93340 secs)
2020-12-10 01:29:16,803 [DEBUG]  OP: Operation.SPLIT_COLUMNS on slice (1976789, 2) (remaining tasks 1)
2020-12-10 01:29:16,948 [DEBUG]  		found 2 col clusters (in 0.14423 secs)
2020-12-10 01:29:17,050 [DEBUG]  OP: Operation.SPLIT_COLUMNS on slice (632340, 2) (remaining tasks 2)
2020-12-10 01:29:17,176 [DEBUG]  		found 1 col clusters (in 0.12597 secs)
2020-12-10 01:29:17,180 [DEBUG]  OP: Operation.CREATE_LEAF on slice (1976789, 1) (remaining tasks 2)
2020-12-10 01:29:17,332 [DEBUG]  		 created leaf IdentityNumericLeaf for scope=[0] (in 0.15127 secs)
2020-12-10 01:29:17,332 [DEBUG]  OP: Operation.CREATE_LEAF on slice (1976789, 1) (remaining tasks 1)
2020-12-10 01:29:17,382 [DEBUG]  		 created leaf IdentityNumericLeaf for scope=[1] (in 0.05031 secs)
2020-12-10 01:29:17,436 [DEBUG]  OP: Operation.SPLIT_ROWS on slice (632340, 2) (remaining tasks 0)
2020-12-10 01:29:18,747 [DEBUG]  		found 2 row clusters (in 1.31016 secs)
2020-12-10 01:29:18,789 [DEBUG]  OP: Operation.SPLIT_COLUMNS on slice (482178, 2) (remaining tasks 1)
2020-12-10 01:29:18,885 [DEBUG]  		found 1 col clusters (in 0.09579 secs)
2020-12-10 01:29:18,900 [DEBUG]  OP: Operation.REMOVE_UNINFORMATIVE_FEATURES on slice (150162, 2) (remaining tasks 1)
2020-12-10 01:29:19,014 [DEBUG]  OP: Operation.SPLIT_ROWS on slice (482178, 2) (remaining tasks 2)
2020-12-10 01:29:20,018 [DEBUG]  		found 2 row clusters (in 1.00341 secs)
2020-12-10 01:29:20,018 [DEBUG]  OP: Operation.CREATE_LEAF on slice (150162, 1) (remaining tasks 3)
2020-12-10 01:29:20,022 [DEBUG]  		 created leaf IdentityNumericLeaf for scope=[1] (in 0.00373 secs)
2020-12-10 01:29:20,022 [DEBUG]  OP: Operation.CREATE_LEAF on slice (150162, 1) (remaining tasks 2)
2020-12-10 01:29:20,106 [DEBUG]  		 created leaf IdentityNumericLeaf for scope=[0] (in 0.08340 secs)
2020-12-10 01:29:20,140 [DEBUG]  OP: Operation.REMOVE_UNINFORMATIVE_FEATURES on slice (163529, 2) (remaining tasks 1)
2020-12-10 01:29:20,232 [DEBUG]  OP: Operation.SPLIT_COLUMNS on slice (318649, 2) (remaining tasks 2)
2020-12-10 01:29:20,342 [DEBUG]  		found 1 col clusters (in 0.10840 secs)
2020-12-10 01:29:20,346 [DEBUG]  OP: Operation.CREATE_LEAF on slice (163529, 1) (remaining tasks 2)
2020-12-10 01:29:20,353 [DEBUG]  		 created leaf IdentityNumericLeaf for scope=[1] (in 0.00409 secs)
2020-12-10 01:29:20,356 [DEBUG]  OP: Operation.CREATE_LEAF on slice (163529, 1) (remaining tasks 1)
2020-12-10 01:29:20,421 [DEBUG]  		 created leaf IdentityNumericLeaf for scope=[0] (in 0.06447 secs)
2020-12-10 01:29:20,475 [DEBUG]  OP: Operation.SPLIT_ROWS on slice (318649, 2) (remaining tasks 0)
2020-12-10 01:29:21,603 [DEBUG]  		found 2 row clusters (in 1.12127 secs)
2020-12-10 01:29:21,623 [DEBUG]  OP: Operation.REMOVE_UNINFORMATIVE_FEATURES on slice (123669, 2) (remaining tasks 1)
2020-12-10 01:29:21,659 [DEBUG]  OP: Operation.SPLIT_COLUMNS on slice (194980, 2) (remaining tasks 2)
2020-12-10 01:29:21,741 [DEBUG]  		found 1 col clusters (in 0.07810 secs)
2020-12-10 01:29:21,741 [DEBUG]  OP: Operation.CREATE_LEAF on slice (123669, 1) (remaining tasks 2)
2020-12-10 01:29:21,747 [DEBUG]  		 created leaf IdentityNumericLeaf for scope=[1] (in 0.00581 secs)
2020-12-10 01:29:21,751 [DEBUG]  OP: Operation.CREATE_LEAF on slice (123669, 1) (remaining tasks 1)
2020-12-10 01:29:21,771 [DEBUG]  		 created leaf IdentityNumericLeaf for scope=[0] (in 0.02025 secs)
2020-12-10 01:29:21,803 [DEBUG]  OP: Operation.SPLIT_ROWS on slice (194980, 2) (remaining tasks 0)
2020-12-10 01:29:22,829 [DEBUG]  		found 2 row clusters (in 1.02148 secs)
2020-12-10 01:29:22,857 [DEBUG]  OP: Operation.SPLIT_COLUMNS on slice (35694, 2) (remaining tasks 1)
2020-12-10 01:29:22,915 [DEBUG]  		found 2 col clusters (in 0.05240 secs)
2020-12-10 01:29:22,931 [DEBUG]  OP: Operation.SPLIT_COLUMNS on slice (159286, 2) (remaining tasks 2)
2020-12-10 01:29:23,019 [DEBUG]  		found 1 col clusters (in 0.08807 secs)
2020-12-10 01:29:23,020 [DEBUG]  OP: Operation.CREATE_LEAF on slice (35694, 1) (remaining tasks 2)
2020-12-10 01:29:23,042 [DEBUG]  		 created leaf IdentityNumericLeaf for scope=[0] (in 0.02197 secs)
2020-12-10 01:29:23,048 [DEBUG]  OP: Operation.CREATE_LEAF on slice (35694, 1) (remaining tasks 1)
2020-12-10 01:29:23,052 [DEBUG]  		 created leaf IdentityNumericLeaf for scope=[1] (in 0.00103 secs)
2020-12-10 01:29:23,094 [DEBUG]  OP: Operation.SPLIT_ROWS on slice (159286, 2) (remaining tasks 0)
2020-12-10 01:29:23,907 [DEBUG]  		found 2 row clusters (in 0.80469 secs)
2020-12-10 01:29:23,916 [DEBUG]  OP: Operation.SPLIT_COLUMNS on slice (88560, 2) (remaining tasks 1)
2020-12-10 01:29:24,099 [DEBUG]  		found 1 col clusters (in 0.18331 secs)
2020-12-10 01:29:24,106 [DEBUG]  OP: Operation.REMOVE_UNINFORMATIVE_FEATURES on slice (70726, 2) (remaining tasks 1)
2020-12-10 01:29:24,116 [DEBUG]  OP: Operation.SPLIT_ROWS on slice (88560, 2) (remaining tasks 2)
2020-12-10 01:29:24,762 [DEBUG]  		found 2 row clusters (in 0.64229 secs)
2020-12-10 01:29:24,762 [DEBUG]  OP: Operation.CREATE_LEAF on slice (70726, 1) (remaining tasks 3)
2020-12-10 01:29:24,763 [DEBUG]  		 created leaf IdentityNumericLeaf for scope=[1] (in 0.00111 secs)
2020-12-10 01:29:24,763 [DEBUG]  OP: Operation.CREATE_LEAF on slice (70726, 1) (remaining tasks 2)
2020-12-10 01:29:24,767 [DEBUG]  		 created leaf IdentityNumericLeaf for scope=[0] (in 0.00413 secs)
2020-12-10 01:29:24,769 [DEBUG]  OP: Operation.REMOVE_UNINFORMATIVE_FEATURES on slice (34208, 2) (remaining tasks 1)
2020-12-10 01:29:24,772 [DEBUG]  OP: Operation.SPLIT_COLUMNS on slice (54352, 2) (remaining tasks 2)
2020-12-10 01:29:24,857 [DEBUG]  		found 1 col clusters (in 0.08472 secs)
2020-12-10 01:29:24,858 [DEBUG]  OP: Operation.CREATE_LEAF on slice (34208, 1) (remaining tasks 2)
2020-12-10 01:29:24,859 [DEBUG]  		 created leaf IdentityNumericLeaf for scope=[1] (in 0.00086 secs)
2020-12-10 01:29:24,859 [DEBUG]  OP: Operation.CREATE_LEAF on slice (34208, 1) (remaining tasks 1)
2020-12-10 01:29:24,862 [DEBUG]  		 created leaf IdentityNumericLeaf for scope=[0] (in 0.00284 secs)
2020-12-10 01:29:24,866 [DEBUG]  OP: Operation.SPLIT_ROWS on slice (54352, 2) (remaining tasks 0)
2020-12-10 01:29:25,482 [DEBUG]  		found 2 row clusters (in 0.61503 secs)
2020-12-10 01:29:25,489 [DEBUG]  OP: Operation.SPLIT_COLUMNS on slice (47020, 2) (remaining tasks 1)
2020-12-10 01:29:25,576 [DEBUG]  		found 2 col clusters (in 0.08415 secs)
2020-12-10 01:29:25,578 [DEBUG]  OP: Operation.NAIVE_FACTORIZATION on slice (7332, 2) (remaining tasks 2)
2020-12-10 01:29:25,610 [DEBUG]  		naive factorization 2 columns (in 0.03063 secs)
2020-12-10 01:29:25,614 [DEBUG]  OP: Operation.CREATE_LEAF on slice (47020, 1) (remaining tasks 1)
2020-12-10 01:29:25,620 [DEBUG]  		 created leaf IdentityNumericLeaf for scope=[0] (in 0.00323 secs)
2020-12-10 01:29:25,624 [DEBUG]  OP: Operation.CREATE_LEAF on slice (47020, 1) (remaining tasks 0)
2020-12-10 01:29:25,629 [DEBUG]  		 created leaf IdentityNumericLeaf for scope=[1] (in 0.00131 secs)
2020-12-10 01:29:29,504 [DEBUG]  Built SPN in 13.783305127173662 sec
2020-12-10 01:29:29,505 [INFO ]  Saving ensemble to ../imdb-benchmark/spn_ensembles/ensemble_single_imdb-light_10000000.pkl
