2020-12-18 18:43:32,685 [INFO ]  maqp(evaluate_cardinalities: database_name=imdb, target_path=./baselines/cardinality_estimation/results/deepDB/imdb_ranges_model_based_budget_5.csv)
2020-12-18 18:43:33,288 [DEBUG]  Including SPN with table_set {'movie_info', 'movie_companies', 'title'} with sampling ratio(1000000 / 67371414)
2020-12-18 18:43:33,288 [DEBUG]  Including SPN with table_set {'movie_info', 'movie_keyword', 'title'} with sampling ratio(1000000 / 235420417)
2020-12-18 18:43:33,288 [DEBUG]  Including SPN with table_set {'movie_keyword', 'title', 'movie_info_idx'} with sampling ratio(1000000 / 10424626)
2020-12-18 18:43:33,288 [DEBUG]  Including SPN with table_set {'movie_keyword', 'title'} with sampling ratio(6575448 / 4523930)
2020-12-18 18:43:33,289 [DEBUG]  Including SPN with table_set {'movie_companies', 'title'} with sampling ratio(4050205 / 2609129)
2020-12-18 18:43:33,289 [DEBUG]  Including SPN with table_set {'movie_info', 'title'} with sampling ratio(10000000 / 14835720)
2020-12-18 18:43:33,289 [DEBUG]  Including SPN with table_set {'cast_info'} with sampling ratio(10000000 / 36244344)
2020-12-18 18:43:33,289 [DEBUG]  Including SPN with table_set {'movie_info_idx'} with sampling ratio(1380035 / 1380035)
2020-12-18 18:43:33,289 [DEBUG]  Predicting cardinality for query 0: SELECT COUNT(*) FROM movie_companies mc, movie_info_idx mi_idx, title t WHERE t.id=mc.movie_id AND t.id=mi_idx.movie_id AND t.kind_id=2 AND t.series_years>=1341 AND t.production_year<=2004.0;
2020-12-18 18:43:33,321 [DEBUG]  		Latency: 25.07ms
2020-12-18 18:43:33,321 [DEBUG]  		True: 715
2020-12-18 18:43:33,321 [DEBUG]  		Predicted: 2710.468487645316
2020-12-18 18:43:33,321 [DEBUG]  Q-Error was: 3.790865017685757
2020-12-18 18:43:33,321 [DEBUG]  Predicting cardinality for query 1: SELECT COUNT(*) FROM movie_companies mc, movie_info_idx mi_idx, title t WHERE t.id=mc.movie_id AND t.id=mi_idx.movie_id AND t.phonetic_code=16774 AND mc.company_type_id=1 AND mi_idx.info_type_id=101 AND t.kind_id=1;
2020-12-18 18:43:33,351 [DEBUG]  		Latency: 23.98ms
2020-12-18 18:43:33,351 [DEBUG]  		True: 9
2020-12-18 18:43:33,351 [DEBUG]  		Predicted: 48.403339704872366
2020-12-18 18:43:33,351 [DEBUG]  Q-Error was: 5.37814885609693
2020-12-18 18:43:33,351 [DEBUG]  Predicting cardinality for query 2: SELECT COUNT(*) FROM movie_companies mc, movie_info_idx mi_idx, title t WHERE t.id=mc.movie_id AND t.id=mi_idx.movie_id AND t.kind_id=4 AND t.phonetic_code<=16925 AND mc.company_type_id=1 AND t.production_year>=1987.0;
2020-12-18 18:43:33,383 [DEBUG]  		Latency: 26.30ms
2020-12-18 18:43:33,384 [DEBUG]  		True: 47
2020-12-18 18:43:33,384 [DEBUG]  		Predicted: 40958.1613842907
2020-12-18 18:43:33,384 [DEBUG]  Q-Error was: 871.4502422189511
2020-12-18 18:43:33,384 [DEBUG]  Predicting cardinality for query 3: SELECT COUNT(*) FROM movie_companies mc, movie_info_idx mi_idx, title t WHERE t.id=mc.movie_id AND t.id=mi_idx.movie_id AND t.production_year<=2012.0 AND t.season_nr=2.0 AND t.episode_nr>=8.0 AND t.phonetic_code>=12168 AND mi_idx.info_type_id=101 AND mc.company_type_id=1;
2020-12-18 18:43:33,421 [DEBUG]  		Latency: 30.70ms
2020-12-18 18:43:33,421 [DEBUG]  		True: 16
2020-12-18 18:43:33,421 [DEBUG]  		Predicted: 2298.3870448961748
2020-12-18 18:43:33,421 [DEBUG]  Q-Error was: 143.64919030601092
2020-12-18 18:43:33,421 [DEBUG]  Predicting cardinality for query 4: SELECT COUNT(*) FROM movie_companies mc, movie_info_idx mi_idx, title t WHERE t.id=mc.movie_id AND t.id=mi_idx.movie_id AND t.production_year>=1983.0 AND t.episode_nr<=22.0 AND t.season_nr>=7.0;
2020-12-18 18:43:33,450 [DEBUG]  		Latency: 23.32ms
2020-12-18 18:43:33,450 [DEBUG]  		True: 148552
2020-12-18 18:43:33,450 [DEBUG]  		Predicted: 43538.68003795641
2020-12-18 18:43:33,450 [DEBUG]  Q-Error was: 3.411954608419329
2020-12-18 18:43:33,450 [DEBUG]  Predicting cardinality for query 5: SELECT COUNT(*) FROM movie_companies mc, movie_info_idx mi_idx, title t WHERE t.id=mc.movie_id AND t.id=mi_idx.movie_id AND t.production_year>=1956.0 AND mc.company_type_id=2 AND mi_idx.info_type_id=101 AND t.kind_id=1;
2020-12-18 18:43:33,483 [DEBUG]  		Latency: 26.67ms
2020-12-18 18:43:33,483 [DEBUG]  		True: 62682311
2020-12-18 18:43:33,483 [DEBUG]  		Predicted: 171528.01746994973
2020-12-18 18:43:33,483 [DEBUG]  Q-Error was: 365.4348247275779
2020-12-18 18:43:33,483 [DEBUG]  Predicting cardinality for query 6: SELECT COUNT(*) FROM movie_companies mc, movie_info_idx mi_idx, title t WHERE t.id=mc.movie_id AND t.id=mi_idx.movie_id AND t.production_year<=2002.0 AND t.kind_id=1 AND mc.company_type_id=1 AND mi_idx.info_type_id=101 AND t.phonetic_code<=18966;
2020-12-18 18:43:33,516 [DEBUG]  		Latency: 27.39ms
2020-12-18 18:43:33,517 [DEBUG]  		True: 11990578
2020-12-18 18:43:33,517 [DEBUG]  		Predicted: 119319.47987022904
2020-12-18 18:43:33,517 [DEBUG]  Q-Error was: 100.49137000128447
2020-12-18 18:43:33,517 [DEBUG]  Predicting cardinality for query 7: SELECT COUNT(*) FROM movie_companies mc, movie_info_idx mi_idx, title t WHERE t.id=mc.movie_id AND t.id=mi_idx.movie_id AND t.phonetic_code<=7355 AND t.kind_id=1 AND t.production_year<=1917.0 AND mi_idx.info_type_id=100 AND mc.company_type_id=1;
2020-12-18 18:43:33,550 [DEBUG]  		Latency: 26.76ms
2020-12-18 18:43:33,550 [DEBUG]  		True: 157041640
2020-12-18 18:43:33,550 [DEBUG]  		Predicted: 1835.4045256507472
2020-12-18 18:43:33,550 [DEBUG]  Q-Error was: 85562.41297504728
2020-12-18 18:43:33,550 [DEBUG]  Predicting cardinality for query 8: SELECT COUNT(*) FROM movie_companies mc, movie_info_idx mi_idx, title t WHERE t.id=mc.movie_id AND t.id=mi_idx.movie_id AND mc.company_type_id=1 AND t.production_year=2005.0 AND t.phonetic_code>=1346 AND t.kind_id=1;
2020-12-18 18:43:33,581 [DEBUG]  		Latency: 25.59ms
2020-12-18 18:43:33,581 [DEBUG]  		True: 850677
2020-12-18 18:43:33,581 [DEBUG]  		Predicted: 21277.593398745386
2020-12-18 18:43:33,581 [DEBUG]  Q-Error was: 39.97994435076287
2020-12-18 18:43:33,582 [DEBUG]  Predicting cardinality for query 9: SELECT COUNT(*) FROM movie_companies mc, movie_info_idx mi_idx, title t WHERE t.id=mc.movie_id AND t.id=mi_idx.movie_id AND mc.company_type_id=1 AND t.kind_id=1 AND t.phonetic_code<=5575 AND mi_idx.info_type_id=99;
2020-12-18 18:43:33,610 [DEBUG]  		Latency: 23.02ms
2020-12-18 18:43:33,610 [DEBUG]  		True: 179616
2020-12-18 18:43:33,610 [DEBUG]  		Predicted: 62315.945799871115
2020-12-18 18:43:33,610 [DEBUG]  Q-Error was: 2.882344120666006
2020-12-18 18:43:33,610 [DEBUG]  Predicting cardinality for query 10: SELECT COUNT(*) FROM movie_companies mc, movie_info_idx mi_idx, title t WHERE t.id=mc.movie_id AND t.id=mi_idx.movie_id AND t.kind_id=3 AND mc.company_type_id=2 AND mi_idx.info_type_id=99 AND t.production_year>=1974.0;
2020-12-18 18:43:33,643 [DEBUG]  		Latency: 26.42ms
2020-12-18 18:43:33,643 [DEBUG]  		True: 2031666
2020-12-18 18:43:33,643 [DEBUG]  		Predicted: 21742.35089207277
2020-12-18 18:43:33,643 [DEBUG]  Q-Error was: 93.44279328785659
2020-12-18 18:43:33,643 [DEBUG]  Predicting cardinality for query 11: SELECT COUNT(*) FROM movie_companies mc, movie_info_idx mi_idx, title t WHERE t.id=mc.movie_id AND t.id=mi_idx.movie_id AND t.phonetic_code=13483 AND t.production_year<=2003.0 AND mi_idx.info_type_id=100;
2020-12-18 18:43:33,674 [DEBUG]  		Latency: 25.38ms
2020-12-18 18:43:33,674 [DEBUG]  		True: 6333736
2020-12-18 18:43:33,674 [DEBUG]  		Predicted: 831.5089882935911
2020-12-18 18:43:33,674 [DEBUG]  Q-Error was: 7617.158791028811
2020-12-18 18:43:33,674 [DEBUG]  Predicting cardinality for query 12: SELECT COUNT(*) FROM movie_companies mc, movie_info_idx mi_idx, title t WHERE t.id=mc.movie_id AND t.id=mi_idx.movie_id AND t.production_year=2005.0 AND mc.company_type_id=1 AND t.phonetic_code=1441 AND t.kind_id=1 AND mi_idx.info_type_id=100;
2020-12-18 18:43:33,708 [DEBUG]  		Latency: 28.45ms
2020-12-18 18:43:33,709 [DEBUG]  		True: 1931628
2020-12-18 18:43:33,709 [DEBUG]  		Predicted: 1.0
2020-12-18 18:43:33,709 [DEBUG]  Q-Error was: 1931628.0
2020-12-18 18:43:33,709 [DEBUG]  Predicting cardinality for query 13: SELECT COUNT(*) FROM movie_companies mc, movie_info_idx mi_idx, title t WHERE t.id=mc.movie_id AND t.id=mi_idx.movie_id AND mi_idx.info_type_id=101 AND t.production_year=1988.0 AND t.phonetic_code<=18361 AND t.kind_id=3 AND mc.company_type_id=1;
2020-12-18 18:43:33,742 [DEBUG]  		Latency: 27.69ms
2020-12-18 18:43:33,743 [DEBUG]  		True: 12738520
2020-12-18 18:43:33,743 [DEBUG]  		Predicted: 337.510434494123
2020-12-18 18:43:33,743 [DEBUG]  Q-Error was: 37742.596074379486
2020-12-18 18:43:33,743 [DEBUG]  Predicting cardinality for query 14: SELECT COUNT(*) FROM movie_companies mc, movie_info_idx mi_idx, title t WHERE t.id=mc.movie_id AND t.id=mi_idx.movie_id AND t.season_nr<=1.0 AND t.production_year<=2008.0 AND mi_idx.info_type_id=100;
2020-12-18 18:43:33,776 [DEBUG]  		Latency: 27.81ms
2020-12-18 18:43:33,776 [DEBUG]  		True: 1224
2020-12-18 18:43:33,776 [DEBUG]  		Predicted: 43493.45904271019
2020-12-18 18:43:33,776 [DEBUG]  Q-Error was: 35.533871766920086
2020-12-18 18:43:33,777 [DEBUG]  Predicting cardinality for query 15: SELECT COUNT(*) FROM movie_companies mc, movie_info_idx mi_idx, title t WHERE t.id=mc.movie_id AND t.id=mi_idx.movie_id AND mc.company_type_id=2 AND mi_idx.info_type_id=99 AND t.kind_id=1 AND t.production_year>=1999.0;
2020-12-18 18:43:33,816 [DEBUG]  		Latency: 30.33ms
2020-12-18 18:43:33,817 [DEBUG]  		True: 13221
2020-12-18 18:43:33,817 [DEBUG]  		Predicted: 105450.31127302087
2020-12-18 18:43:33,817 [DEBUG]  Q-Error was: 7.975970900311691
2020-12-18 18:43:33,817 [DEBUG]  Predicting cardinality for query 16: SELECT COUNT(*) FROM movie_companies mc, movie_info_idx mi_idx, title t WHERE t.id=mc.movie_id AND t.id=mi_idx.movie_id AND t.production_year=1924.0 AND mi_idx.info_type_id=101 AND mc.company_type_id=1 AND t.phonetic_code>=9895;
2020-12-18 18:43:33,846 [DEBUG]  		Latency: 23.64ms
2020-12-18 18:43:33,846 [DEBUG]  		True: 33
2020-12-18 18:43:33,846 [DEBUG]  		Predicted: 269.7874017279804
2020-12-18 18:43:33,846 [DEBUG]  Q-Error was: 8.1753758099388
2020-12-18 18:43:33,846 [DEBUG]  Predicting cardinality for query 17: SELECT COUNT(*) FROM movie_companies mc, movie_info_idx mi_idx, title t WHERE t.id=mc.movie_id AND t.id=mi_idx.movie_id AND t.phonetic_code>=1257 AND t.production_year=1933.0 AND mi_idx.info_type_id=99 AND mc.company_type_id=1 AND t.kind_id=1;
2020-12-18 18:43:33,880 [DEBUG]  		Latency: 28.26ms
2020-12-18 18:43:33,880 [DEBUG]  		True: 1224
2020-12-18 18:43:33,881 [DEBUG]  		Predicted: 724.9505388578305
2020-12-18 18:43:33,881 [DEBUG]  Q-Error was: 1.6883910479305648
2020-12-18 18:43:33,881 [DEBUG]  Predicting cardinality for query 18: SELECT COUNT(*) FROM movie_companies mc, movie_info_idx mi_idx, title t WHERE t.id=mc.movie_id AND t.id=mi_idx.movie_id AND mi_idx.info_type_id=100 AND t.phonetic_code>=17192 AND mc.company_type_id=2 AND t.production_year<=2007.0 AND t.kind_id=1;
2020-12-18 18:43:33,916 [DEBUG]  		Latency: 29.01ms
2020-12-18 18:43:33,916 [DEBUG]  		True: 114182642
2020-12-18 18:43:33,916 [DEBUG]  		Predicted: 24508.715327974744
2020-12-18 18:43:33,916 [DEBUG]  Q-Error was: 4658.858715033081
2020-12-18 18:43:33,916 [DEBUG]  Predicting cardinality for query 19: SELECT COUNT(*) FROM movie_companies mc, movie_info_idx mi_idx, title t WHERE t.id=mc.movie_id AND t.id=mi_idx.movie_id AND t.episode_nr=5.0 AND t.kind_id=7 AND mc.company_type_id=1 AND t.phonetic_code<=6519;
2020-12-18 18:43:33,947 [DEBUG]  		Latency: 25.27ms
2020-12-18 18:43:33,947 [DEBUG]  		True: 4533382
2020-12-18 18:43:33,947 [DEBUG]  		Predicted: 5489.709633056717
2020-12-18 18:43:33,947 [DEBUG]  Q-Error was: 825.7963176598421
2020-12-18 18:43:33,947 [DEBUG]  Predicting cardinality for query 20: SELECT COUNT(*) FROM movie_companies mc, movie_info_idx mi_idx, title t WHERE t.id=mc.movie_id AND t.id=mi_idx.movie_id AND t.phonetic_code<=1778 AND mi_idx.info_type_id=100 AND t.production_year>=2010.0 AND t.kind_id=1 AND mc.company_type_id=2;
2020-12-18 18:43:33,983 [DEBUG]  		Latency: 29.37ms
2020-12-18 18:43:33,983 [DEBUG]  		True: 695701
2020-12-18 18:43:33,983 [DEBUG]  		Predicted: 3100.3614560165665
2020-12-18 18:43:33,983 [DEBUG]  Q-Error was: 224.39351342403046
2020-12-18 18:43:33,983 [DEBUG]  Predicting cardinality for query 21: SELECT COUNT(*) FROM movie_companies mc, movie_info_idx mi_idx, title t WHERE t.id=mc.movie_id AND t.id=mi_idx.movie_id AND t.phonetic_code>=17693 AND mc.company_type_id=2 AND t.production_year=1980.0 AND t.kind_id=1;
2020-12-18 18:43:34,014 [DEBUG]  		Latency: 25.79ms
2020-12-18 18:43:34,015 [DEBUG]  		True: 21454165
2020-12-18 18:43:34,015 [DEBUG]  		Predicted: 626.687568601605
2020-12-18 18:43:34,015 [DEBUG]  Q-Error was: 34234.22782722972
2020-12-18 18:43:34,015 [DEBUG]  Predicting cardinality for query 22: SELECT COUNT(*) FROM movie_companies mc, movie_info_idx mi_idx, title t WHERE t.id=mc.movie_id AND t.id=mi_idx.movie_id AND t.production_year=2002.0 AND t.kind_id=1 AND mi_idx.info_type_id=99 AND mc.company_type_id=1;
2020-12-18 18:43:34,049 [DEBUG]  		Latency: 28.41ms
2020-12-18 18:43:34,049 [DEBUG]  		True: 13355828
2020-12-18 18:43:34,049 [DEBUG]  		Predicted: 5400.479363053544
2020-12-18 18:43:34,049 [DEBUG]  Q-Error was: 2473.081943682928
2020-12-18 18:43:34,049 [DEBUG]  Predicting cardinality for query 23: SELECT COUNT(*) FROM movie_companies mc, movie_info_idx mi_idx, title t WHERE t.id=mc.movie_id AND t.id=mi_idx.movie_id AND mc.company_type_id=1 AND t.production_year>=2004.0 AND mi_idx.info_type_id=100 AND t.kind_id=1;
2020-12-18 18:43:34,083 [DEBUG]  		Latency: 28.05ms
2020-12-18 18:43:34,083 [DEBUG]  		True: 4450853
2020-12-18 18:43:34,083 [DEBUG]  		Predicted: 69840.64703053144
2020-12-18 18:43:34,084 [DEBUG]  Q-Error was: 63.72869080170851
2020-12-18 18:43:34,084 [DEBUG]  Predicting cardinality for query 24: SELECT COUNT(*) FROM movie_companies mc, movie_info_idx mi_idx, title t WHERE t.id=mc.movie_id AND t.id=mi_idx.movie_id AND mc.company_type_id=1 AND t.production_year<=2005.0 AND t.phonetic_code=17291 AND t.kind_id=4 AND mi_idx.info_type_id=99;
2020-12-18 18:43:34,118 [DEBUG]  		Latency: 28.42ms
2020-12-18 18:43:34,118 [DEBUG]  		True: 794591
2020-12-18 18:43:34,118 [DEBUG]  		Predicted: 1.0
2020-12-18 18:43:34,118 [DEBUG]  Q-Error was: 794591.0
2020-12-18 18:43:34,118 [DEBUG]  Predicting cardinality for query 25: SELECT COUNT(*) FROM movie_companies mc, movie_info_idx mi_idx, title t WHERE t.id=mc.movie_id AND t.id=mi_idx.movie_id AND t.kind_id=3 AND t.phonetic_code=17637 AND mi_idx.info_type_id=99 AND t.production_year=1992.0;
2020-12-18 18:43:34,156 [DEBUG]  		Latency: 31.74ms
2020-12-18 18:43:34,156 [DEBUG]  		True: 4893440
2020-12-18 18:43:34,156 [DEBUG]  		Predicted: 831.5089882935911
2020-12-18 18:43:34,156 [DEBUG]  Q-Error was: 5885.011549955986
2020-12-18 18:43:34,156 [DEBUG]  Predicting cardinality for query 26: SELECT COUNT(*) FROM movie_companies mc, movie_info_idx mi_idx, title t WHERE t.id=mc.movie_id AND t.id=mi_idx.movie_id AND t.phonetic_code=8133 AND t.kind_id=1 AND t.production_year<=1957.0;
2020-12-18 18:43:34,183 [DEBUG]  		Latency: 21.94ms
2020-12-18 18:43:34,184 [DEBUG]  		True: 1381288
2020-12-18 18:43:34,184 [DEBUG]  		Predicted: 1.0
2020-12-18 18:43:34,184 [DEBUG]  Q-Error was: 1381288.0
2020-12-18 18:43:34,184 [DEBUG]  Predicting cardinality for query 27: SELECT COUNT(*) FROM movie_companies mc, movie_info_idx mi_idx, title t WHERE t.id=mc.movie_id AND t.id=mi_idx.movie_id AND t.production_year=1975.0 AND t.kind_id=1 AND t.phonetic_code=5506 AND mc.company_type_id=1 AND mi_idx.info_type_id=100;
2020-12-18 18:43:34,222 [DEBUG]  		Latency: 32.12ms
2020-12-18 18:43:34,222 [DEBUG]  		True: 8720023
2020-12-18 18:43:34,222 [DEBUG]  		Predicted: 1.0715640319440622
2020-12-18 18:43:34,222 [DEBUG]  Q-Error was: 8137659.290579102
2020-12-18 18:43:34,222 [DEBUG]  Predicting cardinality for query 28: SELECT COUNT(*) FROM movie_companies mc, movie_info_idx mi_idx, title t WHERE t.id=mc.movie_id AND t.id=mi_idx.movie_id AND t.kind_id=1 AND mc.company_type_id=1 AND mi_idx.info_type_id=100 AND t.production_year=2007.0 AND t.phonetic_code>=3139;
2020-12-18 18:43:34,256 [DEBUG]  		Latency: 28.51ms
2020-12-18 18:43:34,257 [DEBUG]  		True: 2873214
2020-12-18 18:43:34,257 [DEBUG]  		Predicted: 6064.794773884008
2020-12-18 18:43:34,257 [DEBUG]  Q-Error was: 473.7528815274223
2020-12-18 18:43:34,257 [DEBUG]  Predicting cardinality for query 29: SELECT COUNT(*) FROM movie_companies mc, movie_info_idx mi_idx, title t WHERE t.id=mc.movie_id AND t.id=mi_idx.movie_id AND mi_idx.info_type_id=99 AND t.kind_id=3 AND mc.company_type_id=2 AND t.phonetic_code>=16731 AND t.production_year=1978.0;
2020-12-18 18:43:34,290 [DEBUG]  		Latency: 27.14ms
2020-12-18 18:43:34,290 [DEBUG]  		True: 56965403
2020-12-18 18:43:34,290 [DEBUG]  		Predicted: 45.09607053363047
2020-12-18 18:43:34,290 [DEBUG]  Q-Error was: 1263201.0356094765
2020-12-18 18:43:34,290 [DEBUG]  Predicting cardinality for query 30: SELECT COUNT(*) FROM movie_companies mc, movie_info_idx mi_idx, title t WHERE t.id=mc.movie_id AND t.id=mi_idx.movie_id AND t.production_year<=1969.0 AND t.kind_id=7 AND mc.company_type_id=2 AND t.phonetic_code>=10280 AND t.season_nr>=1.0;
2020-12-18 18:43:34,323 [DEBUG]  		Latency: 27.08ms
2020-12-18 18:43:34,323 [DEBUG]  		True: 7153
2020-12-18 18:43:34,323 [DEBUG]  		Predicted: 15565.001479137158
2020-12-18 18:43:34,323 [DEBUG]  Q-Error was: 2.176010272492263
2020-12-18 18:43:34,323 [DEBUG]  Predicting cardinality for query 31: SELECT COUNT(*) FROM movie_companies mc, movie_info_idx mi_idx, title t WHERE t.id=mc.movie_id AND t.id=mi_idx.movie_id AND t.production_year=1970.0 AND mc.company_type_id=2 AND t.kind_id=1 AND t.phonetic_code>=12936;
2020-12-18 18:43:34,354 [DEBUG]  		Latency: 25.03ms
2020-12-18 18:43:34,354 [DEBUG]  		True: 14102
2020-12-18 18:43:34,354 [DEBUG]  		Predicted: 1754.3371007997705
2020-12-18 18:43:34,354 [DEBUG]  Q-Error was: 8.038363888884955
2020-12-18 18:43:34,354 [DEBUG]  Predicting cardinality for query 32: SELECT COUNT(*) FROM movie_companies mc, movie_info_idx mi_idx, title t WHERE t.id=mc.movie_id AND t.id=mi_idx.movie_id AND mc.company_type_id=2 AND t.kind_id=2 AND t.series_years>=1288;
2020-12-18 18:43:34,379 [DEBUG]  		Latency: 19.55ms
2020-12-18 18:43:34,379 [DEBUG]  		True: 31339132
2020-12-18 18:43:34,379 [DEBUG]  		Predicted: 2752.5483436469617
2020-12-18 18:43:34,380 [DEBUG]  Q-Error was: 11385.497396379069
2020-12-18 18:43:34,380 [DEBUG]  Predicting cardinality for query 33: SELECT COUNT(*) FROM movie_companies mc, movie_info_idx mi_idx, title t WHERE t.id=mc.movie_id AND t.id=mi_idx.movie_id AND t.production_year<=2008.0 AND t.phonetic_code<=12266 AND t.kind_id=3;
2020-12-18 18:43:34,408 [DEBUG]  		Latency: 22.49ms
2020-12-18 18:43:34,408 [DEBUG]  		True: 75440
2020-12-18 18:43:34,408 [DEBUG]  		Predicted: 101115.81424748382
2020-12-18 18:43:34,408 [DEBUG]  Q-Error was: 1.3403474847227441
2020-12-18 18:43:34,408 [DEBUG]  Predicting cardinality for query 34: SELECT COUNT(*) FROM movie_companies mc, movie_info_idx mi_idx, title t WHERE t.id=mc.movie_id AND t.id=mi_idx.movie_id AND mi_idx.info_type_id=99 AND t.kind_id=1 AND mc.company_type_id=1 AND t.phonetic_code>=16543;
2020-12-18 18:43:34,436 [DEBUG]  		Latency: 22.63ms
2020-12-18 18:43:34,436 [DEBUG]  		True: 72
2020-12-18 18:43:34,436 [DEBUG]  		Predicted: 47687.97251874447
2020-12-18 18:43:34,436 [DEBUG]  Q-Error was: 662.3329516492288
2020-12-18 18:43:34,436 [DEBUG]  Predicting cardinality for query 35: SELECT COUNT(*) FROM movie_companies mc, movie_info_idx mi_idx, title t WHERE t.id=mc.movie_id AND t.id=mi_idx.movie_id AND mc.company_type_id=2 AND t.kind_id=2 AND t.production_year=2004.0 AND mi_idx.info_type_id=99 AND t.series_years>=1347 AND t.phonetic_code>=5790;
2020-12-18 18:43:34,470 [DEBUG]  		Latency: 27.94ms
2020-12-18 18:43:34,471 [DEBUG]  		True: 305691
2020-12-18 18:43:34,471 [DEBUG]  		Predicted: 14.45893866702125
2020-12-18 18:43:34,471 [DEBUG]  Q-Error was: 21142.008209581592
2020-12-18 18:43:34,471 [DEBUG]  Predicting cardinality for query 36: SELECT COUNT(*) FROM movie_companies mc, movie_info_idx mi_idx, title t WHERE t.id=mc.movie_id AND t.id=mi_idx.movie_id AND mc.company_type_id=2 AND t.series_years<=1347 AND t.phonetic_code>=14072;
2020-12-18 18:43:34,491 [DEBUG]  		Latency: 14.79ms
2020-12-18 18:43:34,491 [DEBUG]  		True: 1919495
2020-12-18 18:43:34,491 [DEBUG]  		Predicted: 11927.271304724818
2020-12-18 18:43:34,491 [DEBUG]  Q-Error was: 160.9332890113449
2020-12-18 18:43:34,491 [DEBUG]  Predicting cardinality for query 37: SELECT COUNT(*) FROM movie_companies mc, movie_info_idx mi_idx, title t WHERE t.id=mc.movie_id AND t.id=mi_idx.movie_id AND t.episode_nr=1.0 AND t.phonetic_code<=13392 AND mi_idx.info_type_id=99 AND mc.company_type_id=1 AND t.season_nr>=1.0 AND t.kind_id=7;
2020-12-18 18:43:34,527 [DEBUG]  		Latency: 30.10ms
2020-12-18 18:43:34,528 [DEBUG]  		True: 150780
2020-12-18 18:43:34,528 [DEBUG]  		Predicted: 3219.0620010327752
2020-12-18 18:43:34,528 [DEBUG]  Q-Error was: 46.8397315589526
2020-12-18 18:43:34,528 [DEBUG]  Predicting cardinality for query 38: SELECT COUNT(*) FROM movie_companies mc, movie_info_idx mi_idx, title t WHERE t.id=mc.movie_id AND t.id=mi_idx.movie_id AND mc.company_type_id=1 AND mi_idx.info_type_id=100 AND t.kind_id=1 AND t.phonetic_code<=11790;
2020-12-18 18:43:34,556 [DEBUG]  		Latency: 22.60ms
2020-12-18 18:43:34,556 [DEBUG]  		True: 3243247
2020-12-18 18:43:34,556 [DEBUG]  		Predicted: 122530.78871431634
2020-12-18 18:43:34,556 [DEBUG]  Q-Error was: 26.468833131905427
2020-12-18 18:43:34,556 [DEBUG]  Predicting cardinality for query 39: SELECT COUNT(*) FROM movie_companies mc, movie_info_idx mi_idx, title t WHERE t.id=mc.movie_id AND t.id=mi_idx.movie_id AND mc.company_type_id=1 AND t.kind_id=1 AND t.phonetic_code>=9434 AND t.production_year>=1981.0 AND mi_idx.info_type_id=101;
2020-12-18 18:43:34,590 [DEBUG]  		Latency: 27.69ms
2020-12-18 18:43:34,590 [DEBUG]  		True: 1043763
2020-12-18 18:43:34,590 [DEBUG]  		Predicted: 77192.55165062075
2020-12-18 18:43:34,590 [DEBUG]  Q-Error was: 13.521550689555506
2020-12-18 18:43:34,590 [DEBUG]  Predicting cardinality for query 40: SELECT COUNT(*) FROM movie_companies mc, movie_info_idx mi_idx, title t WHERE t.id=mc.movie_id AND t.id=mi_idx.movie_id AND t.production_year<=1997.0 AND t.kind_id=1 AND t.phonetic_code>=6596 AND mi_idx.info_type_id=100 AND mc.company_type_id=1;
2020-12-18 18:43:34,623 [DEBUG]  		Latency: 27.62ms
2020-12-18 18:43:34,624 [DEBUG]  		True: 512575801
2020-12-18 18:43:34,624 [DEBUG]  		Predicted: 70502.64603422595
2020-12-18 18:43:34,624 [DEBUG]  Q-Error was: 7270.305865558108
2020-12-18 18:43:34,624 [DEBUG]  Predicting cardinality for query 41: SELECT COUNT(*) FROM movie_companies mc, movie_info_idx mi_idx, title t WHERE t.id=mc.movie_id AND t.id=mi_idx.movie_id AND t.kind_id=2 AND mi_idx.info_type_id=100 AND mc.company_type_id=1;
2020-12-18 18:43:34,651 [DEBUG]  		Latency: 21.56ms
2020-12-18 18:43:34,651 [DEBUG]  		True: 206778521
2020-12-18 18:43:34,651 [DEBUG]  		Predicted: 30142.038070305633
2020-12-18 18:43:34,651 [DEBUG]  Q-Error was: 6860.137344319375
2020-12-18 18:43:34,651 [DEBUG]  Predicting cardinality for query 42: SELECT COUNT(*) FROM movie_companies mc, movie_info_idx mi_idx, title t WHERE t.id=mc.movie_id AND t.id=mi_idx.movie_id AND t.phonetic_code>=17851 AND t.kind_id=1 AND mi_idx.info_type_id=101 AND t.production_year>=2005.0 AND mc.company_type_id=2;
2020-12-18 18:43:34,684 [DEBUG]  		Latency: 27.07ms
2020-12-18 18:43:34,684 [DEBUG]  		True: 625302823
2020-12-18 18:43:34,684 [DEBUG]  		Predicted: 9453.178431148515
2020-12-18 18:43:34,684 [DEBUG]  Q-Error was: 66147.36276844282
2020-12-18 18:43:34,684 [DEBUG]  Predicting cardinality for query 43: SELECT COUNT(*) FROM movie_companies mc, movie_info_idx mi_idx, title t WHERE t.id=mc.movie_id AND t.id=mi_idx.movie_id AND mc.company_type_id=1 AND t.production_year>=1979.0 AND t.kind_id=1 AND mi_idx.info_type_id=101;
2020-12-18 18:43:34,717 [DEBUG]  		Latency: 27.34ms
2020-12-18 18:43:34,717 [DEBUG]  		True: 7796926
2020-12-18 18:43:34,717 [DEBUG]  		Predicted: 138555.15703419913
2020-12-18 18:43:34,717 [DEBUG]  Q-Error was: 56.27308406915168
2020-12-18 18:43:34,718 [DEBUG]  Predicting cardinality for query 44: SELECT COUNT(*) FROM movie_companies mc, movie_info_idx mi_idx, title t WHERE t.id=mc.movie_id AND t.id=mi_idx.movie_id AND mi_idx.info_type_id=101 AND t.production_year<=1993.0 AND t.phonetic_code>=5518 AND mc.company_type_id=2;
2020-12-18 18:43:34,746 [DEBUG]  		Latency: 23.07ms
2020-12-18 18:43:34,746 [DEBUG]  		True: 1831108
2020-12-18 18:43:34,746 [DEBUG]  		Predicted: 94307.99987029134
2020-12-18 18:43:34,746 [DEBUG]  Q-Error was: 19.416253154753107
2020-12-18 18:43:34,746 [DEBUG]  Predicting cardinality for query 45: SELECT COUNT(*) FROM movie_companies mc, movie_info_idx mi_idx, title t WHERE t.id=mc.movie_id AND t.id=mi_idx.movie_id AND mc.company_type_id=1 AND t.production_year>=1996.0 AND t.series_years>=1234 AND mi_idx.info_type_id=100;
2020-12-18 18:43:34,774 [DEBUG]  		Latency: 21.78ms
2020-12-18 18:43:34,774 [DEBUG]  		True: 2936093
2020-12-18 18:43:34,774 [DEBUG]  		Predicted: 6588.7713045713845
2020-12-18 18:43:34,774 [DEBUG]  Q-Error was: 445.620718078786
2020-12-18 18:43:34,774 [DEBUG]  Predicting cardinality for query 46: SELECT COUNT(*) FROM movie_companies mc, movie_info_idx mi_idx, title t WHERE t.id=mc.movie_id AND t.id=mi_idx.movie_id AND mc.company_type_id=1 AND mi_idx.info_type_id=99 AND t.production_year=1942.0;
2020-12-18 18:43:34,805 [DEBUG]  		Latency: 23.18ms
2020-12-18 18:43:34,805 [DEBUG]  		True: 16461908
2020-12-18 18:43:34,805 [DEBUG]  		Predicted: 1278.9685135646316
2020-12-18 18:43:34,805 [DEBUG]  Q-Error was: 12871.237896325358
2020-12-18 18:43:34,806 [DEBUG]  Predicting cardinality for query 47: SELECT COUNT(*) FROM movie_companies mc, movie_info_idx mi_idx, title t WHERE t.id=mc.movie_id AND t.id=mi_idx.movie_id AND mc.company_type_id=1 AND t.production_year=2005.0 AND t.kind_id=4 AND t.phonetic_code>=8113;
2020-12-18 18:43:34,835 [DEBUG]  		Latency: 24.31ms
2020-12-18 18:43:34,836 [DEBUG]  		True: 24675801
2020-12-18 18:43:34,836 [DEBUG]  		Predicted: 1735.277640785652
2020-12-18 18:43:34,836 [DEBUG]  Q-Error was: 14220.08814037848
2020-12-18 18:43:34,836 [DEBUG]  Predicting cardinality for query 48: SELECT COUNT(*) FROM movie_companies mc, movie_info_idx mi_idx, title t WHERE t.id=mc.movie_id AND t.id=mi_idx.movie_id AND t.kind_id=7 AND mi_idx.info_type_id=99 AND t.phonetic_code>=12804 AND t.episode_nr<=4.0;
2020-12-18 18:43:34,866 [DEBUG]  		Latency: 24.42ms
2020-12-18 18:43:34,866 [DEBUG]  		True: 132317651
2020-12-18 18:43:34,866 [DEBUG]  		Predicted: 10470.894402788013
2020-12-18 18:43:34,866 [DEBUG]  Q-Error was: 12636.709521659266
2020-12-18 18:43:34,866 [DEBUG]  Predicting cardinality for query 49: SELECT COUNT(*) FROM movie_companies mc, movie_info_idx mi_idx, title t WHERE t.id=mc.movie_id AND t.id=mi_idx.movie_id AND t.production_year<=1898.0 AND mc.company_type_id=1 AND t.kind_id=1 AND t.phonetic_code=19591;
2020-12-18 18:43:34,901 [DEBUG]  		Latency: 28.77ms
2020-12-18 18:43:34,901 [DEBUG]  		True: 90649862
2020-12-18 18:43:34,901 [DEBUG]  		Predicted: 1.0715640319440622
2020-12-18 18:43:34,901 [DEBUG]  Q-Error was: 84595842.43000431
2020-12-18 18:43:34,901 [DEBUG]  Predicting cardinality for query 50: SELECT COUNT(*) FROM movie_companies mc, movie_info_idx mi_idx, title t WHERE t.id=mc.movie_id AND t.id=mi_idx.movie_id AND t.kind_id=1 AND mc.company_type_id=1 AND t.production_year=2009.0 AND mi_idx.info_type_id=101;
2020-12-18 18:43:34,934 [DEBUG]  		Latency: 27.56ms
2020-12-18 18:43:34,934 [DEBUG]  		True: 151179813
2020-12-18 18:43:34,934 [DEBUG]  		Predicted: 8442.39421601765
2020-12-18 18:43:34,934 [DEBUG]  Q-Error was: 17907.22028985195
2020-12-18 18:43:34,934 [DEBUG]  Predicting cardinality for query 51: SELECT COUNT(*) FROM movie_companies mc, movie_info_idx mi_idx, title t WHERE t.id=mc.movie_id AND t.id=mi_idx.movie_id AND t.phonetic_code<=6484 AND mc.company_type_id=1 AND t.production_year<=1981.0 AND t.season_nr<=8.0 AND t.kind_id=7;
2020-12-18 18:43:34,968 [DEBUG]  		Latency: 28.03ms
2020-12-18 18:43:34,968 [DEBUG]  		True: 84217062
2020-12-18 18:43:34,968 [DEBUG]  		Predicted: 19685.63912074643
2020-12-18 18:43:34,969 [DEBUG]  Q-Error was: 4278.096407408219
2020-12-18 18:43:34,969 [DEBUG]  Predicting cardinality for query 52: SELECT COUNT(*) FROM movie_companies mc, movie_info_idx mi_idx, title t WHERE t.id=mc.movie_id AND t.id=mi_idx.movie_id AND t.kind_id=7 AND t.season_nr>=1.0 AND mc.company_type_id=1 AND t.episode_nr=7.0 AND t.production_year=2008.0;
2020-12-18 18:43:35,005 [DEBUG]  		Latency: 31.03ms
2020-12-18 18:43:35,006 [DEBUG]  		True: 333474
2020-12-18 18:43:35,006 [DEBUG]  		Predicted: 727.0478747633193
2020-12-18 18:43:35,006 [DEBUG]  Q-Error was: 458.66855756721384
2020-12-18 18:43:35,006 [DEBUG]  Predicting cardinality for query 53: SELECT COUNT(*) FROM movie_companies mc, movie_info_idx mi_idx, title t WHERE t.id=mc.movie_id AND t.id=mi_idx.movie_id AND t.phonetic_code<=20682 AND t.production_year=1994.0 AND t.kind_id=1 AND mi_idx.info_type_id=100 AND mc.company_type_id=2;
2020-12-18 18:43:35,039 [DEBUG]  		Latency: 27.56ms
2020-12-18 18:43:35,039 [DEBUG]  		True: 307213
2020-12-18 18:43:35,040 [DEBUG]  		Predicted: 2324.2640205767466
2020-12-18 18:43:35,040 [DEBUG]  Q-Error was: 132.1764641539164
2020-12-18 18:43:35,040 [DEBUG]  Predicting cardinality for query 54: SELECT COUNT(*) FROM movie_companies mc, movie_info_idx mi_idx, title t WHERE t.id=mc.movie_id AND t.id=mi_idx.movie_id AND t.season_nr<=1.0 AND mi_idx.info_type_id=99 AND mc.company_type_id=1;
2020-12-18 18:43:35,065 [DEBUG]  		Latency: 19.72ms
2020-12-18 18:43:35,065 [DEBUG]  		True: 658557
2020-12-18 18:43:35,065 [DEBUG]  		Predicted: 31755.556102025534
2020-12-18 18:43:35,065 [DEBUG]  Q-Error was: 20.73832364592078
2020-12-18 18:43:35,065 [DEBUG]  Predicting cardinality for query 55: SELECT COUNT(*) FROM movie_companies mc, movie_keyword mk, title t WHERE t.id=mc.movie_id AND t.id=mk.movie_id AND t.phonetic_code<=6262 AND t.kind_id=1 AND mk.keyword_id=6249;
2020-12-18 18:43:35,092 [DEBUG]  		Latency: 21.88ms
2020-12-18 18:43:35,092 [DEBUG]  		True: 8275169
2020-12-18 18:43:35,092 [DEBUG]  		Predicted: 697.4732544864886
2020-12-18 18:43:35,092 [DEBUG]  Q-Error was: 11864.496519070906
2020-12-18 18:43:35,092 [DEBUG]  Predicting cardinality for query 56: SELECT COUNT(*) FROM movie_companies mc, movie_keyword mk, title t WHERE t.id=mc.movie_id AND t.id=mk.movie_id AND mk.keyword_id=275 AND mc.company_type_id=1 AND t.production_year<=1986.0;
2020-12-18 18:43:35,116 [DEBUG]  		Latency: 18.11ms
2020-12-18 18:43:35,116 [DEBUG]  		True: 5060606
2020-12-18 18:43:35,116 [DEBUG]  		Predicted: 4709.311773914511
2020-12-18 18:43:35,116 [DEBUG]  Q-Error was: 1074.5956613090161
2020-12-18 18:43:35,116 [DEBUG]  Predicting cardinality for query 57: SELECT COUNT(*) FROM movie_companies mc, movie_keyword mk, title t WHERE t.id=mc.movie_id AND t.id=mk.movie_id AND t.production_year>=2000.0 AND mk.keyword_id=61522 AND t.kind_id=1 AND mc.company_type_id=1 AND t.phonetic_code=14220;
2020-12-18 18:43:35,148 [DEBUG]  		Latency: 25.41ms
2020-12-18 18:43:35,148 [DEBUG]  		True: 1352809555
2020-12-18 18:43:35,148 [DEBUG]  		Predicted: 1.342172882462165
2020-12-18 18:43:35,148 [DEBUG]  Q-Error was: 1007924964.568143
2020-12-18 18:43:35,148 [DEBUG]  Predicting cardinality for query 58: SELECT COUNT(*) FROM movie_companies mc, movie_keyword mk, title t WHERE t.id=mc.movie_id AND t.id=mk.movie_id AND t.production_year>=1967.0 AND mc.company_type_id=1 AND t.kind_id=1 AND t.phonetic_code<=1634 AND mk.keyword_id=72708;
2020-12-18 18:43:35,180 [DEBUG]  		Latency: 25.83ms
2020-12-18 18:43:35,180 [DEBUG]  		True: 191935
2020-12-18 18:43:35,180 [DEBUG]  		Predicted: 24.808668335307434
2020-12-18 18:43:35,180 [DEBUG]  Q-Error was: 7736.610341428127
2020-12-18 18:43:35,180 [DEBUG]  Predicting cardinality for query 59: SELECT COUNT(*) FROM movie_companies mc, movie_keyword mk, title t WHERE t.id=mc.movie_id AND t.id=mk.movie_id AND t.kind_id=1 AND t.phonetic_code>=14184 AND mk.keyword_id=30079;
2020-12-18 18:43:35,205 [DEBUG]  		Latency: 19.46ms
2020-12-18 18:43:35,205 [DEBUG]  		True: 9537310863
2020-12-18 18:43:35,205 [DEBUG]  		Predicted: 29.512719792020487
2020-12-18 18:43:35,205 [DEBUG]  Q-Error was: 323159333.6774964
2020-12-18 18:43:35,205 [DEBUG]  Predicting cardinality for query 60: SELECT COUNT(*) FROM movie_companies mc, movie_keyword mk, title t WHERE t.id=mc.movie_id AND t.id=mk.movie_id AND t.kind_id=1 AND t.production_year>=2007.0 AND mc.company_type_id=1 AND t.phonetic_code=1491 AND mk.keyword_id=6283;
2020-12-18 18:43:35,236 [DEBUG]  		Latency: 25.44ms
2020-12-18 18:43:35,236 [DEBUG]  		True: 492943940
2020-12-18 18:43:35,236 [DEBUG]  		Predicted: 0.9027719327178698
2020-12-18 18:43:35,237 [DEBUG]  Q-Error was: 546033745.7722588
2020-12-18 18:43:35,237 [DEBUG]  Predicting cardinality for query 61: SELECT COUNT(*) FROM movie_companies mc, movie_keyword mk, title t WHERE t.id=mc.movie_id AND t.id=mk.movie_id AND t.imdb_index='I' AND t.phonetic_code>=11284 AND t.kind_id=1 AND mc.company_type_id=2;
