2020-12-13 23:28:40,473 [INFO ]  Generating HDF files for tables in ../imdb-benchmark and store to path ../imdb-benchmark/gen_single_light
2020-12-13 23:28:40,473 [INFO ]  Removing target path ../imdb-benchmark/gen_single_light
2020-12-13 23:28:40,805 [INFO ]  Making target path ../imdb-benchmark/gen_single_light
2020-12-13 23:28:40,805 [INFO ]  Preparing hdf file for table title
2020-12-13 23:28:46,676 [INFO ]  Managing functional dependencies for table title
2020-12-13 23:28:46,698 [INFO ]  Preparing multipliers for table title
2020-12-13 23:28:46,698 [INFO ]  Preparing multiplier movie_info_idx.movie_id = title.id for table title
2020-12-13 23:28:50,154 [INFO ]  Note: NumExpr detected 40 cores but "NUMEXPR_MAX_THREADS" not set, so enforcing safe limit of 8.
2020-12-13 23:28:50,154 [INFO ]  NumExpr defaulting to 8 threads.
2020-12-13 23:28:50,429 [INFO ]  Preparing multiplier movie_info.movie_id = title.id for table title
2020-12-13 23:29:07,343 [INFO ]  Preparing multiplier cast_info.movie_id = title.id for table title
2020-12-13 23:29:58,929 [INFO ]  Preparing multiplier movie_keyword.movie_id = title.id for table title
2020-12-13 23:30:03,469 [INFO ]  Preparing multiplier movie_companies.movie_id = title.id for table title
2020-12-13 23:30:08,007 [INFO ]  Preparing categorical values and null values for table title
2020-12-13 23:30:08,008 [DEBUG]  		Preparing numerical values for column id
2020-12-13 23:30:08,024 [DEBUG]  		Preparing numerical values for column kind_id
2020-12-13 23:30:08,039 [DEBUG]  		Preparing numerical values for column production_year
2020-12-13 23:30:08,060 [DEBUG]  		Preparing numerical values for column mul_movie_info_idx.movie_id
2020-12-13 23:30:08,078 [DEBUG]  		Preparing numerical values for column mul_movie_info_idx.movie_id_nn
2020-12-13 23:30:08,096 [DEBUG]  		Preparing numerical values for column mul_movie_info.movie_id
2020-12-13 23:30:08,115 [DEBUG]  		Preparing numerical values for column mul_movie_info.movie_id_nn
2020-12-13 23:30:08,133 [DEBUG]  		Preparing numerical values for column mul_cast_info.movie_id
2020-12-13 23:30:08,151 [DEBUG]  		Preparing numerical values for column mul_cast_info.movie_id_nn
2020-12-13 23:30:08,170 [DEBUG]  		Preparing numerical values for column mul_movie_keyword.movie_id
2020-12-13 23:30:08,188 [DEBUG]  		Preparing numerical values for column mul_movie_keyword.movie_id_nn
2020-12-13 23:30:08,206 [DEBUG]  		Preparing numerical values for column mul_movie_companies.movie_id
2020-12-13 23:30:08,224 [DEBUG]  		Preparing numerical values for column mul_movie_companies.movie_id_nn
2020-12-13 23:30:08,242 [INFO ]  Relevant attributes for table title are ['id', 'kind_id', 'production_year', 'mul_movie_info_idx.movie_id', 'mul_movie_info_idx.movie_id_nn', 'mul_movie_info.movie_id', 'mul_movie_info.movie_id_nn', 'mul_cast_info.movie_id', 'mul_cast_info.movie_id_nn', 'mul_movie_keyword.movie_id', 'mul_movie_keyword.movie_id_nn', 'mul_movie_companies.movie_id', 'mul_movie_companies.movie_id_nn']
2020-12-13 23:30:08,242 [INFO ]  NULL values for table title are [1264156.5001, 4.943925366489578, 1992.7887619952553, 0.5459325554757483, 1.3640226487870168, 5.867935931641348, 5.89146427782647, 14.33549215096871, 14.413295444233148, 1.7894084397811663, 2.600826492616418, 1.032064804976601, 1.6020403459699595]
2020-12-13 23:30:10,567 [INFO ]  Adding table parts without join partners for table title
2020-12-13 23:30:10,568 [INFO ]  Adding table parts without join partners for table title and relationship movie_info_idx.movie_id = title.id
2020-12-13 23:30:15,370 [INFO ]  Adding table parts without join partners for table title and relationship movie_info.movie_id = title.id
2020-12-13 23:30:32,894 [INFO ]  Adding table parts without join partners for table title and relationship cast_info.movie_id = title.id
2020-12-13 23:31:51,540 [INFO ]  Adding table parts without join partners for table title and relationship movie_keyword.movie_id = title.id
2020-12-13 23:31:57,621 [INFO ]  Adding table parts without join partners for table title and relationship movie_companies.movie_id = title.id
2020-12-13 23:32:02,787 [INFO ]  Preparing hdf file for table movie_info_idx
2020-12-13 23:32:03,302 [INFO ]  Managing functional dependencies for table movie_info_idx
2020-12-13 23:32:03,308 [INFO ]  Preparing multipliers for table movie_info_idx
2020-12-13 23:32:03,311 [INFO ]  Preparing categorical values and null values for table movie_info_idx
2020-12-13 23:32:03,311 [DEBUG]  		Preparing numerical values for column id
2020-12-13 23:32:03,321 [DEBUG]  		Preparing numerical values for column movie_id
2020-12-13 23:32:03,330 [DEBUG]  		Preparing numerical values for column info_type_id
2020-12-13 23:32:03,339 [INFO ]  Relevant attributes for table movie_info_idx are ['id', 'movie_id', 'info_type_id']
2020-12-13 23:32:03,339 [INFO ]  NULL values for table movie_info_idx are [690018.0001, 1591796.733549514, 100.00236805841881]
2020-12-13 23:32:04,020 [INFO ]  Adding table parts without join partners for table movie_info_idx
2020-12-13 23:32:04,020 [INFO ]  Preparing hdf file for table movie_info
2020-12-13 23:32:15,189 [INFO ]  Managing functional dependencies for table movie_info
2020-12-13 23:32:15,313 [INFO ]  Preparing multipliers for table movie_info
2020-12-13 23:32:15,336 [INFO ]  Preparing categorical values and null values for table movie_info
2020-12-13 23:32:15,337 [DEBUG]  		Preparing numerical values for column id
2020-12-13 23:32:15,442 [DEBUG]  		Preparing numerical values for column movie_id
2020-12-13 23:32:15,527 [DEBUG]  		Preparing numerical values for column info_type_id
2020-12-13 23:32:15,612 [INFO ]  Relevant attributes for table movie_info are ['id', 'movie_id', 'info_type_id']
2020-12-13 23:32:15,612 [INFO ]  NULL values for table movie_info are [7417860.5001, 1687757.525917082, 15.7390803123812]
2020-12-13 23:32:21,719 [INFO ]  Adding table parts without join partners for table movie_info
2020-12-13 23:32:21,721 [INFO ]  Preparing hdf file for table cast_info
2020-12-13 23:32:39,624 [INFO ]  Managing functional dependencies for table cast_info
2020-12-13 23:32:39,922 [INFO ]  Preparing multipliers for table cast_info
2020-12-13 23:32:39,959 [INFO ]  Preparing categorical values and null values for table cast_info
2020-12-13 23:32:39,959 [DEBUG]  		Preparing numerical values for column id
2020-12-13 23:32:40,236 [DEBUG]  		Preparing numerical values for column movie_id
2020-12-13 23:32:40,511 [DEBUG]  		Preparing numerical values for column role_id
2020-12-13 23:32:40,787 [INFO ]  Relevant attributes for table cast_info are ['id', 'movie_id', 'role_id']
2020-12-13 23:32:40,787 [INFO ]  NULL values for table cast_info are [18122172.5001, 1303597.173158533, 3.635458140293559]
2020-12-13 23:32:55,696 [INFO ]  Adding table parts without join partners for table cast_info
2020-12-13 23:32:55,699 [INFO ]  Preparing hdf file for table movie_keyword
2020-12-13 23:32:56,516 [INFO ]  Managing functional dependencies for table movie_keyword
2020-12-13 23:32:56,529 [INFO ]  Preparing multipliers for table movie_keyword
2020-12-13 23:32:56,537 [INFO ]  Preparing categorical values and null values for table movie_keyword
2020-12-13 23:32:56,538 [DEBUG]  		Preparing numerical values for column id
2020-12-13 23:32:56,564 [DEBUG]  		Preparing numerical values for column movie_id
2020-12-13 23:32:56,590 [DEBUG]  		Preparing numerical values for column keyword_id
2020-12-13 23:32:56,616 [INFO ]  Relevant attributes for table movie_keyword are ['id', 'movie_id', 'keyword_id']
2020-12-13 23:32:56,617 [INFO ]  NULL values for table movie_keyword are [2261965.5001, 1859996.4584161101, 13657.743575694805]
2020-12-13 23:32:58,881 [INFO ]  Adding table parts without join partners for table movie_keyword
2020-12-13 23:32:58,881 [INFO ]  Preparing hdf file for table movie_companies
2020-12-13 23:32:59,937 [INFO ]  Managing functional dependencies for table movie_companies
2020-12-13 23:32:59,949 [INFO ]  Preparing multipliers for table movie_companies
2020-12-13 23:32:59,953 [INFO ]  Preparing categorical values and null values for table movie_companies
2020-12-13 23:32:59,953 [DEBUG]  		Preparing numerical values for column id
2020-12-13 23:32:59,985 [DEBUG]  		Preparing numerical values for column movie_id
2020-12-13 23:33:00,007 [DEBUG]  		Preparing numerical values for column company_id
2020-12-13 23:33:00,027 [DEBUG]  		Preparing numerical values for column company_type_id
2020-12-13 23:33:00,048 [INFO ]  Relevant attributes for table movie_companies are ['id', 'movie_id', 'company_id', 'company_type_id']
2020-12-13 23:33:00,048 [INFO ]  NULL values for table movie_companies are [1304565.0001, 1650151.1771682862, 33739.30246105612, 1.5117201613641946]
2020-12-13 23:33:01,368 [INFO ]  Adding table parts without join partners for table movie_companies
2020-12-13 23:33:01,369 [INFO ]  Files successfully created
