2020-12-09 12:42:23,228 [INFO ]  maqp(evaluate_cardinalities: database_name=None, target_path=./baselines/cardinality_estimation/results/deepDB/imdb_light_model_based_budget_5.csv)
2020-12-09 12:42:23,690 [DEBUG]  Including SPN with table_set {'movie_companies', 'title', 'movie_info'} with sampling ratio(1000000 / 67371414)
2020-12-09 12:42:23,691 [DEBUG]  Including SPN with table_set {'movie_companies', 'title', 'movie_info_idx'} with sampling ratio(1000000 / 4073078)
2020-12-09 12:42:23,691 [DEBUG]  Including SPN with table_set {'movie_companies', 'title'} with sampling ratio(4050205 / 2609129)
2020-12-09 12:42:23,691 [DEBUG]  Including SPN with table_set {'cast_info', 'title'} with sampling ratio(10000000 / 36244344)
2020-12-09 12:42:23,691 [DEBUG]  Including SPN with table_set {'title', 'movie_info'} with sampling ratio(10000000 / 14835720)
2020-12-09 12:42:23,691 [DEBUG]  Including SPN with table_set {'movie_keyword'} with sampling ratio(4523930 / 4523930)
2020-12-09 12:42:23,691 [DEBUG]  Including SPN with table_set {'movie_info_idx'} with sampling ratio(1380035 / 1380035)
2020-12-09 12:42:23,691 [DEBUG]  Predicting cardinality for query 0: SELECT COUNT(*) FROM movie_companies mc,title t,movie_info_idx mi_idx WHERE t.id=mc.movie_id AND t.id=mi_idx.movie_id AND mi_idx.info_type_id=112 AND mc.company_type_id=2;
2020-12-09 12:42:23,723 [DEBUG]  		Latency: 20.99ms
2020-12-09 12:42:23,723 [DEBUG]  		True: 715
2020-12-09 12:42:23,724 [DEBUG]  		Predicted: 1532.777274179234
2020-12-09 12:42:23,724 [DEBUG]  Q-Error was: 2.143744439411516
2020-12-09 12:42:23,724 [DEBUG]  Predicting cardinality for query 1: SELECT COUNT(*) FROM movie_companies mc,title t,movie_info_idx mi_idx WHERE t.id=mc.movie_id AND t.id=mi_idx.movie_id AND mi_idx.info_type_id=113 AND mc.company_type_id=2 AND t.production_year>2005 AND t.production_year<2010;
2020-12-09 12:42:23,744 [DEBUG]  		Latency: 11.10ms
2020-12-09 12:42:23,744 [DEBUG]  		True: 9
2020-12-09 12:42:23,744 [DEBUG]  		Predicted: 3.724107793828566
2020-12-09 12:42:23,744 [DEBUG]  Q-Error was: 2.41668622345315
2020-12-09 12:42:23,744 [DEBUG]  Predicting cardinality for query 2: SELECT COUNT(*) FROM movie_companies mc,title t,movie_info_idx mi_idx WHERE t.id=mc.movie_id AND t.id=mi_idx.movie_id AND mi_idx.info_type_id=112 AND mc.company_type_id=2 AND t.production_year>2010;
2020-12-09 12:42:23,766 [DEBUG]  		Latency: 11.24ms
2020-12-09 12:42:23,766 [DEBUG]  		True: 47
2020-12-09 12:42:23,766 [DEBUG]  		Predicted: 137.62498752169859
2020-12-09 12:42:23,766 [DEBUG]  Q-Error was: 2.9281912238659276
2020-12-09 12:42:23,766 [DEBUG]  Predicting cardinality for query 3: SELECT COUNT(*) FROM movie_companies mc,title t,movie_info_idx mi_idx WHERE t.id=mc.movie_id AND t.id=mi_idx.movie_id AND mi_idx.info_type_id=113 AND mc.company_type_id=2 AND t.production_year>2000;
2020-12-09 12:42:23,786 [DEBUG]  		Latency: 10.87ms
2020-12-09 12:42:23,786 [DEBUG]  		True: 16
2020-12-09 12:42:23,786 [DEBUG]  		Predicted: 10.21723544802766
2020-12-09 12:42:23,786 [DEBUG]  Q-Error was: 1.5659813343235276
2020-12-09 12:42:23,787 [DEBUG]  Predicting cardinality for query 4: SELECT COUNT(*) FROM movie_companies mc,title t,movie_keyword mk WHERE t.id=mc.movie_id AND t.id=mk.movie_id AND mk.keyword_id=117;
2020-12-09 12:42:23,801 [DEBUG]  		Latency: 6.14ms
2020-12-09 12:42:23,801 [DEBUG]  		True: 148552
2020-12-09 12:42:23,802 [DEBUG]  		Predicted: 41074.14567832492
2020-12-09 12:42:23,802 [DEBUG]  Q-Error was: 3.616678997133513
2020-12-09 12:42:23,802 [DEBUG]  Predicting cardinality for query 5: SELECT COUNT(*) FROM title t,movie_info mi,movie_keyword mk WHERE t.id=mi.movie_id AND t.id=mk.movie_id AND t.production_year>2005;
2020-12-09 12:42:23,814 [DEBUG]  		Latency: 3.50ms
2020-12-09 12:42:23,814 [DEBUG]  		True: 62682311
2020-12-09 12:42:23,814 [DEBUG]  		Predicted: 62339845.775364585
2020-12-09 12:42:23,814 [DEBUG]  Q-Error was: 1.0054935205625861
2020-12-09 12:42:23,814 [DEBUG]  Predicting cardinality for query 6: SELECT COUNT(*) FROM title t,movie_info mi,movie_keyword mk WHERE t.id=mi.movie_id AND t.id=mk.movie_id AND t.production_year>2010;
2020-12-09 12:42:23,826 [DEBUG]  		Latency: 2.82ms
2020-12-09 12:42:23,826 [DEBUG]  		True: 11990578
2020-12-09 12:42:23,826 [DEBUG]  		Predicted: 15805133.095790416
2020-12-09 12:42:23,826 [DEBUG]  Q-Error was: 1.3181293758975101
2020-12-09 12:42:23,827 [DEBUG]  Predicting cardinality for query 7: SELECT COUNT(*) FROM title t,movie_info mi,movie_keyword mk WHERE t.id=mi.movie_id AND t.id=mk.movie_id AND t.production_year>1990;
2020-12-09 12:42:23,839 [DEBUG]  		Latency: 3.19ms
2020-12-09 12:42:23,839 [DEBUG]  		True: 157041640
2020-12-09 12:42:23,839 [DEBUG]  		Predicted: 158374074.0773966
2020-12-09 12:42:23,839 [DEBUG]  Q-Error was: 1.0084845909492324
2020-12-09 12:42:23,839 [DEBUG]  Predicting cardinality for query 8: SELECT COUNT(*) FROM title t,movie_info_idx mi_idx,movie_keyword mk WHERE t.id=mi_idx.movie_id AND t.id=mk.movie_id AND t.production_year>2005 AND mi_idx.info_type_id=101;
2020-12-09 12:42:23,861 [DEBUG]  		Latency: 13.00ms
2020-12-09 12:42:23,862 [DEBUG]  		True: 850677
2020-12-09 12:42:23,862 [DEBUG]  		Predicted: 787575.0755597674
2020-12-09 12:42:23,862 [DEBUG]  Q-Error was: 1.0801217895263928
2020-12-09 12:42:23,862 [DEBUG]  Predicting cardinality for query 9: SELECT COUNT(*) FROM title t,movie_info_idx mi_idx,movie_keyword mk WHERE t.id=mi_idx.movie_id AND t.id=mk.movie_id AND t.production_year>2010 AND mi_idx.info_type_id=101;
2020-12-09 12:42:23,884 [DEBUG]  		Latency: 13.11ms
2020-12-09 12:42:23,943 [DEBUG]  		True: 179616
2020-12-09 12:42:23,943 [DEBUG]  		Predicted: 256578.37997311918
2020-12-09 12:42:23,943 [DEBUG]  Q-Error was: 1.428482874427218
2020-12-09 12:42:23,943 [DEBUG]  Predicting cardinality for query 10: SELECT COUNT(*) FROM title t,movie_info_idx mi_idx,movie_keyword mk WHERE t.id=mi_idx.movie_id AND t.id=mk.movie_id AND t.production_year>1990 AND mi_idx.info_type_id=101;
2020-12-09 12:42:23,969 [DEBUG]  		Latency: 15.85ms
2020-12-09 12:42:23,969 [DEBUG]  		True: 2031666
2020-12-09 12:42:23,969 [DEBUG]  		Predicted: 1517970.5261032241
2020-12-09 12:42:23,970 [DEBUG]  Q-Error was: 1.3384093861265418
2020-12-09 12:42:23,970 [DEBUG]  Predicting cardinality for query 11: SELECT COUNT(*) FROM title t,movie_info mi,movie_companies mc WHERE t.id=mi.movie_id AND t.id=mc.movie_id AND t.production_year>2005 AND mc.company_type_id=2;
2020-12-09 12:42:23,986 [DEBUG]  		Latency: 7.60ms
2020-12-09 12:42:23,986 [DEBUG]  		True: 6333736
2020-12-09 12:42:23,986 [DEBUG]  		Predicted: 6167762.876537002
2020-12-09 12:42:23,987 [DEBUG]  Q-Error was: 1.0269097769783566
2020-12-09 12:42:23,987 [DEBUG]  Predicting cardinality for query 12: SELECT COUNT(*) FROM title t,movie_info mi,movie_companies mc WHERE t.id=mi.movie_id AND t.id=mc.movie_id AND t.production_year>2010 AND mc.company_type_id=2;
2020-12-09 12:42:24,002 [DEBUG]  		Latency: 6.89ms
2020-12-09 12:42:24,003 [DEBUG]  		True: 1931628
2020-12-09 12:42:24,003 [DEBUG]  		Predicted: 1931224.8658721996
2020-12-09 12:42:24,003 [DEBUG]  Q-Error was: 1.000208745307149
2020-12-09 12:42:24,003 [DEBUG]  Predicting cardinality for query 13: SELECT COUNT(*) FROM title t,movie_info mi,movie_companies mc WHERE t.id=mi.movie_id AND t.id=mc.movie_id AND t.production_year>1990 AND mc.company_type_id=2;
2020-12-09 12:42:24,020 [DEBUG]  		Latency: 7.70ms
2020-12-09 12:42:24,020 [DEBUG]  		True: 12738520
2020-12-09 12:42:24,020 [DEBUG]  		Predicted: 12183839.86875614
2020-12-09 12:42:24,020 [DEBUG]  Q-Error was: 1.045525888161602
2020-12-09 12:42:24,020 [DEBUG]  Predicting cardinality for query 14: SELECT COUNT(*) FROM movie_keyword mk,title t,cast_info ci WHERE t.id=mk.movie_id AND t.id=ci.movie_id AND t.production_year>2010 AND mk.keyword_id=8200;
2020-12-09 12:42:24,032 [DEBUG]  		Latency: 2.69ms
2020-12-09 12:42:24,032 [DEBUG]  		True: 1224
2020-12-09 12:42:24,032 [DEBUG]  		Predicted: 80.21776732839191
2020-12-09 12:42:24,032 [DEBUG]  Q-Error was: 15.258465060355562
2020-12-09 12:42:24,032 [DEBUG]  Predicting cardinality for query 15: SELECT COUNT(*) FROM movie_keyword mk,title t,cast_info ci WHERE t.id=mk.movie_id AND t.id=ci.movie_id AND t.production_year>2014;
2020-12-09 12:42:24,043 [DEBUG]  		Latency: 1.68ms
2020-12-09 12:42:24,043 [DEBUG]  		True: 13221
2020-12-09 12:42:24,043 [DEBUG]  		Predicted: 4867.858726427464
2020-12-09 12:42:24,043 [DEBUG]  Q-Error was: 2.715978573540677
2020-12-09 12:42:24,043 [DEBUG]  Predicting cardinality for query 16: SELECT COUNT(*) FROM movie_keyword mk,title t,cast_info ci WHERE t.id=mk.movie_id AND t.id=ci.movie_id AND t.production_year>2014 AND mk.keyword_id=8200;
2020-12-09 12:42:24,052 [DEBUG]  		Latency: 0.34ms
2020-12-09 12:42:24,052 [DEBUG]  		True: 33
2020-12-09 12:42:24,052 [DEBUG]  		Predicted: 0.015064340555827897
2020-12-09 12:42:24,053 [DEBUG]  Q-Error was: 2190.603689401684
2020-12-09 12:42:24,053 [DEBUG]  Predicting cardinality for query 17: SELECT COUNT(*) FROM movie_keyword mk,title t,cast_info ci WHERE t.id=mk.movie_id AND t.id=ci.movie_id AND t.production_year>2000 AND mk.keyword_id=8200;
2020-12-09 12:42:24,063 [DEBUG]  		Latency: 2.00ms
2020-12-09 12:42:24,064 [DEBUG]  		True: 1224
2020-12-09 12:42:24,064 [DEBUG]  		Predicted: 367.1232623821341
2020-12-09 12:42:24,064 [DEBUG]  Q-Error was: 3.334030080409215
2020-12-09 12:42:24,064 [DEBUG]  Predicting cardinality for query 18: SELECT COUNT(*) FROM movie_keyword mk,title t,cast_info ci WHERE t.id=mk.movie_id AND t.id=ci.movie_id AND t.production_year>2000;
2020-12-09 12:42:24,073 [DEBUG]  		Latency: 0.37ms
2020-12-09 12:42:24,073 [DEBUG]  		True: 114182642
2020-12-09 12:42:24,073 [DEBUG]  		Predicted: 118631424.31216608
2020-12-09 12:42:24,073 [DEBUG]  Q-Error was: 1.0389619843633158
2020-12-09 12:42:24,074 [DEBUG]  Predicting cardinality for query 19: SELECT COUNT(*) FROM cast_info ci,title t WHERE t.id=ci.movie_id AND t.production_year>1980 AND t.production_year<1995;
2020-12-09 12:42:24,084 [DEBUG]  		Latency: 1.27ms
2020-12-09 12:42:24,084 [DEBUG]  		True: 4533382
2020-12-09 12:42:24,084 [DEBUG]  		Predicted: 4496410.592850903
2020-12-09 12:42:24,084 [DEBUG]  Q-Error was: 1.0082224268415076
2020-12-09 12:42:24,084 [DEBUG]  Predicting cardinality for query 20: SELECT COUNT(*) FROM cast_info ci,title t WHERE t.id=ci.movie_id AND t.production_year>1980 AND t.production_year<1984;
2020-12-09 12:42:24,094 [DEBUG]  		Latency: 1.23ms
2020-12-09 12:42:24,094 [DEBUG]  		True: 695701
2020-12-09 12:42:24,094 [DEBUG]  		Predicted: 689716.2351881701
2020-12-09 12:42:24,094 [DEBUG]  Q-Error was: 1.008677140694241
2020-12-09 12:42:24,094 [DEBUG]  Predicting cardinality for query 21: SELECT COUNT(*) FROM cast_info ci,title t WHERE t.id=ci.movie_id AND t.production_year>1980 AND t.production_year<2010;
2020-12-09 12:42:24,104 [DEBUG]  		Latency: 1.24ms
2020-12-09 12:42:24,104 [DEBUG]  		True: 21454165
2020-12-09 12:42:24,104 [DEBUG]  		Predicted: 21313319.542563763
2020-12-09 12:42:24,104 [DEBUG]  Q-Error was: 1.0066083303989772
2020-12-09 12:42:24,104 [DEBUG]  Predicting cardinality for query 22: SELECT COUNT(*) FROM cast_info ci,title t,movie_companies mc WHERE t.id=ci.movie_id AND t.id=mc.movie_id AND ci.role_id=2;
2020-12-09 12:42:24,116 [DEBUG]  		Latency: 3.02ms
2020-12-09 12:42:24,116 [DEBUG]  		True: 13355828
2020-12-09 12:42:24,116 [DEBUG]  		Predicted: 15406183.887880795
2020-12-09 12:42:24,116 [DEBUG]  Q-Error was: 1.1535176918930667
2020-12-09 12:42:24,116 [DEBUG]  Predicting cardinality for query 23: SELECT COUNT(*) FROM cast_info ci,title t,movie_companies mc WHERE t.id=ci.movie_id AND t.id=mc.movie_id AND ci.role_id=4;
2020-12-09 12:42:24,127 [DEBUG]  		Latency: 1.64ms
2020-12-09 12:42:24,127 [DEBUG]  		True: 4450853
2020-12-09 12:42:24,127 [DEBUG]  		Predicted: 5132520.285844548
2020-12-09 12:42:24,127 [DEBUG]  Q-Error was: 1.1531543022976827
2020-12-09 12:42:24,127 [DEBUG]  Predicting cardinality for query 24: SELECT COUNT(*) FROM cast_info ci,title t,movie_companies mc WHERE t.id=ci.movie_id AND t.id=mc.movie_id AND ci.role_id=7;
2020-12-09 12:42:24,137 [DEBUG]  		Latency: 1.80ms
2020-12-09 12:42:24,137 [DEBUG]  		True: 794591
2020-12-09 12:42:24,138 [DEBUG]  		Predicted: 592157.805838424
2020-12-09 12:42:24,138 [DEBUG]  Q-Error was: 1.3418568364136567
2020-12-09 12:42:24,138 [DEBUG]  Predicting cardinality for query 25: SELECT COUNT(*) FROM cast_info ci,title t,movie_companies mc WHERE t.id=ci.movie_id AND t.id=mc.movie_id AND t.production_year>2005 AND t.production_year<2015 AND ci.role_id=2;
2020-12-09 12:42:24,156 [DEBUG]  		Latency: 8.94ms
2020-12-09 12:42:24,157 [DEBUG]  		True: 4893440
2020-12-09 12:42:24,157 [DEBUG]  		Predicted: 6132405.419452885
2020-12-09 12:42:24,157 [DEBUG]  Q-Error was: 1.2531890489007498
2020-12-09 12:42:24,157 [DEBUG]  Predicting cardinality for query 26: SELECT COUNT(*) FROM cast_info ci,title t,movie_companies mc WHERE t.id=ci.movie_id AND t.id=mc.movie_id AND t.production_year>2007 AND t.production_year<2010 AND ci.role_id=2;
2020-12-09 12:42:24,175 [DEBUG]  		Latency: 9.15ms
2020-12-09 12:42:24,175 [DEBUG]  		True: 1381288
2020-12-09 12:42:24,176 [DEBUG]  		Predicted: 1648691.1091904934
2020-12-09 12:42:24,176 [DEBUG]  Q-Error was: 1.1935896852723642
2020-12-09 12:42:24,176 [DEBUG]  Predicting cardinality for query 27: SELECT COUNT(*) FROM title t,cast_info ci,movie_companies mc WHERE t.id=mc.movie_id AND t.id=ci.movie_id AND t.production_year>2005 AND ci.role_id=1;
2020-12-09 12:42:24,192 [DEBUG]  		Latency: 7.87ms
2020-12-09 12:42:24,193 [DEBUG]  		True: 8720023
2020-12-09 12:42:24,193 [DEBUG]  		Predicted: 10866136.074149437
2020-12-09 12:42:24,193 [DEBUG]  Q-Error was: 1.2461132354982822
2020-12-09 12:42:24,193 [DEBUG]  Predicting cardinality for query 28: SELECT COUNT(*) FROM title t,cast_info ci,movie_companies mc WHERE t.id=mc.movie_id AND t.id=ci.movie_id AND t.production_year>2010 AND ci.role_id=1;
2020-12-09 12:42:24,211 [DEBUG]  		Latency: 8.48ms
2020-12-09 12:42:24,211 [DEBUG]  		True: 2873214
2020-12-09 12:42:24,211 [DEBUG]  		Predicted: 3818259.9635335333
2020-12-09 12:42:24,211 [DEBUG]  Q-Error was: 1.3289159678094056
2020-12-09 12:42:24,211 [DEBUG]  Predicting cardinality for query 29: SELECT COUNT(*) FROM title t,cast_info ci,movie_companies mc WHERE t.id=mc.movie_id AND t.id=ci.movie_id AND t.production_year>1990;
2020-12-09 12:42:24,226 [DEBUG]  		Latency: 6.23ms
2020-12-09 12:42:24,231 [DEBUG]  		True: 56965403
2020-12-09 12:42:24,231 [DEBUG]  		Predicted: 34558473.52128386
2020-12-09 12:42:24,231 [DEBUG]  Q-Error was: 1.6483772920385553
2020-12-09 12:42:24,231 [DEBUG]  Predicting cardinality for query 30: SELECT COUNT(*) FROM title t,movie_keyword mk,movie_companies mc WHERE t.id=mk.movie_id AND t.id=mc.movie_id AND mk.keyword_id=398 AND mc.company_type_id=2 AND t.production_year>1950 AND t.production_year<2000;
2020-12-09 12:42:24,264 [DEBUG]  		Latency: 13.10ms
2020-12-09 12:42:24,264 [DEBUG]  		True: 7153
2020-12-09 12:42:24,265 [DEBUG]  		Predicted: 8388.55109701641
2020-12-09 12:42:24,265 [DEBUG]  Q-Error was: 1.172731874320762
2020-12-09 12:42:24,265 [DEBUG]  Predicting cardinality for query 31: SELECT COUNT(*) FROM title t,movie_keyword mk,movie_companies mc WHERE t.id=mk.movie_id AND t.id=mc.movie_id AND mk.keyword_id=398 AND mc.company_type_id=2;
2020-12-09 12:42:24,288 [DEBUG]  		Latency: 6.80ms
2020-12-09 12:42:24,288 [DEBUG]  		True: 14102
2020-12-09 12:42:24,288 [DEBUG]  		Predicted: 22101.942101182194
2020-12-09 12:42:24,288 [DEBUG]  Q-Error was: 1.5672913133727269
2020-12-09 12:42:24,288 [DEBUG]  Predicting cardinality for query 32: SELECT COUNT(*) FROM title t,movie_keyword mk,movie_companies mc WHERE t.id=mk.movie_id AND t.id=mc.movie_id AND t.production_year>1950;
2020-12-09 12:42:24,312 [DEBUG]  		Latency: 8.76ms
2020-12-09 12:42:24,312 [DEBUG]  		True: 31339132
2020-12-09 12:42:24,312 [DEBUG]  		Predicted: 19329873.272631902
2020-12-09 12:42:24,312 [DEBUG]  Q-Error was: 1.621279744465337
2020-12-09 12:42:24,312 [DEBUG]  Predicting cardinality for query 33: SELECT COUNT(*) FROM title t,movie_info mi,movie_info_idx mi_idx,movie_companies mc WHERE t.id=mi.movie_id AND t.id=mi_idx.movie_id AND t.id=mc.movie_id AND mi_idx.info_type_id=101 AND mi.info_type_id=3 AND t.production_year>2005 AND t.production_year<2008 AND mc.company_type_id=2;
2020-12-09 12:42:24,372 [DEBUG]  		Latency: 44.35ms
2020-12-09 12:42:24,372 [DEBUG]  		True: 75440
2020-12-09 12:42:24,372 [DEBUG]  		Predicted: 69268.13112158568
2020-12-09 12:42:24,372 [DEBUG]  Q-Error was: 1.089101131768387
2020-12-09 12:42:24,373 [DEBUG]  Predicting cardinality for query 34: SELECT COUNT(*) FROM title t,movie_info mi,movie_info_idx mi_idx,movie_companies mc WHERE t.id=mi.movie_id AND t.id=mi_idx.movie_id AND t.id=mc.movie_id AND mi_idx.info_type_id=113 AND mi.info_type_id=105;
2020-12-09 12:42:24,443 [DEBUG]  		Latency: 46.69ms
2020-12-09 12:42:24,444 [DEBUG]  		True: 72
2020-12-09 12:42:24,444 [DEBUG]  		Predicted: 17.03990164319456
2020-12-09 12:42:24,444 [DEBUG]  Q-Error was: 4.225376502026673
2020-12-09 12:42:24,444 [DEBUG]  Predicting cardinality for query 35: SELECT COUNT(*) FROM title t,movie_info mi,movie_info_idx mi_idx,movie_companies mc WHERE t.id=mi.movie_id AND t.id=mi_idx.movie_id AND t.id=mc.movie_id AND mi_idx.info_type_id=101 AND mi.info_type_id=3 AND t.production_year>2000 AND t.production_year<2010 AND mc.company_type_id=2;
2020-12-09 12:42:24,493 [DEBUG]  		Latency: 37.42ms
2020-12-09 12:42:24,494 [DEBUG]  		True: 305691
2020-12-09 12:42:24,494 [DEBUG]  		Predicted: 274378.95922581403
2020-12-09 12:42:24,494 [DEBUG]  Q-Error was: 1.1141196863729486
2020-12-09 12:42:24,494 [DEBUG]  Predicting cardinality for query 36: SELECT COUNT(*) FROM title t,movie_info mi,movie_companies mc,movie_info_idx mi_idx WHERE t.id=mi.movie_id AND t.id=mc.movie_id AND t.id=mi_idx.movie_id AND t.kind_id=1 AND mc.company_type_id=2 AND mi_idx.info_type_id=101 AND mi.info_type_id=16;
2020-12-09 12:42:24,537 [DEBUG]  		Latency: 31.83ms
2020-12-09 12:42:24,537 [DEBUG]  		True: 1919495
2020-12-09 12:42:24,537 [DEBUG]  		Predicted: 1715137.8757723372
2020-12-09 12:42:24,537 [DEBUG]  Q-Error was: 1.11914909414244
2020-12-09 12:42:24,537 [DEBUG]  Predicting cardinality for query 37: SELECT COUNT(*) FROM title t,movie_info mi,movie_info_idx mi_idx,movie_keyword mk WHERE t.id=mi.movie_id AND t.id=mk.movie_id AND t.id=mi_idx.movie_id AND t.production_year>2010 AND t.kind_id=1 AND mi.info_type_id=8 AND mi_idx.info_type_id=101;
2020-12-09 12:42:24,586 [DEBUG]  		Latency: 38.27ms
2020-12-09 12:42:24,587 [DEBUG]  		True: 150780
2020-12-09 12:42:24,587 [DEBUG]  		Predicted: 212350.656623382
2020-12-09 12:42:24,587 [DEBUG]  Q-Error was: 1.408347636446359
2020-12-09 12:42:24,587 [DEBUG]  Predicting cardinality for query 38: SELECT COUNT(*) FROM title t,movie_info mi,movie_info_idx mi_idx,movie_keyword mk WHERE t.id=mi.movie_id AND t.id=mk.movie_id AND t.id=mi_idx.movie_id AND t.kind_id=1 AND mi.info_type_id=8 AND mi_idx.info_type_id=101;
2020-12-09 12:42:24,626 [DEBUG]  		Latency: 28.25ms
2020-12-09 12:42:24,626 [DEBUG]  		True: 3243247
2020-12-09 12:42:24,626 [DEBUG]  		Predicted: 2930684.1691382807
2020-12-09 12:42:24,626 [DEBUG]  Q-Error was: 1.106651830365475
2020-12-09 12:42:24,626 [DEBUG]  Predicting cardinality for query 39: SELECT COUNT(*) FROM title t,movie_info mi,movie_info_idx mi_idx,movie_keyword mk WHERE t.id=mi.movie_id AND t.id=mk.movie_id AND t.id=mi_idx.movie_id AND t.production_year>2005 AND mi.info_type_id=8 AND mi_idx.info_type_id=101;
2020-12-09 12:42:24,662 [DEBUG]  		Latency: 25.40ms
2020-12-09 12:42:24,662 [DEBUG]  		True: 1043763
2020-12-09 12:42:24,662 [DEBUG]  		Predicted: 1004293.7482098336
2020-12-09 12:42:24,663 [DEBUG]  Q-Error was: 1.039300505315821
2020-12-09 12:42:24,663 [DEBUG]  Predicting cardinality for query 40: SELECT COUNT(*) FROM title t,movie_info mi,movie_companies mc,movie_keyword mk WHERE t.id=mi.movie_id AND t.id=mk.movie_id AND t.id=mc.movie_id AND mi.info_type_id=16 AND t.production_year>2000;
2020-12-09 12:42:24,686 [DEBUG]  		Latency: 12.69ms
2020-12-09 12:42:24,686 [DEBUG]  		True: 512575801
2020-12-09 12:42:24,686 [DEBUG]  		Predicted: 343438917.6191939
2020-12-09 12:42:24,686 [DEBUG]  Q-Error was: 1.4924802481713664
2020-12-09 12:42:24,686 [DEBUG]  Predicting cardinality for query 41: SELECT COUNT(*) FROM title t,movie_info mi,movie_companies mc,movie_keyword mk WHERE t.id=mi.movie_id AND t.id=mk.movie_id AND t.id=mc.movie_id AND mi.info_type_id=16 AND t.production_year>2005 AND t.production_year<2010;
2020-12-09 12:42:24,710 [DEBUG]  		Latency: 12.63ms
2020-12-09 12:42:24,710 [DEBUG]  		True: 206778521
2020-12-09 12:42:24,711 [DEBUG]  		Predicted: 131702706.13555814
2020-12-09 12:42:24,711 [DEBUG]  Q-Error was: 1.5700400323374395
2020-12-09 12:42:24,711 [DEBUG]  Predicting cardinality for query 42: SELECT COUNT(*) FROM title t,movie_info mi,movie_companies mc,movie_keyword mk WHERE t.id=mi.movie_id AND t.id=mk.movie_id AND t.id=mc.movie_id AND mi.info_type_id=16 AND t.production_year>1990;
2020-12-09 12:42:24,732 [DEBUG]  		Latency: 10.76ms
2020-12-09 12:42:24,732 [DEBUG]  		True: 625302823
2020-12-09 12:42:24,732 [DEBUG]  		Predicted: 493747294.8688389
2020-12-09 12:42:24,732 [DEBUG]  Q-Error was: 1.2664430357357361
2020-12-09 12:42:24,732 [DEBUG]  Predicting cardinality for query 43: SELECT COUNT(*) FROM cast_info ci,title t,movie_keyword mk,movie_companies mc WHERE t.id=ci.movie_id AND t.id=mk.movie_id AND t.id=mc.movie_id AND mk.keyword_id=117;
2020-12-09 12:42:24,753 [DEBUG]  		Latency: 10.95ms
2020-12-09 12:42:24,753 [DEBUG]  		True: 7796926
2020-12-09 12:42:24,753 [DEBUG]  		Predicted: 3179685.1110036043
2020-12-09 12:42:24,753 [DEBUG]  Q-Error was: 2.4521063337429205
2020-12-09 12:42:24,754 [DEBUG]  Predicting cardinality for query 44: SELECT COUNT(*) FROM title t,movie_info mi,movie_info_idx mi_idx,cast_info ci WHERE t.id=mi.movie_id AND t.id=mi_idx.movie_id AND t.id=ci.movie_id AND mi.info_type_id=105 AND mi_idx.info_type_id=100;
2020-12-09 12:42:24,785 [DEBUG]  		Latency: 20.42ms
2020-12-09 12:42:24,785 [DEBUG]  		True: 1831108
2020-12-09 12:42:24,785 [DEBUG]  		Predicted: 1686072.5715891027
2020-12-09 12:42:24,785 [DEBUG]  Q-Error was: 1.0860196831706972
2020-12-09 12:42:24,785 [DEBUG]  Predicting cardinality for query 45: SELECT COUNT(*) FROM title t,movie_info mi,movie_info_idx mi_idx,cast_info ci WHERE t.id=mi.movie_id AND t.id=mi_idx.movie_id AND t.id=ci.movie_id AND mi.info_type_id=3 AND mi_idx.info_type_id=101 AND t.production_year>2008 AND t.production_year<2014;
2020-12-09 12:42:24,825 [DEBUG]  		Latency: 28.34ms
2020-12-09 12:42:24,825 [DEBUG]  		True: 2936093
2020-12-09 12:42:24,825 [DEBUG]  		Predicted: 3035811.835258484
2020-12-09 12:42:24,825 [DEBUG]  Q-Error was: 1.0339631051395457
2020-12-09 12:42:24,825 [DEBUG]  Predicting cardinality for query 46: SELECT COUNT(*) FROM title t,movie_info mi,movie_info_idx mi_idx,cast_info ci WHERE t.id=mi.movie_id AND t.id=mi_idx.movie_id AND t.id=ci.movie_id AND mi.info_type_id=3 AND mi_idx.info_type_id=100;
2020-12-09 12:42:24,840 [DEBUG]  		Latency: 4.42ms
2020-12-09 12:42:24,840 [DEBUG]  		True: 16461908
2020-12-09 12:42:24,840 [DEBUG]  		Predicted: 14173325.55882972
2020-12-09 12:42:24,840 [DEBUG]  Q-Error was: 1.1614710980617062
2020-12-09 12:42:24,840 [DEBUG]  Predicting cardinality for query 47: SELECT COUNT(*) FROM title t,movie_info mi,movie_companies mc,cast_info ci WHERE t.id=mi.movie_id AND t.id=mc.movie_id AND t.id=ci.movie_id AND ci.role_id=2 AND mi.info_type_id=16 AND t.production_year>2005 AND t.production_year<2009;
2020-12-09 12:42:24,865 [DEBUG]  		Latency: 14.24ms
2020-12-09 12:42:24,866 [DEBUG]  		True: 24675801
2020-12-09 12:42:24,866 [DEBUG]  		Predicted: 25650257.201170582
2020-12-09 12:42:24,866 [DEBUG]  Q-Error was: 1.039490357422261
2020-12-09 12:42:24,866 [DEBUG]  Predicting cardinality for query 48: SELECT COUNT(*) FROM title t,movie_info mi,movie_companies mc,cast_info ci WHERE t.id=mi.movie_id AND t.id=mc.movie_id AND t.id=ci.movie_id AND ci.role_id=2 AND mi.info_type_id=16;
2020-12-09 12:42:24,885 [DEBUG]  		Latency: 8.50ms
2020-12-09 12:42:24,885 [DEBUG]  		True: 132317651
2020-12-09 12:42:24,885 [DEBUG]  		Predicted: 169906785.24718243
2020-12-09 12:42:24,885 [DEBUG]  Q-Error was: 1.2840825389742025
2020-12-09 12:42:24,885 [DEBUG]  Predicting cardinality for query 49: SELECT COUNT(*) FROM title t,movie_info mi,movie_companies mc,cast_info ci WHERE t.id=mi.movie_id AND t.id=mc.movie_id AND t.id=ci.movie_id AND ci.role_id=2 AND mi.info_type_id=16 AND t.production_year>2000;
2020-12-09 12:42:24,910 [DEBUG]  		Latency: 13.66ms
2020-12-09 12:42:24,910 [DEBUG]  		True: 90649862
2020-12-09 12:42:24,910 [DEBUG]  		Predicted: 91154806.81326988
2020-12-09 12:42:24,910 [DEBUG]  Q-Error was: 1.005570276690216
2020-12-09 12:42:24,910 [DEBUG]  Predicting cardinality for query 50: SELECT COUNT(*) FROM title t,cast_info ci,movie_keyword mk WHERE t.id=mk.movie_id AND t.id=ci.movie_id AND t.production_year>1950 AND t.kind_id=1;
2020-12-09 12:42:24,924 [DEBUG]  		Latency: 4.03ms
2020-12-09 12:42:24,924 [DEBUG]  		True: 151179813
2020-12-09 12:42:24,924 [DEBUG]  		Predicted: 154864809.61363646
2020-12-09 12:42:24,924 [DEBUG]  Q-Error was: 1.0243749250677832
2020-12-09 12:42:24,924 [DEBUG]  Predicting cardinality for query 51: SELECT COUNT(*) FROM title t,cast_info ci,movie_keyword mk WHERE t.id=mk.movie_id AND t.id=ci.movie_id AND t.production_year>2000 AND t.kind_id=1;
2020-12-09 12:42:24,936 [DEBUG]  		Latency: 2.84ms
2020-12-09 12:42:24,936 [DEBUG]  		True: 84217062
2020-12-09 12:42:24,936 [DEBUG]  		Predicted: 91700412.2509546
2020-12-09 12:42:24,936 [DEBUG]  Q-Error was: 1.0888578878583368
2020-12-09 12:42:24,936 [DEBUG]  Predicting cardinality for query 52: SELECT COUNT(*) FROM title t,movie_keyword mk,movie_companies mc,movie_info mi WHERE t.id=mk.movie_id AND t.id=mc.movie_id AND t.id=mi.movie_id AND mk.keyword_id=398 AND mc.company_type_id=2 AND t.production_year>1950 AND t.production_year<2000;
2020-12-09 12:42:24,957 [DEBUG]  		Latency: 10.78ms
2020-12-09 12:42:24,957 [DEBUG]  		True: 333474
2020-12-09 12:42:24,958 [DEBUG]  		Predicted: 728449.6802938781
2020-12-09 12:42:24,958 [DEBUG]  Q-Error was: 2.184427212597918
2020-12-09 12:42:24,958 [DEBUG]  Predicting cardinality for query 53: SELECT COUNT(*) FROM title t,movie_keyword mk,movie_companies mc,movie_info mi WHERE t.id=mk.movie_id AND t.id=mc.movie_id AND t.id=mi.movie_id AND mk.keyword_id=398 AND mc.company_type_id=2 AND t.production_year>2000 AND t.production_year<2010;
2020-12-09 12:42:24,977 [DEBUG]  		Latency: 9.58ms
2020-12-09 12:42:24,977 [DEBUG]  		True: 307213
2020-12-09 12:42:24,977 [DEBUG]  		Predicted: 797899.7193293222
2020-12-09 12:42:24,977 [DEBUG]  Q-Error was: 2.59721990713063
2020-12-09 12:42:24,977 [DEBUG]  Predicting cardinality for query 54: SELECT COUNT(*) FROM title t,movie_keyword mk,movie_companies mc,movie_info mi WHERE t.id=mk.movie_id AND t.id=mc.movie_id AND t.id=mi.movie_id AND mk.keyword_id=398 AND mc.company_type_id=2 AND t.production_year>1950 AND t.production_year<2010;
2020-12-09 12:42:24,997 [DEBUG]  		Latency: 9.95ms
2020-12-09 12:42:24,997 [DEBUG]  		True: 658557
2020-12-09 12:42:24,997 [DEBUG]  		Predicted: 1589571.044691959
2020-12-09 12:42:24,997 [DEBUG]  Q-Error was: 2.4137182426000465
2020-12-09 12:42:24,997 [DEBUG]  Predicting cardinality for query 55: SELECT COUNT(*) FROM title t,movie_info mi,movie_info_idx mi_idx,movie_keyword mk,movie_companies mc WHERE t.id=mi.movie_id AND t.id=mk.movie_id AND t.id=mi_idx.movie_id AND t.id=mc.movie_id AND t.production_year>2008 AND mi.info_type_id=8 AND mi_idx.info_type_id=101;
2020-12-09 12:42:25,035 [DEBUG]  		Latency: 27.85ms
2020-12-09 12:42:25,036 [DEBUG]  		True: 8275169
2020-12-09 12:42:25,036 [DEBUG]  		Predicted: 8178255.6742823245
2020-12-09 12:42:25,036 [DEBUG]  Q-Error was: 1.0118501217836016
2020-12-09 12:42:25,036 [DEBUG]  Predicting cardinality for query 56: SELECT COUNT(*) FROM title t,movie_info mi,movie_info_idx mi_idx,movie_keyword mk,movie_companies mc WHERE t.id=mi.movie_id AND t.id=mk.movie_id AND t.id=mi_idx.movie_id AND t.id=mc.movie_id AND t.production_year>2009 AND mi.info_type_id=8 AND mi_idx.info_type_id=101;
2020-12-09 12:42:25,074 [DEBUG]  		Latency: 27.60ms
2020-12-09 12:42:25,074 [DEBUG]  		True: 5060606
2020-12-09 12:42:25,074 [DEBUG]  		Predicted: 5749473.909623161
2020-12-09 12:42:25,074 [DEBUG]  Q-Error was: 1.1361236005377935
2020-12-09 12:42:25,074 [DEBUG]  Predicting cardinality for query 57: SELECT COUNT(*) FROM title t,movie_info mi,movie_companies mc,cast_info ci,movie_keyword mk WHERE t.id=mi.movie_id AND t.id=mc.movie_id AND t.id=ci.movie_id AND t.id=mk.movie_id AND ci.role_id=2 AND mi.info_type_id=16 AND t.production_year>2010;
2020-12-09 12:42:25,100 [DEBUG]  		Latency: 14.32ms
2020-12-09 12:42:25,105 [DEBUG]  		True: 1352809555
2020-12-09 12:42:25,105 [DEBUG]  		Predicted: 1376104301.3371134
2020-12-09 12:42:25,106 [DEBUG]  Q-Error was: 1.0172195311978804
2020-12-09 12:42:25,106 [DEBUG]  Predicting cardinality for query 58: SELECT COUNT(*) FROM title t,movie_info mi,movie_companies mc,cast_info ci,movie_keyword mk WHERE t.id=mi.movie_id AND t.id=mc.movie_id AND t.id=ci.movie_id AND t.id=mk.movie_id AND ci.role_id=2 AND mi.info_type_id=16 AND t.production_year>2010 AND mc.company_id=22956;
2020-12-09 12:42:25,150 [DEBUG]  		Latency: 23.87ms
2020-12-09 12:42:25,155 [DEBUG]  		True: 191935
2020-12-09 12:42:25,156 [DEBUG]  		Predicted: 174696.2510446149
2020-12-09 12:42:25,156 [DEBUG]  Q-Error was: 1.0986784138314598
2020-12-09 12:42:25,156 [DEBUG]  Predicting cardinality for query 59: SELECT COUNT(*) FROM title t,movie_info mi,movie_companies mc,cast_info ci,movie_keyword mk WHERE t.id=mi.movie_id AND t.id=mc.movie_id AND t.id=ci.movie_id AND t.id=mk.movie_id AND ci.role_id=2 AND mi.info_type_id=16 AND t.production_year>2000;
2020-12-09 12:42:25,197 [DEBUG]  		Latency: 22.66ms
2020-12-09 12:42:25,198 [DEBUG]  		True: 9537310863
2020-12-09 12:42:25,198 [DEBUG]  		Predicted: 9469602218.9167
2020-12-09 12:42:25,198 [DEBUG]  Q-Error was: 1.0071501043568698
2020-12-09 12:42:25,198 [DEBUG]  Predicting cardinality for query 60: SELECT COUNT(*) FROM title t,movie_info mi,movie_info_idx mi_idx,cast_info ci,movie_keyword mk WHERE t.id=mi.movie_id AND t.id=mi_idx.movie_id AND t.id=ci.movie_id AND t.id=mk.movie_id AND mi.info_type_id=3 AND mi_idx.info_type_id=100;
2020-12-09 12:42:25,221 [DEBUG]  		Latency: 7.74ms
2020-12-09 12:42:25,221 [DEBUG]  		True: 492943940
2020-12-09 12:42:25,221 [DEBUG]  		Predicted: 413267816.21720165
2020-12-09 12:42:25,222 [DEBUG]  Q-Error was: 1.192795375435001
2020-12-09 12:42:25,222 [DEBUG]  Predicting cardinality for query 61: SELECT COUNT(*) FROM title t,movie_info mi,movie_info_idx mi_idx,cast_info ci,movie_keyword mk WHERE t.id=mi.movie_id AND t.id=mi_idx.movie_id AND t.id=ci.movie_id AND t.id=mk.movie_id AND mi.info_type_id=3 AND mi_idx.info_type_id=100 AND t.production_year>2010;
2020-12-09 12:42:25,274 [DEBUG]  		Latency: 37.68ms
2020-12-09 12:42:25,274 [DEBUG]  		True: 32355583
2020-12-09 12:42:25,274 [DEBUG]  		Predicted: 34712723.30663515
2020-12-09 12:42:25,274 [DEBUG]  Q-Error was: 1.0728511152661087
2020-12-09 12:42:25,274 [DEBUG]  Predicting cardinality for query 62: SELECT COUNT(*) FROM title t,cast_info ci,movie_keyword mk,movie_info_idx mi_idx WHERE t.id=mk.movie_id AND t.id=ci.movie_id AND t.id=mi_idx.movie_id AND t.production_year>2000 AND t.kind_id=1 AND mi_idx.info_type_id=101;
2020-12-09 12:42:25,320 [DEBUG]  		Latency: 34.36ms
2020-12-09 12:42:25,320 [DEBUG]  		True: 81495003
2020-12-09 12:42:25,320 [DEBUG]  		Predicted: 78547799.17461067
2020-12-09 12:42:25,320 [DEBUG]  Q-Error was: 1.037521150896128
2020-12-09 12:42:25,320 [DEBUG]  Predicting cardinality for query 63: SELECT COUNT(*) FROM title t,cast_info ci,movie_keyword mk,movie_info_idx mi_idx WHERE t.id=mk.movie_id AND t.id=ci.movie_id AND t.id=mi_idx.movie_id AND t.production_year>2005 AND t.kind_id=1 AND mi_idx.info_type_id=101;
2020-12-09 12:42:25,365 [DEBUG]  		Latency: 34.17ms
2020-12-09 12:42:25,366 [DEBUG]  		True: 51282842
2020-12-09 12:42:25,366 [DEBUG]  		Predicted: 51465218.30077164
2020-12-09 12:42:25,366 [DEBUG]  Q-Error was: 1.003556283030719
2020-12-09 12:42:25,366 [DEBUG]  Predicting cardinality for query 64: SELECT COUNT(*) FROM title t,movie_keyword mk,movie_companies mc,movie_info mi WHERE t.id=mk.movie_id AND t.id=mc.movie_id AND t.id=mi.movie_id AND mk.keyword_id=398 AND mc.company_type_id=2 AND t.production_year=1998;
2020-12-09 12:42:25,389 [DEBUG]  		Latency: 12.09ms
2020-12-09 12:42:25,389 [DEBUG]  		True: 19006
2020-12-09 12:42:25,389 [DEBUG]  		Predicted: 54843.54180397641
2020-12-09 12:42:25,389 [DEBUG]  Q-Error was: 2.885590960958456
2020-12-09 12:42:25,390 [DEBUG]  Predicting cardinality for query 65: SELECT COUNT(*) FROM title t,movie_info mi,movie_info_idx mi_idx,movie_keyword mk,movie_companies mc WHERE t.id=mi.movie_id AND t.id=mk.movie_id AND t.id=mi_idx.movie_id AND t.id=mc.movie_id AND t.production_year>2000 AND mi.info_type_id=8 AND mi_idx.info_type_id=101;
2020-12-09 12:42:25,439 [DEBUG]  		Latency: 35.18ms
2020-12-09 12:42:25,440 [DEBUG]  		True: 26718423
2020-12-09 12:42:25,440 [DEBUG]  		Predicted: 23230888.840203006
2020-12-09 12:42:25,440 [DEBUG]  Q-Error was: 1.1501248696847761
2020-12-09 12:42:25,440 [DEBUG]  Predicting cardinality for query 66: SELECT COUNT(*) FROM title t,movie_info mi,movie_info_idx mi_idx,movie_keyword mk,movie_companies mc WHERE t.id=mi.movie_id AND t.id=mk.movie_id AND t.id=mi_idx.movie_id AND t.id=mc.movie_id AND t.production_year>2005 AND mi.info_type_id=8 AND mi_idx.info_type_id=101;
2020-12-09 12:42:25,486 [DEBUG]  		Latency: 34.26ms
2020-12-09 12:42:25,487 [DEBUG]  		True: 15813608
2020-12-09 12:42:25,487 [DEBUG]  		Predicted: 14630607.104149008
2020-12-09 12:42:25,487 [DEBUG]  Q-Error was: 1.0808579498738307
2020-12-09 12:42:25,487 [DEBUG]  Predicting cardinality for query 67: SELECT COUNT(*) FROM title t,movie_info mi,movie_companies mc,cast_info ci,movie_keyword mk WHERE t.id=mi.movie_id AND t.id=mc.movie_id AND t.id=ci.movie_id AND t.id=mk.movie_id AND ci.role_id=2 AND mi.info_type_id=16 AND t.production_year>2000 AND t.production_year<2010 AND mk.keyword_id=7084;
2020-12-09 12:42:25,519 [DEBUG]  		Latency: 20.25ms
2020-12-09 12:42:25,519 [DEBUG]  		True: 1067496
2020-12-09 12:42:25,520 [DEBUG]  		Predicted: 685989.7397254311
2020-12-09 12:42:25,520 [DEBUG]  Q-Error was: 1.5561398927442671
2020-12-09 12:42:25,520 [DEBUG]  Predicting cardinality for query 68: SELECT COUNT(*) FROM title t,movie_info mi,movie_companies mc,cast_info ci,movie_keyword mk WHERE t.id=mi.movie_id AND t.id=mc.movie_id AND t.id=ci.movie_id AND t.id=mk.movie_id AND ci.role_id=2 AND mi.info_type_id=16 AND t.production_year>2000 AND t.production_year<2005 AND mk.keyword_id=7084;
2020-12-09 12:42:25,549 [DEBUG]  		Latency: 16.88ms
2020-12-09 12:42:25,549 [DEBUG]  		True: 268172
2020-12-09 12:42:25,549 [DEBUG]  		Predicted: 284729.67777266464
2020-12-09 12:42:25,549 [DEBUG]  Q-Error was: 1.0617427538022786
2020-12-09 12:42:25,549 [DEBUG]  Predicting cardinality for query 69: SELECT COUNT(*) FROM title t,movie_info mi,movie_info_idx mi_idx,cast_info ci,movie_keyword mk WHERE t.id=mi.movie_id AND t.id=mi_idx.movie_id AND t.id=ci.movie_id AND t.id=mk.movie_id AND mi.info_type_id=3 AND mi_idx.info_type_id=100 AND t.production_year>2000;
2020-12-09 12:42:25,593 [DEBUG]  		Latency: 32.15ms
2020-12-09 12:42:25,593 [DEBUG]  		True: 258385218
2020-12-09 12:42:25,593 [DEBUG]  		Predicted: 210918347.40094984
2020-12-09 12:42:25,594 [DEBUG]  Q-Error was: 1.2250485611326025
2020-12-09 12:42:25,595 [INFO ]  [   2.45210633    2.59721991    2.71597857    2.88559096    2.92819122
    3.33403008    3.616679      4.2253765    15.25846506 2190.6036894 ]
2020-12-09 12:42:25,595 [INFO ]  Q-Error 50%-Percentile: 1.167101486191234 (vs. MCSN: 3.82 and IBJS: 1.59)
2020-12-09 12:42:25,596 [INFO ]  Q-Error 90%-Percentile: 2.732939812282455 (vs. MCSN: 78.4 and IBJS: 150)
2020-12-09 12:42:25,596 [INFO ]  Q-Error 95%-Percentile: 3.489486984607578 (vs. MCSN: 362 and IBJS: 3198)
2020-12-09 12:42:25,596 [INFO ]  Q-Error 99%-Percentile: 689.6154846061722 (vs. MCSN: 927 and IBJS: 14309)
2020-12-09 12:42:25,596 [INFO ]  Q-Mean wo inf 32.94167514446235 (vs. MCSN: 57.9 and IBJS: 590)
2020-12-09 12:42:25,596 [INFO ]  Latency avg: 14.68ms
2020-12-09 12:42:25,597 [INFO ]  Saving results to ./baselines/cardinality_estimation/results/deepDB/imdb_light_model_based_budget_5.csv
