2020-12-09 22:46:44,069 [INFO ]  maqp(evaluate_cardinalities: database_name=None, target_path=./baselines/cardinality_estimation/results/deepDB/imdb_light_model_based_budget_5.csv)
2020-12-09 22:46:44,544 [DEBUG]  Including SPN with table_set {'movie_info', 'title', 'movie_companies'} with sampling ratio(1000000 / 67371414)
2020-12-09 22:46:44,545 [DEBUG]  Including SPN with table_set {'title', 'movie_info_idx', 'movie_companies'} with sampling ratio(1000000 / 4073078)
2020-12-09 22:46:44,545 [DEBUG]  Including SPN with table_set {'title', 'movie_companies'} with sampling ratio(4050205 / 2609129)
2020-12-09 22:46:44,545 [DEBUG]  Including SPN with table_set {'title', 'cast_info'} with sampling ratio(10000000 / 36244344)
2020-12-09 22:46:44,545 [DEBUG]  Including SPN with table_set {'movie_info', 'title'} with sampling ratio(10000000 / 14835720)
2020-12-09 22:46:44,545 [DEBUG]  Including SPN with table_set {'movie_keyword'} with sampling ratio(4523930 / 4523930)
2020-12-09 22:46:44,545 [DEBUG]  Including SPN with table_set {'movie_info_idx'} with sampling ratio(1380035 / 1380035)
2020-12-09 22:46:44,545 [DEBUG]  Predicting cardinality for query 0: SELECT COUNT(*) FROM movie_companies mc,title t,movie_info_idx mi_idx WHERE t.id=mc.movie_id AND t.id=mi_idx.movie_id AND mi_idx.info_type_id=112 AND mc.company_type_id=2;
2020-12-09 22:46:44,564 [DEBUG]  		Latency: 11.50ms
2020-12-09 22:46:44,564 [DEBUG]  		True: 715
2020-12-09 22:46:44,564 [DEBUG]  		Predicted: 1532.777274179234
2020-12-09 22:46:44,565 [DEBUG]  Q-Error was: 2.143744439411516
2020-12-09 22:46:44,565 [DEBUG]  Predicting cardinality for query 1: SELECT COUNT(*) FROM movie_companies mc,title t,movie_info_idx mi_idx WHERE t.id=mc.movie_id AND t.id=mi_idx.movie_id AND mi_idx.info_type_id=113 AND mc.company_type_id=2 AND t.production_year>2005.0 AND t.production_year<2010;
2020-12-09 22:46:44,584 [DEBUG]  		Latency: 12.85ms
2020-12-09 22:46:44,585 [DEBUG]  		True: 9
2020-12-09 22:46:44,585 [DEBUG]  		Predicted: 3.724107793828566
2020-12-09 22:46:44,585 [DEBUG]  Q-Error was: 2.41668622345315
2020-12-09 22:46:44,585 [DEBUG]  Predicting cardinality for query 2: SELECT COUNT(*) FROM movie_companies mc,title t,movie_info_idx mi_idx WHERE t.id=mc.movie_id AND t.id=mi_idx.movie_id AND mi_idx.info_type_id=112 AND mc.company_type_id=2 AND t.production_year>2010;
2020-12-09 22:46:44,604 [DEBUG]  		Latency: 12.30ms
2020-12-09 22:46:44,604 [DEBUG]  		True: 47
2020-12-09 22:46:44,604 [DEBUG]  		Predicted: 137.62498752169859
2020-12-09 22:46:44,604 [DEBUG]  Q-Error was: 2.9281912238659276
2020-12-09 22:46:44,604 [DEBUG]  Predicting cardinality for query 3: SELECT COUNT(*) FROM movie_companies mc,title t,movie_info_idx mi_idx WHERE t.id=mc.movie_id AND t.id=mi_idx.movie_id AND mi_idx.info_type_id=113 AND mc.company_type_id=2 AND t.production_year>2000;
2020-12-09 22:46:44,623 [DEBUG]  		Latency: 12.32ms
2020-12-09 22:46:44,623 [DEBUG]  		True: 16
2020-12-09 22:46:44,623 [DEBUG]  		Predicted: 10.21723544802766
2020-12-09 22:46:44,623 [DEBUG]  Q-Error was: 1.5659813343235276
2020-12-09 22:46:44,623 [DEBUG]  Predicting cardinality for query 4: SELECT COUNT(*) FROM movie_companies mc,title t,movie_keyword mk WHERE t.id=mc.movie_id AND t.id=mk.movie_id AND mk.keyword_id=117;
2020-12-09 22:46:44,635 [DEBUG]  		Latency: 6.35ms
2020-12-09 22:46:44,636 [DEBUG]  		True: 148552
2020-12-09 22:46:44,636 [DEBUG]  		Predicted: 41074.14567832492
2020-12-09 22:46:44,636 [DEBUG]  Q-Error was: 3.616678997133513
2020-12-09 22:46:44,636 [DEBUG]  Predicting cardinality for query 5: SELECT COUNT(*) FROM title t,movie_info mi,movie_keyword mk WHERE t.id=mi.movie_id AND t.id=mk.movie_id AND t.production_year>2005;
2020-12-09 22:46:44,646 [DEBUG]  		Latency: 3.94ms
2020-12-09 22:46:44,646 [DEBUG]  		True: 62682311
2020-12-09 22:46:44,646 [DEBUG]  		Predicted: 62339845.775364585
2020-12-09 22:46:44,646 [DEBUG]  Q-Error was: 1.0054935205625861
2020-12-09 22:46:44,646 [DEBUG]  Predicting cardinality for query 6: SELECT COUNT(*) FROM title t,movie_info mi,movie_keyword mk WHERE t.id=mi.movie_id AND t.id=mk.movie_id AND t.production_year>2010;
2020-12-09 22:46:44,655 [DEBUG]  		Latency: 3.25ms
2020-12-09 22:46:44,655 [DEBUG]  		True: 11990578
2020-12-09 22:46:44,655 [DEBUG]  		Predicted: 15805133.095790416
2020-12-09 22:46:44,655 [DEBUG]  Q-Error was: 1.3181293758975101
2020-12-09 22:46:44,655 [DEBUG]  Predicting cardinality for query 7: SELECT COUNT(*) FROM title t,movie_info mi,movie_keyword mk WHERE t.id=mi.movie_id AND t.id=mk.movie_id AND t.production_year>1990;
2020-12-09 22:46:44,665 [DEBUG]  		Latency: 3.29ms
2020-12-09 22:46:44,665 [DEBUG]  		True: 157041640
2020-12-09 22:46:44,665 [DEBUG]  		Predicted: 158374074.0773966
2020-12-09 22:46:44,665 [DEBUG]  Q-Error was: 1.0084845909492324
2020-12-09 22:46:44,665 [DEBUG]  Predicting cardinality for query 8: SELECT COUNT(*) FROM title t,movie_info_idx mi_idx,movie_keyword mk WHERE t.id=mi_idx.movie_id AND t.id=mk.movie_id AND t.production_year>2005 AND mi_idx.info_type_id=101;
2020-12-09 22:46:44,686 [DEBUG]  		Latency: 15.05ms
2020-12-09 22:46:44,686 [DEBUG]  		True: 850677
2020-12-09 22:46:44,686 [DEBUG]  		Predicted: 787575.0755597674
2020-12-09 22:46:44,686 [DEBUG]  Q-Error was: 1.0801217895263928
2020-12-09 22:46:44,687 [DEBUG]  Predicting cardinality for query 9: SELECT COUNT(*) FROM title t,movie_info_idx mi_idx,movie_keyword mk WHERE t.id=mi_idx.movie_id AND t.id=mk.movie_id AND t.production_year>2010 AND mi_idx.info_type_id=101;
2020-12-09 22:46:44,708 [DEBUG]  		Latency: 14.84ms
2020-12-09 22:46:44,708 [DEBUG]  		True: 179616
2020-12-09 22:46:44,708 [DEBUG]  		Predicted: 256578.37997311918
2020-12-09 22:46:44,708 [DEBUG]  Q-Error was: 1.428482874427218
2020-12-09 22:46:44,708 [DEBUG]  Predicting cardinality for query 10: SELECT COUNT(*) FROM title t,movie_info_idx mi_idx,movie_keyword mk WHERE t.id=mi_idx.movie_id AND t.id=mk.movie_id AND t.production_year>1990 AND mi_idx.info_type_id=101;
2020-12-09 22:46:44,729 [DEBUG]  		Latency: 14.72ms
2020-12-09 22:46:44,729 [DEBUG]  		True: 2031666
2020-12-09 22:46:44,729 [DEBUG]  		Predicted: 1517970.5261032241
2020-12-09 22:46:44,729 [DEBUG]  Q-Error was: 1.3384093861265418
2020-12-09 22:46:44,729 [DEBUG]  Predicting cardinality for query 11: SELECT COUNT(*) FROM title t,movie_info mi,movie_companies mc WHERE t.id=mi.movie_id AND t.id=mc.movie_id AND t.production_year>2005 AND mc.company_type_id=2;
2020-12-09 22:46:44,744 [DEBUG]  		Latency: 8.70ms
2020-12-09 22:46:44,744 [DEBUG]  		True: 6333736
2020-12-09 22:46:44,744 [DEBUG]  		Predicted: 6167762.876537002
2020-12-09 22:46:44,744 [DEBUG]  Q-Error was: 1.0269097769783566
2020-12-09 22:46:44,744 [DEBUG]  Predicting cardinality for query 12: SELECT COUNT(*) FROM title t,movie_info mi,movie_companies mc WHERE t.id=mi.movie_id AND t.id=mc.movie_id AND t.production_year>2010 AND mc.company_type_id=2;
2020-12-09 22:46:44,759 [DEBUG]  		Latency: 7.86ms
2020-12-09 22:46:44,759 [DEBUG]  		True: 1931628
2020-12-09 22:46:44,759 [DEBUG]  		Predicted: 1931224.8658721996
2020-12-09 22:46:44,759 [DEBUG]  Q-Error was: 1.000208745307149
2020-12-09 22:46:44,759 [DEBUG]  Predicting cardinality for query 13: SELECT COUNT(*) FROM title t,movie_info mi,movie_companies mc WHERE t.id=mi.movie_id AND t.id=mc.movie_id AND t.production_year>1990 AND mc.company_type_id=2;
2020-12-09 22:46:44,773 [DEBUG]  		Latency: 7.99ms
2020-12-09 22:46:44,773 [DEBUG]  		True: 12738520
2020-12-09 22:46:44,773 [DEBUG]  		Predicted: 12183839.86875614
2020-12-09 22:46:44,773 [DEBUG]  Q-Error was: 1.045525888161602
2020-12-09 22:46:44,773 [DEBUG]  Predicting cardinality for query 14: SELECT COUNT(*) FROM movie_keyword mk,title t,cast_info ci WHERE t.id=mk.movie_id AND t.id=ci.movie_id AND t.production_year>2010 AND mk.keyword_id=8200;
2020-12-09 22:46:44,782 [DEBUG]  		Latency: 2.85ms
2020-12-09 22:46:44,783 [DEBUG]  		True: 1224
2020-12-09 22:46:44,783 [DEBUG]  		Predicted: 80.21776732839191
2020-12-09 22:46:44,783 [DEBUG]  Q-Error was: 15.258465060355562
2020-12-09 22:46:44,783 [DEBUG]  Predicting cardinality for query 15: SELECT COUNT(*) FROM movie_keyword mk,title t,cast_info ci WHERE t.id=mk.movie_id AND t.id=ci.movie_id AND t.production_year>2014;
2020-12-09 22:46:44,791 [DEBUG]  		Latency: 2.04ms
2020-12-09 22:46:44,791 [DEBUG]  		True: 13221
2020-12-09 22:46:44,791 [DEBUG]  		Predicted: 4867.858726427464
2020-12-09 22:46:44,791 [DEBUG]  Q-Error was: 2.715978573540677
2020-12-09 22:46:44,791 [DEBUG]  Predicting cardinality for query 16: SELECT COUNT(*) FROM movie_keyword mk,title t,cast_info ci WHERE t.id=mk.movie_id AND t.id=ci.movie_id AND t.production_year>2014 AND mk.keyword_id=8200;
2020-12-09 22:46:44,798 [DEBUG]  		Latency: 0.34ms
2020-12-09 22:46:44,798 [DEBUG]  		True: 33
2020-12-09 22:46:44,798 [DEBUG]  		Predicted: 0.015064340555827897
2020-12-09 22:46:44,798 [DEBUG]  Q-Error was: 2190.603689401684
2020-12-09 22:46:44,798 [DEBUG]  Predicting cardinality for query 17: SELECT COUNT(*) FROM movie_keyword mk,title t,cast_info ci WHERE t.id=mk.movie_id AND t.id=ci.movie_id AND t.production_year>2000 AND mk.keyword_id=8200;
2020-12-09 22:46:44,806 [DEBUG]  		Latency: 2.23ms
2020-12-09 22:46:44,806 [DEBUG]  		True: 1224
2020-12-09 22:46:44,807 [DEBUG]  		Predicted: 367.1232623821341
2020-12-09 22:46:44,807 [DEBUG]  Q-Error was: 3.334030080409215
2020-12-09 22:46:44,807 [DEBUG]  Predicting cardinality for query 18: SELECT COUNT(*) FROM movie_keyword mk,title t,cast_info ci WHERE t.id=mk.movie_id AND t.id=ci.movie_id AND t.production_year>2000;
2020-12-09 22:46:44,813 [DEBUG]  		Latency: 0.33ms
2020-12-09 22:46:44,813 [DEBUG]  		True: 114182642
2020-12-09 22:46:44,813 [DEBUG]  		Predicted: 118631424.31216608
2020-12-09 22:46:44,813 [DEBUG]  Q-Error was: 1.0389619843633158
2020-12-09 22:46:44,813 [DEBUG]  Predicting cardinality for query 19: SELECT COUNT(*) FROM cast_info ci,title t WHERE t.id=ci.movie_id AND t.production_year>1980 AND t.production_year<1995;
2020-12-09 22:46:44,820 [DEBUG]  		Latency: 1.38ms
2020-12-09 22:46:44,820 [DEBUG]  		True: 4533382
2020-12-09 22:46:44,820 [DEBUG]  		Predicted: 4496410.592850903
2020-12-09 22:46:44,820 [DEBUG]  Q-Error was: 1.0082224268415076
2020-12-09 22:46:44,820 [DEBUG]  Predicting cardinality for query 20: SELECT COUNT(*) FROM cast_info ci,title t WHERE t.id=ci.movie_id AND t.production_year>1980 AND t.production_year<1984;
2020-12-09 22:46:44,827 [DEBUG]  		Latency: 1.36ms
2020-12-09 22:46:44,827 [DEBUG]  		True: 695701
2020-12-09 22:46:44,827 [DEBUG]  		Predicted: 689716.2351881701
2020-12-09 22:46:44,827 [DEBUG]  Q-Error was: 1.008677140694241
2020-12-09 22:46:44,828 [DEBUG]  Predicting cardinality for query 21: SELECT COUNT(*) FROM cast_info ci,title t WHERE t.id=ci.movie_id AND t.production_year>1980 AND t.production_year<2010;
2020-12-09 22:46:44,834 [DEBUG]  		Latency: 1.37ms
2020-12-09 22:46:44,835 [DEBUG]  		True: 21454165
2020-12-09 22:46:44,835 [DEBUG]  		Predicted: 21313319.542563763
2020-12-09 22:46:44,835 [DEBUG]  Q-Error was: 1.0066083303989772
2020-12-09 22:46:44,835 [DEBUG]  Predicting cardinality for query 22: SELECT COUNT(*) FROM cast_info ci,title t,movie_companies mc WHERE t.id=ci.movie_id AND t.id=mc.movie_id AND ci.role_id=2;
2020-12-09 22:46:44,843 [DEBUG]  		Latency: 2.86ms
2020-12-09 22:46:44,844 [DEBUG]  		True: 13355828
2020-12-09 22:46:44,844 [DEBUG]  		Predicted: 15406183.887880795
2020-12-09 22:46:44,844 [DEBUG]  Q-Error was: 1.1535176918930667
2020-12-09 22:46:44,844 [DEBUG]  Predicting cardinality for query 23: SELECT COUNT(*) FROM cast_info ci,title t,movie_companies mc WHERE t.id=ci.movie_id AND t.id=mc.movie_id AND ci.role_id=4;
2020-12-09 22:46:44,851 [DEBUG]  		Latency: 1.66ms
2020-12-09 22:46:44,851 [DEBUG]  		True: 4450853
2020-12-09 22:46:44,852 [DEBUG]  		Predicted: 5132520.285844548
2020-12-09 22:46:44,852 [DEBUG]  Q-Error was: 1.1531543022976827
2020-12-09 22:46:44,852 [DEBUG]  Predicting cardinality for query 24: SELECT COUNT(*) FROM cast_info ci,title t,movie_companies mc WHERE t.id=ci.movie_id AND t.id=mc.movie_id AND ci.role_id=7;
2020-12-09 22:46:44,860 [DEBUG]  		Latency: 2.01ms
2020-12-09 22:46:44,860 [DEBUG]  		True: 794591
2020-12-09 22:46:44,860 [DEBUG]  		Predicted: 592157.805838424
2020-12-09 22:46:44,860 [DEBUG]  Q-Error was: 1.3418568364136567
2020-12-09 22:46:44,860 [DEBUG]  Predicting cardinality for query 25: SELECT COUNT(*) FROM cast_info ci,title t,movie_companies mc WHERE t.id=ci.movie_id AND t.id=mc.movie_id AND t.production_year>2005 AND t.production_year<2015 AND ci.role_id=2;
2020-12-09 22:46:44,876 [DEBUG]  		Latency: 9.63ms
2020-12-09 22:46:44,876 [DEBUG]  		True: 4893440
2020-12-09 22:46:44,876 [DEBUG]  		Predicted: 6132405.419452885
2020-12-09 22:46:44,876 [DEBUG]  Q-Error was: 1.2531890489007498
2020-12-09 22:46:44,876 [DEBUG]  Predicting cardinality for query 26: SELECT COUNT(*) FROM cast_info ci,title t,movie_companies mc WHERE t.id=ci.movie_id AND t.id=mc.movie_id AND t.production_year>2007 AND t.production_year<2010 AND ci.role_id=2;
2020-12-09 22:46:44,893 [DEBUG]  		Latency: 9.74ms
2020-12-09 22:46:44,893 [DEBUG]  		True: 1381288
2020-12-09 22:46:44,893 [DEBUG]  		Predicted: 1648691.1091904934
2020-12-09 22:46:44,893 [DEBUG]  Q-Error was: 1.1935896852723642
2020-12-09 22:46:44,893 [DEBUG]  Predicting cardinality for query 27: SELECT COUNT(*) FROM title t,cast_info ci,movie_companies mc WHERE t.id=mc.movie_id AND t.id=ci.movie_id AND t.production_year>2005 AND ci.role_id=1;
2020-12-09 22:46:44,908 [DEBUG]  		Latency: 8.71ms
2020-12-09 22:46:44,908 [DEBUG]  		True: 8720023
2020-12-09 22:46:44,908 [DEBUG]  		Predicted: 10866136.074149437
2020-12-09 22:46:44,908 [DEBUG]  Q-Error was: 1.2461132354982822
2020-12-09 22:46:44,908 [DEBUG]  Predicting cardinality for query 28: SELECT COUNT(*) FROM title t,cast_info ci,movie_companies mc WHERE t.id=mc.movie_id AND t.id=ci.movie_id AND t.production_year>2010 AND ci.role_id=1;
2020-12-09 22:46:44,923 [DEBUG]  		Latency: 8.73ms
2020-12-09 22:46:44,923 [DEBUG]  		True: 2873214
2020-12-09 22:46:44,923 [DEBUG]  		Predicted: 3818259.9635335333
2020-12-09 22:46:44,923 [DEBUG]  Q-Error was: 1.3289159678094056
2020-12-09 22:46:44,923 [DEBUG]  Predicting cardinality for query 29: SELECT COUNT(*) FROM title t,cast_info ci,movie_companies mc WHERE t.id=mc.movie_id AND t.id=ci.movie_id AND t.production_year>1990;
2020-12-09 22:46:44,936 [DEBUG]  		Latency: 7.41ms
2020-12-09 22:46:44,937 [DEBUG]  		True: 56965403
2020-12-09 22:46:44,937 [DEBUG]  		Predicted: 34558473.52128386
2020-12-09 22:46:44,937 [DEBUG]  Q-Error was: 1.6483772920385553
2020-12-09 22:46:44,937 [DEBUG]  Predicting cardinality for query 30: SELECT COUNT(*) FROM title t,movie_keyword mk,movie_companies mc WHERE t.id=mk.movie_id AND t.id=mc.movie_id AND mk.keyword_id=398 AND mc.company_type_id=2 AND t.production_year>1950 AND t.production_year<2000;
2020-12-09 22:46:44,951 [DEBUG]  		Latency: 7.33ms
2020-12-09 22:46:44,951 [DEBUG]  		True: 7153
2020-12-09 22:46:44,951 [DEBUG]  		Predicted: 8388.55109701641
2020-12-09 22:46:44,951 [DEBUG]  Q-Error was: 1.172731874320762
2020-12-09 22:46:44,952 [DEBUG]  Predicting cardinality for query 31: SELECT COUNT(*) FROM title t,movie_keyword mk,movie_companies mc WHERE t.id=mk.movie_id AND t.id=mc.movie_id AND mk.keyword_id=398 AND mc.company_type_id=2;
2020-12-09 22:46:44,962 [DEBUG]  		Latency: 3.77ms
2020-12-09 22:46:44,962 [DEBUG]  		True: 14102
2020-12-09 22:46:44,962 [DEBUG]  		Predicted: 22101.942101182194
2020-12-09 22:46:44,962 [DEBUG]  Q-Error was: 1.5672913133727269
2020-12-09 22:46:44,962 [DEBUG]  Predicting cardinality for query 32: SELECT COUNT(*) FROM title t,movie_keyword mk,movie_companies mc WHERE t.id=mk.movie_id AND t.id=mc.movie_id AND t.production_year>1950;
2020-12-09 22:46:44,973 [DEBUG]  		Latency: 5.37ms
2020-12-09 22:46:44,973 [DEBUG]  		True: 31339132
2020-12-09 22:46:44,973 [DEBUG]  		Predicted: 19329873.272631902
2020-12-09 22:46:44,974 [DEBUG]  Q-Error was: 1.621279744465337
2020-12-09 22:46:44,974 [DEBUG]  Predicting cardinality for query 33: SELECT COUNT(*) FROM title t,movie_info mi,movie_info_idx mi_idx,movie_companies mc WHERE t.id=mi.movie_id AND t.id=mi_idx.movie_id AND t.id=mc.movie_id AND mi_idx.info_type_id=101 AND mi.info_type_id=3 AND t.production_year>2005 AND t.production_year<2008 AND mc.company_type_id=2;
2020-12-09 22:46:45,016 [DEBUG]  		Latency: 34.93ms
2020-12-09 22:46:45,017 [DEBUG]  		True: 75440
2020-12-09 22:46:45,017 [DEBUG]  		Predicted: 69268.13112158568
2020-12-09 22:46:45,017 [DEBUG]  Q-Error was: 1.089101131768387
2020-12-09 22:46:45,017 [DEBUG]  Predicting cardinality for query 34: SELECT COUNT(*) FROM title t,movie_info mi,movie_info_idx mi_idx,movie_companies mc WHERE t.id=mi.movie_id AND t.id=mi_idx.movie_id AND t.id=mc.movie_id AND mi_idx.info_type_id=113 AND mi.info_type_id=105;
2020-12-09 22:46:45,045 [DEBUG]  		Latency: 20.98ms
2020-12-09 22:46:45,045 [DEBUG]  		True: 72
2020-12-09 22:46:45,045 [DEBUG]  		Predicted: 17.03990164319456
2020-12-09 22:46:45,045 [DEBUG]  Q-Error was: 4.225376502026673
2020-12-09 22:46:45,045 [DEBUG]  Predicting cardinality for query 35: SELECT COUNT(*) FROM title t,movie_info mi,movie_info_idx mi_idx,movie_companies mc WHERE t.id=mi.movie_id AND t.id=mi_idx.movie_id AND t.id=mc.movie_id AND mi_idx.info_type_id=101 AND mi.info_type_id=3 AND t.production_year>2000 AND t.production_year<2010 AND mc.company_type_id=2;
2020-12-09 22:46:45,087 [DEBUG]  		Latency: 33.87ms
2020-12-09 22:46:45,087 [DEBUG]  		True: 305691
2020-12-09 22:46:45,087 [DEBUG]  		Predicted: 274378.95922581403
2020-12-09 22:46:45,087 [DEBUG]  Q-Error was: 1.1141196863729486
2020-12-09 22:46:45,087 [DEBUG]  Predicting cardinality for query 36: SELECT COUNT(*) FROM title t,movie_info mi,movie_companies mc,movie_info_idx mi_idx WHERE t.id=mi.movie_id AND t.id=mc.movie_id AND t.id=mi_idx.movie_id AND t.kind_id=1 AND mc.company_type_id=2 AND mi_idx.info_type_id=101 AND mi.info_type_id=16;
2020-12-09 22:46:45,140 [DEBUG]  		Latency: 39.56ms
2020-12-09 22:46:45,141 [DEBUG]  		True: 1919495
2020-12-09 22:46:45,141 [DEBUG]  		Predicted: 1715137.8757723372
2020-12-09 22:46:45,141 [DEBUG]  Q-Error was: 1.11914909414244
2020-12-09 22:46:45,141 [DEBUG]  Predicting cardinality for query 37: SELECT COUNT(*) FROM title t,movie_info mi,movie_info_idx mi_idx,movie_keyword mk WHERE t.id=mi.movie_id AND t.id=mk.movie_id AND t.id=mi_idx.movie_id AND t.production_year>2010 AND t.kind_id=1 AND mi.info_type_id=8 AND mi_idx.info_type_id=101;
2020-12-09 22:46:45,185 [DEBUG]  		Latency: 35.78ms
2020-12-09 22:46:45,185 [DEBUG]  		True: 150780
2020-12-09 22:46:45,185 [DEBUG]  		Predicted: 212350.656623382
2020-12-09 22:46:45,185 [DEBUG]  Q-Error was: 1.408347636446359
2020-12-09 22:46:45,185 [DEBUG]  Predicting cardinality for query 38: SELECT COUNT(*) FROM title t,movie_info mi,movie_info_idx mi_idx,movie_keyword mk WHERE t.id=mi.movie_id AND t.id=mk.movie_id AND t.id=mi_idx.movie_id AND t.kind_id=1 AND mi.info_type_id=8 AND mi_idx.info_type_id=101;
2020-12-09 22:46:45,222 [DEBUG]  		Latency: 29.48ms
2020-12-09 22:46:45,222 [DEBUG]  		True: 3243247
2020-12-09 22:46:45,222 [DEBUG]  		Predicted: 2930684.1691382807
2020-12-09 22:46:45,222 [DEBUG]  Q-Error was: 1.106651830365475
2020-12-09 22:46:45,222 [DEBUG]  Predicting cardinality for query 39: SELECT COUNT(*) FROM title t,movie_info mi,movie_info_idx mi_idx,movie_keyword mk WHERE t.id=mi.movie_id AND t.id=mk.movie_id AND t.id=mi_idx.movie_id AND t.production_year>2005 AND mi.info_type_id=8 AND mi_idx.info_type_id=101;
2020-12-09 22:46:45,256 [DEBUG]  		Latency: 26.41ms
2020-12-09 22:46:45,256 [DEBUG]  		True: 1043763
2020-12-09 22:46:45,256 [DEBUG]  		Predicted: 1004293.7482098336
2020-12-09 22:46:45,256 [DEBUG]  Q-Error was: 1.039300505315821
2020-12-09 22:46:45,256 [DEBUG]  Predicting cardinality for query 40: SELECT COUNT(*) FROM title t,movie_info mi,movie_companies mc,movie_keyword mk WHERE t.id=mi.movie_id AND t.id=mk.movie_id AND t.id=mc.movie_id AND mi.info_type_id=16 AND t.production_year>2000;
2020-12-09 22:46:45,276 [DEBUG]  		Latency: 12.57ms
2020-12-09 22:46:45,276 [DEBUG]  		True: 512575801
2020-12-09 22:46:45,276 [DEBUG]  		Predicted: 343438917.6191939
2020-12-09 22:46:45,276 [DEBUG]  Q-Error was: 1.4924802481713664
2020-12-09 22:46:45,276 [DEBUG]  Predicting cardinality for query 41: SELECT COUNT(*) FROM title t,movie_info mi,movie_companies mc,movie_keyword mk WHERE t.id=mi.movie_id AND t.id=mk.movie_id AND t.id=mc.movie_id AND mi.info_type_id=16 AND t.production_year>2005 AND t.production_year<2010;
2020-12-09 22:46:45,296 [DEBUG]  		Latency: 12.23ms
2020-12-09 22:46:45,296 [DEBUG]  		True: 206778521
2020-12-09 22:46:45,296 [DEBUG]  		Predicted: 131702706.13555814
2020-12-09 22:46:45,296 [DEBUG]  Q-Error was: 1.5700400323374395
2020-12-09 22:46:45,296 [DEBUG]  Predicting cardinality for query 42: SELECT COUNT(*) FROM title t,movie_info mi,movie_companies mc,movie_keyword mk WHERE t.id=mi.movie_id AND t.id=mk.movie_id AND t.id=mc.movie_id AND mi.info_type_id=16 AND t.production_year>1990;
2020-12-09 22:46:45,315 [DEBUG]  		Latency: 11.87ms
2020-12-09 22:46:45,315 [DEBUG]  		True: 625302823
2020-12-09 22:46:45,315 [DEBUG]  		Predicted: 493747294.8688389
2020-12-09 22:46:45,315 [DEBUG]  Q-Error was: 1.2664430357357361
2020-12-09 22:46:45,315 [DEBUG]  Predicting cardinality for query 43: SELECT COUNT(*) FROM cast_info ci,title t,movie_keyword mk,movie_companies mc WHERE t.id=ci.movie_id AND t.id=mk.movie_id AND t.id=mc.movie_id AND mk.keyword_id=117;
2020-12-09 22:46:45,328 [DEBUG]  		Latency: 6.35ms
2020-12-09 22:46:45,329 [DEBUG]  		True: 7796926
2020-12-09 22:46:45,329 [DEBUG]  		Predicted: 3179685.1110036043
2020-12-09 22:46:45,329 [DEBUG]  Q-Error was: 2.4521063337429205
2020-12-09 22:46:45,329 [DEBUG]  Predicting cardinality for query 44: SELECT COUNT(*) FROM title t,movie_info mi,movie_info_idx mi_idx,cast_info ci WHERE t.id=mi.movie_id AND t.id=mi_idx.movie_id AND t.id=ci.movie_id AND mi.info_type_id=105 AND mi_idx.info_type_id=100;
2020-12-09 22:46:45,356 [DEBUG]  		Latency: 20.31ms
2020-12-09 22:46:45,356 [DEBUG]  		True: 1831108
2020-12-09 22:46:45,356 [DEBUG]  		Predicted: 1686072.5715891027
2020-12-09 22:46:45,356 [DEBUG]  Q-Error was: 1.0860196831706972
2020-12-09 22:46:45,356 [DEBUG]  Predicting cardinality for query 45: SELECT COUNT(*) FROM title t,movie_info mi,movie_info_idx mi_idx,cast_info ci WHERE t.id=mi.movie_id AND t.id=mi_idx.movie_id AND t.id=ci.movie_id AND mi.info_type_id=3 AND mi_idx.info_type_id=101 AND t.production_year>2008 AND t.production_year<2014;
2020-12-09 22:46:45,394 [DEBUG]  		Latency: 29.46ms
2020-12-09 22:46:45,394 [DEBUG]  		True: 2936093
2020-12-09 22:46:45,394 [DEBUG]  		Predicted: 3035811.835258484
2020-12-09 22:46:45,394 [DEBUG]  Q-Error was: 1.0339631051395457
2020-12-09 22:46:45,394 [DEBUG]  Predicting cardinality for query 46: SELECT COUNT(*) FROM title t,movie_info mi,movie_info_idx mi_idx,cast_info ci WHERE t.id=mi.movie_id AND t.id=mi_idx.movie_id AND t.id=ci.movie_id AND mi.info_type_id=3 AND mi_idx.info_type_id=100;
2020-12-09 22:46:45,405 [DEBUG]  		Latency: 4.11ms
2020-12-09 22:46:45,405 [DEBUG]  		True: 16461908
2020-12-09 22:46:45,405 [DEBUG]  		Predicted: 14173325.55882972
2020-12-09 22:46:45,405 [DEBUG]  Q-Error was: 1.1614710980617062
2020-12-09 22:46:45,405 [DEBUG]  Predicting cardinality for query 47: SELECT COUNT(*) FROM title t,movie_info mi,movie_companies mc,cast_info ci WHERE t.id=mi.movie_id AND t.id=mc.movie_id AND t.id=ci.movie_id AND ci.role_id=2 AND mi.info_type_id=16 AND t.production_year>2005 AND t.production_year<2009;
2020-12-09 22:46:45,427 [DEBUG]  		Latency: 14.31ms
2020-12-09 22:46:45,427 [DEBUG]  		True: 24675801
2020-12-09 22:46:45,427 [DEBUG]  		Predicted: 25650257.201170582
2020-12-09 22:46:45,427 [DEBUG]  Q-Error was: 1.039490357422261
2020-12-09 22:46:45,428 [DEBUG]  Predicting cardinality for query 48: SELECT COUNT(*) FROM title t,movie_info mi,movie_companies mc,cast_info ci WHERE t.id=mi.movie_id AND t.id=mc.movie_id AND t.id=ci.movie_id AND ci.role_id=2 AND mi.info_type_id=16;
2020-12-09 22:46:45,443 [DEBUG]  		Latency: 8.10ms
2020-12-09 22:46:45,443 [DEBUG]  		True: 132317651
2020-12-09 22:46:45,443 [DEBUG]  		Predicted: 169906785.24718243
2020-12-09 22:46:45,443 [DEBUG]  Q-Error was: 1.2840825389742025
2020-12-09 22:46:45,443 [DEBUG]  Predicting cardinality for query 49: SELECT COUNT(*) FROM title t,movie_info mi,movie_companies mc,cast_info ci WHERE t.id=mi.movie_id AND t.id=mc.movie_id AND t.id=ci.movie_id AND ci.role_id=2 AND mi.info_type_id=16 AND t.production_year>2000;
2020-12-09 22:46:45,463 [DEBUG]  		Latency: 13.19ms
2020-12-09 22:46:45,464 [DEBUG]  		True: 90649862
2020-12-09 22:46:45,464 [DEBUG]  		Predicted: 91154806.81326988
2020-12-09 22:46:45,464 [DEBUG]  Q-Error was: 1.005570276690216
2020-12-09 22:46:45,464 [DEBUG]  Predicting cardinality for query 50: SELECT COUNT(*) FROM title t,cast_info ci,movie_keyword mk WHERE t.id=mk.movie_id AND t.id=ci.movie_id AND t.production_year>1950 AND t.kind_id=1;
2020-12-09 22:46:45,473 [DEBUG]  		Latency: 3.39ms
2020-12-09 22:46:45,473 [DEBUG]  		True: 151179813
2020-12-09 22:46:45,473 [DEBUG]  		Predicted: 154864809.61363646
2020-12-09 22:46:45,473 [DEBUG]  Q-Error was: 1.0243749250677832
2020-12-09 22:46:45,473 [DEBUG]  Predicting cardinality for query 51: SELECT COUNT(*) FROM title t,cast_info ci,movie_keyword mk WHERE t.id=mk.movie_id AND t.id=ci.movie_id AND t.production_year>2000 AND t.kind_id=1;
2020-12-09 22:46:45,482 [DEBUG]  		Latency: 3.23ms
2020-12-09 22:46:45,483 [DEBUG]  		True: 84217062
2020-12-09 22:46:45,483 [DEBUG]  		Predicted: 91700412.2509546
2020-12-09 22:46:45,483 [DEBUG]  Q-Error was: 1.0888578878583368
2020-12-09 22:46:45,483 [DEBUG]  Predicting cardinality for query 52: SELECT COUNT(*) FROM title t,movie_keyword mk,movie_companies mc,movie_info mi WHERE t.id=mk.movie_id AND t.id=mc.movie_id AND t.id=mi.movie_id AND mk.keyword_id=398 AND mc.company_type_id=2 AND t.production_year>1950 AND t.production_year<2000;
2020-12-09 22:46:45,501 [DEBUG]  		Latency: 10.98ms
2020-12-09 22:46:45,501 [DEBUG]  		True: 333474
2020-12-09 22:46:45,501 [DEBUG]  		Predicted: 728449.6802938781
2020-12-09 22:46:45,501 [DEBUG]  Q-Error was: 2.184427212597918
2020-12-09 22:46:45,501 [DEBUG]  Predicting cardinality for query 53: SELECT COUNT(*) FROM title t,movie_keyword mk,movie_companies mc,movie_info mi WHERE t.id=mk.movie_id AND t.id=mc.movie_id AND t.id=mi.movie_id AND mk.keyword_id=398 AND mc.company_type_id=2 AND t.production_year>2000 AND t.production_year<2010;
2020-12-09 22:46:45,520 [DEBUG]  		Latency: 11.04ms
2020-12-09 22:46:45,520 [DEBUG]  		True: 307213
2020-12-09 22:46:45,520 [DEBUG]  		Predicted: 797899.7193293222
2020-12-09 22:46:45,520 [DEBUG]  Q-Error was: 2.59721990713063
2020-12-09 22:46:45,520 [DEBUG]  Predicting cardinality for query 54: SELECT COUNT(*) FROM title t,movie_keyword mk,movie_companies mc,movie_info mi WHERE t.id=mk.movie_id AND t.id=mc.movie_id AND t.id=mi.movie_id AND mk.keyword_id=398 AND mc.company_type_id=2 AND t.production_year>1950 AND t.production_year<2010;
2020-12-09 22:46:45,538 [DEBUG]  		Latency: 11.11ms
2020-12-09 22:46:45,538 [DEBUG]  		True: 658557
2020-12-09 22:46:45,538 [DEBUG]  		Predicted: 1589571.044691959
2020-12-09 22:46:45,538 [DEBUG]  Q-Error was: 2.4137182426000465
2020-12-09 22:46:45,538 [DEBUG]  Predicting cardinality for query 55: SELECT COUNT(*) FROM title t,movie_info mi,movie_info_idx mi_idx,movie_keyword mk,movie_companies mc WHERE t.id=mi.movie_id AND t.id=mk.movie_id AND t.id=mi_idx.movie_id AND t.id=mc.movie_id AND t.production_year>2008 AND mi.info_type_id=8 AND mi_idx.info_type_id=101;
2020-12-09 22:46:45,577 [DEBUG]  		Latency: 30.87ms
2020-12-09 22:46:45,577 [DEBUG]  		True: 8275169
2020-12-09 22:46:45,577 [DEBUG]  		Predicted: 8178255.6742823245
2020-12-09 22:46:45,577 [DEBUG]  Q-Error was: 1.0118501217836016
2020-12-09 22:46:45,577 [DEBUG]  Predicting cardinality for query 56: SELECT COUNT(*) FROM title t,movie_info mi,movie_info_idx mi_idx,movie_keyword mk,movie_companies mc WHERE t.id=mi.movie_id AND t.id=mk.movie_id AND t.id=mi_idx.movie_id AND t.id=mc.movie_id AND t.production_year>2009 AND mi.info_type_id=8 AND mi_idx.info_type_id=101;
2020-12-09 22:46:45,615 [DEBUG]  		Latency: 30.68ms
2020-12-09 22:46:45,615 [DEBUG]  		True: 5060606
2020-12-09 22:46:45,615 [DEBUG]  		Predicted: 5749473.909623161
2020-12-09 22:46:45,616 [DEBUG]  Q-Error was: 1.1361236005377935
2020-12-09 22:46:45,616 [DEBUG]  Predicting cardinality for query 57: SELECT COUNT(*) FROM title t,movie_info mi,movie_companies mc,cast_info ci,movie_keyword mk WHERE t.id=mi.movie_id AND t.id=mc.movie_id AND t.id=ci.movie_id AND t.id=mk.movie_id AND ci.role_id=2 AND mi.info_type_id=16 AND t.production_year>2010;
2020-12-09 22:46:45,638 [DEBUG]  		Latency: 15.28ms
2020-12-09 22:46:45,638 [DEBUG]  		True: 1352809555
2020-12-09 22:46:45,639 [DEBUG]  		Predicted: 1376104301.3371134
2020-12-09 22:46:45,639 [DEBUG]  Q-Error was: 1.0172195311978804
2020-12-09 22:46:45,639 [DEBUG]  Predicting cardinality for query 58: SELECT COUNT(*) FROM title t,movie_info mi,movie_companies mc,cast_info ci,movie_keyword mk WHERE t.id=mi.movie_id AND t.id=mc.movie_id AND t.id=ci.movie_id AND t.id=mk.movie_id AND ci.role_id=2 AND mi.info_type_id=16 AND t.production_year>2010 AND mc.company_id=22956;
2020-12-09 22:46:45,661 [DEBUG]  		Latency: 14.67ms
2020-12-09 22:46:45,661 [DEBUG]  		True: 191935
2020-12-09 22:46:45,661 [DEBUG]  		Predicted: 174696.2510446149
2020-12-09 22:46:45,661 [DEBUG]  Q-Error was: 1.0986784138314598
2020-12-09 22:46:45,661 [DEBUG]  Predicting cardinality for query 59: SELECT COUNT(*) FROM title t,movie_info mi,movie_companies mc,cast_info ci,movie_keyword mk WHERE t.id=mi.movie_id AND t.id=mc.movie_id AND t.id=ci.movie_id AND t.id=mk.movie_id AND ci.role_id=2 AND mi.info_type_id=16 AND t.production_year>2000;
2020-12-09 22:46:45,682 [DEBUG]  		Latency: 12.84ms
2020-12-09 22:46:45,682 [DEBUG]  		True: 9537310863
2020-12-09 22:46:45,682 [DEBUG]  		Predicted: 9469602218.9167
2020-12-09 22:46:45,682 [DEBUG]  Q-Error was: 1.0071501043568698
2020-12-09 22:46:45,682 [DEBUG]  Predicting cardinality for query 60: SELECT COUNT(*) FROM title t,movie_info mi,movie_info_idx mi_idx,cast_info ci,movie_keyword mk WHERE t.id=mi.movie_id AND t.id=mi_idx.movie_id AND t.id=ci.movie_id AND t.id=mk.movie_id AND mi.info_type_id=3 AND mi_idx.info_type_id=100;
2020-12-09 22:46:45,695 [DEBUG]  		Latency: 5.35ms
2020-12-09 22:46:45,695 [DEBUG]  		True: 492943940
2020-12-09 22:46:45,695 [DEBUG]  		Predicted: 413267816.21720165
2020-12-09 22:46:45,695 [DEBUG]  Q-Error was: 1.192795375435001
2020-12-09 22:46:45,695 [DEBUG]  Predicting cardinality for query 61: SELECT COUNT(*) FROM title t,movie_info mi,movie_info_idx mi_idx,cast_info ci,movie_keyword mk WHERE t.id=mi.movie_id AND t.id=mi_idx.movie_id AND t.id=ci.movie_id AND t.id=mk.movie_id AND mi.info_type_id=3 AND mi_idx.info_type_id=100 AND t.production_year>2010;
2020-12-09 22:46:45,730 [DEBUG]  		Latency: 27.76ms
2020-12-09 22:46:45,730 [DEBUG]  		True: 32355583
2020-12-09 22:46:45,730 [DEBUG]  		Predicted: 34712723.30663515
2020-12-09 22:46:45,730 [DEBUG]  Q-Error was: 1.0728511152661087
2020-12-09 22:46:45,730 [DEBUG]  Predicting cardinality for query 62: SELECT COUNT(*) FROM title t,cast_info ci,movie_keyword mk,movie_info_idx mi_idx WHERE t.id=mk.movie_id AND t.id=ci.movie_id AND t.id=mi_idx.movie_id AND t.production_year>2000 AND t.kind_id=1 AND mi_idx.info_type_id=101;
2020-12-09 22:46:45,768 [DEBUG]  		Latency: 30.54ms
2020-12-09 22:46:45,768 [DEBUG]  		True: 81495003
2020-12-09 22:46:45,768 [DEBUG]  		Predicted: 78547799.17461067
2020-12-09 22:46:45,768 [DEBUG]  Q-Error was: 1.037521150896128
2020-12-09 22:46:45,768 [DEBUG]  Predicting cardinality for query 63: SELECT COUNT(*) FROM title t,cast_info ci,movie_keyword mk,movie_info_idx mi_idx WHERE t.id=mk.movie_id AND t.id=ci.movie_id AND t.id=mi_idx.movie_id AND t.production_year>2005 AND t.kind_id=1 AND mi_idx.info_type_id=101;
2020-12-09 22:46:45,805 [DEBUG]  		Latency: 30.16ms
2020-12-09 22:46:45,805 [DEBUG]  		True: 51282842
2020-12-09 22:46:45,805 [DEBUG]  		Predicted: 51465218.30077164
2020-12-09 22:46:45,805 [DEBUG]  Q-Error was: 1.003556283030719
2020-12-09 22:46:45,806 [DEBUG]  Predicting cardinality for query 64: SELECT COUNT(*) FROM title t,movie_keyword mk,movie_companies mc,movie_info mi WHERE t.id=mk.movie_id AND t.id=mc.movie_id AND t.id=mi.movie_id AND mk.keyword_id=398 AND mc.company_type_id=2 AND t.production_year=1998;
2020-12-09 22:46:45,823 [DEBUG]  		Latency: 10.89ms
2020-12-09 22:46:45,823 [DEBUG]  		True: 19006
2020-12-09 22:46:45,823 [DEBUG]  		Predicted: 54843.54180397641
2020-12-09 22:46:45,823 [DEBUG]  Q-Error was: 2.885590960958456
2020-12-09 22:46:45,824 [DEBUG]  Predicting cardinality for query 65: SELECT COUNT(*) FROM title t,movie_info mi,movie_info_idx mi_idx,movie_keyword mk,movie_companies mc WHERE t.id=mi.movie_id AND t.id=mk.movie_id AND t.id=mi_idx.movie_id AND t.id=mc.movie_id AND t.production_year>2000 AND mi.info_type_id=8 AND mi_idx.info_type_id=101;
2020-12-09 22:46:45,862 [DEBUG]  		Latency: 30.47ms
2020-12-09 22:46:45,862 [DEBUG]  		True: 26718423
2020-12-09 22:46:45,862 [DEBUG]  		Predicted: 23230888.840203006
2020-12-09 22:46:45,862 [DEBUG]  Q-Error was: 1.1501248696847761
2020-12-09 22:46:45,862 [DEBUG]  Predicting cardinality for query 66: SELECT COUNT(*) FROM title t,movie_info mi,movie_info_idx mi_idx,movie_keyword mk,movie_companies mc WHERE t.id=mi.movie_id AND t.id=mk.movie_id AND t.id=mi_idx.movie_id AND t.id=mc.movie_id AND t.production_year>2005 AND mi.info_type_id=8 AND mi_idx.info_type_id=101;
2020-12-09 22:46:45,900 [DEBUG]  		Latency: 30.71ms
2020-12-09 22:46:45,900 [DEBUG]  		True: 15813608
2020-12-09 22:46:45,900 [DEBUG]  		Predicted: 14630607.104149008
2020-12-09 22:46:45,900 [DEBUG]  Q-Error was: 1.0808579498738307
2020-12-09 22:46:45,900 [DEBUG]  Predicting cardinality for query 67: SELECT COUNT(*) FROM title t,movie_info mi,movie_companies mc,cast_info ci,movie_keyword mk WHERE t.id=mi.movie_id AND t.id=mc.movie_id AND t.id=ci.movie_id AND t.id=mk.movie_id AND ci.role_id=2 AND mi.info_type_id=16 AND t.production_year>2000 AND t.production_year<2010 AND mk.keyword_id=7084;
2020-12-09 22:46:45,926 [DEBUG]  		Latency: 17.24ms
2020-12-09 22:46:45,926 [DEBUG]  		True: 1067496
2020-12-09 22:46:45,926 [DEBUG]  		Predicted: 685989.7397254311
2020-12-09 22:46:45,926 [DEBUG]  Q-Error was: 1.5561398927442671
2020-12-09 22:46:45,926 [DEBUG]  Predicting cardinality for query 68: SELECT COUNT(*) FROM title t,movie_info mi,movie_companies mc,cast_info ci,movie_keyword mk WHERE t.id=mi.movie_id AND t.id=mc.movie_id AND t.id=ci.movie_id AND t.id=mk.movie_id AND ci.role_id=2 AND mi.info_type_id=16 AND t.production_year>2000 AND t.production_year<2005 AND mk.keyword_id=7084;
2020-12-09 22:46:45,950 [DEBUG]  		Latency: 15.71ms
2020-12-09 22:46:45,950 [DEBUG]  		True: 268172
2020-12-09 22:46:45,950 [DEBUG]  		Predicted: 284729.67777266464
2020-12-09 22:46:45,950 [DEBUG]  Q-Error was: 1.0617427538022786
2020-12-09 22:46:45,950 [DEBUG]  Predicting cardinality for query 69: SELECT COUNT(*) FROM title t,movie_info mi,movie_info_idx mi_idx,cast_info ci,movie_keyword mk WHERE t.id=mi.movie_id AND t.id=mi_idx.movie_id AND t.id=ci.movie_id AND t.id=mk.movie_id AND mi.info_type_id=3 AND mi_idx.info_type_id=100 AND t.production_year>2000;
2020-12-09 22:46:45,986 [DEBUG]  		Latency: 28.03ms
2020-12-09 22:46:45,986 [DEBUG]  		True: 258385218
2020-12-09 22:46:45,986 [DEBUG]  		Predicted: 210918347.40094984
2020-12-09 22:46:45,986 [DEBUG]  Q-Error was: 1.2250485611326025
2020-12-09 22:46:45,987 [INFO ]  [   2.45210633    2.59721991    2.71597857    2.88559096    2.92819122
    3.33403008    3.616679      4.2253765    15.25846506 2190.6036894 ]
2020-12-09 22:46:45,987 [INFO ]  Q-Error 50%-Percentile: 1.167101486191234 (vs. MCSN: 3.82 and IBJS: 1.59)
2020-12-09 22:46:45,987 [INFO ]  Q-Error 90%-Percentile: 2.732939812282455 (vs. MCSN: 78.4 and IBJS: 150)
2020-12-09 22:46:45,988 [INFO ]  Q-Error 95%-Percentile: 3.489486984607578 (vs. MCSN: 362 and IBJS: 3198)
2020-12-09 22:46:45,988 [INFO ]  Q-Error 99%-Percentile: 689.6154846061722 (vs. MCSN: 927 and IBJS: 14309)
2020-12-09 22:46:45,988 [INFO ]  Q-Mean wo inf 32.94167514446235 (vs. MCSN: 57.9 and IBJS: 590)
2020-12-09 22:46:45,988 [INFO ]  Latency avg: 13.41ms
2020-12-09 22:46:45,988 [INFO ]  Saving results to ./baselines/cardinality_estimation/results/deepDB/imdb_light_model_based_budget_5.csv
