2020-12-08 18:00:17,710 [INFO ]  Generating HDF files for tables in ../imdb-benchmark and store to path ../imdb-benchmark/gen_single_light
2020-12-08 18:00:17,710 [INFO ]  Making target path ../imdb-benchmark/gen_single_light
2020-12-08 18:00:17,710 [INFO ]  Preparing hdf file for table title
2020-12-08 18:00:25,945 [INFO ]  Managing functional dependencies for table title
2020-12-08 18:00:25,973 [INFO ]  Preparing multipliers for table title
2020-12-08 18:00:25,974 [INFO ]  Preparing multiplier movie_info_idx.movie_id = title.id for table title
2020-12-08 18:00:30,698 [INFO ]  Note: NumExpr detected 40 cores but "NUMEXPR_MAX_THREADS" not set, so enforcing safe limit of 8.
2020-12-08 18:00:30,698 [INFO ]  NumExpr defaulting to 8 threads.
2020-12-08 18:00:31,708 [INFO ]  Preparing multiplier movie_info.movie_id = title.id for table title
2020-12-08 18:00:56,687 [INFO ]  Preparing multiplier cast_info.movie_id = title.id for table title
2020-12-08 18:02:27,184 [INFO ]  Preparing multiplier movie_keyword.movie_id = title.id for table title
2020-12-08 18:02:33,221 [INFO ]  Preparing multiplier movie_companies.movie_id = title.id for table title
2020-12-08 18:02:39,255 [INFO ]  Preparing categorical values and null values for table title
2020-12-08 18:02:39,256 [DEBUG]  		Preparing numerical values for column id
2020-12-08 18:02:39,277 [DEBUG]  		Preparing numerical values for column kind_id
2020-12-08 18:02:39,299 [DEBUG]  		Preparing numerical values for column production_year
2020-12-08 18:02:39,333 [DEBUG]  		Preparing numerical values for column mul_movie_info_idx.movie_id
2020-12-08 18:02:39,357 [DEBUG]  		Preparing numerical values for column mul_movie_info_idx.movie_id_nn
2020-12-08 18:02:39,382 [DEBUG]  		Preparing numerical values for column mul_movie_info.movie_id
2020-12-08 18:02:39,407 [DEBUG]  		Preparing numerical values for column mul_movie_info.movie_id_nn
2020-12-08 18:02:39,434 [DEBUG]  		Preparing numerical values for column mul_cast_info.movie_id
2020-12-08 18:02:39,461 [DEBUG]  		Preparing numerical values for column mul_cast_info.movie_id_nn
2020-12-08 18:02:39,486 [DEBUG]  		Preparing numerical values for column mul_movie_keyword.movie_id
2020-12-08 18:02:39,510 [DEBUG]  		Preparing numerical values for column mul_movie_keyword.movie_id_nn
2020-12-08 18:02:39,534 [DEBUG]  		Preparing numerical values for column mul_movie_companies.movie_id
2020-12-08 18:02:39,559 [DEBUG]  		Preparing numerical values for column mul_movie_companies.movie_id_nn
2020-12-08 18:02:39,582 [INFO ]  Relevant attributes for table title are ['id', 'kind_id', 'production_year', 'mul_movie_info_idx.movie_id', 'mul_movie_info_idx.movie_id_nn', 'mul_movie_info.movie_id', 'mul_movie_info.movie_id_nn', 'mul_cast_info.movie_id', 'mul_cast_info.movie_id_nn', 'mul_movie_keyword.movie_id', 'mul_movie_keyword.movie_id_nn', 'mul_movie_companies.movie_id', 'mul_movie_companies.movie_id_nn']
2020-12-08 18:02:39,583 [INFO ]  NULL values for table title are [1264156.5001, 4.943925366489578, 1992.7887619952553, 0.5459325554757483, 1.3640226487870168, 5.867935931641348, 5.89146427782647, 14.33549215096871, 14.413295444233148, 1.7894084397811663, 2.600826492616418, 1.032064804976601, 1.6020403459699595]
2020-12-08 18:02:42,954 [INFO ]  Adding table parts without join partners for table title
2020-12-08 18:02:42,954 [INFO ]  Adding table parts without join partners for table title and relationship movie_info_idx.movie_id = title.id
2020-12-08 18:02:49,016 [INFO ]  Adding table parts without join partners for table title and relationship movie_info.movie_id = title.id
2020-12-08 18:03:28,170 [INFO ]  Adding table parts without join partners for table title and relationship cast_info.movie_id = title.id
2020-12-08 18:05:34,826 [INFO ]  Adding table parts without join partners for table title and relationship movie_keyword.movie_id = title.id
2020-12-08 18:05:42,166 [INFO ]  Adding table parts without join partners for table title and relationship movie_companies.movie_id = title.id
2020-12-08 18:05:49,378 [INFO ]  Preparing hdf file for table movie_info_idx
2020-12-08 18:05:50,011 [INFO ]  Managing functional dependencies for table movie_info_idx
2020-12-08 18:05:50,016 [INFO ]  Preparing multipliers for table movie_info_idx
2020-12-08 18:05:50,020 [INFO ]  Preparing categorical values and null values for table movie_info_idx
2020-12-08 18:05:50,021 [DEBUG]  		Preparing numerical values for column id
2020-12-08 18:05:50,032 [DEBUG]  		Preparing numerical values for column movie_id
2020-12-08 18:05:50,043 [DEBUG]  		Preparing numerical values for column info_type_id
2020-12-08 18:05:50,054 [INFO ]  Relevant attributes for table movie_info_idx are ['id', 'movie_id', 'info_type_id']
2020-12-08 18:05:50,054 [INFO ]  NULL values for table movie_info_idx are [690018.0001, 1591796.733549514, 100.00236805841881]
2020-12-08 18:05:50,913 [INFO ]  Adding table parts without join partners for table movie_info_idx
2020-12-08 18:05:50,913 [INFO ]  Preparing hdf file for table movie_info
2020-12-08 18:06:05,487 [INFO ]  Managing functional dependencies for table movie_info
2020-12-08 18:06:05,656 [INFO ]  Preparing multipliers for table movie_info
2020-12-08 18:06:05,676 [INFO ]  Preparing categorical values and null values for table movie_info
2020-12-08 18:06:05,677 [DEBUG]  		Preparing numerical values for column id
2020-12-08 18:06:05,799 [DEBUG]  		Preparing numerical values for column movie_id
2020-12-08 18:06:05,904 [DEBUG]  		Preparing numerical values for column info_type_id
2020-12-08 18:06:06,008 [INFO ]  Relevant attributes for table movie_info are ['id', 'movie_id', 'info_type_id']
2020-12-08 18:06:06,009 [INFO ]  NULL values for table movie_info are [7417860.5001, 1687757.525917082, 15.7390803123812]
2020-12-08 18:06:13,823 [INFO ]  Adding table parts without join partners for table movie_info
2020-12-08 18:06:13,823 [INFO ]  Preparing hdf file for table cast_info
2020-12-08 18:06:38,406 [INFO ]  Managing functional dependencies for table cast_info
2020-12-08 18:06:38,831 [INFO ]  Preparing multipliers for table cast_info
2020-12-08 18:06:38,903 [INFO ]  Preparing categorical values and null values for table cast_info
2020-12-08 18:06:38,904 [DEBUG]  		Preparing numerical values for column id
2020-12-08 18:06:39,253 [DEBUG]  		Preparing numerical values for column movie_id
2020-12-08 18:06:39,610 [DEBUG]  		Preparing numerical values for column role_id
2020-12-08 18:06:39,958 [INFO ]  Relevant attributes for table cast_info are ['id', 'movie_id', 'role_id']
2020-12-08 18:06:39,959 [INFO ]  NULL values for table cast_info are [18122172.5001, 1303597.173158533, 3.635458140293559]
2020-12-08 18:06:59,631 [INFO ]  Adding table parts without join partners for table cast_info
2020-12-08 18:06:59,634 [INFO ]  Preparing hdf file for table movie_keyword
2020-12-08 18:07:00,703 [INFO ]  Managing functional dependencies for table movie_keyword
2020-12-08 18:07:00,719 [INFO ]  Preparing multipliers for table movie_keyword
2020-12-08 18:07:00,729 [INFO ]  Preparing categorical values and null values for table movie_keyword
2020-12-08 18:07:00,729 [DEBUG]  		Preparing numerical values for column id
2020-12-08 18:07:00,762 [DEBUG]  		Preparing numerical values for column movie_id
2020-12-08 18:07:00,795 [DEBUG]  		Preparing numerical values for column keyword_id
2020-12-08 18:07:00,827 [INFO ]  Relevant attributes for table movie_keyword are ['id', 'movie_id', 'keyword_id']
2020-12-08 18:07:00,827 [INFO ]  NULL values for table movie_keyword are [2261965.5001, 1859996.4584161101, 13657.743575694805]
2020-12-08 18:07:03,695 [INFO ]  Adding table parts without join partners for table movie_keyword
2020-12-08 18:07:03,696 [INFO ]  Preparing hdf file for table movie_companies
2020-12-08 18:07:04,969 [INFO ]  Managing functional dependencies for table movie_companies
2020-12-08 18:07:04,981 [INFO ]  Preparing multipliers for table movie_companies
2020-12-08 18:07:04,987 [INFO ]  Preparing categorical values and null values for table movie_companies
2020-12-08 18:07:04,988 [DEBUG]  		Preparing numerical values for column id
2020-12-08 18:07:05,010 [DEBUG]  		Preparing numerical values for column movie_id
2020-12-08 18:07:05,033 [DEBUG]  		Preparing numerical values for column company_id
2020-12-08 18:07:05,055 [DEBUG]  		Preparing numerical values for column company_type_id
2020-12-08 18:07:05,075 [INFO ]  Relevant attributes for table movie_companies are ['id', 'movie_id', 'company_id', 'company_type_id']
2020-12-08 18:07:05,075 [INFO ]  NULL values for table movie_companies are [1304565.0001, 1650151.1771682862, 33739.30246105612, 1.5117201613641946]
2020-12-08 18:07:06,827 [INFO ]  Adding table parts without join partners for table movie_companies
2020-12-08 18:07:06,828 [INFO ]  Files successfully created
