2020-12-13 19:14:51,488 [INFO ]  maqp(evaluate_cardinalities: database_name=imdb, target_path=./baselines/cardinality_estimation/results/deepDB/imdb_light_model_based_budget_5.csv)
2020-12-13 19:14:53,117 [DEBUG]  Including SPN with table_set {'title', 'movie_companies', 'movie_info_idx'} with sampling ratio(1000000 / 4073078)
2020-12-13 19:14:53,118 [DEBUG]  Including SPN with table_set {'title', 'movie_info', 'movie_companies'} with sampling ratio(1000000 / 67371414)
2020-12-13 19:14:53,118 [DEBUG]  Including SPN with table_set {'title', 'movie_info_idx'} with sampling ratio(3448422 / 1380035)
2020-12-13 19:14:53,118 [DEBUG]  Including SPN with table_set {'title', 'movie_companies'} with sampling ratio(4050205 / 2609129)
2020-12-13 19:14:53,118 [DEBUG]  Including SPN with table_set {'title', 'movie_info'} with sampling ratio(10000000 / 14835720)
2020-12-13 19:14:53,118 [DEBUG]  Including SPN with table_set {'cast_info'} with sampling ratio(10000000 / 36244344)
2020-12-13 19:14:53,118 [DEBUG]  Including SPN with table_set {'movie_keyword'} with sampling ratio(4523930 / 4523930)
2020-12-13 19:14:53,119 [DEBUG]  Predicting cardinality for query 0: SELECT COUNT(*) FROM movie_companies mc,title t,movie_info_idx mi_idx WHERE t.id=mc.movie_id AND t.id=mi_idx.movie_id AND mi_idx.info_type_id=112 AND mc.company_type_id=2;
2020-12-13 19:14:53,139 [DEBUG]  		Latency: 12.08ms
2020-12-13 19:14:53,139 [DEBUG]  		True: 715
2020-12-13 19:14:53,139 [DEBUG]  		Predicted: 1517.4675842289762
2020-12-13 19:14:53,139 [DEBUG]  Q-Error was: 2.122332285634932
2020-12-13 19:14:53,139 [DEBUG]  Predicting cardinality for query 1: SELECT COUNT(*) FROM movie_companies mc,title t,movie_info_idx mi_idx WHERE t.id=mc.movie_id AND t.id=mi_idx.movie_id AND mi_idx.info_type_id=113 AND mc.company_type_id=2 AND t.production_year>2005 AND t.production_year<2010;
2020-12-13 19:14:53,158 [DEBUG]  		Latency: 12.67ms
2020-12-13 19:14:53,158 [DEBUG]  		True: 9
2020-12-13 19:14:53,158 [DEBUG]  		Predicted: 4.322076590129576
2020-12-13 19:14:53,159 [DEBUG]  Q-Error was: 2.0823323724881466
2020-12-13 19:14:53,159 [DEBUG]  Predicting cardinality for query 2: SELECT COUNT(*) FROM movie_companies mc,title t,movie_info_idx mi_idx WHERE t.id=mc.movie_id AND t.id=mi_idx.movie_id AND mi_idx.info_type_id=112 AND mc.company_type_id=2 AND t.production_year>2010;
2020-12-13 19:14:53,177 [DEBUG]  		Latency: 12.04ms
2020-12-13 19:14:53,177 [DEBUG]  		True: 47
2020-12-13 19:14:53,177 [DEBUG]  		Predicted: 127.9462604543495
2020-12-13 19:14:53,177 [DEBUG]  Q-Error was: 2.7222608607308403
2020-12-13 19:14:53,177 [DEBUG]  Predicting cardinality for query 3: SELECT COUNT(*) FROM movie_companies mc,title t,movie_info_idx mi_idx WHERE t.id=mc.movie_id AND t.id=mi_idx.movie_id AND mi_idx.info_type_id=113 AND mc.company_type_id=2 AND t.production_year>2000;
2020-12-13 19:14:53,195 [DEBUG]  		Latency: 11.53ms
2020-12-13 19:14:53,195 [DEBUG]  		True: 16
2020-12-13 19:14:53,195 [DEBUG]  		Predicted: 11.585892999103601
2020-12-13 19:14:53,196 [DEBUG]  Q-Error was: 1.3809897951964443
2020-12-13 19:14:53,196 [DEBUG]  Predicting cardinality for query 4: SELECT COUNT(*) FROM movie_companies mc,title t,movie_keyword mk WHERE t.id=mc.movie_id AND t.id=mk.movie_id AND mk.keyword_id=117;
2020-12-13 19:14:53,209 [DEBUG]  		Latency: 8.05ms
2020-12-13 19:14:53,209 [DEBUG]  		True: 148552
2020-12-13 19:14:53,210 [DEBUG]  		Predicted: 41067.13234135826
2020-12-13 19:14:53,210 [DEBUG]  Q-Error was: 3.6172966440706382
2020-12-13 19:14:53,210 [DEBUG]  Predicting cardinality for query 5: SELECT COUNT(*) FROM title t,movie_info mi,movie_keyword mk WHERE t.id=mi.movie_id AND t.id=mk.movie_id AND t.production_year>2005;
2020-12-13 19:14:53,221 [DEBUG]  		Latency: 5.12ms
2020-12-13 19:14:53,221 [DEBUG]  		True: 62682311
2020-12-13 19:14:53,221 [DEBUG]  		Predicted: 59992649.40957598
2020-12-13 19:14:53,221 [DEBUG]  Q-Error was: 1.044833185680156
2020-12-13 19:14:53,221 [DEBUG]  Predicting cardinality for query 6: SELECT COUNT(*) FROM title t,movie_info mi,movie_keyword mk WHERE t.id=mi.movie_id AND t.id=mk.movie_id AND t.production_year>2010;
2020-12-13 19:14:53,231 [DEBUG]  		Latency: 4.07ms
2020-12-13 19:14:53,231 [DEBUG]  		True: 11990578
2020-12-13 19:14:53,231 [DEBUG]  		Predicted: 14545949.814182093
2020-12-13 19:14:53,231 [DEBUG]  Q-Error was: 1.2131149819618448
2020-12-13 19:14:53,231 [DEBUG]  Predicting cardinality for query 7: SELECT COUNT(*) FROM title t,movie_info mi,movie_keyword mk WHERE t.id=mi.movie_id AND t.id=mk.movie_id AND t.production_year>1990;
2020-12-13 19:14:53,241 [DEBUG]  		Latency: 4.21ms
2020-12-13 19:14:53,241 [DEBUG]  		True: 157041640
2020-12-13 19:14:53,241 [DEBUG]  		Predicted: 156063832.94261765
2020-12-13 19:14:53,241 [DEBUG]  Q-Error was: 1.0062654302341907
2020-12-13 19:14:53,241 [DEBUG]  Predicting cardinality for query 8: SELECT COUNT(*) FROM title t,movie_info_idx mi_idx,movie_keyword mk WHERE t.id=mi_idx.movie_id AND t.id=mk.movie_id AND t.production_year>2005 AND mi_idx.info_type_id=101;
2020-12-13 19:14:53,256 [DEBUG]  		Latency: 8.32ms
2020-12-13 19:14:53,256 [DEBUG]  		True: 850677
2020-12-13 19:14:53,256 [DEBUG]  		Predicted: 439085.8715166055
2020-12-13 19:14:53,256 [DEBUG]  Q-Error was: 1.937381854400726
2020-12-13 19:14:53,256 [DEBUG]  Predicting cardinality for query 9: SELECT COUNT(*) FROM title t,movie_info_idx mi_idx,movie_keyword mk WHERE t.id=mi_idx.movie_id AND t.id=mk.movie_id AND t.production_year>2010 AND mi_idx.info_type_id=101;
2020-12-13 19:14:53,270 [DEBUG]  		Latency: 7.52ms
2020-12-13 19:14:53,270 [DEBUG]  		True: 179616
2020-12-13 19:14:53,270 [DEBUG]  		Predicted: 138988.70947491407
2020-12-13 19:14:53,270 [DEBUG]  Q-Error was: 1.2923064087620637
2020-12-13 19:14:53,270 [DEBUG]  Predicting cardinality for query 10: SELECT COUNT(*) FROM title t,movie_info_idx mi_idx,movie_keyword mk WHERE t.id=mi_idx.movie_id AND t.id=mk.movie_id AND t.production_year>1990 AND mi_idx.info_type_id=101;
2020-12-13 19:14:53,284 [DEBUG]  		Latency: 7.96ms
2020-12-13 19:14:53,284 [DEBUG]  		True: 2031666
2020-12-13 19:14:53,284 [DEBUG]  		Predicted: 885722.3289769514
2020-12-13 19:14:53,284 [DEBUG]  Q-Error was: 2.293795621418582
2020-12-13 19:14:53,284 [DEBUG]  Predicting cardinality for query 11: SELECT COUNT(*) FROM title t,movie_info mi,movie_companies mc WHERE t.id=mi.movie_id AND t.id=mc.movie_id AND t.production_year>2005 AND mc.company_type_id=2;
2020-12-13 19:14:53,299 [DEBUG]  		Latency: 8.84ms
2020-12-13 19:14:53,300 [DEBUG]  		True: 6333736
2020-12-13 19:14:53,300 [DEBUG]  		Predicted: 6012229.131823128
2020-12-13 19:14:53,300 [DEBUG]  Q-Error was: 1.0534754849037797
2020-12-13 19:14:53,300 [DEBUG]  Predicting cardinality for query 12: SELECT COUNT(*) FROM title t,movie_info mi,movie_companies mc WHERE t.id=mi.movie_id AND t.id=mc.movie_id AND t.production_year>2010 AND mc.company_type_id=2;
2020-12-13 19:14:53,314 [DEBUG]  		Latency: 7.85ms
2020-12-13 19:14:53,314 [DEBUG]  		True: 1931628
2020-12-13 19:14:53,314 [DEBUG]  		Predicted: 1888537.9849391447
2020-12-13 19:14:53,314 [DEBUG]  Q-Error was: 1.022816599615413
2020-12-13 19:14:53,314 [DEBUG]  Predicting cardinality for query 13: SELECT COUNT(*) FROM title t,movie_info mi,movie_companies mc WHERE t.id=mi.movie_id AND t.id=mc.movie_id AND t.production_year>1990 AND mc.company_type_id=2;
2020-12-13 19:14:53,328 [DEBUG]  		Latency: 7.89ms
2020-12-13 19:14:53,328 [DEBUG]  		True: 12738520
2020-12-13 19:14:53,328 [DEBUG]  		Predicted: 11754217.8482757
2020-12-13 19:14:53,328 [DEBUG]  Q-Error was: 1.0837403359738387
2020-12-13 19:14:53,328 [DEBUG]  Predicting cardinality for query 14: SELECT COUNT(*) FROM movie_keyword mk,title t,cast_info ci WHERE t.id=mk.movie_id AND t.id=ci.movie_id AND t.production_year>2010 AND mk.keyword_id=8200;
2020-12-13 19:14:53,345 [DEBUG]  		Latency: 11.16ms
2020-12-13 19:14:53,345 [DEBUG]  		True: 1224
2020-12-13 19:14:53,346 [DEBUG]  		Predicted: 65.0998200975358
2020-12-13 19:14:53,346 [DEBUG]  Q-Error was: 18.801895276609706
2020-12-13 19:14:53,346 [DEBUG]  Predicting cardinality for query 15: SELECT COUNT(*) FROM movie_keyword mk,title t,cast_info ci WHERE t.id=mk.movie_id AND t.id=ci.movie_id AND t.production_year>2014;
2020-12-13 19:14:53,358 [DEBUG]  		Latency: 6.47ms
2020-12-13 19:14:53,358 [DEBUG]  		True: 13221
2020-12-13 19:14:53,358 [DEBUG]  		Predicted: 2180.622954754995
2020-12-13 19:14:53,358 [DEBUG]  Q-Error was: 6.062946357219032
2020-12-13 19:14:53,358 [DEBUG]  Predicting cardinality for query 16: SELECT COUNT(*) FROM movie_keyword mk,title t,cast_info ci WHERE t.id=mk.movie_id AND t.id=ci.movie_id AND t.production_year>2014 AND mk.keyword_id=8200;
2020-12-13 19:14:53,365 [DEBUG]  		Latency: 0.49ms
2020-12-13 19:14:53,365 [DEBUG]  		True: 33
2020-12-13 19:14:53,365 [DEBUG]  		Predicted: 0.015849092986911166
2020-12-13 19:14:53,365 [DEBUG]  Q-Error was: 2082.138077381006
2020-12-13 19:14:53,365 [DEBUG]  Predicting cardinality for query 17: SELECT COUNT(*) FROM movie_keyword mk,title t,cast_info ci WHERE t.id=mk.movie_id AND t.id=ci.movie_id AND t.production_year>2000 AND mk.keyword_id=8200;
2020-12-13 19:14:53,378 [DEBUG]  		Latency: 6.78ms
2020-12-13 19:14:53,378 [DEBUG]  		True: 1224
2020-12-13 19:14:53,378 [DEBUG]  		Predicted: 340.88623162481593
2020-12-13 19:14:53,378 [DEBUG]  Q-Error was: 3.5906407664688293
2020-12-13 19:14:53,378 [DEBUG]  Predicting cardinality for query 18: SELECT COUNT(*) FROM movie_keyword mk,title t,cast_info ci WHERE t.id=mk.movie_id AND t.id=ci.movie_id AND t.production_year>2000;
2020-12-13 19:14:53,384 [DEBUG]  		Latency: 0.44ms
2020-12-13 19:14:53,384 [DEBUG]  		True: 114182642
2020-12-13 19:14:53,384 [DEBUG]  		Predicted: 46901380.55564985
2020-12-13 19:14:53,385 [DEBUG]  Q-Error was: 2.434526247356813
2020-12-13 19:14:53,385 [DEBUG]  Predicting cardinality for query 19: SELECT COUNT(*) FROM cast_info ci,title t WHERE t.id=ci.movie_id AND t.production_year>1980 AND t.production_year<1995;
2020-12-13 19:14:53,395 [DEBUG]  		Latency: 5.37ms
2020-12-13 19:14:53,395 [DEBUG]  		True: 4533382
2020-12-13 19:14:53,395 [DEBUG]  		Predicted: 2020928.7099875761
2020-12-13 19:14:53,396 [DEBUG]  Q-Error was: 2.243217179109633
2020-12-13 19:14:53,396 [DEBUG]  Predicting cardinality for query 20: SELECT COUNT(*) FROM cast_info ci,title t WHERE t.id=ci.movie_id AND t.production_year>1980 AND t.production_year<1984;
2020-12-13 19:14:53,406 [DEBUG]  		Latency: 5.14ms
2020-12-13 19:14:53,406 [DEBUG]  		True: 695701
2020-12-13 19:14:53,406 [DEBUG]  		Predicted: 322189.939128794
2020-12-13 19:14:53,406 [DEBUG]  Q-Error was: 2.1592884057186423
2020-12-13 19:14:53,406 [DEBUG]  Predicting cardinality for query 21: SELECT COUNT(*) FROM cast_info ci,title t WHERE t.id=ci.movie_id AND t.production_year>1980 AND t.production_year<2010;
2020-12-13 19:14:53,417 [DEBUG]  		Latency: 5.28ms
2020-12-13 19:14:53,417 [DEBUG]  		True: 21454165
2020-12-13 19:14:53,425 [DEBUG]  		Predicted: 8815423.118427856
2020-12-13 19:14:53,426 [DEBUG]  Q-Error was: 2.4337079130271104
2020-12-13 19:14:53,426 [DEBUG]  Predicting cardinality for query 22: SELECT COUNT(*) FROM cast_info ci,title t,movie_companies mc WHERE t.id=ci.movie_id AND t.id=mc.movie_id AND ci.role_id=2;
2020-12-13 19:14:53,444 [DEBUG]  		Latency: 11.38ms
2020-12-13 19:14:53,444 [DEBUG]  		True: 13355828
2020-12-13 19:14:53,445 [DEBUG]  		Predicted: 6213382.353065689
2020-12-13 19:14:53,445 [DEBUG]  Q-Error was: 2.1495261744853384
2020-12-13 19:14:53,445 [DEBUG]  Predicting cardinality for query 23: SELECT COUNT(*) FROM cast_info ci,title t,movie_companies mc WHERE t.id=ci.movie_id AND t.id=mc.movie_id AND ci.role_id=4;
2020-12-13 19:14:53,453 [DEBUG]  		Latency: 1.97ms
2020-12-13 19:14:53,453 [DEBUG]  		True: 4450853
2020-12-13 19:14:53,454 [DEBUG]  		Predicted: 2277386.920641956
2020-12-13 19:14:53,454 [DEBUG]  Q-Error was: 1.9543683858276404
2020-12-13 19:14:53,454 [DEBUG]  Predicting cardinality for query 24: SELECT COUNT(*) FROM cast_info ci,title t,movie_companies mc WHERE t.id=ci.movie_id AND t.id=mc.movie_id AND ci.role_id=7;
2020-12-13 19:14:53,466 [DEBUG]  		Latency: 3.44ms
2020-12-13 19:14:53,466 [DEBUG]  		True: 794591
2020-12-13 19:14:53,466 [DEBUG]  		Predicted: 229356.4588428202
2020-12-13 19:14:53,466 [DEBUG]  Q-Error was: 3.4644369903903143
2020-12-13 19:14:53,467 [DEBUG]  Predicting cardinality for query 25: SELECT COUNT(*) FROM cast_info ci,title t,movie_companies mc WHERE t.id=ci.movie_id AND t.id=mc.movie_id AND t.production_year>2005 AND t.production_year<2015 AND ci.role_id=2;
2020-12-13 19:14:53,483 [DEBUG]  		Latency: 7.75ms
2020-12-13 19:14:53,483 [DEBUG]  		True: 4893440
2020-12-13 19:14:53,483 [DEBUG]  		Predicted: 3517166.7274643104
2020-12-13 19:14:53,483 [DEBUG]  Q-Error was: 1.391301686607251
2020-12-13 19:14:53,483 [DEBUG]  Predicting cardinality for query 26: SELECT COUNT(*) FROM cast_info ci,title t,movie_companies mc WHERE t.id=ci.movie_id AND t.id=mc.movie_id AND t.production_year>2007 AND t.production_year<2010 AND ci.role_id=2;
2020-12-13 19:14:53,498 [DEBUG]  		Latency: 7.70ms
2020-12-13 19:14:53,498 [DEBUG]  		True: 1381288
2020-12-13 19:14:53,498 [DEBUG]  		Predicted: 951890.6077553882
2020-12-13 19:14:53,498 [DEBUG]  Q-Error was: 1.4510995157911633
2020-12-13 19:14:53,498 [DEBUG]  Predicting cardinality for query 27: SELECT COUNT(*) FROM title t,cast_info ci,movie_companies mc WHERE t.id=mc.movie_id AND t.id=ci.movie_id AND t.production_year>2005 AND ci.role_id=1;
2020-12-13 19:14:53,513 [DEBUG]  		Latency: 8.50ms
2020-12-13 19:14:53,514 [DEBUG]  		True: 8720023
2020-12-13 19:14:53,514 [DEBUG]  		Predicted: 5988191.755590313
2020-12-13 19:14:53,514 [DEBUG]  Q-Error was: 1.4562030335550575
2020-12-13 19:14:53,514 [DEBUG]  Predicting cardinality for query 28: SELECT COUNT(*) FROM title t,cast_info ci,movie_companies mc WHERE t.id=mc.movie_id AND t.id=ci.movie_id AND t.production_year>2010 AND ci.role_id=1;
2020-12-13 19:14:53,528 [DEBUG]  		Latency: 7.31ms
2020-12-13 19:14:53,528 [DEBUG]  		True: 2873214
2020-12-13 19:14:53,528 [DEBUG]  		Predicted: 2068595.724371314
2020-12-13 19:14:53,528 [DEBUG]  Q-Error was: 1.3889683547872675
2020-12-13 19:14:53,528 [DEBUG]  Predicting cardinality for query 29: SELECT COUNT(*) FROM title t,cast_info ci,movie_companies mc WHERE t.id=mc.movie_id AND t.id=ci.movie_id AND t.production_year>1990;
2020-12-13 19:14:53,542 [DEBUG]  		Latency: 7.63ms
2020-12-13 19:14:53,542 [DEBUG]  		True: 56965403
2020-12-13 19:14:53,542 [DEBUG]  		Predicted: 32050819.5952793
2020-12-13 19:14:53,542 [DEBUG]  Q-Error was: 1.7773462182661413
2020-12-13 19:14:53,542 [DEBUG]  Predicting cardinality for query 30: SELECT COUNT(*) FROM title t,movie_keyword mk,movie_companies mc WHERE t.id=mk.movie_id AND t.id=mc.movie_id AND mk.keyword_id=398 AND mc.company_type_id=2 AND t.production_year>1950 AND t.production_year<2000;
2020-12-13 19:14:53,559 [DEBUG]  		Latency: 9.69ms
2020-12-13 19:14:53,560 [DEBUG]  		True: 7153
2020-12-13 19:14:53,560 [DEBUG]  		Predicted: 8259.707241260037
2020-12-13 19:14:53,560 [DEBUG]  Q-Error was: 1.154719312352864
2020-12-13 19:14:53,560 [DEBUG]  Predicting cardinality for query 31: SELECT COUNT(*) FROM title t,movie_keyword mk,movie_companies mc WHERE t.id=mk.movie_id AND t.id=mc.movie_id AND mk.keyword_id=398 AND mc.company_type_id=2;
2020-12-13 19:14:53,573 [DEBUG]  		Latency: 6.05ms
2020-12-13 19:14:53,573 [DEBUG]  		True: 14102
2020-12-13 19:14:53,573 [DEBUG]  		Predicted: 22100.175526047937
2020-12-13 19:14:53,573 [DEBUG]  Q-Error was: 1.5671660421250841
2020-12-13 19:14:53,573 [DEBUG]  Predicting cardinality for query 32: SELECT COUNT(*) FROM title t,movie_keyword mk,movie_companies mc WHERE t.id=mk.movie_id AND t.id=mc.movie_id AND t.production_year>1950;
2020-12-13 19:14:53,587 [DEBUG]  		Latency: 7.29ms
2020-12-13 19:14:53,587 [DEBUG]  		True: 31339132
2020-12-13 19:14:53,587 [DEBUG]  		Predicted: 19363951.245196495
2020-12-13 19:14:53,587 [DEBUG]  Q-Error was: 1.6184265082661846
2020-12-13 19:14:53,587 [DEBUG]  Predicting cardinality for query 33: SELECT COUNT(*) FROM title t,movie_info mi,movie_info_idx mi_idx,movie_companies mc WHERE t.id=mi.movie_id AND t.id=mi_idx.movie_id AND t.id=mc.movie_id AND mi_idx.info_type_id=101 AND mi.info_type_id=3 AND t.production_year>2005 AND t.production_year<2008 AND mc.company_type_id=2;
2020-12-13 19:14:53,630 [DEBUG]  		Latency: 27.50ms
2020-12-13 19:14:53,630 [DEBUG]  		True: 75440
2020-12-13 19:14:53,630 [DEBUG]  		Predicted: 72570.75379219558
2020-12-13 19:14:53,630 [DEBUG]  Q-Error was: 1.039537224816769
2020-12-13 19:14:53,630 [DEBUG]  Predicting cardinality for query 34: SELECT COUNT(*) FROM title t,movie_info mi,movie_info_idx mi_idx,movie_companies mc WHERE t.id=mi.movie_id AND t.id=mi_idx.movie_id AND t.id=mc.movie_id AND mi_idx.info_type_id=113 AND mi.info_type_id=105;
2020-12-13 19:14:53,657 [DEBUG]  		Latency: 19.05ms
2020-12-13 19:14:53,657 [DEBUG]  		True: 72
2020-12-13 19:14:53,657 [DEBUG]  		Predicted: 28.635512532997367
2020-12-13 19:14:53,657 [DEBUG]  Q-Error was: 2.5143604437683007
2020-12-13 19:14:53,657 [DEBUG]  Predicting cardinality for query 35: SELECT COUNT(*) FROM title t,movie_info mi,movie_info_idx mi_idx,movie_companies mc WHERE t.id=mi.movie_id AND t.id=mi_idx.movie_id AND t.id=mc.movie_id AND mi_idx.info_type_id=101 AND mi.info_type_id=3 AND t.production_year>2000 AND t.production_year<2010 AND mc.company_type_id=2;
2020-12-13 19:14:53,693 [DEBUG]  		Latency: 27.42ms
2020-12-13 19:14:53,693 [DEBUG]  		True: 305691
2020-12-13 19:14:53,693 [DEBUG]  		Predicted: 284544.9533788913
2020-12-13 19:14:53,693 [DEBUG]  Q-Error was: 1.0743153107092758
2020-12-13 19:14:53,693 [DEBUG]  Predicting cardinality for query 36: SELECT COUNT(*) FROM title t,movie_info mi,movie_companies mc,movie_info_idx mi_idx WHERE t.id=mi.movie_id AND t.id=mc.movie_id AND t.id=mi_idx.movie_id AND t.kind_id=1 AND mc.company_type_id=2 AND mi_idx.info_type_id=101 AND mi.info_type_id=16;
2020-12-13 19:14:53,728 [DEBUG]  		Latency: 26.56ms
2020-12-13 19:14:53,728 [DEBUG]  		True: 1919495
2020-12-13 19:14:53,728 [DEBUG]  		Predicted: 1594351.9789642068
2020-12-13 19:14:53,728 [DEBUG]  Q-Error was: 1.2039342788328502
2020-12-13 19:14:53,728 [DEBUG]  Predicting cardinality for query 37: SELECT COUNT(*) FROM title t,movie_info mi,movie_info_idx mi_idx,movie_keyword mk WHERE t.id=mi.movie_id AND t.id=mk.movie_id AND t.id=mi_idx.movie_id AND t.production_year>2010 AND t.kind_id=1 AND mi.info_type_id=8 AND mi_idx.info_type_id=101;
2020-12-13 19:14:53,763 [DEBUG]  		Latency: 26.95ms
2020-12-13 19:14:53,763 [DEBUG]  		True: 150780
2020-12-13 19:14:53,764 [DEBUG]  		Predicted: 196960.3524861489
2020-12-13 19:14:53,764 [DEBUG]  Q-Error was: 1.3062763794014387
2020-12-13 19:14:53,764 [DEBUG]  Predicting cardinality for query 38: SELECT COUNT(*) FROM title t,movie_info mi,movie_info_idx mi_idx,movie_keyword mk WHERE t.id=mi.movie_id AND t.id=mk.movie_id AND t.id=mi_idx.movie_id AND t.kind_id=1 AND mi.info_type_id=8 AND mi_idx.info_type_id=101;
2020-12-13 19:14:53,793 [DEBUG]  		Latency: 21.98ms
2020-12-13 19:14:53,794 [DEBUG]  		True: 3243247
2020-12-13 19:14:53,794 [DEBUG]  		Predicted: 3219328.180360733
2020-12-13 19:14:53,794 [DEBUG]  Q-Error was: 1.0074297549983198
2020-12-13 19:14:53,794 [DEBUG]  Predicting cardinality for query 39: SELECT COUNT(*) FROM title t,movie_info mi,movie_info_idx mi_idx,movie_keyword mk WHERE t.id=mi.movie_id AND t.id=mk.movie_id AND t.id=mi_idx.movie_id AND t.production_year>2005 AND mi.info_type_id=8 AND mi_idx.info_type_id=101;
2020-12-13 19:14:53,823 [DEBUG]  		Latency: 20.73ms
2020-12-13 19:14:53,823 [DEBUG]  		True: 1043763
2020-12-13 19:14:53,824 [DEBUG]  		Predicted: 1202491.0758620775
2020-12-13 19:14:53,824 [DEBUG]  Q-Error was: 1.1520729091394095
2020-12-13 19:14:53,824 [DEBUG]  Predicting cardinality for query 40: SELECT COUNT(*) FROM title t,movie_info mi,movie_companies mc,movie_keyword mk WHERE t.id=mi.movie_id AND t.id=mk.movie_id AND t.id=mc.movie_id AND mi.info_type_id=16 AND t.production_year>2000;
2020-12-13 19:14:53,849 [DEBUG]  		Latency: 17.47ms
2020-12-13 19:14:53,849 [DEBUG]  		True: 512575801
2020-12-13 19:14:53,849 [DEBUG]  		Predicted: 359032536.6931046
2020-12-13 19:14:53,850 [DEBUG]  Q-Error was: 1.4276583557610594
2020-12-13 19:14:53,850 [DEBUG]  Predicting cardinality for query 41: SELECT COUNT(*) FROM title t,movie_info mi,movie_companies mc,movie_keyword mk WHERE t.id=mi.movie_id AND t.id=mk.movie_id AND t.id=mc.movie_id AND mi.info_type_id=16 AND t.production_year>2005 AND t.production_year<2010;
2020-12-13 19:14:53,875 [DEBUG]  		Latency: 16.56ms
2020-12-13 19:14:53,876 [DEBUG]  		True: 206778521
2020-12-13 19:14:53,876 [DEBUG]  		Predicted: 130293181.95564865
2020-12-13 19:14:53,876 [DEBUG]  Q-Error was: 1.587024876484993
2020-12-13 19:14:53,876 [DEBUG]  Predicting cardinality for query 42: SELECT COUNT(*) FROM title t,movie_info mi,movie_companies mc,movie_keyword mk WHERE t.id=mi.movie_id AND t.id=mk.movie_id AND t.id=mc.movie_id AND mi.info_type_id=16 AND t.production_year>1990;
2020-12-13 19:14:53,910 [DEBUG]  		Latency: 25.41ms
2020-12-13 19:14:53,911 [DEBUG]  		True: 625302823
2020-12-13 19:14:53,911 [DEBUG]  		Predicted: 507751996.836336
2020-12-13 19:14:53,911 [DEBUG]  Q-Error was: 1.2315122872900375
2020-12-13 19:14:53,911 [DEBUG]  Predicting cardinality for query 43: SELECT COUNT(*) FROM cast_info ci,title t,movie_keyword mk,movie_companies mc WHERE t.id=ci.movie_id AND t.id=mk.movie_id AND t.id=mc.movie_id AND mk.keyword_id=117;
2020-12-13 19:14:53,936 [DEBUG]  		Latency: 14.52ms
2020-12-13 19:14:53,936 [DEBUG]  		True: 7796926
2020-12-13 19:14:53,936 [DEBUG]  		Predicted: 3127804.0773471664
2020-12-13 19:14:53,936 [DEBUG]  Q-Error was: 2.492779537077952
2020-12-13 19:14:53,936 [DEBUG]  Predicting cardinality for query 44: SELECT COUNT(*) FROM title t,movie_info mi,movie_info_idx mi_idx,cast_info ci WHERE t.id=mi.movie_id AND t.id=mi_idx.movie_id AND t.id=ci.movie_id AND mi.info_type_id=105 AND mi_idx.info_type_id=100;
2020-12-13 19:14:53,955 [DEBUG]  		Latency: 11.24ms
2020-12-13 19:14:53,955 [DEBUG]  		True: 1831108
2020-12-13 19:14:53,955 [DEBUG]  		Predicted: 1195936.1283745205
2020-12-13 19:14:53,955 [DEBUG]  Q-Error was: 1.5311085237376227
2020-12-13 19:14:53,956 [DEBUG]  Predicting cardinality for query 45: SELECT COUNT(*) FROM title t,movie_info mi,movie_info_idx mi_idx,cast_info ci WHERE t.id=mi.movie_id AND t.id=mi_idx.movie_id AND t.id=ci.movie_id AND mi.info_type_id=3 AND mi_idx.info_type_id=101 AND t.production_year>2008 AND t.production_year<2014;
2020-12-13 19:14:53,984 [DEBUG]  		Latency: 20.84ms
2020-12-13 19:14:53,985 [DEBUG]  		True: 2936093
2020-12-13 19:14:53,985 [DEBUG]  		Predicted: 3463749.977932353
2020-12-13 19:14:53,985 [DEBUG]  Q-Error was: 1.1797139865570856
2020-12-13 19:14:53,985 [DEBUG]  Predicting cardinality for query 46: SELECT COUNT(*) FROM title t,movie_info mi,movie_info_idx mi_idx,cast_info ci WHERE t.id=mi.movie_id AND t.id=mi_idx.movie_id AND t.id=ci.movie_id AND mi.info_type_id=3 AND mi_idx.info_type_id=100;
2020-12-13 19:14:53,995 [DEBUG]  		Latency: 2.63ms
2020-12-13 19:14:53,995 [DEBUG]  		True: 16461908
2020-12-13 19:14:53,995 [DEBUG]  		Predicted: 15046111.834041268
2020-12-13 19:14:53,995 [DEBUG]  Q-Error was: 1.0940971449351815
2020-12-13 19:14:53,995 [DEBUG]  Predicting cardinality for query 47: SELECT COUNT(*) FROM title t,movie_info mi,movie_companies mc,cast_info ci WHERE t.id=mi.movie_id AND t.id=mc.movie_id AND t.id=ci.movie_id AND ci.role_id=2 AND mi.info_type_id=16 AND t.production_year>2005 AND t.production_year<2009;
2020-12-13 19:14:54,018 [DEBUG]  		Latency: 14.79ms
2020-12-13 19:14:54,018 [DEBUG]  		True: 24675801
2020-12-13 19:14:54,018 [DEBUG]  		Predicted: 24327112.118818488
2020-12-13 19:14:54,018 [DEBUG]  Q-Error was: 1.014333344602452
2020-12-13 19:14:54,018 [DEBUG]  Predicting cardinality for query 48: SELECT COUNT(*) FROM title t,movie_info mi,movie_companies mc,cast_info ci WHERE t.id=mi.movie_id AND t.id=mc.movie_id AND t.id=ci.movie_id AND ci.role_id=2 AND mi.info_type_id=16;
2020-12-13 19:14:54,036 [DEBUG]  		Latency: 10.53ms
2020-12-13 19:14:54,036 [DEBUG]  		True: 132317651
2020-12-13 19:14:54,036 [DEBUG]  		Predicted: 174386694.85385182
2020-12-13 19:14:54,036 [DEBUG]  Q-Error was: 1.3179397724786681
2020-12-13 19:14:54,036 [DEBUG]  Predicting cardinality for query 49: SELECT COUNT(*) FROM title t,movie_info mi,movie_companies mc,cast_info ci WHERE t.id=mi.movie_id AND t.id=mc.movie_id AND t.id=ci.movie_id AND ci.role_id=2 AND mi.info_type_id=16 AND t.production_year>2000;
2020-12-13 19:14:54,058 [DEBUG]  		Latency: 14.09ms
2020-12-13 19:14:54,058 [DEBUG]  		True: 90649862
2020-12-13 19:14:54,058 [DEBUG]  		Predicted: 92139826.20841101
2020-12-13 19:14:54,058 [DEBUG]  Q-Error was: 1.016436475197403
2020-12-13 19:14:54,058 [DEBUG]  Predicting cardinality for query 50: SELECT COUNT(*) FROM title t,cast_info ci,movie_keyword mk WHERE t.id=mk.movie_id AND t.id=ci.movie_id AND t.production_year>1950 AND t.kind_id=1;
2020-12-13 19:14:54,075 [DEBUG]  		Latency: 9.98ms
2020-12-13 19:14:54,075 [DEBUG]  		True: 151179813
2020-12-13 19:14:54,075 [DEBUG]  		Predicted: 67057797.62392956
2020-12-13 19:14:54,075 [DEBUG]  Q-Error was: 2.2544702981126763
2020-12-13 19:14:54,075 [DEBUG]  Predicting cardinality for query 51: SELECT COUNT(*) FROM title t,cast_info ci,movie_keyword mk WHERE t.id=mk.movie_id AND t.id=ci.movie_id AND t.production_year>2000 AND t.kind_id=1;
2020-12-13 19:14:54,092 [DEBUG]  		Latency: 10.04ms
2020-12-13 19:14:54,092 [DEBUG]  		True: 84217062
2020-12-13 19:14:54,092 [DEBUG]  		Predicted: 35238502.16639188
2020-12-13 19:14:54,092 [DEBUG]  Q-Error was: 2.3899160526840038
2020-12-13 19:14:54,092 [DEBUG]  Predicting cardinality for query 52: SELECT COUNT(*) FROM title t,movie_keyword mk,movie_companies mc,movie_info mi WHERE t.id=mk.movie_id AND t.id=mc.movie_id AND t.id=mi.movie_id AND mk.keyword_id=398 AND mc.company_type_id=2 AND t.production_year>1950 AND t.production_year<2000;
2020-12-13 19:14:54,115 [DEBUG]  		Latency: 14.31ms
2020-12-13 19:14:54,115 [DEBUG]  		True: 333474
2020-12-13 19:14:54,115 [DEBUG]  		Predicted: 759685.3113896407
2020-12-13 19:14:54,115 [DEBUG]  Q-Error was: 2.2780945782568978
2020-12-13 19:14:54,115 [DEBUG]  Predicting cardinality for query 53: SELECT COUNT(*) FROM title t,movie_keyword mk,movie_companies mc,movie_info mi WHERE t.id=mk.movie_id AND t.id=mc.movie_id AND t.id=mi.movie_id AND mk.keyword_id=398 AND mc.company_type_id=2 AND t.production_year>2000 AND t.production_year<2010;
2020-12-13 19:14:54,137 [DEBUG]  		Latency: 14.02ms
2020-12-13 19:14:54,137 [DEBUG]  		True: 307213
2020-12-13 19:14:54,137 [DEBUG]  		Predicted: 748524.0239675745
2020-12-13 19:14:54,137 [DEBUG]  Q-Error was: 2.4364985334851537
2020-12-13 19:14:54,138 [DEBUG]  Predicting cardinality for query 54: SELECT COUNT(*) FROM title t,movie_keyword mk,movie_companies mc,movie_info mi WHERE t.id=mk.movie_id AND t.id=mc.movie_id AND t.id=mi.movie_id AND mk.keyword_id=398 AND mc.company_type_id=2 AND t.production_year>1950 AND t.production_year<2010;
2020-12-13 19:14:54,160 [DEBUG]  		Latency: 14.34ms
2020-12-13 19:14:54,160 [DEBUG]  		True: 658557
2020-12-13 19:14:54,160 [DEBUG]  		Predicted: 1561358.6653962636
2020-12-13 19:14:54,161 [DEBUG]  Q-Error was: 2.370878550218529
2020-12-13 19:14:54,161 [DEBUG]  Predicting cardinality for query 55: SELECT COUNT(*) FROM title t,movie_info mi,movie_info_idx mi_idx,movie_keyword mk,movie_companies mc WHERE t.id=mi.movie_id AND t.id=mk.movie_id AND t.id=mi_idx.movie_id AND t.id=mc.movie_id AND t.production_year>2008 AND mi.info_type_id=8 AND mi_idx.info_type_id=101;
2020-12-13 19:14:54,195 [DEBUG]  		Latency: 25.82ms
2020-12-13 19:14:54,196 [DEBUG]  		True: 8275169
2020-12-13 19:14:54,196 [DEBUG]  		Predicted: 10166810.593039308
2020-12-13 19:14:54,196 [DEBUG]  Q-Error was: 1.2285925028285596
2020-12-13 19:14:54,196 [DEBUG]  Predicting cardinality for query 56: SELECT COUNT(*) FROM title t,movie_info mi,movie_info_idx mi_idx,movie_keyword mk,movie_companies mc WHERE t.id=mi.movie_id AND t.id=mk.movie_id AND t.id=mi_idx.movie_id AND t.id=mc.movie_id AND t.production_year>2009 AND mi.info_type_id=8 AND mi_idx.info_type_id=101;
2020-12-13 19:14:54,231 [DEBUG]  		Latency: 26.87ms
2020-12-13 19:14:54,231 [DEBUG]  		True: 5060606
2020-12-13 19:14:54,231 [DEBUG]  		Predicted: 7555839.800745003
2020-12-13 19:14:54,232 [DEBUG]  Q-Error was: 1.4930701581480563
2020-12-13 19:14:54,232 [DEBUG]  Predicting cardinality for query 57: SELECT COUNT(*) FROM title t,movie_info mi,movie_companies mc,cast_info ci,movie_keyword mk WHERE t.id=mi.movie_id AND t.id=mc.movie_id AND t.id=ci.movie_id AND t.id=mk.movie_id AND ci.role_id=2 AND mi.info_type_id=16 AND t.production_year>2010;
2020-12-13 19:14:54,258 [DEBUG]  		Latency: 17.20ms
2020-12-13 19:14:54,258 [DEBUG]  		True: 1352809555
2020-12-13 19:14:54,258 [DEBUG]  		Predicted: 1686691763.1015632
2020-12-13 19:14:54,258 [DEBUG]  Q-Error was: 1.246806512319144
2020-12-13 19:14:54,258 [DEBUG]  Predicting cardinality for query 58: SELECT COUNT(*) FROM title t,movie_info mi,movie_companies mc,cast_info ci,movie_keyword mk WHERE t.id=mi.movie_id AND t.id=mc.movie_id AND t.id=ci.movie_id AND t.id=mk.movie_id AND ci.role_id=2 AND mi.info_type_id=16 AND t.production_year>2010 AND mc.company_id=22956;
2020-12-13 19:14:54,287 [DEBUG]  		Latency: 19.56ms
2020-12-13 19:14:54,287 [DEBUG]  		True: 191935
2020-12-13 19:14:54,287 [DEBUG]  		Predicted: 209537.5209537754
2020-12-13 19:14:54,287 [DEBUG]  Q-Error was: 1.0917108445764212
2020-12-13 19:14:54,287 [DEBUG]  Predicting cardinality for query 59: SELECT COUNT(*) FROM title t,movie_info mi,movie_companies mc,cast_info ci,movie_keyword mk WHERE t.id=mi.movie_id AND t.id=mc.movie_id AND t.id=ci.movie_id AND t.id=mk.movie_id AND ci.role_id=2 AND mi.info_type_id=16 AND t.production_year>2000;
2020-12-13 19:14:54,312 [DEBUG]  		Latency: 16.16ms
2020-12-13 19:14:54,312 [DEBUG]  		True: 9537310863
2020-12-13 19:14:54,312 [DEBUG]  		Predicted: 9959436522.042398
2020-12-13 19:14:54,312 [DEBUG]  Q-Error was: 1.0442604487896097
2020-12-13 19:14:54,312 [DEBUG]  Predicting cardinality for query 60: SELECT COUNT(*) FROM title t,movie_info mi,movie_info_idx mi_idx,cast_info ci,movie_keyword mk WHERE t.id=mi.movie_id AND t.id=mi_idx.movie_id AND t.id=ci.movie_id AND t.id=mk.movie_id AND mi.info_type_id=3 AND mi_idx.info_type_id=100;
2020-12-13 19:14:54,332 [DEBUG]  		Latency: 12.34ms
2020-12-13 19:14:54,332 [DEBUG]  		True: 492943940
2020-12-13 19:14:54,332 [DEBUG]  		Predicted: 1032892743.179106
2020-12-13 19:14:54,332 [DEBUG]  Q-Error was: 2.095355393108405
2020-12-13 19:14:54,332 [DEBUG]  Predicting cardinality for query 61: SELECT COUNT(*) FROM title t,movie_info mi,movie_info_idx mi_idx,cast_info ci,movie_keyword mk WHERE t.id=mi.movie_id AND t.id=mi_idx.movie_id AND t.id=ci.movie_id AND t.id=mk.movie_id AND mi.info_type_id=3 AND mi_idx.info_type_id=100 AND t.production_year>2010;
2020-12-13 19:14:54,361 [DEBUG]  		Latency: 19.99ms
2020-12-13 19:14:54,361 [DEBUG]  		True: 32355583
2020-12-13 19:14:54,361 [DEBUG]  		Predicted: 31955481.79698653
2020-12-13 19:14:54,361 [DEBUG]  Q-Error was: 1.0125205811495916
2020-12-13 19:14:54,361 [DEBUG]  Predicting cardinality for query 62: SELECT COUNT(*) FROM title t,cast_info ci,movie_keyword mk,movie_info_idx mi_idx WHERE t.id=mk.movie_id AND t.id=ci.movie_id AND t.id=mi_idx.movie_id AND t.production_year>2000 AND t.kind_id=1 AND mi_idx.info_type_id=101;
2020-12-13 19:14:54,382 [DEBUG]  		Latency: 13.45ms
2020-12-13 19:14:54,383 [DEBUG]  		True: 81495003
2020-12-13 19:14:54,383 [DEBUG]  		Predicted: 32818482.363908514
2020-12-13 19:14:54,383 [DEBUG]  Q-Error was: 2.483204497281158
2020-12-13 19:14:54,383 [DEBUG]  Predicting cardinality for query 63: SELECT COUNT(*) FROM title t,cast_info ci,movie_keyword mk,movie_info_idx mi_idx WHERE t.id=mk.movie_id AND t.id=ci.movie_id AND t.id=mi_idx.movie_id AND t.production_year>2005 AND t.kind_id=1 AND mi_idx.info_type_id=101;
2020-12-13 19:14:54,403 [DEBUG]  		Latency: 12.34ms
2020-12-13 19:14:54,403 [DEBUG]  		True: 51282842
2020-12-13 19:14:54,403 [DEBUG]  		Predicted: 20568831.475249942
2020-12-13 19:14:54,403 [DEBUG]  Q-Error was: 2.493230695273458
2020-12-13 19:14:54,403 [DEBUG]  Predicting cardinality for query 64: SELECT COUNT(*) FROM title t,movie_keyword mk,movie_companies mc,movie_info mi WHERE t.id=mk.movie_id AND t.id=mc.movie_id AND t.id=mi.movie_id AND mk.keyword_id=398 AND mc.company_type_id=2 AND t.production_year=1998;
2020-12-13 19:14:54,423 [DEBUG]  		Latency: 13.18ms
2020-12-13 19:14:54,423 [DEBUG]  		True: 19006
2020-12-13 19:14:54,424 [DEBUG]  		Predicted: 43662.96543207986
2020-12-13 19:14:54,424 [DEBUG]  Q-Error was: 2.2973253410543966
2020-12-13 19:14:54,424 [DEBUG]  Predicting cardinality for query 65: SELECT COUNT(*) FROM title t,movie_info mi,movie_info_idx mi_idx,movie_keyword mk,movie_companies mc WHERE t.id=mi.movie_id AND t.id=mk.movie_id AND t.id=mi_idx.movie_id AND t.id=mc.movie_id AND t.production_year>2000 AND mi.info_type_id=8 AND mi_idx.info_type_id=101;
2020-12-13 19:14:54,457 [DEBUG]  		Latency: 25.35ms
2020-12-13 19:14:54,457 [DEBUG]  		True: 26718423
2020-12-13 19:14:54,457 [DEBUG]  		Predicted: 26615329.707615342
2020-12-13 19:14:54,457 [DEBUG]  Q-Error was: 1.0038734553927078
2020-12-13 19:14:54,457 [DEBUG]  Predicting cardinality for query 66: SELECT COUNT(*) FROM title t,movie_info mi,movie_info_idx mi_idx,movie_keyword mk,movie_companies mc WHERE t.id=mi.movie_id AND t.id=mk.movie_id AND t.id=mi_idx.movie_id AND t.id=mc.movie_id AND t.production_year>2005 AND mi.info_type_id=8 AND mi_idx.info_type_id=101;
2020-12-13 19:14:54,481 [DEBUG]  		Latency: 15.35ms
2020-12-13 19:14:54,481 [DEBUG]  		True: 15813608
2020-12-13 19:14:54,481 [DEBUG]  		Predicted: 17293779.993021
2020-12-13 19:14:54,481 [DEBUG]  Q-Error was: 1.093601156233353
2020-12-13 19:14:54,481 [DEBUG]  Predicting cardinality for query 67: SELECT COUNT(*) FROM title t,movie_info mi,movie_companies mc,cast_info ci,movie_keyword mk WHERE t.id=mi.movie_id AND t.id=mc.movie_id AND t.id=ci.movie_id AND t.id=mk.movie_id AND ci.role_id=2 AND mi.info_type_id=16 AND t.production_year>2000 AND t.production_year<2010 AND mk.keyword_id=7084;
2020-12-13 19:14:54,506 [DEBUG]  		Latency: 16.34ms
2020-12-13 19:14:54,506 [DEBUG]  		True: 1067496
2020-12-13 19:14:54,506 [DEBUG]  		Predicted: 663977.6535681596
2020-12-13 19:14:54,507 [DEBUG]  Q-Error was: 1.6077288057261674
2020-12-13 19:14:54,507 [DEBUG]  Predicting cardinality for query 68: SELECT COUNT(*) FROM title t,movie_info mi,movie_companies mc,cast_info ci,movie_keyword mk WHERE t.id=mi.movie_id AND t.id=mc.movie_id AND t.id=ci.movie_id AND t.id=mk.movie_id AND ci.role_id=2 AND mi.info_type_id=16 AND t.production_year>2000 AND t.production_year<2005 AND mk.keyword_id=7084;
2020-12-13 19:14:54,531 [DEBUG]  		Latency: 15.43ms
2020-12-13 19:14:54,531 [DEBUG]  		True: 268172
2020-12-13 19:14:54,531 [DEBUG]  		Predicted: 268012.86123986606
2020-12-13 19:14:54,531 [DEBUG]  Q-Error was: 1.000593772848802
2020-12-13 19:14:54,531 [DEBUG]  Predicting cardinality for query 69: SELECT COUNT(*) FROM title t,movie_info mi,movie_info_idx mi_idx,cast_info ci,movie_keyword mk WHERE t.id=mi.movie_id AND t.id=mi_idx.movie_id AND t.id=ci.movie_id AND t.id=mk.movie_id AND mi.info_type_id=3 AND mi_idx.info_type_id=100 AND t.production_year>2000;
2020-12-13 19:14:54,556 [DEBUG]  		Latency: 16.92ms
2020-12-13 19:14:54,556 [DEBUG]  		True: 258385218
2020-12-13 19:14:54,556 [DEBUG]  		Predicted: 224850574.5202529
2020-12-13 19:14:54,556 [DEBUG]  Q-Error was: 1.1491419070255768
2020-12-13 19:14:54,557 [INFO ]  [   2.49277954    2.4932307     2.51436044    2.72226086    3.46443699
    3.59064077    3.61729664    6.06294636   18.80189528 2082.13807738]
2020-12-13 19:14:54,557 [INFO ]  Q-Error 50%-Percentile: 1.4746365958515568 (vs. MCSN: 3.82 and IBJS: 1.59)
2020-12-13 19:14:54,558 [INFO ]  Q-Error 90%-Percentile: 2.535150485464555 (vs. MCSN: 78.4 and IBJS: 150)
2020-12-13 19:14:54,558 [INFO ]  Q-Error 95%-Percentile: 3.605301499149824 (vs. MCSN: 362 and IBJS: 3198)
2020-12-13 19:14:54,558 [INFO ]  Q-Error 99%-Percentile: 658.4361117289773 (vs. MCSN: 927 and IBJS: 14309)
2020-12-13 19:14:54,558 [INFO ]  Q-Mean wo inf 31.719602975719187 (vs. MCSN: 57.9 and IBJS: 590)
2020-12-13 19:14:54,558 [INFO ]  Latency avg: 12.65ms
2020-12-13 19:14:54,559 [INFO ]  Saving results to ./baselines/cardinality_estimation/results/deepDB/imdb_light_model_based_budget_5.csv
