2020-12-13 16:41:50,845 [INFO ]  maqp(evaluate_cardinalities: database_name=imdb, target_path=./baselines/cardinality_estimation/results/deepDB/imdb_light_model_based_budget_5.csv)
2020-12-13 16:41:52,356 [DEBUG]  Including SPN with table_set {'movie_info_idx', 'movie_companies', 'title'} with sampling ratio(1000000 / 4073078)
2020-12-13 16:41:52,357 [DEBUG]  Including SPN with table_set {'movie_companies', 'movie_info', 'title'} with sampling ratio(1000000 / 67371414)
2020-12-13 16:41:52,358 [DEBUG]  Including SPN with table_set {'movie_info_idx', 'title'} with sampling ratio(3448422 / 1380035)
2020-12-13 16:41:52,358 [DEBUG]  Including SPN with table_set {'movie_companies', 'title'} with sampling ratio(4050205 / 2609129)
2020-12-13 16:41:52,358 [DEBUG]  Including SPN with table_set {'movie_info', 'title'} with sampling ratio(10000000 / 14835720)
2020-12-13 16:41:52,358 [DEBUG]  Including SPN with table_set {'cast_info'} with sampling ratio(10000000 / 36244344)
2020-12-13 16:41:52,358 [DEBUG]  Including SPN with table_set {'movie_keyword'} with sampling ratio(4523930 / 4523930)
2020-12-13 16:41:52,358 [DEBUG]  Predicting cardinality for query 0: SELECT COUNT(*) FROM movie_companies mc,title t,movie_info_idx mi_idx WHERE t.id=mc.movie_id AND t.id=mi_idx.movie_id AND mi_idx.info_type_id=112 AND mc.company_type_id=2;
2020-12-13 16:41:52,375 [DEBUG]  		Latency: 10.29ms
2020-12-13 16:41:52,376 [DEBUG]  		True: 715
2020-12-13 16:41:52,376 [DEBUG]  		Predicted: 1517.4675842289762
2020-12-13 16:41:52,376 [DEBUG]  Q-Error was: 2.122332285634932
2020-12-13 16:41:52,376 [DEBUG]  Predicting cardinality for query 1: SELECT COUNT(*) FROM movie_companies mc,title t,movie_info_idx mi_idx WHERE t.id=mc.movie_id AND t.id=mi_idx.movie_id AND mi_idx.info_type_id=113 AND mc.company_type_id=2 AND t.production_year>2005 AND t.production_year<2010;
2020-12-13 16:41:52,393 [DEBUG]  		Latency: 10.94ms
2020-12-13 16:41:52,393 [DEBUG]  		True: 9
2020-12-13 16:41:52,393 [DEBUG]  		Predicted: 4.322076590129576
2020-12-13 16:41:52,393 [DEBUG]  Q-Error was: 2.0823323724881466
2020-12-13 16:41:52,393 [DEBUG]  Predicting cardinality for query 2: SELECT COUNT(*) FROM movie_companies mc,title t,movie_info_idx mi_idx WHERE t.id=mc.movie_id AND t.id=mi_idx.movie_id AND mi_idx.info_type_id=112 AND mc.company_type_id=2 AND t.production_year>2010;
2020-12-13 16:41:52,409 [DEBUG]  		Latency: 10.50ms
2020-12-13 16:41:52,409 [DEBUG]  		True: 47
2020-12-13 16:41:52,409 [DEBUG]  		Predicted: 127.9462604543495
2020-12-13 16:41:52,409 [DEBUG]  Q-Error was: 2.7222608607308403
2020-12-13 16:41:52,409 [DEBUG]  Predicting cardinality for query 3: SELECT COUNT(*) FROM movie_companies mc,title t,movie_info_idx mi_idx WHERE t.id=mc.movie_id AND t.id=mi_idx.movie_id AND mi_idx.info_type_id=113 AND mc.company_type_id=2 AND t.production_year>2000;
2020-12-13 16:41:52,426 [DEBUG]  		Latency: 10.61ms
2020-12-13 16:41:52,426 [DEBUG]  		True: 16
2020-12-13 16:41:52,426 [DEBUG]  		Predicted: 11.585892999103601
2020-12-13 16:41:52,426 [DEBUG]  Q-Error was: 1.3809897951964443
2020-12-13 16:41:52,426 [DEBUG]  Predicting cardinality for query 4: SELECT COUNT(*) FROM movie_companies mc,title t,movie_keyword mk WHERE t.id=mc.movie_id AND t.id=mk.movie_id AND mk.keyword_id=117;
2020-12-13 16:41:52,438 [DEBUG]  		Latency: 7.01ms
2020-12-13 16:41:52,438 [DEBUG]  		True: 148552
2020-12-13 16:41:52,438 [DEBUG]  		Predicted: 41067.13234135826
2020-12-13 16:41:52,438 [DEBUG]  Q-Error was: 3.6172966440706382
2020-12-13 16:41:52,438 [DEBUG]  Predicting cardinality for query 5: SELECT COUNT(*) FROM title t,movie_info mi,movie_keyword mk WHERE t.id=mi.movie_id AND t.id=mk.movie_id AND t.production_year>2005;
2020-12-13 16:41:52,447 [DEBUG]  		Latency: 4.26ms
2020-12-13 16:41:52,447 [DEBUG]  		True: 62682311
2020-12-13 16:41:52,447 [DEBUG]  		Predicted: 59992649.40957598
2020-12-13 16:41:52,448 [DEBUG]  Q-Error was: 1.044833185680156
2020-12-13 16:41:52,448 [DEBUG]  Predicting cardinality for query 6: SELECT COUNT(*) FROM title t,movie_info mi,movie_keyword mk WHERE t.id=mi.movie_id AND t.id=mk.movie_id AND t.production_year>2010;
2020-12-13 16:41:52,456 [DEBUG]  		Latency: 3.35ms
2020-12-13 16:41:52,456 [DEBUG]  		True: 11990578
2020-12-13 16:41:52,456 [DEBUG]  		Predicted: 14545949.814182093
2020-12-13 16:41:52,456 [DEBUG]  Q-Error was: 1.2131149819618448
2020-12-13 16:41:52,456 [DEBUG]  Predicting cardinality for query 7: SELECT COUNT(*) FROM title t,movie_info mi,movie_keyword mk WHERE t.id=mi.movie_id AND t.id=mk.movie_id AND t.production_year>1990;
2020-12-13 16:41:52,465 [DEBUG]  		Latency: 3.39ms
2020-12-13 16:41:52,465 [DEBUG]  		True: 157041640
2020-12-13 16:41:52,465 [DEBUG]  		Predicted: 156063832.94261765
2020-12-13 16:41:52,465 [DEBUG]  Q-Error was: 1.0062654302341907
2020-12-13 16:41:52,465 [DEBUG]  Predicting cardinality for query 8: SELECT COUNT(*) FROM title t,movie_info_idx mi_idx,movie_keyword mk WHERE t.id=mi_idx.movie_id AND t.id=mk.movie_id AND t.production_year>2005 AND mi_idx.info_type_id=101;
2020-12-13 16:41:52,477 [DEBUG]  		Latency: 6.81ms
2020-12-13 16:41:52,477 [DEBUG]  		True: 850677
2020-12-13 16:41:52,477 [DEBUG]  		Predicted: 439085.8715166055
2020-12-13 16:41:52,477 [DEBUG]  Q-Error was: 1.937381854400726
2020-12-13 16:41:52,477 [DEBUG]  Predicting cardinality for query 9: SELECT COUNT(*) FROM title t,movie_info_idx mi_idx,movie_keyword mk WHERE t.id=mi_idx.movie_id AND t.id=mk.movie_id AND t.production_year>2010 AND mi_idx.info_type_id=101;
2020-12-13 16:41:52,488 [DEBUG]  		Latency: 6.17ms
2020-12-13 16:41:52,488 [DEBUG]  		True: 179616
2020-12-13 16:41:52,488 [DEBUG]  		Predicted: 138988.70947491407
2020-12-13 16:41:52,489 [DEBUG]  Q-Error was: 1.2923064087620637
2020-12-13 16:41:52,489 [DEBUG]  Predicting cardinality for query 10: SELECT COUNT(*) FROM title t,movie_info_idx mi_idx,movie_keyword mk WHERE t.id=mi_idx.movie_id AND t.id=mk.movie_id AND t.production_year>1990 AND mi_idx.info_type_id=101;
2020-12-13 16:41:52,500 [DEBUG]  		Latency: 6.77ms
2020-12-13 16:41:52,500 [DEBUG]  		True: 2031666
2020-12-13 16:41:52,500 [DEBUG]  		Predicted: 885722.3289769514
2020-12-13 16:41:52,501 [DEBUG]  Q-Error was: 2.293795621418582
2020-12-13 16:41:52,501 [DEBUG]  Predicting cardinality for query 11: SELECT COUNT(*) FROM title t,movie_info mi,movie_companies mc WHERE t.id=mi.movie_id AND t.id=mc.movie_id AND t.production_year>2005 AND mc.company_type_id=2;
2020-12-13 16:41:52,513 [DEBUG]  		Latency: 7.82ms
2020-12-13 16:41:52,513 [DEBUG]  		True: 6333736
2020-12-13 16:41:52,514 [DEBUG]  		Predicted: 6012229.131823128
2020-12-13 16:41:52,514 [DEBUG]  Q-Error was: 1.0534754849037797
2020-12-13 16:41:52,514 [DEBUG]  Predicting cardinality for query 12: SELECT COUNT(*) FROM title t,movie_info mi,movie_companies mc WHERE t.id=mi.movie_id AND t.id=mc.movie_id AND t.production_year>2010 AND mc.company_type_id=2;
2020-12-13 16:41:52,525 [DEBUG]  		Latency: 6.29ms
2020-12-13 16:41:52,525 [DEBUG]  		True: 1931628
2020-12-13 16:41:52,525 [DEBUG]  		Predicted: 1888537.9849391447
2020-12-13 16:41:52,525 [DEBUG]  Q-Error was: 1.022816599615413
2020-12-13 16:41:52,526 [DEBUG]  Predicting cardinality for query 13: SELECT COUNT(*) FROM title t,movie_info mi,movie_companies mc WHERE t.id=mi.movie_id AND t.id=mc.movie_id AND t.production_year>1990 AND mc.company_type_id=2;
2020-12-13 16:41:52,537 [DEBUG]  		Latency: 6.38ms
2020-12-13 16:41:52,537 [DEBUG]  		True: 12738520
2020-12-13 16:41:52,537 [DEBUG]  		Predicted: 11754217.8482757
2020-12-13 16:41:52,537 [DEBUG]  Q-Error was: 1.0837403359738387
2020-12-13 16:41:52,537 [DEBUG]  Predicting cardinality for query 14: SELECT COUNT(*) FROM movie_keyword mk,title t,cast_info ci WHERE t.id=mk.movie_id AND t.id=ci.movie_id AND t.production_year>2010 AND mk.keyword_id=8200;
2020-12-13 16:41:52,551 [DEBUG]  		Latency: 9.07ms
2020-12-13 16:41:52,551 [DEBUG]  		True: 1224
2020-12-13 16:41:52,551 [DEBUG]  		Predicted: 65.0998200975358
2020-12-13 16:41:52,552 [DEBUG]  Q-Error was: 18.801895276609706
2020-12-13 16:41:52,552 [DEBUG]  Predicting cardinality for query 15: SELECT COUNT(*) FROM movie_keyword mk,title t,cast_info ci WHERE t.id=mk.movie_id AND t.id=ci.movie_id AND t.production_year>2014;
2020-12-13 16:41:52,561 [DEBUG]  		Latency: 5.09ms
2020-12-13 16:41:52,562 [DEBUG]  		True: 13221
2020-12-13 16:41:52,562 [DEBUG]  		Predicted: 2180.622954754995
2020-12-13 16:41:52,562 [DEBUG]  Q-Error was: 6.062946357219032
2020-12-13 16:41:52,562 [DEBUG]  Predicting cardinality for query 16: SELECT COUNT(*) FROM movie_keyword mk,title t,cast_info ci WHERE t.id=mk.movie_id AND t.id=ci.movie_id AND t.production_year>2014 AND mk.keyword_id=8200;
2020-12-13 16:41:52,568 [DEBUG]  		Latency: 0.46ms
2020-12-13 16:41:52,568 [DEBUG]  		True: 33
2020-12-13 16:41:52,568 [DEBUG]  		Predicted: 0.015849092986911166
2020-12-13 16:41:52,568 [DEBUG]  Q-Error was: 2082.138077381006
2020-12-13 16:41:52,568 [DEBUG]  Predicting cardinality for query 17: SELECT COUNT(*) FROM movie_keyword mk,title t,cast_info ci WHERE t.id=mk.movie_id AND t.id=ci.movie_id AND t.production_year>2000 AND mk.keyword_id=8200;
2020-12-13 16:41:52,579 [DEBUG]  		Latency: 5.44ms
2020-12-13 16:41:52,579 [DEBUG]  		True: 1224
2020-12-13 16:41:52,579 [DEBUG]  		Predicted: 340.88623162481593
2020-12-13 16:41:52,579 [DEBUG]  Q-Error was: 3.5906407664688293
2020-12-13 16:41:52,579 [DEBUG]  Predicting cardinality for query 18: SELECT COUNT(*) FROM movie_keyword mk,title t,cast_info ci WHERE t.id=mk.movie_id AND t.id=ci.movie_id AND t.production_year>2000;
2020-12-13 16:41:52,584 [DEBUG]  		Latency: 0.38ms
2020-12-13 16:41:52,584 [DEBUG]  		True: 114182642
2020-12-13 16:41:52,584 [DEBUG]  		Predicted: 46901380.55564985
2020-12-13 16:41:52,584 [DEBUG]  Q-Error was: 2.434526247356813
2020-12-13 16:41:52,584 [DEBUG]  Predicting cardinality for query 19: SELECT COUNT(*) FROM cast_info ci,title t WHERE t.id=ci.movie_id AND t.production_year>1980 AND t.production_year<1995;
2020-12-13 16:41:52,593 [DEBUG]  		Latency: 4.34ms
2020-12-13 16:41:52,593 [DEBUG]  		True: 4533382
2020-12-13 16:41:52,593 [DEBUG]  		Predicted: 2020928.7099875761
2020-12-13 16:41:52,593 [DEBUG]  Q-Error was: 2.243217179109633
2020-12-13 16:41:52,593 [DEBUG]  Predicting cardinality for query 20: SELECT COUNT(*) FROM cast_info ci,title t WHERE t.id=ci.movie_id AND t.production_year>1980 AND t.production_year<1984;
2020-12-13 16:41:52,602 [DEBUG]  		Latency: 4.12ms
2020-12-13 16:41:52,602 [DEBUG]  		True: 695701
2020-12-13 16:41:52,602 [DEBUG]  		Predicted: 322189.939128794
2020-12-13 16:41:52,602 [DEBUG]  Q-Error was: 2.1592884057186423
2020-12-13 16:41:52,602 [DEBUG]  Predicting cardinality for query 21: SELECT COUNT(*) FROM cast_info ci,title t WHERE t.id=ci.movie_id AND t.production_year>1980 AND t.production_year<2010;
2020-12-13 16:41:52,611 [DEBUG]  		Latency: 4.33ms
2020-12-13 16:41:52,611 [DEBUG]  		True: 21454165
2020-12-13 16:41:52,611 [DEBUG]  		Predicted: 8815423.118427856
2020-12-13 16:41:52,611 [DEBUG]  Q-Error was: 2.4337079130271104
2020-12-13 16:41:52,611 [DEBUG]  Predicting cardinality for query 22: SELECT COUNT(*) FROM cast_info ci,title t,movie_companies mc WHERE t.id=ci.movie_id AND t.id=mc.movie_id AND ci.role_id=2;
2020-12-13 16:41:52,623 [DEBUG]  		Latency: 6.50ms
2020-12-13 16:41:52,623 [DEBUG]  		True: 13355828
2020-12-13 16:41:52,623 [DEBUG]  		Predicted: 6213382.353065689
2020-12-13 16:41:52,623 [DEBUG]  Q-Error was: 2.1495261744853384
2020-12-13 16:41:52,623 [DEBUG]  Predicting cardinality for query 23: SELECT COUNT(*) FROM cast_info ci,title t,movie_companies mc WHERE t.id=ci.movie_id AND t.id=mc.movie_id AND ci.role_id=4;
2020-12-13 16:41:52,629 [DEBUG]  		Latency: 1.56ms
2020-12-13 16:41:52,629 [DEBUG]  		True: 4450853
2020-12-13 16:41:52,630 [DEBUG]  		Predicted: 2277386.920641956
2020-12-13 16:41:52,630 [DEBUG]  Q-Error was: 1.9543683858276404
2020-12-13 16:41:52,630 [DEBUG]  Predicting cardinality for query 24: SELECT COUNT(*) FROM cast_info ci,title t,movie_companies mc WHERE t.id=ci.movie_id AND t.id=mc.movie_id AND ci.role_id=7;
2020-12-13 16:41:52,636 [DEBUG]  		Latency: 1.40ms
2020-12-13 16:41:52,636 [DEBUG]  		True: 794591
2020-12-13 16:41:52,636 [DEBUG]  		Predicted: 229356.4588428202
2020-12-13 16:41:52,636 [DEBUG]  Q-Error was: 3.4644369903903143
2020-12-13 16:41:52,636 [DEBUG]  Predicting cardinality for query 25: SELECT COUNT(*) FROM cast_info ci,title t,movie_companies mc WHERE t.id=ci.movie_id AND t.id=mc.movie_id AND t.production_year>2005 AND t.production_year<2015 AND ci.role_id=2;
2020-12-13 16:41:52,647 [DEBUG]  		Latency: 5.13ms
2020-12-13 16:41:52,647 [DEBUG]  		True: 4893440
2020-12-13 16:41:52,647 [DEBUG]  		Predicted: 3517166.7274643104
2020-12-13 16:41:52,647 [DEBUG]  Q-Error was: 1.391301686607251
2020-12-13 16:41:52,647 [DEBUG]  Predicting cardinality for query 26: SELECT COUNT(*) FROM cast_info ci,title t,movie_companies mc WHERE t.id=ci.movie_id AND t.id=mc.movie_id AND t.production_year>2007 AND t.production_year<2010 AND ci.role_id=2;
2020-12-13 16:41:52,657 [DEBUG]  		Latency: 4.83ms
2020-12-13 16:41:52,657 [DEBUG]  		True: 1381288
2020-12-13 16:41:52,657 [DEBUG]  		Predicted: 951890.6077553882
2020-12-13 16:41:52,657 [DEBUG]  Q-Error was: 1.4510995157911633
2020-12-13 16:41:52,658 [DEBUG]  Predicting cardinality for query 27: SELECT COUNT(*) FROM title t,cast_info ci,movie_companies mc WHERE t.id=mc.movie_id AND t.id=ci.movie_id AND t.production_year>2005 AND ci.role_id=1;
2020-12-13 16:41:52,668 [DEBUG]  		Latency: 5.70ms
2020-12-13 16:41:52,668 [DEBUG]  		True: 8720023
2020-12-13 16:41:52,668 [DEBUG]  		Predicted: 5988191.755590313
2020-12-13 16:41:52,668 [DEBUG]  Q-Error was: 1.4562030335550575
2020-12-13 16:41:52,668 [DEBUG]  Predicting cardinality for query 28: SELECT COUNT(*) FROM title t,cast_info ci,movie_companies mc WHERE t.id=mc.movie_id AND t.id=ci.movie_id AND t.production_year>2010 AND ci.role_id=1;
2020-12-13 16:41:52,678 [DEBUG]  		Latency: 4.45ms
2020-12-13 16:41:52,678 [DEBUG]  		True: 2873214
2020-12-13 16:41:52,678 [DEBUG]  		Predicted: 2068595.724371314
2020-12-13 16:41:52,678 [DEBUG]  Q-Error was: 1.3889683547872675
2020-12-13 16:41:52,678 [DEBUG]  Predicting cardinality for query 29: SELECT COUNT(*) FROM title t,cast_info ci,movie_companies mc WHERE t.id=mc.movie_id AND t.id=ci.movie_id AND t.production_year>1990;
2020-12-13 16:41:52,688 [DEBUG]  		Latency: 4.86ms
2020-12-13 16:41:52,688 [DEBUG]  		True: 56965403
2020-12-13 16:41:52,688 [DEBUG]  		Predicted: 32050819.5952793
2020-12-13 16:41:52,688 [DEBUG]  Q-Error was: 1.7773462182661413
2020-12-13 16:41:52,688 [DEBUG]  Predicting cardinality for query 30: SELECT COUNT(*) FROM title t,movie_keyword mk,movie_companies mc WHERE t.id=mk.movie_id AND t.id=mc.movie_id AND mk.keyword_id=398 AND mc.company_type_id=2 AND t.production_year>1950 AND t.production_year<2000;
2020-12-13 16:41:52,700 [DEBUG]  		Latency: 6.67ms
2020-12-13 16:41:52,701 [DEBUG]  		True: 7153
2020-12-13 16:41:52,701 [DEBUG]  		Predicted: 8259.707241260037
2020-12-13 16:41:52,701 [DEBUG]  Q-Error was: 1.154719312352864
2020-12-13 16:41:52,701 [DEBUG]  Predicting cardinality for query 31: SELECT COUNT(*) FROM title t,movie_keyword mk,movie_companies mc WHERE t.id=mk.movie_id AND t.id=mc.movie_id AND mk.keyword_id=398 AND mc.company_type_id=2;
2020-12-13 16:41:52,709 [DEBUG]  		Latency: 3.62ms
2020-12-13 16:41:52,709 [DEBUG]  		True: 14102
2020-12-13 16:41:52,710 [DEBUG]  		Predicted: 22100.175526047937
2020-12-13 16:41:52,710 [DEBUG]  Q-Error was: 1.5671660421250841
2020-12-13 16:41:52,710 [DEBUG]  Predicting cardinality for query 32: SELECT COUNT(*) FROM title t,movie_keyword mk,movie_companies mc WHERE t.id=mk.movie_id AND t.id=mc.movie_id AND t.production_year>1950;
2020-12-13 16:41:52,719 [DEBUG]  		Latency: 4.51ms
2020-12-13 16:41:52,719 [DEBUG]  		True: 31339132
2020-12-13 16:41:52,719 [DEBUG]  		Predicted: 19363951.245196495
2020-12-13 16:41:52,719 [DEBUG]  Q-Error was: 1.6184265082661846
2020-12-13 16:41:52,719 [DEBUG]  Predicting cardinality for query 33: SELECT COUNT(*) FROM title t,movie_info mi,movie_info_idx mi_idx,movie_companies mc WHERE t.id=mi.movie_id AND t.id=mi_idx.movie_id AND t.id=mc.movie_id AND mi_idx.info_type_id=101 AND mi.info_type_id=3 AND t.production_year>2005 AND t.production_year<2008 AND mc.company_type_id=2;
2020-12-13 16:41:52,745 [DEBUG]  		Latency: 19.70ms
2020-12-13 16:41:52,745 [DEBUG]  		True: 75440
2020-12-13 16:41:52,746 [DEBUG]  		Predicted: 72570.75379219558
2020-12-13 16:41:52,746 [DEBUG]  Q-Error was: 1.039537224816769
2020-12-13 16:41:52,746 [DEBUG]  Predicting cardinality for query 34: SELECT COUNT(*) FROM title t,movie_info mi,movie_info_idx mi_idx,movie_companies mc WHERE t.id=mi.movie_id AND t.id=mi_idx.movie_id AND t.id=mc.movie_id AND mi_idx.info_type_id=113 AND mi.info_type_id=105;
2020-12-13 16:41:52,763 [DEBUG]  		Latency: 12.13ms
2020-12-13 16:41:52,763 [DEBUG]  		True: 72
2020-12-13 16:41:52,763 [DEBUG]  		Predicted: 28.635512532997367
2020-12-13 16:41:52,764 [DEBUG]  Q-Error was: 2.5143604437683007
2020-12-13 16:41:52,764 [DEBUG]  Predicting cardinality for query 35: SELECT COUNT(*) FROM title t,movie_info mi,movie_info_idx mi_idx,movie_companies mc WHERE t.id=mi.movie_id AND t.id=mi_idx.movie_id AND t.id=mc.movie_id AND mi_idx.info_type_id=101 AND mi.info_type_id=3 AND t.production_year>2000 AND t.production_year<2010 AND mc.company_type_id=2;
2020-12-13 16:41:52,790 [DEBUG]  		Latency: 19.92ms
2020-12-13 16:41:52,790 [DEBUG]  		True: 305691
2020-12-13 16:41:52,790 [DEBUG]  		Predicted: 284544.9533788913
2020-12-13 16:41:52,790 [DEBUG]  Q-Error was: 1.0743153107092758
2020-12-13 16:41:52,791 [DEBUG]  Predicting cardinality for query 36: SELECT COUNT(*) FROM title t,movie_info mi,movie_companies mc,movie_info_idx mi_idx WHERE t.id=mi.movie_id AND t.id=mc.movie_id AND t.id=mi_idx.movie_id AND t.kind_id=1 AND mc.company_type_id=2 AND mi_idx.info_type_id=101 AND mi.info_type_id=16;
2020-12-13 16:41:52,815 [DEBUG]  		Latency: 18.29ms
2020-12-13 16:41:52,815 [DEBUG]  		True: 1919495
2020-12-13 16:41:52,816 [DEBUG]  		Predicted: 1594351.9789642068
2020-12-13 16:41:52,816 [DEBUG]  Q-Error was: 1.2039342788328502
2020-12-13 16:41:52,816 [DEBUG]  Predicting cardinality for query 37: SELECT COUNT(*) FROM title t,movie_info mi,movie_info_idx mi_idx,movie_keyword mk WHERE t.id=mi.movie_id AND t.id=mk.movie_id AND t.id=mi_idx.movie_id AND t.production_year>2010 AND t.kind_id=1 AND mi.info_type_id=8 AND mi_idx.info_type_id=101;
2020-12-13 16:41:52,841 [DEBUG]  		Latency: 18.47ms
2020-12-13 16:41:52,841 [DEBUG]  		True: 150780
2020-12-13 16:41:52,841 [DEBUG]  		Predicted: 196960.3524861489
2020-12-13 16:41:52,841 [DEBUG]  Q-Error was: 1.3062763794014387
2020-12-13 16:41:52,841 [DEBUG]  Predicting cardinality for query 38: SELECT COUNT(*) FROM title t,movie_info mi,movie_info_idx mi_idx,movie_keyword mk WHERE t.id=mi.movie_id AND t.id=mk.movie_id AND t.id=mi_idx.movie_id AND t.kind_id=1 AND mi.info_type_id=8 AND mi_idx.info_type_id=101;
2020-12-13 16:41:52,863 [DEBUG]  		Latency: 15.51ms
2020-12-13 16:41:52,863 [DEBUG]  		True: 3243247
2020-12-13 16:41:52,863 [DEBUG]  		Predicted: 3219328.180360733
2020-12-13 16:41:52,863 [DEBUG]  Q-Error was: 1.0074297549983198
2020-12-13 16:41:52,863 [DEBUG]  Predicting cardinality for query 39: SELECT COUNT(*) FROM title t,movie_info mi,movie_info_idx mi_idx,movie_keyword mk WHERE t.id=mi.movie_id AND t.id=mk.movie_id AND t.id=mi_idx.movie_id AND t.production_year>2005 AND mi.info_type_id=8 AND mi_idx.info_type_id=101;
2020-12-13 16:41:52,884 [DEBUG]  		Latency: 14.17ms
2020-12-13 16:41:52,884 [DEBUG]  		True: 1043763
2020-12-13 16:41:52,884 [DEBUG]  		Predicted: 1202491.0758620775
2020-12-13 16:41:52,884 [DEBUG]  Q-Error was: 1.1520729091394095
2020-12-13 16:41:52,884 [DEBUG]  Predicting cardinality for query 40: SELECT COUNT(*) FROM title t,movie_info mi,movie_companies mc,movie_keyword mk WHERE t.id=mi.movie_id AND t.id=mk.movie_id AND t.id=mc.movie_id AND mi.info_type_id=16 AND t.production_year>2000;
2020-12-13 16:41:52,900 [DEBUG]  		Latency: 9.84ms
2020-12-13 16:41:52,900 [DEBUG]  		True: 512575801
2020-12-13 16:41:52,900 [DEBUG]  		Predicted: 359032536.6931046
2020-12-13 16:41:52,900 [DEBUG]  Q-Error was: 1.4276583557610594
2020-12-13 16:41:52,900 [DEBUG]  Predicting cardinality for query 41: SELECT COUNT(*) FROM title t,movie_info mi,movie_companies mc,movie_keyword mk WHERE t.id=mi.movie_id AND t.id=mk.movie_id AND t.id=mc.movie_id AND mi.info_type_id=16 AND t.production_year>2005 AND t.production_year<2010;
2020-12-13 16:41:52,916 [DEBUG]  		Latency: 10.18ms
2020-12-13 16:41:52,916 [DEBUG]  		True: 206778521
2020-12-13 16:41:52,916 [DEBUG]  		Predicted: 130293181.95564865
2020-12-13 16:41:52,916 [DEBUG]  Q-Error was: 1.587024876484993
2020-12-13 16:41:52,916 [DEBUG]  Predicting cardinality for query 42: SELECT COUNT(*) FROM title t,movie_info mi,movie_companies mc,movie_keyword mk WHERE t.id=mi.movie_id AND t.id=mk.movie_id AND t.id=mc.movie_id AND mi.info_type_id=16 AND t.production_year>1990;
2020-12-13 16:41:52,932 [DEBUG]  		Latency: 9.76ms
2020-12-13 16:41:52,932 [DEBUG]  		True: 625302823
2020-12-13 16:41:52,932 [DEBUG]  		Predicted: 507751996.836336
2020-12-13 16:41:52,932 [DEBUG]  Q-Error was: 1.2315122872900375
2020-12-13 16:41:52,932 [DEBUG]  Predicting cardinality for query 43: SELECT COUNT(*) FROM cast_info ci,title t,movie_keyword mk,movie_companies mc WHERE t.id=ci.movie_id AND t.id=mk.movie_id AND t.id=mc.movie_id AND mk.keyword_id=117;
2020-12-13 16:41:52,942 [DEBUG]  		Latency: 4.60ms
2020-12-13 16:41:52,942 [DEBUG]  		True: 7796926
2020-12-13 16:41:52,942 [DEBUG]  		Predicted: 3127804.0773471664
2020-12-13 16:41:52,943 [DEBUG]  Q-Error was: 2.492779537077952
2020-12-13 16:41:52,943 [DEBUG]  Predicting cardinality for query 44: SELECT COUNT(*) FROM title t,movie_info mi,movie_info_idx mi_idx,cast_info ci WHERE t.id=mi.movie_id AND t.id=mi_idx.movie_id AND t.id=ci.movie_id AND mi.info_type_id=105 AND mi_idx.info_type_id=100;
2020-12-13 16:41:52,957 [DEBUG]  		Latency: 8.66ms
2020-12-13 16:41:52,957 [DEBUG]  		True: 1831108
2020-12-13 16:41:52,958 [DEBUG]  		Predicted: 1195936.1283745205
2020-12-13 16:41:52,958 [DEBUG]  Q-Error was: 1.5311085237376227
2020-12-13 16:41:52,958 [DEBUG]  Predicting cardinality for query 45: SELECT COUNT(*) FROM title t,movie_info mi,movie_info_idx mi_idx,cast_info ci WHERE t.id=mi.movie_id AND t.id=mi_idx.movie_id AND t.id=ci.movie_id AND mi.info_type_id=3 AND mi_idx.info_type_id=101 AND t.production_year>2008 AND t.production_year<2014;
2020-12-13 16:41:52,979 [DEBUG]  		Latency: 14.84ms
2020-12-13 16:41:52,979 [DEBUG]  		True: 2936093
2020-12-13 16:41:52,979 [DEBUG]  		Predicted: 3463749.977932353
2020-12-13 16:41:52,979 [DEBUG]  Q-Error was: 1.1797139865570856
2020-12-13 16:41:52,979 [DEBUG]  Predicting cardinality for query 46: SELECT COUNT(*) FROM title t,movie_info mi,movie_info_idx mi_idx,cast_info ci WHERE t.id=mi.movie_id AND t.id=mi_idx.movie_id AND t.id=ci.movie_id AND mi.info_type_id=3 AND mi_idx.info_type_id=100;
2020-12-13 16:41:52,987 [DEBUG]  		Latency: 2.12ms
2020-12-13 16:41:52,987 [DEBUG]  		True: 16461908
2020-12-13 16:41:52,987 [DEBUG]  		Predicted: 15046111.834041268
2020-12-13 16:41:52,987 [DEBUG]  Q-Error was: 1.0940971449351815
2020-12-13 16:41:52,987 [DEBUG]  Predicting cardinality for query 47: SELECT COUNT(*) FROM title t,movie_info mi,movie_companies mc,cast_info ci WHERE t.id=mi.movie_id AND t.id=mc.movie_id AND t.id=ci.movie_id AND ci.role_id=2 AND mi.info_type_id=16 AND t.production_year>2005 AND t.production_year<2009;
2020-12-13 16:41:53,004 [DEBUG]  		Latency: 10.51ms
2020-12-13 16:41:53,004 [DEBUG]  		True: 24675801
2020-12-13 16:41:53,004 [DEBUG]  		Predicted: 24327112.118818488
2020-12-13 16:41:53,005 [DEBUG]  Q-Error was: 1.014333344602452
2020-12-13 16:41:53,005 [DEBUG]  Predicting cardinality for query 48: SELECT COUNT(*) FROM title t,movie_info mi,movie_companies mc,cast_info ci WHERE t.id=mi.movie_id AND t.id=mc.movie_id AND t.id=ci.movie_id AND ci.role_id=2 AND mi.info_type_id=16;
2020-12-13 16:41:53,021 [DEBUG]  		Latency: 6.92ms
2020-12-13 16:41:53,021 [DEBUG]  		True: 132317651
2020-12-13 16:41:53,021 [DEBUG]  		Predicted: 174386694.85385182
2020-12-13 16:41:53,021 [DEBUG]  Q-Error was: 1.3179397724786681
2020-12-13 16:41:53,021 [DEBUG]  Predicting cardinality for query 49: SELECT COUNT(*) FROM title t,movie_info mi,movie_companies mc,cast_info ci WHERE t.id=mi.movie_id AND t.id=mc.movie_id AND t.id=ci.movie_id AND ci.role_id=2 AND mi.info_type_id=16 AND t.production_year>2000;
2020-12-13 16:41:53,037 [DEBUG]  		Latency: 10.04ms
2020-12-13 16:41:53,037 [DEBUG]  		True: 90649862
2020-12-13 16:41:53,037 [DEBUG]  		Predicted: 92139826.20841101
2020-12-13 16:41:53,037 [DEBUG]  Q-Error was: 1.016436475197403
2020-12-13 16:41:53,038 [DEBUG]  Predicting cardinality for query 50: SELECT COUNT(*) FROM title t,cast_info ci,movie_keyword mk WHERE t.id=mk.movie_id AND t.id=ci.movie_id AND t.production_year>1950 AND t.kind_id=1;
2020-12-13 16:41:53,050 [DEBUG]  		Latency: 7.11ms
2020-12-13 16:41:53,050 [DEBUG]  		True: 151179813
2020-12-13 16:41:53,050 [DEBUG]  		Predicted: 67057797.62392956
2020-12-13 16:41:53,050 [DEBUG]  Q-Error was: 2.2544702981126763
2020-12-13 16:41:53,050 [DEBUG]  Predicting cardinality for query 51: SELECT COUNT(*) FROM title t,cast_info ci,movie_keyword mk WHERE t.id=mk.movie_id AND t.id=ci.movie_id AND t.production_year>2000 AND t.kind_id=1;
2020-12-13 16:41:53,062 [DEBUG]  		Latency: 6.76ms
2020-12-13 16:41:53,062 [DEBUG]  		True: 84217062
2020-12-13 16:41:53,062 [DEBUG]  		Predicted: 35238502.16639188
2020-12-13 16:41:53,063 [DEBUG]  Q-Error was: 2.3899160526840038
2020-12-13 16:41:53,063 [DEBUG]  Predicting cardinality for query 52: SELECT COUNT(*) FROM title t,movie_keyword mk,movie_companies mc,movie_info mi WHERE t.id=mk.movie_id AND t.id=mc.movie_id AND t.id=mi.movie_id AND mk.keyword_id=398 AND mc.company_type_id=2 AND t.production_year>1950 AND t.production_year<2000;
2020-12-13 16:41:53,079 [DEBUG]  		Latency: 9.81ms
2020-12-13 16:41:53,079 [DEBUG]  		True: 333474
2020-12-13 16:41:53,079 [DEBUG]  		Predicted: 759685.3113896407
2020-12-13 16:41:53,079 [DEBUG]  Q-Error was: 2.2780945782568978
2020-12-13 16:41:53,079 [DEBUG]  Predicting cardinality for query 53: SELECT COUNT(*) FROM title t,movie_keyword mk,movie_companies mc,movie_info mi WHERE t.id=mk.movie_id AND t.id=mc.movie_id AND t.id=mi.movie_id AND mk.keyword_id=398 AND mc.company_type_id=2 AND t.production_year>2000 AND t.production_year<2010;
2020-12-13 16:41:53,095 [DEBUG]  		Latency: 9.21ms
2020-12-13 16:41:53,095 [DEBUG]  		True: 307213
2020-12-13 16:41:53,095 [DEBUG]  		Predicted: 748524.0239675745
2020-12-13 16:41:53,095 [DEBUG]  Q-Error was: 2.4364985334851537
2020-12-13 16:41:53,095 [DEBUG]  Predicting cardinality for query 54: SELECT COUNT(*) FROM title t,movie_keyword mk,movie_companies mc,movie_info mi WHERE t.id=mk.movie_id AND t.id=mc.movie_id AND t.id=mi.movie_id AND mk.keyword_id=398 AND mc.company_type_id=2 AND t.production_year>1950 AND t.production_year<2010;
2020-12-13 16:41:53,111 [DEBUG]  		Latency: 9.95ms
2020-12-13 16:41:53,111 [DEBUG]  		True: 658557
2020-12-13 16:41:53,111 [DEBUG]  		Predicted: 1561358.6653962636
2020-12-13 16:41:53,111 [DEBUG]  Q-Error was: 2.370878550218529
2020-12-13 16:41:53,111 [DEBUG]  Predicting cardinality for query 55: SELECT COUNT(*) FROM title t,movie_info mi,movie_info_idx mi_idx,movie_keyword mk,movie_companies mc WHERE t.id=mi.movie_id AND t.id=mk.movie_id AND t.id=mi_idx.movie_id AND t.id=mc.movie_id AND t.production_year>2008 AND mi.info_type_id=8 AND mi_idx.info_type_id=101;
2020-12-13 16:41:53,137 [DEBUG]  		Latency: 18.78ms
2020-12-13 16:41:53,137 [DEBUG]  		True: 8275169
2020-12-13 16:41:53,137 [DEBUG]  		Predicted: 10166810.593039308
2020-12-13 16:41:53,137 [DEBUG]  Q-Error was: 1.2285925028285596
2020-12-13 16:41:53,137 [DEBUG]  Predicting cardinality for query 56: SELECT COUNT(*) FROM title t,movie_info mi,movie_info_idx mi_idx,movie_keyword mk,movie_companies mc WHERE t.id=mi.movie_id AND t.id=mk.movie_id AND t.id=mi_idx.movie_id AND t.id=mc.movie_id AND t.production_year>2009 AND mi.info_type_id=8 AND mi_idx.info_type_id=101;
2020-12-13 16:41:53,162 [DEBUG]  		Latency: 18.47ms
2020-12-13 16:41:53,162 [DEBUG]  		True: 5060606
2020-12-13 16:41:53,162 [DEBUG]  		Predicted: 7555839.800745003
2020-12-13 16:41:53,162 [DEBUG]  Q-Error was: 1.4930701581480563
2020-12-13 16:41:53,162 [DEBUG]  Predicting cardinality for query 57: SELECT COUNT(*) FROM title t,movie_info mi,movie_companies mc,cast_info ci,movie_keyword mk WHERE t.id=mi.movie_id AND t.id=mc.movie_id AND t.id=ci.movie_id AND t.id=mk.movie_id AND ci.role_id=2 AND mi.info_type_id=16 AND t.production_year>2010;
2020-12-13 16:41:53,180 [DEBUG]  		Latency: 10.93ms
2020-12-13 16:41:53,180 [DEBUG]  		True: 1352809555
2020-12-13 16:41:53,180 [DEBUG]  		Predicted: 1686691763.1015632
2020-12-13 16:41:53,180 [DEBUG]  Q-Error was: 1.246806512319144
2020-12-13 16:41:53,180 [DEBUG]  Predicting cardinality for query 58: SELECT COUNT(*) FROM title t,movie_info mi,movie_companies mc,cast_info ci,movie_keyword mk WHERE t.id=mi.movie_id AND t.id=mc.movie_id AND t.id=ci.movie_id AND t.id=mk.movie_id AND ci.role_id=2 AND mi.info_type_id=16 AND t.production_year>2010 AND mc.company_id=22956;
2020-12-13 16:41:53,199 [DEBUG]  		Latency: 12.51ms
2020-12-13 16:41:53,199 [DEBUG]  		True: 191935
2020-12-13 16:41:53,224 [DEBUG]  		Predicted: 209537.5209537754
2020-12-13 16:41:53,224 [DEBUG]  Q-Error was: 1.0917108445764212
2020-12-13 16:41:53,224 [DEBUG]  Predicting cardinality for query 59: SELECT COUNT(*) FROM title t,movie_info mi,movie_companies mc,cast_info ci,movie_keyword mk WHERE t.id=mi.movie_id AND t.id=mc.movie_id AND t.id=ci.movie_id AND t.id=mk.movie_id AND ci.role_id=2 AND mi.info_type_id=16 AND t.production_year>2000;
2020-12-13 16:41:53,245 [DEBUG]  		Latency: 11.85ms
2020-12-13 16:41:53,245 [DEBUG]  		True: 9537310863
2020-12-13 16:41:53,245 [DEBUG]  		Predicted: 9959436522.042398
2020-12-13 16:41:53,245 [DEBUG]  Q-Error was: 1.0442604487896097
2020-12-13 16:41:53,245 [DEBUG]  Predicting cardinality for query 60: SELECT COUNT(*) FROM title t,movie_info mi,movie_info_idx mi_idx,cast_info ci,movie_keyword mk WHERE t.id=mi.movie_id AND t.id=mi_idx.movie_id AND t.id=ci.movie_id AND t.id=mk.movie_id AND mi.info_type_id=3 AND mi_idx.info_type_id=100;
2020-12-13 16:41:53,260 [DEBUG]  		Latency: 8.51ms
2020-12-13 16:41:53,260 [DEBUG]  		True: 492943940
2020-12-13 16:41:53,260 [DEBUG]  		Predicted: 1032892743.179106
2020-12-13 16:41:53,260 [DEBUG]  Q-Error was: 2.095355393108405
2020-12-13 16:41:53,260 [DEBUG]  Predicting cardinality for query 61: SELECT COUNT(*) FROM title t,movie_info mi,movie_info_idx mi_idx,cast_info ci,movie_keyword mk WHERE t.id=mi.movie_id AND t.id=mi_idx.movie_id AND t.id=ci.movie_id AND t.id=mk.movie_id AND mi.info_type_id=3 AND mi_idx.info_type_id=100 AND t.production_year>2010;
2020-12-13 16:41:53,284 [DEBUG]  		Latency: 17.40ms
2020-12-13 16:41:53,284 [DEBUG]  		True: 32355583
2020-12-13 16:41:53,284 [DEBUG]  		Predicted: 31955481.79698653
2020-12-13 16:41:53,284 [DEBUG]  Q-Error was: 1.0125205811495916
2020-12-13 16:41:53,284 [DEBUG]  Predicting cardinality for query 62: SELECT COUNT(*) FROM title t,cast_info ci,movie_keyword mk,movie_info_idx mi_idx WHERE t.id=mk.movie_id AND t.id=ci.movie_id AND t.id=mi_idx.movie_id AND t.production_year>2000 AND t.kind_id=1 AND mi_idx.info_type_id=101;
2020-12-13 16:41:53,300 [DEBUG]  		Latency: 9.47ms
2020-12-13 16:41:53,300 [DEBUG]  		True: 81495003
2020-12-13 16:41:53,300 [DEBUG]  		Predicted: 32818482.363908514
2020-12-13 16:41:53,300 [DEBUG]  Q-Error was: 2.483204497281158
2020-12-13 16:41:53,300 [DEBUG]  Predicting cardinality for query 63: SELECT COUNT(*) FROM title t,cast_info ci,movie_keyword mk,movie_info_idx mi_idx WHERE t.id=mk.movie_id AND t.id=ci.movie_id AND t.id=mi_idx.movie_id AND t.production_year>2005 AND t.kind_id=1 AND mi_idx.info_type_id=101;
2020-12-13 16:41:53,315 [DEBUG]  		Latency: 9.57ms
2020-12-13 16:41:53,315 [DEBUG]  		True: 51282842
2020-12-13 16:41:53,315 [DEBUG]  		Predicted: 20568831.475249942
2020-12-13 16:41:53,316 [DEBUG]  Q-Error was: 2.493230695273458
2020-12-13 16:41:53,316 [DEBUG]  Predicting cardinality for query 64: SELECT COUNT(*) FROM title t,movie_keyword mk,movie_companies mc,movie_info mi WHERE t.id=mk.movie_id AND t.id=mc.movie_id AND t.id=mi.movie_id AND mk.keyword_id=398 AND mc.company_type_id=2 AND t.production_year=1998;
2020-12-13 16:41:53,331 [DEBUG]  		Latency: 9.19ms
2020-12-13 16:41:53,331 [DEBUG]  		True: 19006
2020-12-13 16:41:53,331 [DEBUG]  		Predicted: 43662.96543207986
2020-12-13 16:41:53,331 [DEBUG]  Q-Error was: 2.2973253410543966
2020-12-13 16:41:53,331 [DEBUG]  Predicting cardinality for query 65: SELECT COUNT(*) FROM title t,movie_info mi,movie_info_idx mi_idx,movie_keyword mk,movie_companies mc WHERE t.id=mi.movie_id AND t.id=mk.movie_id AND t.id=mi_idx.movie_id AND t.id=mc.movie_id AND t.production_year>2000 AND mi.info_type_id=8 AND mi_idx.info_type_id=101;
2020-12-13 16:41:53,357 [DEBUG]  		Latency: 19.11ms
2020-12-13 16:41:53,357 [DEBUG]  		True: 26718423
2020-12-13 16:41:53,357 [DEBUG]  		Predicted: 26615329.707615342
2020-12-13 16:41:53,357 [DEBUG]  Q-Error was: 1.0038734553927078
2020-12-13 16:41:53,357 [DEBUG]  Predicting cardinality for query 66: SELECT COUNT(*) FROM title t,movie_info mi,movie_info_idx mi_idx,movie_keyword mk,movie_companies mc WHERE t.id=mi.movie_id AND t.id=mk.movie_id AND t.id=mi_idx.movie_id AND t.id=mc.movie_id AND t.production_year>2005 AND mi.info_type_id=8 AND mi_idx.info_type_id=101;
2020-12-13 16:41:53,375 [DEBUG]  		Latency: 11.07ms
2020-12-13 16:41:53,375 [DEBUG]  		True: 15813608
2020-12-13 16:41:53,375 [DEBUG]  		Predicted: 17293779.993021
2020-12-13 16:41:53,375 [DEBUG]  Q-Error was: 1.093601156233353
2020-12-13 16:41:53,375 [DEBUG]  Predicting cardinality for query 67: SELECT COUNT(*) FROM title t,movie_info mi,movie_companies mc,cast_info ci,movie_keyword mk WHERE t.id=mi.movie_id AND t.id=mc.movie_id AND t.id=ci.movie_id AND t.id=mk.movie_id AND ci.role_id=2 AND mi.info_type_id=16 AND t.production_year>2000 AND t.production_year<2010 AND mk.keyword_id=7084;
2020-12-13 16:41:53,395 [DEBUG]  		Latency: 12.76ms
2020-12-13 16:41:53,395 [DEBUG]  		True: 1067496
2020-12-13 16:41:53,395 [DEBUG]  		Predicted: 663977.6535681596
2020-12-13 16:41:53,395 [DEBUG]  Q-Error was: 1.6077288057261674
2020-12-13 16:41:53,395 [DEBUG]  Predicting cardinality for query 68: SELECT COUNT(*) FROM title t,movie_info mi,movie_companies mc,cast_info ci,movie_keyword mk WHERE t.id=mi.movie_id AND t.id=mc.movie_id AND t.id=ci.movie_id AND t.id=mk.movie_id AND ci.role_id=2 AND mi.info_type_id=16 AND t.production_year>2000 AND t.production_year<2005 AND mk.keyword_id=7084;
2020-12-13 16:41:53,413 [DEBUG]  		Latency: 11.81ms
2020-12-13 16:41:53,413 [DEBUG]  		True: 268172
2020-12-13 16:41:53,413 [DEBUG]  		Predicted: 268012.86123986606
2020-12-13 16:41:53,414 [DEBUG]  Q-Error was: 1.000593772848802
2020-12-13 16:41:53,414 [DEBUG]  Predicting cardinality for query 69: SELECT COUNT(*) FROM title t,movie_info mi,movie_info_idx mi_idx,cast_info ci,movie_keyword mk WHERE t.id=mi.movie_id AND t.id=mi_idx.movie_id AND t.id=ci.movie_id AND t.id=mk.movie_id AND mi.info_type_id=3 AND mi_idx.info_type_id=100 AND t.production_year>2000;
2020-12-13 16:41:53,433 [DEBUG]  		Latency: 12.75ms
2020-12-13 16:41:53,433 [DEBUG]  		True: 258385218
2020-12-13 16:41:53,433 [DEBUG]  		Predicted: 224850574.5202529
2020-12-13 16:41:53,433 [DEBUG]  Q-Error was: 1.1491419070255768
2020-12-13 16:41:53,434 [INFO ]  [   2.49277954    2.4932307     2.51436044    2.72226086    3.46443699
    3.59064077    3.61729664    6.06294636   18.80189528 2082.13807738]
2020-12-13 16:41:53,434 [INFO ]  Q-Error 50%-Percentile: 1.4746365958515568 (vs. MCSN: 3.82 and IBJS: 1.59)
2020-12-13 16:41:53,434 [INFO ]  Q-Error 90%-Percentile: 2.535150485464555 (vs. MCSN: 78.4 and IBJS: 150)
2020-12-13 16:41:53,434 [INFO ]  Q-Error 95%-Percentile: 3.605301499149824 (vs. MCSN: 362 and IBJS: 3198)
2020-12-13 16:41:53,435 [INFO ]  Q-Error 99%-Percentile: 658.4361117289773 (vs. MCSN: 927 and IBJS: 14309)
2020-12-13 16:41:53,435 [INFO ]  Q-Mean wo inf 31.719602975719187 (vs. MCSN: 57.9 and IBJS: 590)
2020-12-13 16:41:53,435 [INFO ]  Latency avg: 8.94ms
2020-12-13 16:41:53,435 [INFO ]  Saving results to ./baselines/cardinality_estimation/results/deepDB/imdb_light_model_based_budget_5.csv
