2020-12-13 23:02:45,052 [INFO ]  Generating HDF files for tables in ../imdb-benchmark and store to path ../imdb-benchmark/gen_single_light
2020-12-13 23:02:45,053 [INFO ]  Removing target path ../imdb-benchmark/gen_single_light
2020-12-13 23:02:45,340 [INFO ]  Making target path ../imdb-benchmark/gen_single_light
2020-12-13 23:02:45,340 [INFO ]  Preparing hdf file for table title
2020-12-13 23:02:51,224 [INFO ]  Managing functional dependencies for table title
2020-12-13 23:02:51,246 [INFO ]  Preparing multipliers for table title
2020-12-13 23:02:51,246 [INFO ]  Preparing multiplier movie_info_idx.movie_id = title.id for table title
2020-12-13 23:02:54,821 [INFO ]  Note: NumExpr detected 40 cores but "NUMEXPR_MAX_THREADS" not set, so enforcing safe limit of 8.
2020-12-13 23:02:54,822 [INFO ]  NumExpr defaulting to 8 threads.
2020-12-13 23:02:55,185 [INFO ]  Preparing multiplier movie_info.movie_id = title.id for table title
2020-12-13 23:03:13,929 [INFO ]  Preparing multiplier cast_info.movie_id = title.id for table title
2020-12-13 23:04:05,968 [INFO ]  Preparing multiplier movie_keyword.movie_id = title.id for table title
2020-12-13 23:04:10,546 [INFO ]  Preparing multiplier movie_companies.movie_id = title.id for table title
2020-12-13 23:04:15,166 [INFO ]  Preparing categorical values and null values for table title
2020-12-13 23:04:15,167 [DEBUG]  		Preparing numerical values for column id
2020-12-13 23:04:15,183 [DEBUG]  		Preparing numerical values for column kind_id
2020-12-13 23:04:15,199 [DEBUG]  		Preparing numerical values for column production_year
2020-12-13 23:04:15,222 [DEBUG]  		Preparing numerical values for column mul_movie_info_idx.movie_id
2020-12-13 23:04:15,241 [DEBUG]  		Preparing numerical values for column mul_movie_info_idx.movie_id_nn
2020-12-13 23:04:15,260 [DEBUG]  		Preparing numerical values for column mul_movie_info.movie_id
2020-12-13 23:04:15,280 [DEBUG]  		Preparing numerical values for column mul_movie_info.movie_id_nn
2020-12-13 23:04:15,299 [DEBUG]  		Preparing numerical values for column mul_cast_info.movie_id
2020-12-13 23:04:15,319 [DEBUG]  		Preparing numerical values for column mul_cast_info.movie_id_nn
2020-12-13 23:04:15,338 [DEBUG]  		Preparing numerical values for column mul_movie_keyword.movie_id
2020-12-13 23:04:15,358 [DEBUG]  		Preparing numerical values for column mul_movie_keyword.movie_id_nn
2020-12-13 23:04:15,378 [DEBUG]  		Preparing numerical values for column mul_movie_companies.movie_id
2020-12-13 23:04:15,397 [DEBUG]  		Preparing numerical values for column mul_movie_companies.movie_id_nn
2020-12-13 23:04:15,415 [INFO ]  Relevant attributes for table title are ['id', 'kind_id', 'production_year', 'mul_movie_info_idx.movie_id', 'mul_movie_info_idx.movie_id_nn', 'mul_movie_info.movie_id', 'mul_movie_info.movie_id_nn', 'mul_cast_info.movie_id', 'mul_cast_info.movie_id_nn', 'mul_movie_keyword.movie_id', 'mul_movie_keyword.movie_id_nn', 'mul_movie_companies.movie_id', 'mul_movie_companies.movie_id_nn']
2020-12-13 23:04:15,415 [INFO ]  NULL values for table title are [1264156.5001, 4.943925366489578, 1992.7887619952553, 0.5459325554757483, 1.3640226487870168, 5.867935931641348, 5.89146427782647, 14.33549215096871, 14.413295444233148, 1.7894084397811663, 2.600826492616418, 1.032064804976601, 1.6020403459699595]
2020-12-13 23:04:17,730 [INFO ]  Adding table parts without join partners for table title
2020-12-13 23:04:17,730 [INFO ]  Adding table parts without join partners for table title and relationship movie_info_idx.movie_id = title.id
2020-12-13 23:04:22,763 [INFO ]  Adding table parts without join partners for table title and relationship movie_info.movie_id = title.id
2020-12-13 23:04:40,421 [INFO ]  Adding table parts without join partners for table title and relationship cast_info.movie_id = title.id
2020-12-13 23:06:05,033 [INFO ]  Adding table parts without join partners for table title and relationship movie_keyword.movie_id = title.id
2020-12-13 23:06:10,711 [INFO ]  Adding table parts without join partners for table title and relationship movie_companies.movie_id = title.id
2020-12-13 23:06:15,722 [INFO ]  Preparing hdf file for table movie_info_idx
2020-12-13 23:06:16,215 [INFO ]  Managing functional dependencies for table movie_info_idx
2020-12-13 23:06:16,219 [INFO ]  Preparing multipliers for table movie_info_idx
2020-12-13 23:06:16,222 [INFO ]  Preparing categorical values and null values for table movie_info_idx
2020-12-13 23:06:16,222 [DEBUG]  		Preparing numerical values for column id
2020-12-13 23:06:16,232 [DEBUG]  		Preparing numerical values for column movie_id
2020-12-13 23:06:16,241 [DEBUG]  		Preparing numerical values for column info_type_id
2020-12-13 23:06:16,250 [INFO ]  Relevant attributes for table movie_info_idx are ['id', 'movie_id', 'info_type_id']
2020-12-13 23:06:16,251 [INFO ]  NULL values for table movie_info_idx are [690018.0001, 1591796.733549514, 100.00236805841881]
2020-12-13 23:06:16,896 [INFO ]  Adding table parts without join partners for table movie_info_idx
2020-12-13 23:06:16,896 [INFO ]  Preparing hdf file for table movie_info
2020-12-13 23:06:27,649 [INFO ]  Managing functional dependencies for table movie_info
2020-12-13 23:06:27,774 [INFO ]  Preparing multipliers for table movie_info
2020-12-13 23:06:27,794 [INFO ]  Preparing categorical values and null values for table movie_info
2020-12-13 23:06:27,794 [DEBUG]  		Preparing numerical values for column id
2020-12-13 23:06:27,886 [DEBUG]  		Preparing numerical values for column movie_id
2020-12-13 23:06:27,971 [DEBUG]  		Preparing numerical values for column info_type_id
2020-12-13 23:06:28,054 [INFO ]  Relevant attributes for table movie_info are ['id', 'movie_id', 'info_type_id']
2020-12-13 23:06:28,054 [INFO ]  NULL values for table movie_info are [7417860.5001, 1687757.525917082, 15.7390803123812]
2020-12-13 23:06:33,845 [INFO ]  Adding table parts without join partners for table movie_info
2020-12-13 23:06:33,845 [INFO ]  Preparing hdf file for table cast_info
2020-12-13 23:06:51,031 [INFO ]  Managing functional dependencies for table cast_info
2020-12-13 23:06:51,330 [INFO ]  Preparing multipliers for table cast_info
2020-12-13 23:06:51,386 [INFO ]  Preparing categorical values and null values for table cast_info
2020-12-13 23:06:51,387 [DEBUG]  		Preparing numerical values for column id
2020-12-13 23:06:51,595 [DEBUG]  		Preparing numerical values for column movie_id
2020-12-13 23:06:51,804 [DEBUG]  		Preparing numerical values for column role_id
2020-12-13 23:06:52,013 [INFO ]  Relevant attributes for table cast_info are ['id', 'movie_id', 'role_id']
2020-12-13 23:06:52,013 [INFO ]  NULL values for table cast_info are [18122172.5001, 1303597.173158533, 3.635458140293559]
2020-12-13 23:07:09,608 [INFO ]  Adding table parts without join partners for table cast_info
2020-12-13 23:07:09,611 [INFO ]  Preparing hdf file for table movie_keyword
2020-12-13 23:07:10,453 [INFO ]  Managing functional dependencies for table movie_keyword
2020-12-13 23:07:10,496 [INFO ]  Preparing multipliers for table movie_keyword
2020-12-13 23:07:10,506 [INFO ]  Preparing categorical values and null values for table movie_keyword
2020-12-13 23:07:10,506 [DEBUG]  		Preparing numerical values for column id
2020-12-13 23:07:10,541 [DEBUG]  		Preparing numerical values for column movie_id
2020-12-13 23:07:10,576 [DEBUG]  		Preparing numerical values for column keyword_id
2020-12-13 23:07:10,611 [INFO ]  Relevant attributes for table movie_keyword are ['id', 'movie_id', 'keyword_id']
2020-12-13 23:07:10,611 [INFO ]  NULL values for table movie_keyword are [2261965.5001, 1859996.4584161101, 13657.743575694805]
2020-12-13 23:07:12,871 [INFO ]  Adding table parts without join partners for table movie_keyword
2020-12-13 23:07:12,871 [INFO ]  Preparing hdf file for table movie_companies
2020-12-13 23:07:13,837 [INFO ]  Managing functional dependencies for table movie_companies
2020-12-13 23:07:13,847 [INFO ]  Preparing multipliers for table movie_companies
2020-12-13 23:07:13,851 [INFO ]  Preparing categorical values and null values for table movie_companies
2020-12-13 23:07:13,851 [DEBUG]  		Preparing numerical values for column id
2020-12-13 23:07:13,866 [DEBUG]  		Preparing numerical values for column movie_id
2020-12-13 23:07:13,882 [DEBUG]  		Preparing numerical values for column company_id
2020-12-13 23:07:13,897 [DEBUG]  		Preparing numerical values for column company_type_id
2020-12-13 23:07:13,913 [INFO ]  Relevant attributes for table movie_companies are ['id', 'movie_id', 'company_id', 'company_type_id']
2020-12-13 23:07:13,913 [INFO ]  NULL values for table movie_companies are [1304565.0001, 1650151.1771682862, 33739.30246105612, 1.5117201613641946]
2020-12-13 23:07:15,191 [INFO ]  Adding table parts without join partners for table movie_companies
2020-12-13 23:07:15,192 [INFO ]  Files successfully created
