2021-01-11 22:02:21,528 [INFO ]  Generating HDF files for tables in ../imdb-benchmark and store to path ../imdb-benchmark/gen_single_light
2021-01-11 22:02:21,528 [INFO ]  Removing target path ../imdb-benchmark/gen_single_light
2021-01-11 22:02:21,667 [INFO ]  Making target path ../imdb-benchmark/gen_single_light
2021-01-11 22:02:21,667 [INFO ]  Preparing hdf file for table title
2021-01-11 22:02:26,655 [INFO ]  Managing functional dependencies for table title
2021-01-11 22:02:26,683 [INFO ]  Preparing multipliers for table title
2021-01-11 22:02:26,683 [INFO ]  Preparing multiplier cast_info.movie_id = title.id for table title
2021-01-11 22:02:59,341 [INFO ]  Note: NumExpr detected 40 cores but "NUMEXPR_MAX_THREADS" not set, so enforcing safe limit of 8.
2021-01-11 22:02:59,341 [INFO ]  NumExpr defaulting to 8 threads.
2021-01-11 22:02:59,685 [INFO ]  Preparing categorical values and null values for table title
2021-01-11 22:02:59,686 [DEBUG]  		Preparing numerical values for column id
2021-01-11 22:02:59,701 [DEBUG]  		Preparing numerical values for column production_year
2021-01-11 22:02:59,721 [DEBUG]  		Preparing numerical values for column phonetic_code
2021-01-11 22:02:59,751 [DEBUG]  		Preparing numerical values for column series_years
2021-01-11 22:02:59,771 [DEBUG]  		Preparing numerical values for column mul_cast_info.movie_id
2021-01-11 22:02:59,789 [DEBUG]  		Preparing numerical values for column mul_cast_info.movie_id_nn
2021-01-11 22:02:59,806 [INFO ]  Relevant attributes for table title are ['id', 'production_year', 'phonetic_code', 'series_years', 'mul_cast_info.movie_id', 'mul_cast_info.movie_id_nn']
2021-01-11 22:02:59,806 [INFO ]  NULL values for table title are [1264156.5001, 1992.7887619952553, 10095.077607773428, 1177.8927119107354, 14.33549215096871, 14.413295444233148]
2021-01-11 22:03:01,826 [INFO ]  Adding table parts without join partners for table title
2021-01-11 22:03:01,826 [INFO ]  Adding table parts without join partners for table title and relationship cast_info.movie_id = title.id
2021-01-11 22:03:33,626 [INFO ]  Preparing hdf file for table cast_info
2021-01-11 22:03:51,304 [INFO ]  Managing functional dependencies for table cast_info
2021-01-11 22:03:51,605 [INFO ]  Preparing multipliers for table cast_info
2021-01-11 22:03:51,662 [INFO ]  Preparing categorical values and null values for table cast_info
2021-01-11 22:03:51,663 [DEBUG]  		Preparing numerical values for column id
2021-01-11 22:03:52,009 [DEBUG]  		Preparing numerical values for column movie_id
2021-01-11 22:03:52,353 [DEBUG]  		Preparing numerical values for column role_id
2021-01-11 22:03:52,697 [INFO ]  Relevant attributes for table cast_info are ['id', 'movie_id', 'role_id']
2021-01-11 22:03:52,697 [INFO ]  NULL values for table cast_info are [18122172.5001, 1303597.173158533, 3.635458140293559]
2021-01-11 22:04:07,665 [INFO ]  Adding table parts without join partners for table cast_info
2021-01-11 22:04:07,669 [INFO ]  Files successfully created
2021-01-11 22:04:07,669 [INFO ]  Generating sampled HDF files for tables in ../imdb-benchmark and store to path ../imdb-benchmark/gen_single_light
2021-01-11 22:04:07,670 [DEBUG]  Creating sample for title
2021-01-11 22:04:07,670 [DEBUG]  generate_join_sample(single_table=title, relationship_list=None, split_condition=None)
2021-01-11 22:04:08,034 [DEBUG]  Creating sample for cast_info
2021-01-11 22:04:14,609 [INFO ]  Files successfully created
2021-01-11 22:04:14,609 [INFO ]  maqp(generate_ensemble: ensemble_strategy=rdc_based, incremental_learning_rate=0, incremental_condition=None, ensemble_path=../imdb-benchmark/spn_ensembles)
2021-01-11 22:04:14,610 [DEBUG]  Evaluating title and cast_info
2021-01-11 22:04:14,610 [DEBUG]  generate_join_sample(single_table=None, relationship_list=['cast_info.movie_id = title.id'], split_condition=None)
2021-01-11 22:04:14,610 [DEBUG]  reading first table 'title'
2021-01-11 22:04:14,619 [DEBUG]  Joining cast_info.movie_id = title.id. Current join size is 10000.
2021-01-11 22:04:14,639 [DEBUG]  Final join size is 15250.
2021-01-11 22:04:14,751 [DEBUG]  title.production_year, cast_info.role_id: 0.16864267940363067
2021-01-11 22:04:14,751 [DEBUG]  title.phonetic_code, cast_info.role_id: 0.15208533257829768
2021-01-11 22:04:14,751 [DEBUG]  title.series_years, cast_info.role_id: 0
2021-01-11 22:04:14,752 [DEBUG]  Max RDC between title and cast_info: 0.16864267940363067
2021-01-11 22:04:14,752 [INFO ]  Computed 1 rdc values in 0.1422654464840889 secs
2021-01-11 22:04:15,458 [INFO ]  Computed optimal solution out of 10000 candidates in 0.7061830423772335 secs
2021-01-11 22:04:15,459 [INFO ]  		cast_info - title
2021-01-11 22:04:15,459 [INFO ]  Learning SPN for frozenset({'cast_info.movie_id = title.id'}).
2021-01-11 22:04:15,459 [DEBUG]  Using postsampling_factor 10.
2021-01-11 22:04:15,459 [DEBUG]  Using spn_sample_size 10000000.
2021-01-11 22:04:15,459 [DEBUG]  generate_n_samples_with_incremental_part(sample_size=10000000, single_table=None, relationship_list=['cast_info.movie_id = title.id'], sample_size_estimate=36441055.0, incremental_learning_rate=0, incremental_condition=None)
2021-01-11 22:04:15,459 [DEBUG]  to many samples, reduce number of samples with sample_rate=1.0
2021-01-11 22:04:15,459 [DEBUG]  generate_join_sample(single_table=None, relationship_list=['cast_info.movie_id = title.id'], split_condition=None)
2021-01-11 22:04:15,459 [DEBUG]  reading first table 'title'
2021-01-11 22:04:15,697 [DEBUG]  Joining cast_info.movie_id = title.id. Current join size is 2528312.
2021-01-11 22:04:32,329 [DEBUG]  Final join size is 36441055.
2021-01-11 22:04:34,692 [INFO ]  split full sample dataset into parts: initial learning size: 10000000, incremental: 0
2021-01-11 22:04:34,693 [INFO ]  Computed join for frozenset({'cast_info.movie_id = title.id'}), (tables: frozenset({'cast_info', 'title'})) in 19.23362109065056 secs
2021-01-11 22:04:34,693 [INFO ]  card(learning): 10000000, card(df_inc_samples): 0
2021-01-11 22:04:42,979 [INFO ]  Computed full join size 36244344 in 8.286767568439245 secs
2021-01-11 22:04:42,980 [INFO ]  Predicted full join size of 36441055.0 but real join size was 36244344.
2021-01-11 22:04:42,980 [DEBUG]  Using 10000000 samples.
2021-01-11 22:04:42,980 [DEBUG]  Using min_instance_slice parameter 100000.0.
2021-01-11 22:04:42,981 [INFO ]  SPN training phase with 10000000 samples
2021-01-11 22:04:45,557 [DEBUG]  Built domains in 2.5762408524751663 sec
2021-01-11 22:04:46,632 [DEBUG]  OP: Operation.SPLIT_ROWS on slice (10000000, 6) (remaining tasks 0)
2021-01-11 22:04:48,607 [DEBUG]  		found 2 row clusters (in 1.97470 secs)
2021-01-11 22:04:48,990 [DEBUG]  OP: Operation.SPLIT_COLUMNS on slice (6481808, 6) (remaining tasks 1)
2021-01-11 22:04:49,757 [DEBUG]  		found 5 col clusters (in 0.76610 secs)
2021-01-11 22:04:49,965 [DEBUG]  OP: Operation.SPLIT_COLUMNS on slice (3518192, 6) (remaining tasks 5)
2021-01-11 22:04:50,504 [DEBUG]  		found 4 col clusters (in 0.53870 secs)
2021-01-11 22:04:50,505 [DEBUG]  OP: Operation.CREATE_LEAF on slice (6481808, 1) (remaining tasks 8)
2021-01-11 22:04:50,841 [DEBUG]  		 created leaf IdentityNumericLeaf for scope=[0] (in 0.33583 secs)
2021-01-11 22:04:50,841 [DEBUG]  OP: Operation.CREATE_LEAF on slice (6481808, 1) (remaining tasks 7)
2021-01-11 22:04:51,295 [DEBUG]  		Due to histograms leaf size was reduced by 30.86%
2021-01-11 22:04:51,298 [DEBUG]  		 created leaf IdentityNumericLeaf for scope=[1] (in 0.45604 secs)
2021-01-11 22:04:51,298 [DEBUG]  OP: Operation.CREATE_LEAF on slice (6481808, 1) (remaining tasks 6)
2021-01-11 22:04:51,451 [DEBUG]  		 created leaf IdentityNumericLeaf for scope=[2] (in 0.15332 secs)
2021-01-11 22:04:51,515 [DEBUG]  OP: Operation.SPLIT_COLUMNS on slice (6481808, 2) (remaining tasks 5)
2021-01-11 22:04:51,631 [DEBUG]  		found 1 col clusters (in 0.11543 secs)
2021-01-11 22:04:51,632 [DEBUG]  OP: Operation.CREATE_LEAF on slice (6481808, 1) (remaining tasks 5)
2021-01-11 22:04:51,870 [DEBUG]  		 created leaf IdentityNumericLeaf for scope=[5] (in 0.23830 secs)
2021-01-11 22:04:51,871 [DEBUG]  OP: Operation.CREATE_LEAF on slice (3518192, 1) (remaining tasks 4)
2021-01-11 22:04:52,026 [DEBUG]  		 created leaf IdentityNumericLeaf for scope=[0] (in 0.15468 secs)
2021-01-11 22:04:52,026 [DEBUG]  OP: Operation.CREATE_LEAF on slice (3518192, 1) (remaining tasks 3)
2021-01-11 22:04:52,261 [DEBUG]  		 created leaf IdentityNumericLeaf for scope=[1] (in 0.23504 secs)
2021-01-11 22:04:52,261 [DEBUG]  OP: Operation.CREATE_LEAF on slice (3518192, 1) (remaining tasks 2)
2021-01-11 22:04:52,344 [DEBUG]  		 created leaf IdentityNumericLeaf for scope=[2] (in 0.08297 secs)
2021-01-11 22:04:52,414 [DEBUG]  OP: Operation.SPLIT_COLUMNS on slice (3518192, 3) (remaining tasks 1)
2021-01-11 22:04:52,578 [DEBUG]  		found 1 col clusters (in 0.16446 secs)
2021-01-11 22:04:52,647 [DEBUG]  OP: Operation.SPLIT_ROWS on slice (6481808, 2) (remaining tasks 1)
2021-01-11 22:04:54,533 [DEBUG]  		found 2 row clusters (in 1.88551 secs)
2021-01-11 22:04:54,587 [DEBUG]  OP: Operation.SPLIT_ROWS on slice (3518192, 3) (remaining tasks 2)
2021-01-11 22:04:55,988 [DEBUG]  		found 2 row clusters (in 1.40042 secs)
2021-01-11 22:04:56,219 [DEBUG]  OP: Operation.SPLIT_COLUMNS on slice (6100968, 2) (remaining tasks 3)
2021-01-11 22:04:56,431 [DEBUG]  		found 1 col clusters (in 0.21147 secs)
2021-01-11 22:04:56,458 [DEBUG]  OP: Operation.REMOVE_UNINFORMATIVE_FEATURES on slice (380840, 2) (remaining tasks 3)
2021-01-11 22:04:56,472 [DEBUG]  OP: Operation.REMOVE_UNINFORMATIVE_FEATURES on slice (164337, 3) (remaining tasks 4)
2021-01-11 22:04:56,637 [DEBUG]  OP: Operation.SPLIT_COLUMNS on slice (3353855, 3) (remaining tasks 5)
2021-01-11 22:04:56,870 [DEBUG]  		found 3 col clusters (in 0.23358 secs)
2021-01-11 22:04:57,133 [DEBUG]  OP: Operation.SPLIT_ROWS on slice (6100968, 2) (remaining tasks 7)
2021-01-11 22:04:58,464 [DEBUG]  		found 2 row clusters (in 1.33116 secs)
2021-01-11 22:04:58,465 [DEBUG]  OP: Operation.CREATE_LEAF on slice (380840, 1) (remaining tasks 8)
2021-01-11 22:04:58,472 [DEBUG]  		 created leaf Categorical for scope=[4] (in 0.00706 secs)
2021-01-11 22:04:58,472 [DEBUG]  OP: Operation.CREATE_LEAF on slice (380840, 1) (remaining tasks 7)
2021-01-11 22:04:58,489 [DEBUG]  		 created leaf IdentityNumericLeaf for scope=[3] (in 0.01686 secs)
2021-01-11 22:04:58,489 [DEBUG]  OP: Operation.CREATE_LEAF on slice (164337, 1) (remaining tasks 6)
2021-01-11 22:04:58,492 [DEBUG]  		 created leaf Categorical for scope=[4] (in 0.00302 secs)
2021-01-11 22:04:58,494 [DEBUG]  OP: Operation.SPLIT_COLUMNS on slice (164337, 2) (remaining tasks 5)
2021-01-11 22:04:58,574 [DEBUG]  		found 2 col clusters (in 0.08070 secs)
2021-01-11 22:04:58,575 [DEBUG]  OP: Operation.CREATE_LEAF on slice (3353855, 1) (remaining tasks 6)
2021-01-11 22:04:58,764 [DEBUG]  		 created leaf IdentityNumericLeaf for scope=[3] (in 0.18913 secs)
2021-01-11 22:04:58,764 [DEBUG]  OP: Operation.CREATE_LEAF on slice (3353855, 1) (remaining tasks 5)
2021-01-11 22:04:58,880 [DEBUG]  		 created leaf Categorical for scope=[4] (in 0.11611 secs)
2021-01-11 22:04:58,881 [DEBUG]  OP: Operation.CREATE_LEAF on slice (3353855, 1) (remaining tasks 4)
2021-01-11 22:04:58,991 [DEBUG]  		 created leaf IdentityNumericLeaf for scope=[5] (in 0.11011 secs)
2021-01-11 22:04:59,153 [DEBUG]  OP: Operation.SPLIT_COLUMNS on slice (4147181, 2) (remaining tasks 3)
2021-01-11 22:04:59,280 [DEBUG]  		found 1 col clusters (in 0.12729 secs)
2021-01-11 22:04:59,380 [DEBUG]  OP: Operation.REMOVE_UNINFORMATIVE_FEATURES on slice (1953787, 2) (remaining tasks 3)
2021-01-11 22:04:59,381 [DEBUG]  OP: Operation.CREATE_LEAF on slice (164337, 1) (remaining tasks 4)
2021-01-11 22:04:59,389 [DEBUG]  		 created leaf IdentityNumericLeaf for scope=[3] (in 0.00790 secs)
2021-01-11 22:04:59,389 [DEBUG]  OP: Operation.CREATE_LEAF on slice (164337, 1) (remaining tasks 3)
2021-01-11 22:04:59,393 [DEBUG]  		 created leaf IdentityNumericLeaf for scope=[5] (in 0.00441 secs)
2021-01-11 22:04:59,552 [DEBUG]  OP: Operation.SPLIT_ROWS on slice (4147181, 2) (remaining tasks 2)
2021-01-11 22:05:00,422 [DEBUG]  		found 2 row clusters (in 0.86982 secs)
2021-01-11 22:05:00,422 [DEBUG]  OP: Operation.CREATE_LEAF on slice (1953787, 1) (remaining tasks 3)
2021-01-11 22:05:00,461 [DEBUG]  		 created leaf Categorical for scope=[4] (in 0.03814 secs)
2021-01-11 22:05:00,461 [DEBUG]  OP: Operation.CREATE_LEAF on slice (1953787, 1) (remaining tasks 2)
2021-01-11 22:05:00,540 [DEBUG]  		 created leaf IdentityNumericLeaf for scope=[3] (in 0.07915 secs)
2021-01-11 22:05:00,609 [DEBUG]  OP: Operation.REMOVE_UNINFORMATIVE_FEATURES on slice (1923219, 2) (remaining tasks 1)
2021-01-11 22:05:00,689 [DEBUG]  OP: Operation.SPLIT_COLUMNS on slice (2223962, 2) (remaining tasks 2)
2021-01-11 22:05:00,830 [DEBUG]  		found 1 col clusters (in 0.14096 secs)
2021-01-11 22:05:00,831 [DEBUG]  OP: Operation.CREATE_LEAF on slice (1923219, 1) (remaining tasks 2)
2021-01-11 22:05:00,905 [DEBUG]  		 created leaf Categorical for scope=[4] (in 0.07403 secs)
2021-01-11 22:05:00,905 [DEBUG]  OP: Operation.CREATE_LEAF on slice (1923219, 1) (remaining tasks 1)
2021-01-11 22:05:00,988 [DEBUG]  		 created leaf IdentityNumericLeaf for scope=[3] (in 0.08258 secs)
2021-01-11 22:05:01,067 [DEBUG]  OP: Operation.SPLIT_ROWS on slice (2223962, 2) (remaining tasks 0)
2021-01-11 22:05:02,017 [DEBUG]  		found 2 row clusters (in 0.94934 secs)
2021-01-11 22:05:02,057 [DEBUG]  OP: Operation.SPLIT_COLUMNS on slice (1138493, 2) (remaining tasks 1)
2021-01-11 22:05:02,122 [DEBUG]  		found 2 col clusters (in 0.06471 secs)
2021-01-11 22:05:02,203 [DEBUG]  OP: Operation.REMOVE_UNINFORMATIVE_FEATURES on slice (1085469, 2) (remaining tasks 2)
2021-01-11 22:05:02,203 [DEBUG]  OP: Operation.CREATE_LEAF on slice (1138493, 1) (remaining tasks 3)
2021-01-11 22:05:02,258 [DEBUG]  		 created leaf IdentityNumericLeaf for scope=[3] (in 0.05420 secs)
2021-01-11 22:05:02,258 [DEBUG]  OP: Operation.CREATE_LEAF on slice (1138493, 1) (remaining tasks 2)
2021-01-11 22:05:02,284 [DEBUG]  		 created leaf Categorical for scope=[4] (in 0.02621 secs)
2021-01-11 22:05:02,284 [DEBUG]  OP: Operation.CREATE_LEAF on slice (1085469, 1) (remaining tasks 1)
2021-01-11 22:05:02,308 [DEBUG]  		 created leaf Categorical for scope=[4] (in 0.02360 secs)
2021-01-11 22:05:02,308 [DEBUG]  OP: Operation.CREATE_LEAF on slice (1085469, 1) (remaining tasks 0)
2021-01-11 22:05:02,349 [DEBUG]  		 created leaf IdentityNumericLeaf for scope=[3] (in 0.04038 secs)
2021-01-11 22:05:02,729 [DEBUG]  Built SPN in 17.171573612838984 sec
2021-01-11 22:05:02,729 [INFO ]  learning time:19.75 (10000000 datasets), incremental learning time: 0 (0 datasets), incremental_condition: None, incremental-learning-rate: 0% [TIME]
2021-01-11 22:05:02,729 [INFO ]  Saving ensemble to ../imdb-benchmark/spn_ensembles/ensemble_join_3_budget_5_10000000.pkl
