2020-12-18 16:12:10,776 [INFO ]  Generating HDF files for tables in ../imdb-benchmark_ranges and store to path ../imdb-benchmark_ranges/gen_single_light
2020-12-18 16:12:10,776 [INFO ]  Removing target path ../imdb-benchmark_ranges/gen_single_light
2020-12-18 16:12:10,776 [INFO ]  Making target path ../imdb-benchmark_ranges/gen_single_light
2020-12-18 16:12:10,776 [INFO ]  Preparing hdf file for table title
2020-12-18 16:12:16,779 [INFO ]  Managing functional dependencies for table title
2020-12-18 16:12:16,898 [INFO ]  Preparing multipliers for table title
2020-12-18 16:12:16,898 [INFO ]  Preparing multiplier movie_info_idx.movie_id = title.id for table title
2020-12-18 16:12:22,091 [INFO ]  Note: NumExpr detected 40 cores but "NUMEXPR_MAX_THREADS" not set, so enforcing safe limit of 8.
2020-12-18 16:12:22,091 [INFO ]  NumExpr defaulting to 8 threads.
2020-12-18 16:12:22,566 [INFO ]  Preparing multiplier movie_info.movie_id = title.id for table title
2020-12-18 16:12:50,492 [INFO ]  Preparing multiplier cast_info.movie_id = title.id for table title
2020-12-18 16:14:24,480 [INFO ]  Preparing multiplier movie_keyword.movie_id = title.id for table title
2020-12-18 16:14:31,858 [INFO ]  Preparing multiplier movie_companies.movie_id = title.id for table title
2020-12-18 16:14:38,503 [INFO ]  Preparing categorical values and null values for table title
2020-12-18 16:14:38,504 [DEBUG]  		Preparing numerical values for column id
2020-12-18 16:14:38,527 [DEBUG]  		Preparing categorical values for column title
2020-12-18 16:14:39,336 [INFO ]  Ignoring column title for table title because there are too many categorical values
2020-12-18 16:14:39,337 [DEBUG]  		Preparing numerical values for column imdb_index
2020-12-18 16:14:39,362 [DEBUG]  		Preparing numerical values for column kind_id
2020-12-18 16:14:39,379 [DEBUG]  		Preparing numerical values for column production_year
2020-12-18 16:14:39,401 [DEBUG]  		Preparing numerical values for column phonetic_code
2020-12-18 16:14:39,433 [DEBUG]  		Preparing numerical values for column season_nr
2020-12-18 16:14:39,463 [DEBUG]  		Preparing numerical values for column episode_nr
2020-12-18 16:14:39,497 [DEBUG]  		Preparing numerical values for column series_years
2020-12-18 16:14:39,524 [DEBUG]  		Preparing numerical values for column mul_movie_info_idx.movie_id
2020-12-18 16:14:39,546 [DEBUG]  		Preparing numerical values for column mul_movie_info_idx.movie_id_nn
2020-12-18 16:14:39,568 [DEBUG]  		Preparing numerical values for column mul_movie_info.movie_id
2020-12-18 16:14:39,591 [DEBUG]  		Preparing numerical values for column mul_movie_info.movie_id_nn
2020-12-18 16:14:39,613 [DEBUG]  		Preparing numerical values for column mul_cast_info.movie_id
2020-12-18 16:14:39,636 [DEBUG]  		Preparing numerical values for column mul_cast_info.movie_id_nn
2020-12-18 16:14:39,658 [DEBUG]  		Preparing numerical values for column mul_movie_keyword.movie_id
2020-12-18 16:14:39,680 [DEBUG]  		Preparing numerical values for column mul_movie_keyword.movie_id_nn
2020-12-18 16:14:39,703 [DEBUG]  		Preparing numerical values for column mul_movie_companies.movie_id
2020-12-18 16:14:39,725 [DEBUG]  		Preparing numerical values for column mul_movie_companies.movie_id_nn
2020-12-18 16:14:39,744 [INFO ]  Relevant attributes for table title are ['id', 'imdb_index', 'kind_id', 'production_year', 'phonetic_code', 'season_nr', 'episode_nr', 'series_years', 'mul_movie_info_idx.movie_id', 'mul_movie_info_idx.movie_id_nn', 'mul_movie_info.movie_id', 'mul_movie_info.movie_id_nn', 'mul_cast_info.movie_id', 'mul_cast_info.movie_id_nn', 'mul_movie_keyword.movie_id', 'mul_movie_keyword.movie_id_nn', 'mul_movie_companies.movie_id', 'mul_movie_companies.movie_id_nn']
2020-12-18 16:14:39,744 [INFO ]  NULL values for table title are [1264156.5001, 2.9144542309009935, 4.943925366489578, 1992.7887619952553, 10095.077607773428, 3.734300758649868, 313.81798239264015, 1177.8927119107354, 0.5459325554757483, 1.3640226487870168, 5.867935931641348, 5.89146427782647, 14.33549215096871, 14.413295444233148, 1.7894084397811663, 2.600826492616418, 1.032064804976601, 1.6020403459699595]
2020-12-18 16:14:42,598 [INFO ]  Adding table parts without join partners for table title
2020-12-18 16:14:42,598 [INFO ]  Adding table parts without join partners for table title and relationship movie_info_idx.movie_id = title.id
2020-12-18 16:14:50,335 [INFO ]  Adding table parts without join partners for table title and relationship movie_info.movie_id = title.id
2020-12-18 16:15:16,133 [INFO ]  Adding table parts without join partners for table title and relationship cast_info.movie_id = title.id
2020-12-18 16:17:15,206 [INFO ]  Adding table parts without join partners for table title and relationship movie_keyword.movie_id = title.id
2020-12-18 16:17:22,363 [INFO ]  Adding table parts without join partners for table title and relationship movie_companies.movie_id = title.id
2020-12-18 16:17:28,653 [INFO ]  Preparing hdf file for table movie_info_idx
2020-12-18 16:17:29,355 [INFO ]  Managing functional dependencies for table movie_info_idx
2020-12-18 16:17:29,372 [INFO ]  Preparing multipliers for table movie_info_idx
2020-12-18 16:17:29,375 [INFO ]  Preparing categorical values and null values for table movie_info_idx
2020-12-18 16:17:29,376 [DEBUG]  		Preparing numerical values for column id
2020-12-18 16:17:29,385 [DEBUG]  		Preparing numerical values for column movie_id
2020-12-18 16:17:29,394 [DEBUG]  		Preparing numerical values for column info_type_id
2020-12-18 16:17:29,403 [DEBUG]  		Preparing categorical values for column info
2020-12-18 16:17:29,488 [INFO ]  Ignoring column info for table movie_info_idx because there are too many categorical values
2020-12-18 16:17:29,488 [INFO ]  Relevant attributes for table movie_info_idx are ['id', 'movie_id', 'info_type_id']
2020-12-18 16:17:29,488 [INFO ]  NULL values for table movie_info_idx are [690018.0001, 1591796.733549514, 100.00236805841881]
2020-12-18 16:17:30,121 [INFO ]  Adding table parts without join partners for table movie_info_idx
2020-12-18 16:17:30,124 [INFO ]  Preparing hdf file for table movie_info
2020-12-18 16:17:44,416 [INFO ]  Managing functional dependencies for table movie_info
2020-12-18 16:17:44,610 [INFO ]  Preparing multipliers for table movie_info
2020-12-18 16:17:44,627 [INFO ]  Preparing categorical values and null values for table movie_info
2020-12-18 16:17:44,627 [DEBUG]  		Preparing numerical values for column id
2020-12-18 16:17:44,768 [DEBUG]  		Preparing numerical values for column movie_id
2020-12-18 16:17:44,908 [DEBUG]  		Preparing numerical values for column info_type_id
2020-12-18 16:17:45,049 [DEBUG]  		Preparing categorical values for column info
2020-12-18 16:17:47,979 [INFO ]  Ignoring column info for table movie_info because there are too many categorical values
2020-12-18 16:17:47,979 [INFO ]  Relevant attributes for table movie_info are ['id', 'movie_id', 'info_type_id']
2020-12-18 16:17:47,979 [INFO ]  NULL values for table movie_info are [7417860.5001, 1687757.525917082, 15.7390803123812]
2020-12-18 16:17:54,148 [INFO ]  Adding table parts without join partners for table movie_info
2020-12-18 16:17:54,434 [INFO ]  Preparing hdf file for table cast_info
2020-12-18 16:18:11,695 [INFO ]  Managing functional dependencies for table cast_info
2020-12-18 16:18:12,033 [INFO ]  Preparing multipliers for table cast_info
2020-12-18 16:18:12,070 [INFO ]  Preparing categorical values and null values for table cast_info
2020-12-18 16:18:12,071 [DEBUG]  		Preparing numerical values for column id
2020-12-18 16:18:12,412 [DEBUG]  		Preparing numerical values for column movie_id
2020-12-18 16:18:12,757 [DEBUG]  		Preparing numerical values for column nr_order
2020-12-18 16:18:13,284 [DEBUG]  		Preparing numerical values for column role_id
2020-12-18 16:18:13,626 [INFO ]  Relevant attributes for table cast_info are ['id', 'movie_id', 'nr_order', 'role_id']
2020-12-18 16:18:13,626 [INFO ]  NULL values for table cast_info are [18122172.5001, 1303597.173158533, 6697.795466829736, 3.635458140293559]
2020-12-18 16:18:29,023 [INFO ]  Adding table parts without join partners for table cast_info
2020-12-18 16:18:29,027 [INFO ]  Preparing hdf file for table movie_keyword
2020-12-18 16:18:29,861 [INFO ]  Managing functional dependencies for table movie_keyword
2020-12-18 16:18:29,875 [INFO ]  Preparing multipliers for table movie_keyword
2020-12-18 16:18:29,880 [INFO ]  Preparing categorical values and null values for table movie_keyword
2020-12-18 16:18:29,880 [DEBUG]  		Preparing numerical values for column id
2020-12-18 16:18:29,911 [DEBUG]  		Preparing numerical values for column movie_id
2020-12-18 16:18:29,938 [DEBUG]  		Preparing numerical values for column keyword_id
2020-12-18 16:18:29,965 [INFO ]  Relevant attributes for table movie_keyword are ['id', 'movie_id', 'keyword_id']
2020-12-18 16:18:29,965 [INFO ]  NULL values for table movie_keyword are [2261965.5001, 1859996.4584161101, 13657.743575694805]
2020-12-18 16:18:32,170 [INFO ]  Adding table parts without join partners for table movie_keyword
2020-12-18 16:18:32,170 [INFO ]  Preparing hdf file for table movie_companies
2020-12-18 16:18:33,159 [INFO ]  Managing functional dependencies for table movie_companies
2020-12-18 16:18:33,170 [INFO ]  Preparing multipliers for table movie_companies
2020-12-18 16:18:33,174 [INFO ]  Preparing categorical values and null values for table movie_companies
2020-12-18 16:18:33,174 [DEBUG]  		Preparing numerical values for column id
2020-12-18 16:18:33,190 [DEBUG]  		Preparing numerical values for column movie_id
2020-12-18 16:18:33,205 [DEBUG]  		Preparing numerical values for column company_id
2020-12-18 16:18:33,220 [DEBUG]  		Preparing numerical values for column company_type_id
2020-12-18 16:18:33,235 [INFO ]  Relevant attributes for table movie_companies are ['id', 'movie_id', 'company_id', 'company_type_id']
2020-12-18 16:18:33,235 [INFO ]  NULL values for table movie_companies are [1304565.0001, 1650151.1771682862, 33739.30246105612, 1.5117201613641946]
2020-12-18 16:18:34,491 [INFO ]  Adding table parts without join partners for table movie_companies
2020-12-18 16:18:34,492 [INFO ]  Files successfully created
