2020-12-09 17:08:23,273 [INFO ]  maqp(evaluate_cardinalities: database_name=None, target_path=./baselines/cardinality_estimation/results/deepDB/imdb_light_model_based_budget_5.csv)
2020-12-09 17:08:23,665 [DEBUG]  Including SPN with table_set {'title', 'movie_companies', 'movie_info'} with sampling ratio(1000000 / 67371414)
2020-12-09 17:08:23,665 [DEBUG]  Including SPN with table_set {'title', 'movie_info_idx', 'movie_companies'} with sampling ratio(1000000 / 4073078)
2020-12-09 17:08:23,665 [DEBUG]  Including SPN with table_set {'title', 'movie_companies'} with sampling ratio(4050205 / 2609129)
2020-12-09 17:08:23,665 [DEBUG]  Including SPN with table_set {'title', 'cast_info'} with sampling ratio(10000000 / 36244344)
2020-12-09 17:08:23,666 [DEBUG]  Including SPN with table_set {'title', 'movie_info'} with sampling ratio(10000000 / 14835720)
2020-12-09 17:08:23,666 [DEBUG]  Including SPN with table_set {'movie_keyword'} with sampling ratio(4523930 / 4523930)
2020-12-09 17:08:23,666 [DEBUG]  Including SPN with table_set {'movie_info_idx'} with sampling ratio(1380035 / 1380035)
2020-12-09 17:08:23,666 [DEBUG]  Predicting cardinality for query 0: SELECT COUNT(*) FROM movie_companies mc,title t,movie_info_idx mi_idx WHERE t.id=mc.movie_id AND t.id=mi_idx.movie_id AND mi_idx.info_type_id=112 AND mc.company_type_id=2;
2020-12-09 17:08:23,681 [DEBUG]  		Latency: 9.04ms
2020-12-09 17:08:23,681 [DEBUG]  		True: 715
2020-12-09 17:08:23,682 [DEBUG]  		Predicted: 1532.777274179234
2020-12-09 17:08:23,682 [DEBUG]  Q-Error was: 2.143744439411516
2020-12-09 17:08:23,682 [DEBUG]  Predicting cardinality for query 1: SELECT COUNT(*) FROM movie_companies mc,title t,movie_info_idx mi_idx WHERE t.id=mc.movie_id AND t.id=mi_idx.movie_id AND mi_idx.info_type_id=113 AND mc.company_type_id=2 AND t.production_year>2005 AND t.production_year<2010;
2020-12-09 17:08:23,698 [DEBUG]  		Latency: 10.03ms
2020-12-09 17:08:23,698 [DEBUG]  		True: 9
2020-12-09 17:08:23,698 [DEBUG]  		Predicted: 3.724107793828566
2020-12-09 17:08:23,698 [DEBUG]  Q-Error was: 2.41668622345315
2020-12-09 17:08:23,698 [DEBUG]  Predicting cardinality for query 2: SELECT COUNT(*) FROM movie_companies mc,title t,movie_info_idx mi_idx WHERE t.id=mc.movie_id AND t.id=mi_idx.movie_id AND mi_idx.info_type_id=112 AND mc.company_type_id=2 AND t.production_year>2010;
2020-12-09 17:08:23,715 [DEBUG]  		Latency: 10.54ms
2020-12-09 17:08:23,715 [DEBUG]  		True: 47
2020-12-09 17:08:23,715 [DEBUG]  		Predicted: 137.62498752169859
2020-12-09 17:08:23,715 [DEBUG]  Q-Error was: 2.9281912238659276
2020-12-09 17:08:23,715 [DEBUG]  Predicting cardinality for query 3: SELECT COUNT(*) FROM movie_companies mc,title t,movie_info_idx mi_idx WHERE t.id=mc.movie_id AND t.id=mi_idx.movie_id AND mi_idx.info_type_id=113 AND mc.company_type_id=2 AND t.production_year>2000;
2020-12-09 17:08:23,731 [DEBUG]  		Latency: 10.18ms
2020-12-09 17:08:23,731 [DEBUG]  		True: 16
2020-12-09 17:08:23,731 [DEBUG]  		Predicted: 10.21723544802766
2020-12-09 17:08:23,732 [DEBUG]  Q-Error was: 1.5659813343235276
2020-12-09 17:08:23,732 [DEBUG]  Predicting cardinality for query 4: SELECT COUNT(*) FROM movie_companies mc,title t,movie_keyword mk WHERE t.id=mc.movie_id AND t.id=mk.movie_id AND mk.keyword_id=117;
2020-12-09 17:08:23,742 [DEBUG]  		Latency: 5.47ms
2020-12-09 17:08:23,742 [DEBUG]  		True: 148552
2020-12-09 17:08:23,743 [DEBUG]  		Predicted: 41074.14567832492
2020-12-09 17:08:23,743 [DEBUG]  Q-Error was: 3.616678997133513
2020-12-09 17:08:23,743 [DEBUG]  Predicting cardinality for query 5: SELECT COUNT(*) FROM title t,movie_info mi,movie_keyword mk WHERE t.id=mi.movie_id AND t.id=mk.movie_id AND t.production_year>2005;
2020-12-09 17:08:23,751 [DEBUG]  		Latency: 3.34ms
2020-12-09 17:08:23,751 [DEBUG]  		True: 62682311
2020-12-09 17:08:23,751 [DEBUG]  		Predicted: 62339845.775364585
2020-12-09 17:08:23,752 [DEBUG]  Q-Error was: 1.0054935205625861
2020-12-09 17:08:23,752 [DEBUG]  Predicting cardinality for query 6: SELECT COUNT(*) FROM title t,movie_info mi,movie_keyword mk WHERE t.id=mi.movie_id AND t.id=mk.movie_id AND t.production_year>2010;
2020-12-09 17:08:23,760 [DEBUG]  		Latency: 2.77ms
2020-12-09 17:08:23,760 [DEBUG]  		True: 11990578
2020-12-09 17:08:23,760 [DEBUG]  		Predicted: 15805133.095790416
2020-12-09 17:08:23,760 [DEBUG]  Q-Error was: 1.3181293758975101
2020-12-09 17:08:23,760 [DEBUG]  Predicting cardinality for query 7: SELECT COUNT(*) FROM title t,movie_info mi,movie_keyword mk WHERE t.id=mi.movie_id AND t.id=mk.movie_id AND t.production_year>1990;
2020-12-09 17:08:23,768 [DEBUG]  		Latency: 2.76ms
2020-12-09 17:08:23,768 [DEBUG]  		True: 157041640
2020-12-09 17:08:23,768 [DEBUG]  		Predicted: 158374074.0773966
2020-12-09 17:08:23,768 [DEBUG]  Q-Error was: 1.0084845909492324
2020-12-09 17:08:23,768 [DEBUG]  Predicting cardinality for query 8: SELECT COUNT(*) FROM title t,movie_info_idx mi_idx,movie_keyword mk WHERE t.id=mi_idx.movie_id AND t.id=mk.movie_id AND t.production_year>2005 AND mi_idx.info_type_id=101;
2020-12-09 17:08:23,787 [DEBUG]  		Latency: 12.77ms
2020-12-09 17:08:23,787 [DEBUG]  		True: 850677
2020-12-09 17:08:23,787 [DEBUG]  		Predicted: 787575.0755597674
2020-12-09 17:08:23,787 [DEBUG]  Q-Error was: 1.0801217895263928
2020-12-09 17:08:23,787 [DEBUG]  Predicting cardinality for query 9: SELECT COUNT(*) FROM title t,movie_info_idx mi_idx,movie_keyword mk WHERE t.id=mi_idx.movie_id AND t.id=mk.movie_id AND t.production_year>2010 AND mi_idx.info_type_id=101;
2020-12-09 17:08:23,806 [DEBUG]  		Latency: 12.58ms
2020-12-09 17:08:23,806 [DEBUG]  		True: 179616
2020-12-09 17:08:23,806 [DEBUG]  		Predicted: 256578.37997311918
2020-12-09 17:08:23,806 [DEBUG]  Q-Error was: 1.428482874427218
2020-12-09 17:08:23,806 [DEBUG]  Predicting cardinality for query 10: SELECT COUNT(*) FROM title t,movie_info_idx mi_idx,movie_keyword mk WHERE t.id=mi_idx.movie_id AND t.id=mk.movie_id AND t.production_year>1990 AND mi_idx.info_type_id=101;
2020-12-09 17:08:23,824 [DEBUG]  		Latency: 12.32ms
2020-12-09 17:08:23,824 [DEBUG]  		True: 2031666
2020-12-09 17:08:23,824 [DEBUG]  		Predicted: 1517970.5261032241
2020-12-09 17:08:23,824 [DEBUG]  Q-Error was: 1.3384093861265418
2020-12-09 17:08:23,824 [DEBUG]  Predicting cardinality for query 11: SELECT COUNT(*) FROM title t,movie_info mi,movie_companies mc WHERE t.id=mi.movie_id AND t.id=mc.movie_id AND t.production_year>2005 AND mc.company_type_id=2;
2020-12-09 17:08:23,838 [DEBUG]  		Latency: 7.53ms
2020-12-09 17:08:23,838 [DEBUG]  		True: 6333736
2020-12-09 17:08:23,838 [DEBUG]  		Predicted: 6167762.876537002
2020-12-09 17:08:23,838 [DEBUG]  Q-Error was: 1.0269097769783566
2020-12-09 17:08:23,838 [DEBUG]  Predicting cardinality for query 12: SELECT COUNT(*) FROM title t,movie_info mi,movie_companies mc WHERE t.id=mi.movie_id AND t.id=mc.movie_id AND t.production_year>2010 AND mc.company_type_id=2;
2020-12-09 17:08:23,851 [DEBUG]  		Latency: 6.87ms
2020-12-09 17:08:23,851 [DEBUG]  		True: 1931628
2020-12-09 17:08:23,851 [DEBUG]  		Predicted: 1931224.8658721996
2020-12-09 17:08:23,851 [DEBUG]  Q-Error was: 1.000208745307149
2020-12-09 17:08:23,851 [DEBUG]  Predicting cardinality for query 13: SELECT COUNT(*) FROM title t,movie_info mi,movie_companies mc WHERE t.id=mi.movie_id AND t.id=mc.movie_id AND t.production_year>1990 AND mc.company_type_id=2;
2020-12-09 17:08:23,864 [DEBUG]  		Latency: 7.09ms
2020-12-09 17:08:23,864 [DEBUG]  		True: 12738520
2020-12-09 17:08:23,864 [DEBUG]  		Predicted: 12183839.86875614
2020-12-09 17:08:23,864 [DEBUG]  Q-Error was: 1.045525888161602
2020-12-09 17:08:23,864 [DEBUG]  Predicting cardinality for query 14: SELECT COUNT(*) FROM movie_keyword mk,title t,cast_info ci WHERE t.id=mk.movie_id AND t.id=ci.movie_id AND t.production_year>2010 AND mk.keyword_id=8200;
2020-12-09 17:08:23,873 [DEBUG]  		Latency: 2.51ms
2020-12-09 17:08:23,873 [DEBUG]  		True: 1224
2020-12-09 17:08:23,873 [DEBUG]  		Predicted: 80.21776732839191
2020-12-09 17:08:23,873 [DEBUG]  Q-Error was: 15.258465060355562
2020-12-09 17:08:23,873 [DEBUG]  Predicting cardinality for query 15: SELECT COUNT(*) FROM movie_keyword mk,title t,cast_info ci WHERE t.id=mk.movie_id AND t.id=ci.movie_id AND t.production_year>2014;
2020-12-09 17:08:23,881 [DEBUG]  		Latency: 1.95ms
2020-12-09 17:08:23,881 [DEBUG]  		True: 13221
2020-12-09 17:08:23,881 [DEBUG]  		Predicted: 4867.858726427464
2020-12-09 17:08:23,881 [DEBUG]  Q-Error was: 2.715978573540677
2020-12-09 17:08:23,881 [DEBUG]  Predicting cardinality for query 16: SELECT COUNT(*) FROM movie_keyword mk,title t,cast_info ci WHERE t.id=mk.movie_id AND t.id=ci.movie_id AND t.production_year>2014 AND mk.keyword_id=8200;
2020-12-09 17:08:23,887 [DEBUG]  		Latency: 0.30ms
2020-12-09 17:08:23,887 [DEBUG]  		True: 33
2020-12-09 17:08:23,887 [DEBUG]  		Predicted: 0.015064340555827897
2020-12-09 17:08:23,887 [DEBUG]  Q-Error was: 2190.603689401684
2020-12-09 17:08:23,887 [DEBUG]  Predicting cardinality for query 17: SELECT COUNT(*) FROM movie_keyword mk,title t,cast_info ci WHERE t.id=mk.movie_id AND t.id=ci.movie_id AND t.production_year>2000 AND mk.keyword_id=8200;
2020-12-09 17:08:23,895 [DEBUG]  		Latency: 1.99ms
2020-12-09 17:08:23,895 [DEBUG]  		True: 1224
2020-12-09 17:08:23,896 [DEBUG]  		Predicted: 367.1232623821341
2020-12-09 17:08:23,896 [DEBUG]  Q-Error was: 3.334030080409215
2020-12-09 17:08:23,896 [DEBUG]  Predicting cardinality for query 18: SELECT COUNT(*) FROM movie_keyword mk,title t,cast_info ci WHERE t.id=mk.movie_id AND t.id=ci.movie_id AND t.production_year>2000;
2020-12-09 17:08:23,901 [DEBUG]  		Latency: 0.31ms
2020-12-09 17:08:23,902 [DEBUG]  		True: 114182642
2020-12-09 17:08:23,902 [DEBUG]  		Predicted: 118631424.31216608
2020-12-09 17:08:23,902 [DEBUG]  Q-Error was: 1.0389619843633158
2020-12-09 17:08:23,902 [DEBUG]  Predicting cardinality for query 19: SELECT COUNT(*) FROM cast_info ci,title t WHERE t.id=ci.movie_id AND t.production_year>1980 AND t.production_year<1995;
2020-12-09 17:08:23,908 [DEBUG]  		Latency: 1.22ms
2020-12-09 17:08:23,908 [DEBUG]  		True: 4533382
2020-12-09 17:08:23,908 [DEBUG]  		Predicted: 4496410.592850903
2020-12-09 17:08:23,908 [DEBUG]  Q-Error was: 1.0082224268415076
2020-12-09 17:08:23,909 [DEBUG]  Predicting cardinality for query 20: SELECT COUNT(*) FROM cast_info ci,title t WHERE t.id=ci.movie_id AND t.production_year>1980 AND t.production_year<1984;
2020-12-09 17:08:23,915 [DEBUG]  		Latency: 1.17ms
2020-12-09 17:08:23,915 [DEBUG]  		True: 695701
2020-12-09 17:08:23,915 [DEBUG]  		Predicted: 689716.2351881701
2020-12-09 17:08:23,915 [DEBUG]  Q-Error was: 1.008677140694241
2020-12-09 17:08:23,915 [DEBUG]  Predicting cardinality for query 21: SELECT COUNT(*) FROM cast_info ci,title t WHERE t.id=ci.movie_id AND t.production_year>1980 AND t.production_year<2010;
2020-12-09 17:08:23,922 [DEBUG]  		Latency: 1.20ms
2020-12-09 17:08:23,922 [DEBUG]  		True: 21454165
2020-12-09 17:08:23,922 [DEBUG]  		Predicted: 21313319.542563763
2020-12-09 17:08:23,922 [DEBUG]  Q-Error was: 1.0066083303989772
2020-12-09 17:08:23,922 [DEBUG]  Predicting cardinality for query 22: SELECT COUNT(*) FROM cast_info ci,title t,movie_companies mc WHERE t.id=ci.movie_id AND t.id=mc.movie_id AND ci.role_id=2;
2020-12-09 17:08:23,930 [DEBUG]  		Latency: 2.62ms
2020-12-09 17:08:23,930 [DEBUG]  		True: 13355828
2020-12-09 17:08:23,930 [DEBUG]  		Predicted: 15406183.887880795
2020-12-09 17:08:23,931 [DEBUG]  Q-Error was: 1.1535176918930667
2020-12-09 17:08:23,931 [DEBUG]  Predicting cardinality for query 23: SELECT COUNT(*) FROM cast_info ci,title t,movie_companies mc WHERE t.id=ci.movie_id AND t.id=mc.movie_id AND ci.role_id=4;
2020-12-09 17:08:23,938 [DEBUG]  		Latency: 1.54ms
2020-12-09 17:08:23,938 [DEBUG]  		True: 4450853
2020-12-09 17:08:23,938 [DEBUG]  		Predicted: 5132520.285844548
2020-12-09 17:08:23,938 [DEBUG]  Q-Error was: 1.1531543022976827
2020-12-09 17:08:23,938 [DEBUG]  Predicting cardinality for query 24: SELECT COUNT(*) FROM cast_info ci,title t,movie_companies mc WHERE t.id=ci.movie_id AND t.id=mc.movie_id AND ci.role_id=7;
2020-12-09 17:08:23,945 [DEBUG]  		Latency: 1.76ms
2020-12-09 17:08:23,945 [DEBUG]  		True: 794591
2020-12-09 17:08:23,945 [DEBUG]  		Predicted: 592157.805838424
2020-12-09 17:08:23,946 [DEBUG]  Q-Error was: 1.3418568364136567
2020-12-09 17:08:23,946 [DEBUG]  Predicting cardinality for query 25: SELECT COUNT(*) FROM cast_info ci,title t,movie_companies mc WHERE t.id=ci.movie_id AND t.id=mc.movie_id AND t.production_year>2005 AND t.production_year<2015 AND ci.role_id=2;
2020-12-09 17:08:23,959 [DEBUG]  		Latency: 7.84ms
2020-12-09 17:08:23,960 [DEBUG]  		True: 4893440
2020-12-09 17:08:23,960 [DEBUG]  		Predicted: 6132405.419452885
2020-12-09 17:08:23,960 [DEBUG]  Q-Error was: 1.2531890489007498
2020-12-09 17:08:23,960 [DEBUG]  Predicting cardinality for query 26: SELECT COUNT(*) FROM cast_info ci,title t,movie_companies mc WHERE t.id=ci.movie_id AND t.id=mc.movie_id AND t.production_year>2007 AND t.production_year<2010 AND ci.role_id=2;
2020-12-09 17:08:23,974 [DEBUG]  		Latency: 8.03ms
2020-12-09 17:08:23,974 [DEBUG]  		True: 1381288
2020-12-09 17:08:23,974 [DEBUG]  		Predicted: 1648691.1091904934
2020-12-09 17:08:23,974 [DEBUG]  Q-Error was: 1.1935896852723642
2020-12-09 17:08:23,974 [DEBUG]  Predicting cardinality for query 27: SELECT COUNT(*) FROM title t,cast_info ci,movie_companies mc WHERE t.id=mc.movie_id AND t.id=ci.movie_id AND t.production_year>2005 AND ci.role_id=1;
2020-12-09 17:08:23,988 [DEBUG]  		Latency: 7.27ms
2020-12-09 17:08:23,988 [DEBUG]  		True: 8720023
2020-12-09 17:08:23,988 [DEBUG]  		Predicted: 10866136.074149437
2020-12-09 17:08:23,988 [DEBUG]  Q-Error was: 1.2461132354982822
2020-12-09 17:08:23,988 [DEBUG]  Predicting cardinality for query 28: SELECT COUNT(*) FROM title t,cast_info ci,movie_companies mc WHERE t.id=mc.movie_id AND t.id=ci.movie_id AND t.production_year>2010 AND ci.role_id=1;
2020-12-09 17:08:24,001 [DEBUG]  		Latency: 7.25ms
2020-12-09 17:08:24,001 [DEBUG]  		True: 2873214
2020-12-09 17:08:24,001 [DEBUG]  		Predicted: 3818259.9635335333
2020-12-09 17:08:24,001 [DEBUG]  Q-Error was: 1.3289159678094056
2020-12-09 17:08:24,001 [DEBUG]  Predicting cardinality for query 29: SELECT COUNT(*) FROM title t,cast_info ci,movie_companies mc WHERE t.id=mc.movie_id AND t.id=ci.movie_id AND t.production_year>1990;
2020-12-09 17:08:24,013 [DEBUG]  		Latency: 6.43ms
2020-12-09 17:08:24,013 [DEBUG]  		True: 56965403
2020-12-09 17:08:24,013 [DEBUG]  		Predicted: 34558473.52128386
2020-12-09 17:08:24,013 [DEBUG]  Q-Error was: 1.6483772920385553
2020-12-09 17:08:24,014 [DEBUG]  Predicting cardinality for query 30: SELECT COUNT(*) FROM title t,movie_keyword mk,movie_companies mc WHERE t.id=mk.movie_id AND t.id=mc.movie_id AND mk.keyword_id=398 AND mc.company_type_id=2 AND t.production_year>1950 AND t.production_year<2000;
2020-12-09 17:08:24,026 [DEBUG]  		Latency: 6.61ms
2020-12-09 17:08:24,027 [DEBUG]  		True: 7153
2020-12-09 17:08:24,027 [DEBUG]  		Predicted: 8388.55109701641
2020-12-09 17:08:24,027 [DEBUG]  Q-Error was: 1.172731874320762
2020-12-09 17:08:24,027 [DEBUG]  Predicting cardinality for query 31: SELECT COUNT(*) FROM title t,movie_keyword mk,movie_companies mc WHERE t.id=mk.movie_id AND t.id=mc.movie_id AND mk.keyword_id=398 AND mc.company_type_id=2;
2020-12-09 17:08:24,036 [DEBUG]  		Latency: 3.22ms
2020-12-09 17:08:24,036 [DEBUG]  		True: 14102
2020-12-09 17:08:24,036 [DEBUG]  		Predicted: 22101.942101182194
2020-12-09 17:08:24,036 [DEBUG]  Q-Error was: 1.5672913133727269
2020-12-09 17:08:24,036 [DEBUG]  Predicting cardinality for query 32: SELECT COUNT(*) FROM title t,movie_keyword mk,movie_companies mc WHERE t.id=mk.movie_id AND t.id=mc.movie_id AND t.production_year>1950;
2020-12-09 17:08:24,046 [DEBUG]  		Latency: 4.65ms
2020-12-09 17:08:24,046 [DEBUG]  		True: 31339132
2020-12-09 17:08:24,046 [DEBUG]  		Predicted: 19329873.272631902
2020-12-09 17:08:24,046 [DEBUG]  Q-Error was: 1.621279744465337
2020-12-09 17:08:24,047 [DEBUG]  Predicting cardinality for query 33: SELECT COUNT(*) FROM title t,movie_info mi,movie_info_idx mi_idx,movie_companies mc WHERE t.id=mi.movie_id AND t.id=mi_idx.movie_id AND t.id=mc.movie_id AND mi_idx.info_type_id=101 AND mi.info_type_id=3 AND t.production_year>2005 AND t.production_year<2008 AND mc.company_type_id=2;
2020-12-09 17:08:24,082 [DEBUG]  		Latency: 27.80ms
2020-12-09 17:08:24,082 [DEBUG]  		True: 75440
2020-12-09 17:08:24,082 [DEBUG]  		Predicted: 69268.13112158568
2020-12-09 17:08:24,082 [DEBUG]  Q-Error was: 1.089101131768387
2020-12-09 17:08:24,082 [DEBUG]  Predicting cardinality for query 34: SELECT COUNT(*) FROM title t,movie_info mi,movie_info_idx mi_idx,movie_companies mc WHERE t.id=mi.movie_id AND t.id=mi_idx.movie_id AND t.id=mc.movie_id AND mi_idx.info_type_id=113 AND mi.info_type_id=105;
2020-12-09 17:08:24,106 [DEBUG]  		Latency: 17.47ms
2020-12-09 17:08:24,106 [DEBUG]  		True: 72
2020-12-09 17:08:24,106 [DEBUG]  		Predicted: 17.03990164319456
2020-12-09 17:08:24,106 [DEBUG]  Q-Error was: 4.225376502026673
2020-12-09 17:08:24,106 [DEBUG]  Predicting cardinality for query 35: SELECT COUNT(*) FROM title t,movie_info mi,movie_info_idx mi_idx,movie_companies mc WHERE t.id=mi.movie_id AND t.id=mi_idx.movie_id AND t.id=mc.movie_id AND mi_idx.info_type_id=101 AND mi.info_type_id=3 AND t.production_year>2000 AND t.production_year<2010 AND mc.company_type_id=2;
2020-12-09 17:08:24,140 [DEBUG]  		Latency: 27.19ms
2020-12-09 17:08:24,140 [DEBUG]  		True: 305691
2020-12-09 17:08:24,141 [DEBUG]  		Predicted: 274378.95922581403
2020-12-09 17:08:24,141 [DEBUG]  Q-Error was: 1.1141196863729486
2020-12-09 17:08:24,141 [DEBUG]  Predicting cardinality for query 36: SELECT COUNT(*) FROM title t,movie_info mi,movie_companies mc,movie_info_idx mi_idx WHERE t.id=mi.movie_id AND t.id=mc.movie_id AND t.id=mi_idx.movie_id AND t.kind_id=1 AND mc.company_type_id=2 AND mi_idx.info_type_id=101 AND mi.info_type_id=16;
2020-12-09 17:08:24,174 [DEBUG]  		Latency: 26.24ms
2020-12-09 17:08:24,174 [DEBUG]  		True: 1919495
2020-12-09 17:08:24,174 [DEBUG]  		Predicted: 1715137.8757723372
2020-12-09 17:08:24,174 [DEBUG]  Q-Error was: 1.11914909414244
2020-12-09 17:08:24,174 [DEBUG]  Predicting cardinality for query 37: SELECT COUNT(*) FROM title t,movie_info mi,movie_info_idx mi_idx,movie_keyword mk WHERE t.id=mi.movie_id AND t.id=mk.movie_id AND t.id=mi_idx.movie_id AND t.production_year>2010 AND t.kind_id=1 AND mi.info_type_id=8 AND mi_idx.info_type_id=101;
2020-12-09 17:08:24,209 [DEBUG]  		Latency: 28.51ms
2020-12-09 17:08:24,210 [DEBUG]  		True: 150780
2020-12-09 17:08:24,210 [DEBUG]  		Predicted: 212350.656623382
2020-12-09 17:08:24,210 [DEBUG]  Q-Error was: 1.408347636446359
2020-12-09 17:08:24,210 [DEBUG]  Predicting cardinality for query 38: SELECT COUNT(*) FROM title t,movie_info mi,movie_info_idx mi_idx,movie_keyword mk WHERE t.id=mi.movie_id AND t.id=mk.movie_id AND t.id=mi_idx.movie_id AND t.kind_id=1 AND mi.info_type_id=8 AND mi_idx.info_type_id=101;
2020-12-09 17:08:24,241 [DEBUG]  		Latency: 24.29ms
2020-12-09 17:08:24,241 [DEBUG]  		True: 3243247
2020-12-09 17:08:24,241 [DEBUG]  		Predicted: 2930684.1691382807
2020-12-09 17:08:24,241 [DEBUG]  Q-Error was: 1.106651830365475
2020-12-09 17:08:24,241 [DEBUG]  Predicting cardinality for query 39: SELECT COUNT(*) FROM title t,movie_info mi,movie_info_idx mi_idx,movie_keyword mk WHERE t.id=mi.movie_id AND t.id=mk.movie_id AND t.id=mi_idx.movie_id AND t.production_year>2005 AND mi.info_type_id=8 AND mi_idx.info_type_id=101;
2020-12-09 17:08:24,269 [DEBUG]  		Latency: 21.45ms
2020-12-09 17:08:24,269 [DEBUG]  		True: 1043763
2020-12-09 17:08:24,270 [DEBUG]  		Predicted: 1004293.7482098336
2020-12-09 17:08:24,270 [DEBUG]  Q-Error was: 1.039300505315821
2020-12-09 17:08:24,270 [DEBUG]  Predicting cardinality for query 40: SELECT COUNT(*) FROM title t,movie_info mi,movie_companies mc,movie_keyword mk WHERE t.id=mi.movie_id AND t.id=mk.movie_id AND t.id=mc.movie_id AND mi.info_type_id=16 AND t.production_year>2000;
2020-12-09 17:08:24,286 [DEBUG]  		Latency: 9.61ms
2020-12-09 17:08:24,286 [DEBUG]  		True: 512575801
2020-12-09 17:08:24,286 [DEBUG]  		Predicted: 343438917.6191939
2020-12-09 17:08:24,286 [DEBUG]  Q-Error was: 1.4924802481713664
2020-12-09 17:08:24,286 [DEBUG]  Predicting cardinality for query 41: SELECT COUNT(*) FROM title t,movie_info mi,movie_companies mc,movie_keyword mk WHERE t.id=mi.movie_id AND t.id=mk.movie_id AND t.id=mc.movie_id AND mi.info_type_id=16 AND t.production_year>2005 AND t.production_year<2010;
2020-12-09 17:08:24,303 [DEBUG]  		Latency: 9.99ms
2020-12-09 17:08:24,303 [DEBUG]  		True: 206778521
2020-12-09 17:08:24,303 [DEBUG]  		Predicted: 131702706.13555814
2020-12-09 17:08:24,303 [DEBUG]  Q-Error was: 1.5700400323374395
2020-12-09 17:08:24,303 [DEBUG]  Predicting cardinality for query 42: SELECT COUNT(*) FROM title t,movie_info mi,movie_companies mc,movie_keyword mk WHERE t.id=mi.movie_id AND t.id=mk.movie_id AND t.id=mc.movie_id AND mi.info_type_id=16 AND t.production_year>1990;
2020-12-09 17:08:24,319 [DEBUG]  		Latency: 9.64ms
2020-12-09 17:08:24,319 [DEBUG]  		True: 625302823
2020-12-09 17:08:24,319 [DEBUG]  		Predicted: 493747294.8688389
2020-12-09 17:08:24,320 [DEBUG]  Q-Error was: 1.2664430357357361
2020-12-09 17:08:24,320 [DEBUG]  Predicting cardinality for query 43: SELECT COUNT(*) FROM cast_info ci,title t,movie_keyword mk,movie_companies mc WHERE t.id=ci.movie_id AND t.id=mk.movie_id AND t.id=mc.movie_id AND mk.keyword_id=117;
2020-12-09 17:08:24,330 [DEBUG]  		Latency: 4.02ms
2020-12-09 17:08:24,330 [DEBUG]  		True: 7796926
2020-12-09 17:08:24,330 [DEBUG]  		Predicted: 3179685.1110036043
2020-12-09 17:08:24,330 [DEBUG]  Q-Error was: 2.4521063337429205
2020-12-09 17:08:24,330 [DEBUG]  Predicting cardinality for query 44: SELECT COUNT(*) FROM title t,movie_info mi,movie_info_idx mi_idx,cast_info ci WHERE t.id=mi.movie_id AND t.id=mi_idx.movie_id AND t.id=ci.movie_id AND mi.info_type_id=105 AND mi_idx.info_type_id=100;
2020-12-09 17:08:24,354 [DEBUG]  		Latency: 17.24ms
2020-12-09 17:08:24,354 [DEBUG]  		True: 1831108
2020-12-09 17:08:24,354 [DEBUG]  		Predicted: 1686072.5715891027
2020-12-09 17:08:24,354 [DEBUG]  Q-Error was: 1.0860196831706972
2020-12-09 17:08:24,354 [DEBUG]  Predicting cardinality for query 45: SELECT COUNT(*) FROM title t,movie_info mi,movie_info_idx mi_idx,cast_info ci WHERE t.id=mi.movie_id AND t.id=mi_idx.movie_id AND t.id=ci.movie_id AND mi.info_type_id=3 AND mi_idx.info_type_id=101 AND t.production_year>2008 AND t.production_year<2014;
2020-12-09 17:08:24,393 [DEBUG]  		Latency: 27.78ms
2020-12-09 17:08:24,393 [DEBUG]  		True: 2936093
2020-12-09 17:08:24,393 [DEBUG]  		Predicted: 3035811.835258484
2020-12-09 17:08:24,394 [DEBUG]  Q-Error was: 1.0339631051395457
2020-12-09 17:08:24,394 [DEBUG]  Predicting cardinality for query 46: SELECT COUNT(*) FROM title t,movie_info mi,movie_info_idx mi_idx,cast_info ci WHERE t.id=mi.movie_id AND t.id=mi_idx.movie_id AND t.id=ci.movie_id AND mi.info_type_id=3 AND mi_idx.info_type_id=100;
2020-12-09 17:08:24,404 [DEBUG]  		Latency: 3.77ms
2020-12-09 17:08:24,404 [DEBUG]  		True: 16461908
2020-12-09 17:08:24,404 [DEBUG]  		Predicted: 14173325.55882972
2020-12-09 17:08:24,404 [DEBUG]  Q-Error was: 1.1614710980617062
2020-12-09 17:08:24,405 [DEBUG]  Predicting cardinality for query 47: SELECT COUNT(*) FROM title t,movie_info mi,movie_companies mc,cast_info ci WHERE t.id=mi.movie_id AND t.id=mc.movie_id AND t.id=ci.movie_id AND ci.role_id=2 AND mi.info_type_id=16 AND t.production_year>2005 AND t.production_year<2009;
2020-12-09 17:08:24,427 [DEBUG]  		Latency: 15.18ms
2020-12-09 17:08:24,427 [DEBUG]  		True: 24675801
2020-12-09 17:08:24,427 [DEBUG]  		Predicted: 25650257.201170582
2020-12-09 17:08:24,427 [DEBUG]  Q-Error was: 1.039490357422261
2020-12-09 17:08:24,427 [DEBUG]  Predicting cardinality for query 48: SELECT COUNT(*) FROM title t,movie_info mi,movie_companies mc,cast_info ci WHERE t.id=mi.movie_id AND t.id=mc.movie_id AND t.id=ci.movie_id AND ci.role_id=2 AND mi.info_type_id=16;
2020-12-09 17:08:24,440 [DEBUG]  		Latency: 6.77ms
2020-12-09 17:08:24,440 [DEBUG]  		True: 132317651
2020-12-09 17:08:24,441 [DEBUG]  		Predicted: 169906785.24718243
2020-12-09 17:08:24,441 [DEBUG]  Q-Error was: 1.2840825389742025
2020-12-09 17:08:24,441 [DEBUG]  Predicting cardinality for query 49: SELECT COUNT(*) FROM title t,movie_info mi,movie_companies mc,cast_info ci WHERE t.id=mi.movie_id AND t.id=mc.movie_id AND t.id=ci.movie_id AND ci.role_id=2 AND mi.info_type_id=16 AND t.production_year>2000;
2020-12-09 17:08:24,458 [DEBUG]  		Latency: 11.03ms
2020-12-09 17:08:24,458 [DEBUG]  		True: 90649862
2020-12-09 17:08:24,459 [DEBUG]  		Predicted: 91154806.81326988
2020-12-09 17:08:24,459 [DEBUG]  Q-Error was: 1.005570276690216
2020-12-09 17:08:24,459 [DEBUG]  Predicting cardinality for query 50: SELECT COUNT(*) FROM title t,cast_info ci,movie_keyword mk WHERE t.id=mk.movie_id AND t.id=ci.movie_id AND t.production_year>1950 AND t.kind_id=1;
2020-12-09 17:08:24,467 [DEBUG]  		Latency: 2.95ms
2020-12-09 17:08:24,468 [DEBUG]  		True: 151179813
2020-12-09 17:08:24,468 [DEBUG]  		Predicted: 154864809.61363646
2020-12-09 17:08:24,468 [DEBUG]  Q-Error was: 1.0243749250677832
2020-12-09 17:08:24,468 [DEBUG]  Predicting cardinality for query 51: SELECT COUNT(*) FROM title t,cast_info ci,movie_keyword mk WHERE t.id=mk.movie_id AND t.id=ci.movie_id AND t.production_year>2000 AND t.kind_id=1;
2020-12-09 17:08:24,476 [DEBUG]  		Latency: 2.79ms
2020-12-09 17:08:24,476 [DEBUG]  		True: 84217062
2020-12-09 17:08:24,476 [DEBUG]  		Predicted: 91700412.2509546
2020-12-09 17:08:24,477 [DEBUG]  Q-Error was: 1.0888578878583368
2020-12-09 17:08:24,477 [DEBUG]  Predicting cardinality for query 52: SELECT COUNT(*) FROM title t,movie_keyword mk,movie_companies mc,movie_info mi WHERE t.id=mk.movie_id AND t.id=mc.movie_id AND t.id=mi.movie_id AND mk.keyword_id=398 AND mc.company_type_id=2 AND t.production_year>1950 AND t.production_year<2000;
2020-12-09 17:08:24,493 [DEBUG]  		Latency: 9.34ms
2020-12-09 17:08:24,493 [DEBUG]  		True: 333474
2020-12-09 17:08:24,493 [DEBUG]  		Predicted: 728449.6802938781
2020-12-09 17:08:24,493 [DEBUG]  Q-Error was: 2.184427212597918
2020-12-09 17:08:24,493 [DEBUG]  Predicting cardinality for query 53: SELECT COUNT(*) FROM title t,movie_keyword mk,movie_companies mc,movie_info mi WHERE t.id=mk.movie_id AND t.id=mc.movie_id AND t.id=mi.movie_id AND mk.keyword_id=398 AND mc.company_type_id=2 AND t.production_year>2000 AND t.production_year<2010;
2020-12-09 17:08:24,509 [DEBUG]  		Latency: 8.76ms
2020-12-09 17:08:24,509 [DEBUG]  		True: 307213
2020-12-09 17:08:24,509 [DEBUG]  		Predicted: 797899.7193293222
2020-12-09 17:08:24,509 [DEBUG]  Q-Error was: 2.59721990713063
2020-12-09 17:08:24,510 [DEBUG]  Predicting cardinality for query 54: SELECT COUNT(*) FROM title t,movie_keyword mk,movie_companies mc,movie_info mi WHERE t.id=mk.movie_id AND t.id=mc.movie_id AND t.id=mi.movie_id AND mk.keyword_id=398 AND mc.company_type_id=2 AND t.production_year>1950 AND t.production_year<2010;
2020-12-09 17:08:24,527 [DEBUG]  		Latency: 9.63ms
2020-12-09 17:08:24,527 [DEBUG]  		True: 658557
2020-12-09 17:08:24,527 [DEBUG]  		Predicted: 1589571.044691959
2020-12-09 17:08:24,527 [DEBUG]  Q-Error was: 2.4137182426000465
2020-12-09 17:08:24,527 [DEBUG]  Predicting cardinality for query 55: SELECT COUNT(*) FROM title t,movie_info mi,movie_info_idx mi_idx,movie_keyword mk,movie_companies mc WHERE t.id=mi.movie_id AND t.id=mk.movie_id AND t.id=mi_idx.movie_id AND t.id=mc.movie_id AND t.production_year>2008 AND mi.info_type_id=8 AND mi_idx.info_type_id=101;
2020-12-09 17:08:24,559 [DEBUG]  		Latency: 25.07ms
2020-12-09 17:08:24,560 [DEBUG]  		True: 8275169
2020-12-09 17:08:24,560 [DEBUG]  		Predicted: 8178255.6742823245
2020-12-09 17:08:24,560 [DEBUG]  Q-Error was: 1.0118501217836016
2020-12-09 17:08:24,560 [DEBUG]  Predicting cardinality for query 56: SELECT COUNT(*) FROM title t,movie_info mi,movie_info_idx mi_idx,movie_keyword mk,movie_companies mc WHERE t.id=mi.movie_id AND t.id=mk.movie_id AND t.id=mi_idx.movie_id AND t.id=mc.movie_id AND t.production_year>2009 AND mi.info_type_id=8 AND mi_idx.info_type_id=101;
2020-12-09 17:08:24,593 [DEBUG]  		Latency: 25.55ms
2020-12-09 17:08:24,593 [DEBUG]  		True: 5060606
2020-12-09 17:08:24,593 [DEBUG]  		Predicted: 5749473.909623161
2020-12-09 17:08:24,593 [DEBUG]  Q-Error was: 1.1361236005377935
2020-12-09 17:08:24,593 [DEBUG]  Predicting cardinality for query 57: SELECT COUNT(*) FROM title t,movie_info mi,movie_companies mc,cast_info ci,movie_keyword mk WHERE t.id=mi.movie_id AND t.id=mc.movie_id AND t.id=ci.movie_id AND t.id=mk.movie_id AND ci.role_id=2 AND mi.info_type_id=16 AND t.production_year>2010;
2020-12-09 17:08:24,613 [DEBUG]  		Latency: 12.95ms
2020-12-09 17:08:24,613 [DEBUG]  		True: 1352809555
2020-12-09 17:08:24,614 [DEBUG]  		Predicted: 1376104301.3371134
2020-12-09 17:08:24,614 [DEBUG]  Q-Error was: 1.0172195311978804
2020-12-09 17:08:24,614 [DEBUG]  Predicting cardinality for query 58: SELECT COUNT(*) FROM title t,movie_info mi,movie_companies mc,cast_info ci,movie_keyword mk WHERE t.id=mi.movie_id AND t.id=mc.movie_id AND t.id=ci.movie_id AND t.id=mk.movie_id AND ci.role_id=2 AND mi.info_type_id=16 AND t.production_year>2010 AND mc.company_id=22956;
2020-12-09 17:08:24,634 [DEBUG]  		Latency: 12.54ms
2020-12-09 17:08:24,634 [DEBUG]  		True: 191935
2020-12-09 17:08:24,634 [DEBUG]  		Predicted: 174696.2510446149
2020-12-09 17:08:24,634 [DEBUG]  Q-Error was: 1.0986784138314598
2020-12-09 17:08:24,634 [DEBUG]  Predicting cardinality for query 59: SELECT COUNT(*) FROM title t,movie_info mi,movie_companies mc,cast_info ci,movie_keyword mk WHERE t.id=mi.movie_id AND t.id=mc.movie_id AND t.id=ci.movie_id AND t.id=mk.movie_id AND ci.role_id=2 AND mi.info_type_id=16 AND t.production_year>2000;
2020-12-09 17:08:24,653 [DEBUG]  		Latency: 11.26ms
2020-12-09 17:08:24,653 [DEBUG]  		True: 9537310863
2020-12-09 17:08:24,653 [DEBUG]  		Predicted: 9469602218.9167
2020-12-09 17:08:24,653 [DEBUG]  Q-Error was: 1.0071501043568698
2020-12-09 17:08:24,653 [DEBUG]  Predicting cardinality for query 60: SELECT COUNT(*) FROM title t,movie_info mi,movie_info_idx mi_idx,cast_info ci,movie_keyword mk WHERE t.id=mi.movie_id AND t.id=mi_idx.movie_id AND t.id=ci.movie_id AND t.id=mk.movie_id AND mi.info_type_id=3 AND mi_idx.info_type_id=100;
2020-12-09 17:08:24,665 [DEBUG]  		Latency: 4.75ms
2020-12-09 17:08:24,665 [DEBUG]  		True: 492943940
2020-12-09 17:08:24,665 [DEBUG]  		Predicted: 413267816.21720165
2020-12-09 17:08:24,665 [DEBUG]  Q-Error was: 1.192795375435001
2020-12-09 17:08:24,665 [DEBUG]  Predicting cardinality for query 61: SELECT COUNT(*) FROM title t,movie_info mi,movie_info_idx mi_idx,cast_info ci,movie_keyword mk WHERE t.id=mi.movie_id AND t.id=mi_idx.movie_id AND t.id=ci.movie_id AND t.id=mk.movie_id AND mi.info_type_id=3 AND mi_idx.info_type_id=100 AND t.production_year>2010;
2020-12-09 17:08:24,695 [DEBUG]  		Latency: 23.11ms
2020-12-09 17:08:24,696 [DEBUG]  		True: 32355583
2020-12-09 17:08:24,696 [DEBUG]  		Predicted: 34712723.30663515
2020-12-09 17:08:24,696 [DEBUG]  Q-Error was: 1.0728511152661087
2020-12-09 17:08:24,696 [DEBUG]  Predicting cardinality for query 62: SELECT COUNT(*) FROM title t,cast_info ci,movie_keyword mk,movie_info_idx mi_idx WHERE t.id=mk.movie_id AND t.id=ci.movie_id AND t.id=mi_idx.movie_id AND t.production_year>2000 AND t.kind_id=1 AND mi_idx.info_type_id=101;
2020-12-09 17:08:24,727 [DEBUG]  		Latency: 24.28ms
2020-12-09 17:08:24,727 [DEBUG]  		True: 81495003
2020-12-09 17:08:24,727 [DEBUG]  		Predicted: 78547799.17461067
2020-12-09 17:08:24,727 [DEBUG]  Q-Error was: 1.037521150896128
2020-12-09 17:08:24,727 [DEBUG]  Predicting cardinality for query 63: SELECT COUNT(*) FROM title t,cast_info ci,movie_keyword mk,movie_info_idx mi_idx WHERE t.id=mk.movie_id AND t.id=ci.movie_id AND t.id=mi_idx.movie_id AND t.production_year>2005 AND t.kind_id=1 AND mi_idx.info_type_id=101;
2020-12-09 17:08:24,757 [DEBUG]  		Latency: 23.90ms
2020-12-09 17:08:24,757 [DEBUG]  		True: 51282842
2020-12-09 17:08:24,757 [DEBUG]  		Predicted: 51465218.30077164
2020-12-09 17:08:24,758 [DEBUG]  Q-Error was: 1.003556283030719
2020-12-09 17:08:24,758 [DEBUG]  Predicting cardinality for query 64: SELECT COUNT(*) FROM title t,movie_keyword mk,movie_companies mc,movie_info mi WHERE t.id=mk.movie_id AND t.id=mc.movie_id AND t.id=mi.movie_id AND mk.keyword_id=398 AND mc.company_type_id=2 AND t.production_year=1998;
2020-12-09 17:08:24,774 [DEBUG]  		Latency: 9.38ms
2020-12-09 17:08:24,774 [DEBUG]  		True: 19006
2020-12-09 17:08:24,774 [DEBUG]  		Predicted: 54843.54180397641
2020-12-09 17:08:24,774 [DEBUG]  Q-Error was: 2.885590960958456
2020-12-09 17:08:24,774 [DEBUG]  Predicting cardinality for query 65: SELECT COUNT(*) FROM title t,movie_info mi,movie_info_idx mi_idx,movie_keyword mk,movie_companies mc WHERE t.id=mi.movie_id AND t.id=mk.movie_id AND t.id=mi_idx.movie_id AND t.id=mc.movie_id AND t.production_year>2000 AND mi.info_type_id=8 AND mi_idx.info_type_id=101;
2020-12-09 17:08:24,806 [DEBUG]  		Latency: 24.45ms
2020-12-09 17:08:24,806 [DEBUG]  		True: 26718423
2020-12-09 17:08:24,806 [DEBUG]  		Predicted: 23230888.840203006
2020-12-09 17:08:24,806 [DEBUG]  Q-Error was: 1.1501248696847761
2020-12-09 17:08:24,806 [DEBUG]  Predicting cardinality for query 66: SELECT COUNT(*) FROM title t,movie_info mi,movie_info_idx mi_idx,movie_keyword mk,movie_companies mc WHERE t.id=mi.movie_id AND t.id=mk.movie_id AND t.id=mi_idx.movie_id AND t.id=mc.movie_id AND t.production_year>2005 AND mi.info_type_id=8 AND mi_idx.info_type_id=101;
2020-12-09 17:08:24,838 [DEBUG]  		Latency: 25.06ms
2020-12-09 17:08:24,838 [DEBUG]  		True: 15813608
2020-12-09 17:08:24,838 [DEBUG]  		Predicted: 14630607.104149008
2020-12-09 17:08:24,838 [DEBUG]  Q-Error was: 1.0808579498738307
2020-12-09 17:08:24,839 [DEBUG]  Predicting cardinality for query 67: SELECT COUNT(*) FROM title t,movie_info mi,movie_companies mc,cast_info ci,movie_keyword mk WHERE t.id=mi.movie_id AND t.id=mc.movie_id AND t.id=ci.movie_id AND t.id=mk.movie_id AND ci.role_id=2 AND mi.info_type_id=16 AND t.production_year>2000 AND t.production_year<2010 AND mk.keyword_id=7084;
2020-12-09 17:08:24,861 [DEBUG]  		Latency: 14.84ms
2020-12-09 17:08:24,861 [DEBUG]  		True: 1067496
2020-12-09 17:08:24,861 [DEBUG]  		Predicted: 685989.7397254311
2020-12-09 17:08:24,861 [DEBUG]  Q-Error was: 1.5561398927442671
2020-12-09 17:08:24,861 [DEBUG]  Predicting cardinality for query 68: SELECT COUNT(*) FROM title t,movie_info mi,movie_companies mc,cast_info ci,movie_keyword mk WHERE t.id=mi.movie_id AND t.id=mc.movie_id AND t.id=ci.movie_id AND t.id=mk.movie_id AND ci.role_id=2 AND mi.info_type_id=16 AND t.production_year>2000 AND t.production_year<2005 AND mk.keyword_id=7084;
2020-12-09 17:08:24,883 [DEBUG]  		Latency: 13.63ms
2020-12-09 17:08:24,883 [DEBUG]  		True: 268172
2020-12-09 17:08:24,883 [DEBUG]  		Predicted: 284729.67777266464
2020-12-09 17:08:24,883 [DEBUG]  Q-Error was: 1.0617427538022786
2020-12-09 17:08:24,883 [DEBUG]  Predicting cardinality for query 69: SELECT COUNT(*) FROM title t,movie_info mi,movie_info_idx mi_idx,cast_info ci,movie_keyword mk WHERE t.id=mi.movie_id AND t.id=mi_idx.movie_id AND t.id=ci.movie_id AND t.id=mk.movie_id AND mi.info_type_id=3 AND mi_idx.info_type_id=100 AND t.production_year>2000;
2020-12-09 17:08:24,914 [DEBUG]  		Latency: 23.18ms
2020-12-09 17:08:24,914 [DEBUG]  		True: 258385218
2020-12-09 17:08:24,914 [DEBUG]  		Predicted: 210918347.40094984
2020-12-09 17:08:24,914 [DEBUG]  Q-Error was: 1.2250485611326025
2020-12-09 17:08:24,915 [INFO ]  [   2.45210633    2.59721991    2.71597857    2.88559096    2.92819122
    3.33403008    3.616679      4.2253765    15.25846506 2190.6036894 ]
2020-12-09 17:08:24,915 [INFO ]  Q-Error 50%-Percentile: 1.167101486191234 (vs. MCSN: 3.82 and IBJS: 1.59)
2020-12-09 17:08:24,916 [INFO ]  Q-Error 90%-Percentile: 2.732939812282455 (vs. MCSN: 78.4 and IBJS: 150)
2020-12-09 17:08:24,916 [INFO ]  Q-Error 95%-Percentile: 3.489486984607578 (vs. MCSN: 362 and IBJS: 3198)
2020-12-09 17:08:24,916 [INFO ]  Q-Error 99%-Percentile: 689.6154846061722 (vs. MCSN: 927 and IBJS: 14309)
2020-12-09 17:08:24,916 [INFO ]  Q-Mean wo inf 32.94167514446235 (vs. MCSN: 57.9 and IBJS: 590)
2020-12-09 17:08:24,917 [INFO ]  Latency avg: 11.09ms
2020-12-09 17:08:24,917 [INFO ]  Saving results to ./baselines/cardinality_estimation/results/deepDB/imdb_light_model_based_budget_5.csv
