2020-12-15 12:33:46,094 [INFO ]  Generating HDF files for tables in ../imdb-benchmark and store to path ../imdb-benchmark/gen_single_light
2020-12-15 12:33:46,094 [INFO ]  Removing target path ../imdb-benchmark/gen_single_light
2020-12-15 12:33:46,468 [INFO ]  Making target path ../imdb-benchmark/gen_single_light
2020-12-15 12:33:46,468 [INFO ]  Preparing hdf file for table title
2020-12-15 12:33:53,074 [INFO ]  Managing functional dependencies for table title
2020-12-15 12:33:53,133 [INFO ]  Preparing multipliers for table title
2020-12-15 12:33:53,134 [INFO ]  Preparing multiplier movie_info_idx.movie_id = title.id for table title
2020-12-15 12:33:56,950 [INFO ]  Note: NumExpr detected 40 cores but "NUMEXPR_MAX_THREADS" not set, so enforcing safe limit of 8.
2020-12-15 12:33:56,950 [INFO ]  NumExpr defaulting to 8 threads.
2020-12-15 12:33:57,323 [INFO ]  Preparing multiplier movie_info.movie_id = title.id for table title
2020-12-15 12:34:15,438 [INFO ]  Preparing multiplier cast_info.movie_id = title.id for table title
2020-12-15 12:35:10,579 [INFO ]  Preparing multiplier movie_keyword.movie_id = title.id for table title
2020-12-15 12:35:15,624 [INFO ]  Preparing multiplier movie_companies.movie_id = title.id for table title
2020-12-15 12:35:20,726 [INFO ]  Preparing categorical values and null values for table title
2020-12-15 12:35:20,727 [DEBUG]  		Preparing numerical values for column id
2020-12-15 12:35:20,764 [DEBUG]  		Preparing categorical values for column title
2020-12-15 12:35:21,378 [INFO ]  Ignoring column title for table title because there are too many categorical values
2020-12-15 12:35:21,378 [DEBUG]  		Preparing numerical values for column kind_id
2020-12-15 12:35:21,397 [DEBUG]  		Preparing numerical values for column production_year
2020-12-15 12:35:21,425 [DEBUG]  		Preparing numerical values for column mul_movie_info_idx.movie_id
2020-12-15 12:35:21,447 [DEBUG]  		Preparing numerical values for column mul_movie_info_idx.movie_id_nn
2020-12-15 12:35:21,467 [DEBUG]  		Preparing numerical values for column mul_movie_info.movie_id
2020-12-15 12:35:21,487 [DEBUG]  		Preparing numerical values for column mul_movie_info.movie_id_nn
2020-12-15 12:35:21,509 [DEBUG]  		Preparing numerical values for column mul_cast_info.movie_id
2020-12-15 12:35:21,530 [DEBUG]  		Preparing numerical values for column mul_cast_info.movie_id_nn
2020-12-15 12:35:21,550 [DEBUG]  		Preparing numerical values for column mul_movie_keyword.movie_id
2020-12-15 12:35:21,570 [DEBUG]  		Preparing numerical values for column mul_movie_keyword.movie_id_nn
2020-12-15 12:35:21,589 [DEBUG]  		Preparing numerical values for column mul_movie_companies.movie_id
2020-12-15 12:35:21,609 [DEBUG]  		Preparing numerical values for column mul_movie_companies.movie_id_nn
2020-12-15 12:35:21,628 [INFO ]  Relevant attributes for table title are ['id', 'kind_id', 'production_year', 'mul_movie_info_idx.movie_id', 'mul_movie_info_idx.movie_id_nn', 'mul_movie_info.movie_id', 'mul_movie_info.movie_id_nn', 'mul_cast_info.movie_id', 'mul_cast_info.movie_id_nn', 'mul_movie_keyword.movie_id', 'mul_movie_keyword.movie_id_nn', 'mul_movie_companies.movie_id', 'mul_movie_companies.movie_id_nn']
2020-12-15 12:35:21,628 [INFO ]  NULL values for table title are [1264156.5001, 4.943925366489578, 1992.7887619952553, 0.5459325554757483, 1.3640226487870168, 5.867935931641348, 5.89146427782647, 14.33549215096871, 14.413295444233148, 1.7894084397811663, 2.600826492616418, 1.032064804976601, 1.6020403459699595]
2020-12-15 12:35:23,953 [INFO ]  Adding table parts without join partners for table title
2020-12-15 12:35:23,953 [INFO ]  Adding table parts without join partners for table title and relationship movie_info_idx.movie_id = title.id
2020-12-15 12:35:28,496 [INFO ]  Adding table parts without join partners for table title and relationship movie_info.movie_id = title.id
2020-12-15 12:35:51,289 [INFO ]  Adding table parts without join partners for table title and relationship cast_info.movie_id = title.id
2020-12-15 12:37:13,980 [INFO ]  Adding table parts without join partners for table title and relationship movie_keyword.movie_id = title.id
2020-12-15 12:37:19,648 [INFO ]  Adding table parts without join partners for table title and relationship movie_companies.movie_id = title.id
2020-12-15 12:37:24,635 [INFO ]  Preparing hdf file for table movie_info_idx
2020-12-15 12:37:25,183 [INFO ]  Managing functional dependencies for table movie_info_idx
2020-12-15 12:37:25,189 [INFO ]  Preparing multipliers for table movie_info_idx
2020-12-15 12:37:25,191 [INFO ]  Preparing categorical values and null values for table movie_info_idx
2020-12-15 12:37:25,192 [DEBUG]  		Preparing numerical values for column id
2020-12-15 12:37:25,203 [DEBUG]  		Preparing numerical values for column movie_id
2020-12-15 12:37:25,215 [DEBUG]  		Preparing numerical values for column info_type_id
2020-12-15 12:37:25,225 [INFO ]  Relevant attributes for table movie_info_idx are ['id', 'movie_id', 'info_type_id']
2020-12-15 12:37:25,226 [INFO ]  NULL values for table movie_info_idx are [690018.0001, 1591796.733549514, 100.00236805841881]
2020-12-15 12:37:25,844 [INFO ]  Adding table parts without join partners for table movie_info_idx
2020-12-15 12:37:25,845 [INFO ]  Preparing hdf file for table movie_info
2020-12-15 12:37:40,920 [INFO ]  Managing functional dependencies for table movie_info
2020-12-15 12:37:41,047 [INFO ]  Preparing multipliers for table movie_info
2020-12-15 12:37:41,067 [INFO ]  Preparing categorical values and null values for table movie_info
2020-12-15 12:37:41,068 [DEBUG]  		Preparing numerical values for column id
2020-12-15 12:37:41,156 [DEBUG]  		Preparing numerical values for column movie_id
2020-12-15 12:37:41,246 [DEBUG]  		Preparing numerical values for column info_type_id
2020-12-15 12:37:41,338 [INFO ]  Relevant attributes for table movie_info are ['id', 'movie_id', 'info_type_id']
2020-12-15 12:37:41,339 [INFO ]  NULL values for table movie_info are [7417860.5001, 1687757.525917082, 15.7390803123812]
2020-12-15 12:37:47,152 [INFO ]  Adding table parts without join partners for table movie_info
2020-12-15 12:37:47,152 [INFO ]  Preparing hdf file for table cast_info
2020-12-15 12:38:04,235 [INFO ]  Managing functional dependencies for table cast_info
2020-12-15 12:38:04,536 [INFO ]  Preparing multipliers for table cast_info
2020-12-15 12:38:04,581 [INFO ]  Preparing categorical values and null values for table cast_info
2020-12-15 12:38:04,581 [DEBUG]  		Preparing numerical values for column id
2020-12-15 12:38:04,801 [DEBUG]  		Preparing numerical values for column movie_id
2020-12-15 12:38:05,014 [DEBUG]  		Preparing numerical values for column role_id
2020-12-15 12:38:05,226 [INFO ]  Relevant attributes for table cast_info are ['id', 'movie_id', 'role_id']
2020-12-15 12:38:05,226 [INFO ]  NULL values for table cast_info are [18122172.5001, 1303597.173158533, 3.635458140293559]
2020-12-15 12:38:19,578 [INFO ]  Adding table parts without join partners for table cast_info
2020-12-15 12:38:19,581 [INFO ]  Preparing hdf file for table movie_keyword
2020-12-15 12:38:20,378 [INFO ]  Managing functional dependencies for table movie_keyword
2020-12-15 12:38:20,412 [INFO ]  Preparing multipliers for table movie_keyword
2020-12-15 12:38:20,419 [INFO ]  Preparing categorical values and null values for table movie_keyword
2020-12-15 12:38:20,419 [DEBUG]  		Preparing numerical values for column id
2020-12-15 12:38:20,449 [DEBUG]  		Preparing numerical values for column movie_id
2020-12-15 12:38:20,478 [DEBUG]  		Preparing numerical values for column keyword_id
2020-12-15 12:38:20,508 [INFO ]  Relevant attributes for table movie_keyword are ['id', 'movie_id', 'keyword_id']
2020-12-15 12:38:20,508 [INFO ]  NULL values for table movie_keyword are [2261965.5001, 1859996.4584161101, 13657.743575694805]
2020-12-15 12:38:22,735 [INFO ]  Adding table parts without join partners for table movie_keyword
2020-12-15 12:38:22,735 [INFO ]  Preparing hdf file for table movie_companies
2020-12-15 12:38:23,676 [INFO ]  Managing functional dependencies for table movie_companies
2020-12-15 12:38:23,687 [INFO ]  Preparing multipliers for table movie_companies
2020-12-15 12:38:23,692 [INFO ]  Preparing categorical values and null values for table movie_companies
2020-12-15 12:38:23,692 [DEBUG]  		Preparing numerical values for column id
2020-12-15 12:38:23,710 [DEBUG]  		Preparing numerical values for column movie_id
2020-12-15 12:38:23,728 [DEBUG]  		Preparing numerical values for column company_id
2020-12-15 12:38:23,745 [DEBUG]  		Preparing numerical values for column company_type_id
2020-12-15 12:38:23,763 [INFO ]  Relevant attributes for table movie_companies are ['id', 'movie_id', 'company_id', 'company_type_id']
2020-12-15 12:38:23,764 [INFO ]  NULL values for table movie_companies are [1304565.0001, 1650151.1771682862, 33739.30246105612, 1.5117201613641946]
2020-12-15 12:38:24,987 [INFO ]  Adding table parts without join partners for table movie_companies
2020-12-15 12:38:24,988 [INFO ]  Files successfully created
