2020-11-20 15:29:35,625 [INFO ]  Generating HDF files for tables in ../imdb-benchmark and store to path ../imdb-benchmark/gen_single_light
2020-11-20 15:29:35,626 [INFO ]  Removing target path ../imdb-benchmark/gen_single_light
2020-11-20 15:29:35,953 [INFO ]  Making target path ../imdb-benchmark/gen_single_light
2020-11-20 15:29:35,954 [INFO ]  Preparing hdf file for table title
2020-11-20 15:29:41,685 [INFO ]  Managing functional dependencies for table title
2020-11-20 15:29:41,702 [INFO ]  Preparing multipliers for table title
2020-11-20 15:29:41,702 [INFO ]  Preparing multiplier movie_info_idx.movie_id = title.id for table title
2020-11-20 15:29:45,242 [INFO ]  Note: NumExpr detected 40 cores but "NUMEXPR_MAX_THREADS" not set, so enforcing safe limit of 8.
2020-11-20 15:29:45,242 [INFO ]  NumExpr defaulting to 8 threads.
2020-11-20 15:29:45,533 [INFO ]  Preparing multiplier movie_info.movie_id = title.id for table title
2020-11-20 15:30:02,635 [INFO ]  Preparing multiplier cast_info.movie_id = title.id for table title
2020-11-20 15:30:36,935 [INFO ]  Preparing multiplier movie_keyword.movie_id = title.id for table title
2020-11-20 15:30:41,873 [INFO ]  Preparing multiplier movie_companies.movie_id = title.id for table title
2020-11-20 15:30:46,708 [INFO ]  Preparing categorical values and null values for table title
2020-11-20 15:30:46,708 [DEBUG]  		Preparing numerical values for column id
2020-11-20 15:30:46,726 [DEBUG]  		Preparing numerical values for column kind_id
2020-11-20 15:30:46,741 [DEBUG]  		Preparing numerical values for column production_year
2020-11-20 15:30:46,765 [DEBUG]  		Preparing numerical values for column mul_movie_info_idx.movie_id
2020-11-20 15:30:46,785 [DEBUG]  		Preparing numerical values for column mul_movie_info_idx.movie_id_nn
2020-11-20 15:30:46,805 [DEBUG]  		Preparing numerical values for column mul_movie_info.movie_id
2020-11-20 15:30:46,826 [DEBUG]  		Preparing numerical values for column mul_movie_info.movie_id_nn
2020-11-20 15:30:46,847 [DEBUG]  		Preparing numerical values for column mul_cast_info.movie_id
2020-11-20 15:30:46,868 [DEBUG]  		Preparing numerical values for column mul_cast_info.movie_id_nn
2020-11-20 15:30:46,889 [DEBUG]  		Preparing numerical values for column mul_movie_keyword.movie_id
2020-11-20 15:30:46,909 [DEBUG]  		Preparing numerical values for column mul_movie_keyword.movie_id_nn
2020-11-20 15:30:46,929 [DEBUG]  		Preparing numerical values for column mul_movie_companies.movie_id
2020-11-20 15:30:46,950 [DEBUG]  		Preparing numerical values for column mul_movie_companies.movie_id_nn
2020-11-20 15:30:46,971 [INFO ]  Relevant attributes for table title are ['id', 'kind_id', 'production_year', 'mul_movie_info_idx.movie_id', 'mul_movie_info_idx.movie_id_nn', 'mul_movie_info.movie_id', 'mul_movie_info.movie_id_nn', 'mul_cast_info.movie_id', 'mul_cast_info.movie_id_nn', 'mul_movie_keyword.movie_id', 'mul_movie_keyword.movie_id_nn', 'mul_movie_companies.movie_id', 'mul_movie_companies.movie_id_nn']
2020-11-20 15:30:46,971 [INFO ]  NULL values for table title are [1264156.5001, 4.943925366489578, 1992.7887619952553, 0.5459325554757483, 1.3640226487870168, 5.867935931641348, 5.89146427782647, 14.33549215096871, 14.413295444233148, 1.7894084397811663, 2.600826492616418, 1.032064804976601, 1.6020403459699595]
2020-11-20 15:30:49,364 [INFO ]  Adding table parts without join partners for table title
2020-11-20 15:30:49,365 [INFO ]  Adding table parts without join partners for table title and relationship movie_info_idx.movie_id = title.id
2020-11-20 15:30:54,043 [INFO ]  Adding table parts without join partners for table title and relationship movie_info.movie_id = title.id
2020-11-20 15:31:11,365 [INFO ]  Adding table parts without join partners for table title and relationship cast_info.movie_id = title.id
2020-11-20 15:31:44,076 [INFO ]  Adding table parts without join partners for table title and relationship movie_keyword.movie_id = title.id
2020-11-20 15:31:49,751 [INFO ]  Adding table parts without join partners for table title and relationship movie_companies.movie_id = title.id
2020-11-20 15:31:54,662 [INFO ]  Preparing hdf file for table movie_info_idx
2020-11-20 15:31:55,144 [INFO ]  Managing functional dependencies for table movie_info_idx
2020-11-20 15:31:55,150 [INFO ]  Preparing multipliers for table movie_info_idx
2020-11-20 15:31:55,152 [INFO ]  Preparing categorical values and null values for table movie_info_idx
2020-11-20 15:31:55,153 [DEBUG]  		Preparing numerical values for column id
2020-11-20 15:31:55,162 [DEBUG]  		Preparing numerical values for column movie_id
2020-11-20 15:31:55,171 [DEBUG]  		Preparing numerical values for column info_type_id
2020-11-20 15:31:55,180 [INFO ]  Relevant attributes for table movie_info_idx are ['id', 'movie_id', 'info_type_id']
2020-11-20 15:31:55,180 [INFO ]  NULL values for table movie_info_idx are [690018.0001, 1591796.733549514, 100.00236805841881]
2020-11-20 15:31:55,798 [INFO ]  Adding table parts without join partners for table movie_info_idx
2020-11-20 15:31:55,798 [INFO ]  Preparing hdf file for table movie_info
2020-11-20 15:32:06,640 [INFO ]  Managing functional dependencies for table movie_info
2020-11-20 15:32:06,764 [INFO ]  Preparing multipliers for table movie_info
2020-11-20 15:32:06,782 [INFO ]  Preparing categorical values and null values for table movie_info
2020-11-20 15:32:06,782 [DEBUG]  		Preparing numerical values for column id
2020-11-20 15:32:06,862 [DEBUG]  		Preparing numerical values for column movie_id
2020-11-20 15:32:06,945 [DEBUG]  		Preparing numerical values for column info_type_id
2020-11-20 15:32:07,027 [INFO ]  Relevant attributes for table movie_info are ['id', 'movie_id', 'info_type_id']
2020-11-20 15:32:07,027 [INFO ]  NULL values for table movie_info are [7417860.5001, 1687757.525917082, 15.7390803123812]
2020-11-20 15:32:12,921 [INFO ]  Adding table parts without join partners for table movie_info
2020-11-20 15:32:12,923 [INFO ]  Preparing hdf file for table cast_info
2020-11-20 15:32:30,074 [INFO ]  Managing functional dependencies for table cast_info
2020-11-20 15:32:30,371 [INFO ]  Preparing multipliers for table cast_info
2020-11-20 15:32:30,413 [INFO ]  Preparing categorical values and null values for table cast_info
2020-11-20 15:32:30,414 [DEBUG]  		Preparing numerical values for column id
2020-11-20 15:32:30,671 [DEBUG]  		Preparing numerical values for column movie_id
2020-11-20 15:32:30,938 [DEBUG]  		Preparing numerical values for column role_id
2020-11-20 15:32:31,198 [INFO ]  Relevant attributes for table cast_info are ['id', 'movie_id', 'role_id']
2020-11-20 15:32:31,198 [INFO ]  NULL values for table cast_info are [18122172.5001, 1303597.173158533, 3.635458140293559]
2020-11-20 15:32:47,333 [INFO ]  Adding table parts without join partners for table cast_info
2020-11-20 15:32:47,337 [INFO ]  Preparing hdf file for table movie_keyword
2020-11-20 15:32:48,176 [INFO ]  Managing functional dependencies for table movie_keyword
2020-11-20 15:32:48,190 [INFO ]  Preparing multipliers for table movie_keyword
2020-11-20 15:32:48,196 [INFO ]  Preparing categorical values and null values for table movie_keyword
2020-11-20 15:32:48,197 [DEBUG]  		Preparing numerical values for column id
2020-11-20 15:32:48,228 [DEBUG]  		Preparing numerical values for column movie_id
2020-11-20 15:32:48,255 [DEBUG]  		Preparing numerical values for column keyword_id
2020-11-20 15:32:48,280 [INFO ]  Relevant attributes for table movie_keyword are ['id', 'movie_id', 'keyword_id']
2020-11-20 15:32:48,281 [INFO ]  NULL values for table movie_keyword are [2261965.5001, 1859996.4584161101, 13657.743575694805]
2020-11-20 15:32:50,617 [INFO ]  Adding table parts without join partners for table movie_keyword
2020-11-20 15:32:50,618 [INFO ]  Preparing hdf file for table movie_companies
2020-11-20 15:32:51,637 [INFO ]  Managing functional dependencies for table movie_companies
2020-11-20 15:32:51,647 [INFO ]  Preparing multipliers for table movie_companies
2020-11-20 15:32:51,653 [INFO ]  Preparing categorical values and null values for table movie_companies
2020-11-20 15:32:51,653 [DEBUG]  		Preparing numerical values for column id
2020-11-20 15:32:51,669 [DEBUG]  		Preparing numerical values for column movie_id
2020-11-20 15:32:51,685 [DEBUG]  		Preparing numerical values for column company_id
2020-11-20 15:32:51,701 [DEBUG]  		Preparing numerical values for column company_type_id
2020-11-20 15:32:51,718 [INFO ]  Relevant attributes for table movie_companies are ['id', 'movie_id', 'company_id', 'company_type_id']
2020-11-20 15:32:51,719 [INFO ]  NULL values for table movie_companies are [1304565.0001, 1650151.1771682862, 33739.30246105612, 1.5117201613641946]
2020-11-20 15:32:52,975 [INFO ]  Adding table parts without join partners for table movie_companies
2020-11-20 15:32:52,976 [INFO ]  Files successfully created
